{"cpu_load_percent":11.227258682250977,"sysmon_xml":"<Event xmlns='http://schemas.microsoft.com/win/2004/08/events/event'><System><Provider Name='Microsoft-Windows-Sysmon' Guid='{5770385f-c22a-43e0-bf4c-06f5698ffbd9}'/><EventID>5</EventID><Version>3</Version><Level>4</Level><Task>5</Task><Opcode>0</Opcode><Keywords>0x8000000000000000</Keywords><TimeCreated SystemTime='2026-05-29T11:51:49.8708891Z'/><EventRecordID>11476354</EventRecordID><Correlation/><Execution ProcessID='6112' ThreadID='9512'/><Channel>Microsoft-Windows-Sysmon/Operational</Channel><Computer>DESKTOP-85U97MI</Computer><Security UserID='S-1-5-18'/></System><EventData><Data Name='RuleName'>-</Data><Data Name='UtcTime'>2026-05-29 11:51:49.870</Data><Data Name='ProcessGuid'>{d9cf607a-7dd2-6a19-7f04-000000000d03}</Data><Data Name='ProcessId'>24300</Data><Data Name='Image'>E:\\vs\\VC\\Tools\\MSVC\\14.39.33519\\bin\\Hostx64\\x64\\cl.exe</Data><Data Name='User'>DESKTOP-85U97MI\\sseva</Data></EventData></Event>","timestamp":1780055510}
{"cpu_load_percent":11.227258682250977,"sysmon_xml":"<Event xmlns='http://schemas.microsoft.com/win/2004/08/events/event'><System><Provider Name='Microsoft-Windows-Sysmon' Guid='{5770385f-c22a-43e0-bf4c-06f5698ffbd9}'/><EventID>5</EventID><Version>3</Version><Level>4</Level><Task>5</Task><Opcode>0</Opcode><Keywords>0x8000000000000000</Keywords><TimeCreated SystemTime='2026-05-29T11:51:49.8750421Z'/><EventRecordID>11476355</EventRecordID><Correlation/><Execution ProcessID='6112' ThreadID='9512'/><Channel>Microsoft-Windows-Sysmon/Operational</Channel><Computer>DESKTOP-85U97MI</Computer><Security UserID='S-1-5-18'/></System><EventData><Data Name='RuleName'>-</Data><Data Name='UtcTime'>2026-05-29 11:51:49.874</Data><Data Name='ProcessGuid'>{d9cf607a-7dd2-6a19-7d04-000000000d03}</Data><Data Name='ProcessId'>25404</Data><Data Name='Image'>E:\\vs\\MSBuild\\Current\\Bin\\amd64\\Tracker.exe</Data><Data Name='User'>DESKTOP-85U97MI\\sseva</Data></EventData></Event>","timestamp":1780055510}
{"cpu_load_percent":11.227258682250977,"sysmon_xml":"<Event xmlns='http://schemas.microsoft.com/win/2004/08/events/event'><System><Provider Name='Microsoft-Windows-Sysmon' Guid='{5770385f-c22a-43e0-bf4c-06f5698ffbd9}'/><EventID>5</EventID><Version>3</Version><Level>4</Level><Task>5</Task><Opcode>0</Opcode><Keywords>0x8000000000000000</Keywords><TimeCreated SystemTime='2026-05-29T11:51:49.8757008Z'/><EventRecordID>11476356</EventRecordID><Correlation/><Execution ProcessID='6112' ThreadID='9512'/><Channel>Microsoft-Windows-Sysmon/Operational</Channel><Computer>DESKTOP-85U97MI</Computer><Security UserID='S-1-5-18'/></System><EventData><Data Name='RuleName'>-</Data><Data Name='UtcTime'>2026-05-29 11:51:49.875</Data><Data Name='ProcessGuid'>{d9cf607a-7dd2-6a19-7e04-000000000d03}</Data><Data Name='ProcessId'>4120</Data><Data Name='Image'>C:\\Windows\\System32\\conhost.exe</Data><Data Name='User'>DESKTOP-85U97MI\\sseva</Data></EventData></Event>","timestamp":1780055510}
{"cpu_load_percent":11.227258682250977,"sysmon_xml":"<Event xmlns='http://schemas.microsoft.com/win/2004/08/events/event'><System><Provider Name='Microsoft-Windows-Sysmon' Guid='{5770385f-c22a-43e0-bf4c-06f5698ffbd9}'/><EventID>1</EventID><Version>5</Version><Level>4</Level><Task>1</Task><Opcode>0</Opcode><Keywords>0x8000000000000000</Keywords><TimeCreated SystemTime='2026-05-29T11:51:49.9189113Z'/><EventRecordID>11476357</EventRecordID><Correlation/><Execution ProcessID='6112' ThreadID='9512'/><Channel>Microsoft-Windows-Sysmon/Operational</Channel><Computer>DESKTOP-85U97MI</Computer><Security UserID='S-1-5-18'/></System><EventData><Data Name='RuleName'>-</Data><Data Name='UtcTime'>2026-05-29 11:51:49.916</Data><Data Name='ProcessGuid'>{d9cf607a-7dd5-6a19-8004-000000000d03}</Data><Data Name='ProcessId'>9452</Data><Data Name='Image'>E:\\vs\\MSBuild\\Current\\Bin\\amd64\\Tracker.exe</Data><Data Name='FileVersion'>17.0.36015.10 built by: d17.14</Data><Data Name='Description'>Tracker</Data><Data Name='Product'>Microsoft® Build Tools®</Data><Data Name='Company'>Microsoft Corporation</Data><Data Name='OriginalFileName'>Tracker.exe</Data><Data Name='CommandLine'>\"E:\\vs\\MSBuild\\Current\\Bin\\amd64\\Tracker.exe\" /a @\"C:\\Users\\sseva\\AppData\\Local\\Temp\\tmp60e5285fa8634c39aab52bf4ffcbd4a1.tmp\" /c E:\\vs\\VC\\Tools\\MSVC\\14.39.33519\\bin\\HostX64\\x64\\link.exe  /ERRORREPORT:PROMPT @\"C:\\Users\\sseva\\AppData\\Local\\Temp\\MSBuildTemp\\tmpc3dfe2102626429da4f79f2eda6bf689.rsp\"</Data><Data Name='CurrentDirectory'>E:\\VisualStudio\\Sysmon-parser\\Sysmon-parser\\</Data><Data Name='User'>DESKTOP-85U97MI\\sseva</Data><Data Name='LogonGuid'>{d9cf607a-765a-6a19-d2fd-0f0000000000}</Data><Data Name='LogonId'>0xffdd2</Data><Data Name='TerminalSessionId'>1</Data><Data Name='IntegrityLevel'>High</Data><Data Name='Hashes'>SHA256=E4C2DA7394C9B6E30D3E169841FB1AF18756D9E98D2A20A8F0972B2793A13F45</Data><Data Name='ParentProcessGuid'>{d9cf607a-7d46-6a19-4404-000000000d03}</Data><Data Name='ParentProcessId'>12896</Data><Data Name='ParentImage'>E:\\vs\\MSBuild\\Current\\Bin\\amd64\\MSBuild.exe</Data><Data Name='ParentCommandLine'>\"E:\\vs\\MSBuild\\Current\\Bin\\amd64\\MSBuild.exe\" /noautoresponse /nologo /nodemode:1 /nodeReuse:true /low:false</Data><Data Name='ParentUser'>DESKTOP-85U97MI\\sseva</Data></EventData></Event>","timestamp":1780055510}
{"cpu_load_percent":11.227258682250977,"sysmon_xml":"<Event xmlns='http://schemas.microsoft.com/win/2004/08/events/event'><System><Provider Name='Microsoft-Windows-Sysmon' Guid='{5770385f-c22a-43e0-bf4c-06f5698ffbd9}'/><EventID>1</EventID><Version>5</Version><Level>4</Level><Task>1</Task><Opcode>0</Opcode><Keywords>0x8000000000000000</Keywords><TimeCreated SystemTime='2026-05-29T11:51:49.9222728Z'/><EventRecordID>11476358</EventRecordID><Correlation/><Execution ProcessID='6112' ThreadID='9512'/><Channel>Microsoft-Windows-Sysmon/Operational</Channel><Computer>DESKTOP-85U97MI</Computer><Security UserID='S-1-5-18'/></System><EventData><Data Name='RuleName'>-</Data><Data Name='UtcTime'>2026-05-29 11:51:49.920</Data><Data Name='ProcessGuid'>{d9cf607a-7dd5-6a19-8104-000000000d03}</Data><Data Name='ProcessId'>25896</Data><Data Name='Image'>C:\\Windows\\System32\\conhost.exe</Data><Data Name='FileVersion'>10.0.19041.5198 (WinBuild.160101.0800)</Data><Data Name='Description'>Console Window Host</Data><Data Name='Product'>Microsoft® Windows® Operating System</Data><Data Name='Company'>Microsoft Corporation</Data><Data Name='OriginalFileName'>CONHOST.EXE</Data><Data Name='CommandLine'>\\??\\C:\\Windows\\system32\\conhost.exe 0xffffffff -ForceV1</Data><Data Name='CurrentDirectory'>C:\\Windows</Data><Data Name='User'>DESKTOP-85U97MI\\sseva</Data><Data Name='LogonGuid'>{d9cf607a-765a-6a19-d2fd-0f0000000000}</Data><Data Name='LogonId'>0xffdd2</Data><Data Name='TerminalSessionId'>1</Data><Data Name='IntegrityLevel'>High</Data><Data Name='Hashes'>SHA256=B02EE54FB2EC69673386D41119EE8ED083A6EAB3BFCA6AA2155D20CE68EF8963</Data><Data Name='ParentProcessGuid'>{d9cf607a-7dd5-6a19-8004-000000000d03}</Data><Data Name='ParentProcessId'>9452</Data><Data Name='ParentImage'>E:\\vs\\MSBuild\\Current\\Bin\\amd64\\Tracker.exe</Data><Data Name='ParentCommandLine'>\"E:\\vs\\MSBuild\\Current\\Bin\\amd64\\Tracker.exe\" /a @\"C:\\Users\\sseva\\AppData\\Local\\Temp\\tmp60e5285fa8634c39aab52bf4ffcbd4a1.tmp\" /c E:\\vs\\VC\\Tools\\MSVC\\14.39.33519\\bin\\HostX64\\x64\\link.exe  /ERRORREPORT:PROMPT @\"C:\\Users\\sseva\\AppData\\Local\\Temp\\MSBuildTemp\\tmpc3dfe2102626429da4f79f2eda6bf689.rsp\"</Data><Data Name='ParentUser'>DESKTOP-85U97MI\\sseva</Data></EventData></Event>","timestamp":1780055510}
{"cpu_load_percent":11.227258682250977,"sysmon_xml":"<Event xmlns='http://schemas.microsoft.com/win/2004/08/events/event'><System><Provider Name='Microsoft-Windows-Sysmon' Guid='{5770385f-c22a-43e0-bf4c-06f5698ffbd9}'/><EventID>1</EventID><Version>5</Version><Level>4</Level><Task>1</Task><Opcode>0</Opcode><Keywords>0x8000000000000000</Keywords><TimeCreated SystemTime='2026-05-29T11:51:49.9408542Z'/><EventRecordID>11476359</EventRecordID><Correlation/><Execution ProcessID='6112' ThreadID='9512'/><Channel>Microsoft-Windows-Sysmon/Operational</Channel><Computer>DESKTOP-85U97MI</Computer><Security UserID='S-1-5-18'/></System><EventData><Data Name='RuleName'>-</Data><Data Name='UtcTime'>2026-05-29 11:51:49.938</Data><Data Name='ProcessGuid'>{d9cf607a-7dd5-6a19-8204-000000000d03}</Data><Data Name='ProcessId'>24940</Data><Data Name='Image'>E:\\vs\\VC\\Tools\\MSVC\\14.39.33519\\bin\\Hostx64\\x64\\link.exe</Data><Data Name='FileVersion'>14.39.33523.0</Data><Data Name='Description'>Microsoft® Incremental Linker</Data><Data Name='Product'>Microsoft® Visual Studio®</Data><Data Name='Company'>Microsoft Corporation</Data><Data Name='OriginalFileName'>LINK.EXE</Data><Data Name='CommandLine'>E:\\vs\\VC\\Tools\\MSVC\\14.39.33519\\bin\\HostX64\\x64\\link.exe /ERRORREPORT:PROMPT @C:\\Users\\sseva\\AppData\\Local\\Temp\\MSBuildTemp\\tmpc3dfe2102626429da4f79f2eda6bf689.rsp</Data><Data Name='CurrentDirectory'>E:\\VisualStudio\\Sysmon-parser\\Sysmon-parser\\</Data><Data Name='User'>DESKTOP-85U97MI\\sseva</Data><Data Name='LogonGuid'>{d9cf607a-765a-6a19-d2fd-0f0000000000}</Data><Data Name='LogonId'>0xffdd2</Data><Data Name='TerminalSessionId'>1</Data><Data Name='IntegrityLevel'>High</Data><Data Name='Hashes'>SHA256=C103A76C3E9A8F02D0D06F0737BD76CCE8B827FF84007FDB152BBDAC10D17025</Data><Data Name='ParentProcessGuid'>{d9cf607a-7dd5-6a19-8004-000000000d03}</Data><Data Name='ParentProcessId'>9452</Data><Data Name='ParentImage'>E:\\vs\\MSBuild\\Current\\Bin\\amd64\\Tracker.exe</Data><Data Name='ParentCommandLine'>\"E:\\vs\\MSBuild\\Current\\Bin\\amd64\\Tracker.exe\" /a @\"C:\\Users\\sseva\\AppData\\Local\\Temp\\tmp60e5285fa8634c39aab52bf4ffcbd4a1.tmp\" /c E:\\vs\\VC\\Tools\\MSVC\\14.39.33519\\bin\\HostX64\\x64\\link.exe  /ERRORREPORT:PROMPT @\"C:\\Users\\sseva\\AppData\\Local\\Temp\\MSBuildTemp\\tmpc3dfe2102626429da4f79f2eda6bf689.rsp\"</Data><Data Name='ParentUser'>DESKTOP-85U97MI\\sseva</Data></EventData></Event>","timestamp":1780055510}
{"cpu_load_percent":11.227258682250977,"sysmon_xml":"<Event xmlns='http://schemas.microsoft.com/win/2004/08/events/event'><System><Provider Name='Microsoft-Windows-Sysmon' Guid='{5770385f-c22a-43e0-bf4c-06f5698ffbd9}'/><EventID>1</EventID><Version>5</Version><Level>4</Level><Task>1</Task><Opcode>0</Opcode><Keywords>0x8000000000000000</Keywords><TimeCreated SystemTime='2026-05-29T11:51:49.9844183Z'/><EventRecordID>11476360</EventRecordID><Correlation/><Execution ProcessID='6112' ThreadID='9512'/><Channel>Microsoft-Windows-Sysmon/Operational</Channel><Computer>DESKTOP-85U97MI</Computer><Security UserID='S-1-5-18'/></System><EventData><Data Name='RuleName'>-</Data><Data Name='UtcTime'>2026-05-29 11:51:49.982</Data><Data Name='ProcessGuid'>{d9cf607a-7dd5-6a19-8304-000000000d03}</Data><Data Name='ProcessId'>24732</Data><Data Name='Image'>C:\\Program Files (x86)\\Windows Kits\\10\\bin\\10.0.26100.0\\x64\\rc.exe</Data><Data Name='FileVersion'>10.0.26100.7175 (WinBuild.160101.0800)</Data><Data Name='Description'>Microsoft Resource Compiler</Data><Data Name='Product'>Microsoft® Windows® Operating System</Data><Data Name='Company'>Microsoft Corporation</Data><Data Name='OriginalFileName'>rc.exe</Data><Data Name='CommandLine'>rc /nologo /x /fo \"C:\\Users\\sseva\\AppData\\Local\\Temp\\lnk{CC8CB5D3-DB2F-40A8-861C-F29481D1A90B}.tmp\" \"C:\\Users\\sseva\\AppData\\Local\\Temp\\lnk{D3488417-CA92-410B-B2FF-039C34B0305C}.tmp\"</Data><Data Name='CurrentDirectory'>E:\\VisualStudio\\Sysmon-parser\\Sysmon-parser\\</Data><Data Name='User'>DESKTOP-85U97MI\\sseva</Data><Data Name='LogonGuid'>{d9cf607a-765a-6a19-d2fd-0f0000000000}</Data><Data Name='LogonId'>0xffdd2</Data><Data Name='TerminalSessionId'>1</Data><Data Name='IntegrityLevel'>High</Data><Data Name='Hashes'>SHA256=650E6EA5BE1447C6E4E68DA6D8CE882FD294D3FDC9F697A62B1752F5A79C0090</Data><Data Name='ParentProcessGuid'>{d9cf607a-7dd5-6a19-8204-000000000d03}</Data><Data Name='ParentProcessId'>24940</Data><Data Name='ParentImage'>E:\\vs\\VC\\Tools\\MSVC\\14.39.33519\\bin\\Hostx64\\x64\\link.exe</Data><Data Name='ParentCommandLine'>E:\\vs\\VC\\Tools\\MSVC\\14.39.33519\\bin\\HostX64\\x64\\link.exe /ERRORREPORT:PROMPT @C:\\Users\\sseva\\AppData\\Local\\Temp\\MSBuildTemp\\tmpc3dfe2102626429da4f79f2eda6bf689.rsp</Data><Data Name='ParentUser'>DESKTOP-85U97MI\\sseva</Data></EventData></Event>","timestamp":1780055510}
{"cpu_load_percent":11.227258682250977,"sysmon_xml":"<Event xmlns='http://schemas.microsoft.com/win/2004/08/events/event'><System><Provider Name='Microsoft-Windows-Sysmon' Guid='{5770385f-c22a-43e0-bf4c-06f5698ffbd9}'/><EventID>5</EventID><Version>3</Version><Level>4</Level><Task>5</Task><Opcode>0</Opcode><Keywords>0x8000000000000000</Keywords><TimeCreated SystemTime='2026-05-29T11:51:49.9948289Z'/><EventRecordID>11476361</EventRecordID><Correlation/><Execution ProcessID='6112' ThreadID='9512'/><Channel>Microsoft-Windows-Sysmon/Operational</Channel><Computer>DESKTOP-85U97MI</Computer><Security UserID='S-1-5-18'/></System><EventData><Data Name='RuleName'>-</Data><Data Name='UtcTime'>2026-05-29 11:51:49.994</Data><Data Name='ProcessGuid'>{d9cf607a-7dd5-6a19-8304-000000000d03}</Data><Data Name='ProcessId'>24732</Data><Data Name='Image'>C:\\Program Files (x86)\\Windows Kits\\10\\bin\\10.0.26100.0\\x64\\rc.exe</Data><Data Name='User'>DESKTOP-85U97MI\\sseva</Data></EventData></Event>","timestamp":1780055510}
{"cpu_load_percent":11.227258682250977,"sysmon_xml":"<Event xmlns='http://schemas.microsoft.com/win/2004/08/events/event'><System><Provider Name='Microsoft-Windows-Sysmon' Guid='{5770385f-c22a-43e0-bf4c-06f5698ffbd9}'/><EventID>1</EventID><Version>5</Version><Level>4</Level><Task>1</Task><Opcode>0</Opcode><Keywords>0x8000000000000000</Keywords><TimeCreated SystemTime='2026-05-29T11:51:49.9981179Z'/><EventRecordID>11476362</EventRecordID><Correlation/><Execution ProcessID='6112' ThreadID='9512'/><Channel>Microsoft-Windows-Sysmon/Operational</Channel><Computer>DESKTOP-85U97MI</Computer><Security UserID='S-1-5-18'/></System><EventData><Data Name='RuleName'>-</Data><Data Name='UtcTime'>2026-05-29 11:51:49.996</Data><Data Name='ProcessGuid'>{d9cf607a-7dd5-6a19-8404-000000000d03}</Data><Data Name='ProcessId'>25916</Data><Data Name='Image'>E:\\vs\\VC\\Tools\\MSVC\\14.39.33519\\bin\\Hostx64\\x64\\cvtres.exe</Data><Data Name='FileVersion'>14.39.33523.0</Data><Data Name='Description'>Microsoft® Resource File To COFF Object Conversion Utility</Data><Data Name='Product'>Microsoft® Visual Studio®</Data><Data Name='Company'>Microsoft Corporation</Data><Data Name='OriginalFileName'>CVTRES.EXE</Data><Data Name='CommandLine'>cvtres /machine:amd64 /nologo /out:\"C:\\Users\\sseva\\AppData\\Local\\Temp\\lnk{461120DF-5012-4F9E-8540-66943F71C60D}.tmp\" /readonly \"C:\\Users\\sseva\\AppData\\Local\\Temp\\lnk{CC8CB5D3-DB2F-40A8-861C-F29481D1A90B}.tmp\"</Data><Data Name='CurrentDirectory'>E:\\VisualStudio\\Sysmon-parser\\Sysmon-parser\\</Data><Data Name='User'>DESKTOP-85U97MI\\sseva</Data><Data Name='LogonGuid'>{d9cf607a-765a-6a19-d2fd-0f0000000000}</Data><Data Name='LogonId'>0xffdd2</Data><Data Name='TerminalSessionId'>1</Data><Data Name='IntegrityLevel'>High</Data><Data Name='Hashes'>SHA256=019D8EE7511A0BE528EAE52885B2579FFFB6D03BA0B1EB4D4F09B36FD78FC368</Data><Data Name='ParentProcessGuid'>{d9cf607a-7dd5-6a19-8204-000000000d03}</Data><Data Name='ParentProcessId'>24940</Data><Data Name='ParentImage'>E:\\vs\\VC\\Tools\\MSVC\\14.39.33519\\bin\\Hostx64\\x64\\link.exe</Data><Data Name='ParentCommandLine'>E:\\vs\\VC\\Tools\\MSVC\\14.39.33519\\bin\\HostX64\\x64\\link.exe /ERRORREPORT:PROMPT @C:\\Users\\sseva\\AppData\\Local\\Temp\\MSBuildTemp\\tmpc3dfe2102626429da4f79f2eda6bf689.rsp</Data><Data Name='ParentUser'>DESKTOP-85U97MI\\sseva</Data></EventData></Event>","timestamp":1780055510}
{"cpu_load_percent":11.227258682250977,"sysmon_xml":"<Event xmlns='http://schemas.microsoft.com/win/2004/08/events/event'><System><Provider Name='Microsoft-Windows-Sysmon' Guid='{5770385f-c22a-43e0-bf4c-06f5698ffbd9}'/><EventID>5</EventID><Version>3</Version><Level>4</Level><Task>5</Task><Opcode>0</Opcode><Keywords>0x8000000000000000</Keywords><TimeCreated SystemTime='2026-05-29T11:51:50.0249026Z'/><EventRecordID>11476363</EventRecordID><Correlation/><Execution ProcessID='6112' ThreadID='9512'/><Channel>Microsoft-Windows-Sysmon/Operational</Channel><Computer>DESKTOP-85U97MI</Computer><Security UserID='S-1-5-18'/></System><EventData><Data Name='RuleName'>-</Data><Data Name='UtcTime'>2026-05-29 11:51:50.024</Data><Data Name='ProcessGuid'>{d9cf607a-7dd5-6a19-8404-000000000d03}</Data><Data Name='ProcessId'>25916</Data><Data Name='Image'>E:\\vs\\VC\\Tools\\MSVC\\14.39.33519\\bin\\Hostx64\\x64\\cvtres.exe</Data><Data Name='User'>DESKTOP-85U97MI\\sseva</Data></EventData></Event>","timestamp":1780055510}
{"cpu_load_percent":11.227258682250977,"sysmon_xml":"<Event xmlns='http://schemas.microsoft.com/win/2004/08/events/event'><System><Provider Name='Microsoft-Windows-Sysmon' Guid='{5770385f-c22a-43e0-bf4c-06f5698ffbd9}'/><EventID>5</EventID><Version>3</Version><Level>4</Level><Task>5</Task><Opcode>0</Opcode><Keywords>0x8000000000000000</Keywords><TimeCreated SystemTime='2026-05-29T11:51:50.1179645Z'/><EventRecordID>11476364</EventRecordID><Correlation/><Execution ProcessID='6112' ThreadID='9512'/><Channel>Microsoft-Windows-Sysmon/Operational</Channel><Computer>DESKTOP-85U97MI</Computer><Security UserID='S-1-5-18'/></System><EventData><Data Name='RuleName'>-</Data><Data Name='UtcTime'>2026-05-29 11:51:50.117</Data><Data Name='ProcessGuid'>{d9cf607a-7dd5-6a19-8204-000000000d03}</Data><Data Name='ProcessId'>24940</Data><Data Name='Image'>E:\\vs\\VC\\Tools\\MSVC\\14.39.33519\\bin\\Hostx64\\x64\\link.exe</Data><Data Name='User'>DESKTOP-85U97MI\\sseva</Data></EventData></Event>","timestamp":1780055510}
{"cpu_load_percent":11.227258682250977,"sysmon_xml":"<Event xmlns='http://schemas.microsoft.com/win/2004/08/events/event'><System><Provider Name='Microsoft-Windows-Sysmon' Guid='{5770385f-c22a-43e0-bf4c-06f5698ffbd9}'/><EventID>5</EventID><Version>3</Version><Level>4</Level><Task>5</Task><Opcode>0</Opcode><Keywords>0x8000000000000000</Keywords><TimeCreated SystemTime='2026-05-29T11:51:50.1241923Z'/><EventRecordID>11476365</EventRecordID><Correlation/><Execution ProcessID='6112' ThreadID='9512'/><Channel>Microsoft-Windows-Sysmon/Operational</Channel><Computer>DESKTOP-85U97MI</Computer><Security UserID='S-1-5-18'/></System><EventData><Data Name='RuleName'>-</Data><Data Name='UtcTime'>2026-05-29 11:51:50.123</Data><Data Name='ProcessGuid'>{d9cf607a-7dd5-6a19-8004-000000000d03}</Data><Data Name='ProcessId'>9452</Data><Data Name='Image'>E:\\vs\\MSBuild\\Current\\Bin\\amd64\\Tracker.exe</Data><Data Name='User'>DESKTOP-85U97MI\\sseva</Data></EventData></Event>","timestamp":1780055510}
{"cpu_load_percent":11.227258682250977,"sysmon_xml":"<Event xmlns='http://schemas.microsoft.com/win/2004/08/events/event'><System><Provider Name='Microsoft-Windows-Sysmon' Guid='{5770385f-c22a-43e0-bf4c-06f5698ffbd9}'/><EventID>5</EventID><Version>3</Version><Level>4</Level><Task>5</Task><Opcode>0</Opcode><Keywords>0x8000000000000000</Keywords><TimeCreated SystemTime='2026-05-29T11:51:50.1248579Z'/><EventRecordID>11476366</EventRecordID><Correlation/><Execution ProcessID='6112' ThreadID='9512'/><Channel>Microsoft-Windows-Sysmon/Operational</Channel><Computer>DESKTOP-85U97MI</Computer><Security UserID='S-1-5-18'/></System><EventData><Data Name='RuleName'>-</Data><Data Name='UtcTime'>2026-05-29 11:51:50.124</Data><Data Name='ProcessGuid'>{d9cf607a-7dd5-6a19-8104-000000000d03}</Data><Data Name='ProcessId'>25896</Data><Data Name='Image'>C:\\Windows\\System32\\conhost.exe</Data><Data Name='User'>DESKTOP-85U97MI\\sseva</Data></EventData></Event>","timestamp":1780055510}
{"cpu_load_percent":11.227258682250977,"sysmon_xml":"<Event xmlns='http://schemas.microsoft.com/win/2004/08/events/event'><System><Provider Name='Microsoft-Windows-Sysmon' Guid='{5770385f-c22a-43e0-bf4c-06f5698ffbd9}'/><EventID>1</EventID><Version>5</Version><Level>4</Level><Task>1</Task><Opcode>0</Opcode><Keywords>0x8000000000000000</Keywords><TimeCreated SystemTime='2026-05-29T11:51:50.2296618Z'/><EventRecordID>11476367</EventRecordID><Correlation/><Execution ProcessID='6112' ThreadID='9512'/><Channel>Microsoft-Windows-Sysmon/Operational</Channel><Computer>DESKTOP-85U97MI</Computer><Security UserID='S-1-5-18'/></System><EventData><Data Name='RuleName'>-</Data><Data Name='UtcTime'>2026-05-29 11:51:50.227</Data><Data Name='ProcessGuid'>{d9cf607a-7dd6-6a19-8504-000000000d03}</Data><Data Name='ProcessId'>17576</Data><Data Name='Image'>E:\\vs\\Common7\\IDE\\CommonExtensions\\Platform\\Debugger\\VsDebugConsole.exe</Data><Data Name='FileVersion'>17.14.10818.3 commit:9c8b3c8d4f87b31910155683f7c5cce8fdfcb5e3</Data><Data Name='Description'>Visual Studio Debugger Console Application Resources</Data><Data Name='Product'>Microsoft ® Visual Studio ®</Data><Data Name='Company'>Microsoft Corporation</Data><Data Name='OriginalFileName'>VsDebugConsole.exe</Data><Data Name='CommandLine'>\"E:\\vs\\Common7\\IDE\\CommonExtensions\\Platform\\Debugger\\VsDebugConsole.exe\" \\\\.\\pipe\\Microsoft-VisualStudio-Debug-Console-12420 Local\\{39815F40-8464-4885-A2F3-F5B580CB9CAF} /RootProcessId:12420</Data><Data Name='CurrentDirectory'>E:\\</Data><Data Name='User'>DESKTOP-85U97MI\\sseva</Data><Data Name='LogonGuid'>{d9cf607a-765a-6a19-d2fd-0f0000000000}</Data><Data Name='LogonId'>0xffdd2</Data><Data Name='TerminalSessionId'>1</Data><Data Name='IntegrityLevel'>High</Data><Data Name='Hashes'>SHA256=0A724324CD7DD1D094CF3199E149CA75209A441D718AC86C5FAECCE4396AE083</Data><Data Name='ParentProcessGuid'>{d9cf607a-7c43-6a19-c003-000000000d03}</Data><Data Name='ParentProcessId'>12420</Data><Data Name='ParentImage'>E:\\vs\\Common7\\IDE\\devenv.exe</Data><Data Name='ParentCommandLine'>\"E:\\vs\\Common7\\IDE\\devenv.exe\" </Data><Data Name='ParentUser'>DESKTOP-85U97MI\\sseva</Data></EventData></Event>","timestamp":1780055510}
{"cpu_load_percent":11.227258682250977,"sysmon_xml":"<Event xmlns='http://schemas.microsoft.com/win/2004/08/events/event'><System><Provider Name='Microsoft-Windows-Sysmon' Guid='{5770385f-c22a-43e0-bf4c-06f5698ffbd9}'/><EventID>1</EventID><Version>5</Version><Level>4</Level><Task>1</Task><Opcode>0</Opcode><Keywords>0x8000000000000000</Keywords><TimeCreated SystemTime='2026-05-29T11:51:50.2335180Z'/><EventRecordID>11476368</EventRecordID><Correlation/><Execution ProcessID='6112' ThreadID='9512'/><Channel>Microsoft-Windows-Sysmon/Operational</Channel><Computer>DESKTOP-85U97MI</Computer><Security UserID='S-1-5-18'/></System><EventData><Data Name='RuleName'>-</Data><Data Name='UtcTime'>2026-05-29 11:51:50.231</Data><Data Name='ProcessGuid'>{d9cf607a-7dd6-6a19-8604-000000000d03}</Data><Data Name='ProcessId'>26268</Data><Data Name='Image'>C:\\Windows\\System32\\conhost.exe</Data><Data Name='FileVersion'>10.0.19041.5198 (WinBuild.160101.0800)</Data><Data Name='Description'>Console Window Host</Data><Data Name='Product'>Microsoft® Windows® Operating System</Data><Data Name='Company'>Microsoft Corporation</Data><Data Name='OriginalFileName'>CONHOST.EXE</Data><Data Name='CommandLine'>\\??\\C:\\Windows\\system32\\conhost.exe 0xffffffff -ForceV1</Data><Data Name='CurrentDirectory'>C:\\Windows</Data><Data Name='User'>DESKTOP-85U97MI\\sseva</Data><Data Name='LogonGuid'>{d9cf607a-765a-6a19-d2fd-0f0000000000}</Data><Data Name='LogonId'>0xffdd2</Data><Data Name='TerminalSessionId'>1</Data><Data Name='IntegrityLevel'>High</Data><Data Name='Hashes'>SHA256=B02EE54FB2EC69673386D41119EE8ED083A6EAB3BFCA6AA2155D20CE68EF8963</Data><Data Name='ParentProcessGuid'>{d9cf607a-7dd6-6a19-8504-000000000d03}</Data><Data Name='ParentProcessId'>17576</Data><Data Name='ParentImage'>E:\\vs\\Common7\\IDE\\CommonExtensions\\Platform\\Debugger\\VsDebugConsole.exe</Data><Data Name='ParentCommandLine'>\"E:\\vs\\Common7\\IDE\\CommonExtensions\\Platform\\Debugger\\VsDebugConsole.exe\" \\\\.\\pipe\\Microsoft-VisualStudio-Debug-Console-12420 Local\\{39815F40-8464-4885-A2F3-F5B580CB9CAF} /RootProcessId:12420</Data><Data Name='ParentUser'>DESKTOP-85U97MI\\sseva</Data></EventData></Event>","timestamp":1780055510}
{"cpu_load_percent":11.227258682250977,"sysmon_xml":"<Event xmlns='http://schemas.microsoft.com/win/2004/08/events/event'><System><Provider Name='Microsoft-Windows-Sysmon' Guid='{5770385f-c22a-43e0-bf4c-06f5698ffbd9}'/><EventID>1</EventID><Version>5</Version><Level>4</Level><Task>1</Task><Opcode>0</Opcode><Keywords>0x8000000000000000</Keywords><TimeCreated SystemTime='2026-05-29T11:51:50.2865608Z'/><EventRecordID>11476369</EventRecordID><Correlation/><Execution ProcessID='6112' ThreadID='9512'/><Channel>Microsoft-Windows-Sysmon/Operational</Channel><Computer>DESKTOP-85U97MI</Computer><Security UserID='S-1-5-18'/></System><EventData><Data Name='RuleName'>-</Data><Data Name='UtcTime'>2026-05-29 11:51:50.279</Data><Data Name='ProcessGuid'>{d9cf607a-7dd6-6a19-8704-000000000d03}</Data><Data Name='ProcessId'>7332</Data><Data Name='Image'>C:\\Windows\\System32\\cmd.exe</Data><Data Name='FileVersion'>10.0.19041.4355 (WinBuild.160101.0800)</Data><Data Name='Description'>Windows Command Processor</Data><Data Name='Product'>Microsoft® Windows® Operating System</Data><Data Name='Company'>Microsoft Corporation</Data><Data Name='OriginalFileName'>Cmd.Exe</Data><Data Name='CommandLine'>C:\\Windows\\system32\\cmd.exe /c cls</Data><Data Name='CurrentDirectory'>E:\\</Data><Data Name='User'>DESKTOP-85U97MI\\sseva</Data><Data Name='LogonGuid'>{d9cf607a-765a-6a19-d2fd-0f0000000000}</Data><Data Name='LogonId'>0xffdd2</Data><Data Name='TerminalSessionId'>1</Data><Data Name='IntegrityLevel'>High</Data><Data Name='Hashes'>SHA256=BADF4752413CB0CBDC03FB95820CA167F0CDC63B597CCDB5EF43111180E088B0</Data><Data Name='ParentProcessGuid'>{d9cf607a-7dd6-6a19-8504-000000000d03}</Data><Data Name='ParentProcessId'>17576</Data><Data Name='ParentImage'>E:\\vs\\Common7\\IDE\\CommonExtensions\\Platform\\Debugger\\VsDebugConsole.exe</Data><Data Name='ParentCommandLine'>\"E:\\vs\\Common7\\IDE\\CommonExtensions\\Platform\\Debugger\\VsDebugConsole.exe\" \\\\.\\pipe\\Microsoft-VisualStudio-Debug-Console-12420 Local\\{39815F40-8464-4885-A2F3-F5B580CB9CAF} /RootProcessId:12420</Data><Data Name='ParentUser'>DESKTOP-85U97MI\\sseva</Data></EventData></Event>","timestamp":1780055510}
{"cpu_load_percent":11.227258682250977,"sysmon_xml":"<Event xmlns='http://schemas.microsoft.com/win/2004/08/events/event'><System><Provider Name='Microsoft-Windows-Sysmon' Guid='{5770385f-c22a-43e0-bf4c-06f5698ffbd9}'/><EventID>5</EventID><Version>3</Version><Level>4</Level><Task>5</Task><Opcode>0</Opcode><Keywords>0x8000000000000000</Keywords><TimeCreated SystemTime='2026-05-29T11:51:50.3239462Z'/><EventRecordID>11476370</EventRecordID><Correlation/><Execution ProcessID='6112' ThreadID='9512'/><Channel>Microsoft-Windows-Sysmon/Operational</Channel><Computer>DESKTOP-85U97MI</Computer><Security UserID='S-1-5-18'/></System><EventData><Data Name='RuleName'>-</Data><Data Name='UtcTime'>2026-05-29 11:51:50.323</Data><Data Name='ProcessGuid'>{d9cf607a-7dd6-6a19-8704-000000000d03}</Data><Data Name='ProcessId'>7332</Data><Data Name='Image'>C:\\Windows\\System32\\cmd.exe</Data><Data Name='User'>DESKTOP-85U97MI\\sseva</Data></EventData></Event>","timestamp":1780055510}
{"cpu_load_percent":11.227258682250977,"sysmon_xml":"<Event xmlns='http://schemas.microsoft.com/win/2004/08/events/event'><System><Provider Name='Microsoft-Windows-Sysmon' Guid='{5770385f-c22a-43e0-bf4c-06f5698ffbd9}'/><EventID>1</EventID><Version>5</Version><Level>4</Level><Task>1</Task><Opcode>0</Opcode><Keywords>0x8000000000000000</Keywords><TimeCreated SystemTime='2026-05-29T11:51:50.3464322Z'/><EventRecordID>11476371</EventRecordID><Correlation/><Execution ProcessID='6112' ThreadID='9512'/><Channel>Microsoft-Windows-Sysmon/Operational</Channel><Computer>DESKTOP-85U97MI</Computer><Security UserID='S-1-5-18'/></System><EventData><Data Name='RuleName'>-</Data><Data Name='UtcTime'>2026-05-29 11:51:50.344</Data><Data Name='ProcessGuid'>{d9cf607a-7dd6-6a19-8804-000000000d03}</Data><Data Name='ProcessId'>26204</Data><Data Name='Image'>E:\\VisualStudio\\Sysmon-parser\\x64\\Debug\\Sysmon-parser.exe</Data><Data Name='FileVersion'>-</Data><Data Name='Description'>-</Data><Data Name='Product'>-</Data><Data Name='Company'>-</Data><Data Name='OriginalFileName'>-</Data><Data Name='CommandLine'>\"E:\\VisualStudio\\Sysmon-parser\\x64\\Debug\\Sysmon-parser.exe\" </Data><Data Name='CurrentDirectory'>E:\\VisualStudio\\Sysmon-parser\\Sysmon-parser\\</Data><Data Name='User'>DESKTOP-85U97MI\\sseva</Data><Data Name='LogonGuid'>{d9cf607a-765a-6a19-d2fd-0f0000000000}</Data><Data Name='LogonId'>0xffdd2</Data><Data Name='TerminalSessionId'>1</Data><Data Name='IntegrityLevel'>High</Data><Data Name='Hashes'>SHA256=7B98D8AA0BE0866AE098738300BC9A9A9F9078F8C43E2D19A338A5A48BBDF117</Data><Data Name='ParentProcessGuid'>{d9cf607a-7dd6-6a19-8504-000000000d03}</Data><Data Name='ParentProcessId'>17576</Data><Data Name='ParentImage'>E:\\vs\\Common7\\IDE\\CommonExtensions\\Platform\\Debugger\\VsDebugConsole.exe</Data><Data Name='ParentCommandLine'>\"E:\\vs\\Common7\\IDE\\CommonExtensions\\Platform\\Debugger\\VsDebugConsole.exe\" \\\\.\\pipe\\Microsoft-VisualStudio-Debug-Console-12420 Local\\{39815F40-8464-4885-A2F3-F5B580CB9CAF} /RootProcessId:12420</Data><Data Name='ParentUser'>DESKTOP-85U97MI\\sseva</Data></EventData></Event>","timestamp":1780055510}
{"cpu_load_percent":11.227258682250977,"sysmon_xml":"<Event xmlns='http://schemas.microsoft.com/win/2004/08/events/event'><System><Provider Name='Microsoft-Windows-Sysmon' Guid='{5770385f-c22a-43e0-bf4c-06f5698ffbd9}'/><EventID>3</EventID><Version>5</Version><Level>4</Level><Task>3</Task><Opcode>0</Opcode><Keywords>0x8000000000000000</Keywords><TimeCreated SystemTime='2026-05-29T11:51:50.7074423Z'/><EventRecordID>11476372</EventRecordID><Correlation/><Execution ProcessID='6112' ThreadID='9524'/><Channel>Microsoft-Windows-Sysmon/Operational</Channel><Computer>DESKTOP-85U97MI</Computer><Security UserID='S-1-5-18'/></System><EventData><Data Name='RuleName'>-</Data><Data Name='UtcTime'>2026-05-29 11:51:49.360</Data><Data Name='ProcessGuid'>{d9cf607a-7796-6a19-7b02-000000000d03}</Data><Data Name='ProcessId'>17852</Data><Data Name='Image'>C:\\Program Files\\Google\\Chrome\\Application\\chrome.exe</Data><Data Name='User'>DESKTOP-85U97MI\\sseva</Data><Data Name='Protocol'>tcp</Data><Data Name='Initiated'>true</Data><Data Name='SourceIsIpv6'>false</Data><Data Name='SourceIp'>85.143.15.202</Data><Data Name='SourceHostname'>DESKTOP-85U97MI</Data><Data Name='SourcePort'>25928</Data><Data Name='SourcePortName'>-</Data><Data Name='DestinationIsIpv6'>false</Data><Data Name='DestinationIp'>209.85.233.101</Data><Data Name='DestinationHostname'>lr-in-f101.1e100.net</Data><Data Name='DestinationPort'>443</Data><Data Name='DestinationPortName'>https</Data></EventData></Event>","timestamp":1780055510}
{"cpu_load_percent":10.286458015441895,"sysmon_xml":"<Event xmlns='http://schemas.microsoft.com/win/2004/08/events/event'><System><Provider Name='Microsoft-Windows-Sysmon' Guid='{5770385f-c22a-43e0-bf4c-06f5698ffbd9}'/><EventID>3</EventID><Version>5</Version><Level>4</Level><Task>3</Task><Opcode>0</Opcode><Keywords>0x8000000000000000</Keywords><TimeCreated SystemTime='2026-05-29T11:51:53.7119535Z'/><EventRecordID>11476373</EventRecordID><Correlation/><Execution ProcessID='6112' ThreadID='9524'/><Channel>Microsoft-Windows-Sysmon/Operational</Channel><Computer>DESKTOP-85U97MI</Computer><Security UserID='S-1-5-18'/></System><EventData><Data Name='RuleName'>-</Data><Data Name='UtcTime'>2026-05-29 11:51:51.527</Data><Data Name='ProcessGuid'>{d9cf607a-7655-6a19-3c00-000000000d03}</Data><Data Name='ProcessId'>3268</Data><Data Name='Image'>C:\\Windows\\System32\\svchost.exe</Data><Data Name='User'>NT AUTHORITY\\NETWORK SERVICE</Data><Data Name='Protocol'>udp</Data><Data Name='Initiated'>true</Data><Data Name='SourceIsIpv6'>false</Data><Data Name='SourceIp'>85.143.15.202</Data><Data Name='SourceHostname'>DESKTOP-85U97MI</Data><Data Name='SourcePort'>60890</Data><Data Name='SourcePortName'>-</Data><Data Name='DestinationIsIpv6'>false</Data><Data Name='DestinationIp'>85.143.0.30</Data><Data Name='DestinationHostname'>ns.unn.ru</Data><Data Name='DestinationPort'>53</Data><Data Name='DestinationPortName'>domain</Data></EventData></Event>","timestamp":1780055514}
{"cpu_load_percent":10.286458015441895,"sysmon_xml":"<Event xmlns='http://schemas.microsoft.com/win/2004/08/events/event'><System><Provider Name='Microsoft-Windows-Sysmon' Guid='{5770385f-c22a-43e0-bf4c-06f5698ffbd9}'/><EventID>3</EventID><Version>5</Version><Level>4</Level><Task>3</Task><Opcode>0</Opcode><Keywords>0x8000000000000000</Keywords><TimeCreated SystemTime='2026-05-29T11:51:53.7119656Z'/><EventRecordID>11476374</EventRecordID><Correlation/><Execution ProcessID='6112' ThreadID='9524'/><Channel>Microsoft-Windows-Sysmon/Operational</Channel><Computer>DESKTOP-85U97MI</Computer><Security UserID='S-1-5-18'/></System><EventData><Data Name='RuleName'>-</Data><Data Name='UtcTime'>2026-05-29 11:51:51.529</Data><Data Name='ProcessGuid'>{d9cf607a-7655-6a19-3c00-000000000d03}</Data><Data Name='ProcessId'>3268</Data><Data Name='Image'>C:\\Windows\\System32\\svchost.exe</Data><Data Name='User'>NT AUTHORITY\\NETWORK SERVICE</Data><Data Name='Protocol'>udp</Data><Data Name='Initiated'>true</Data><Data Name='SourceIsIpv6'>false</Data><Data Name='SourceIp'>85.143.15.202</Data><Data Name='SourceHostname'>DESKTOP-85U97MI</Data><Data Name='SourcePort'>54224</Data><Data Name='SourcePortName'>-</Data><Data Name='DestinationIsIpv6'>false</Data><Data Name='DestinationIp'>85.143.0.30</Data><Data Name='DestinationHostname'>ns.unn.ru</Data><Data Name='DestinationPort'>53</Data><Data Name='DestinationPortName'>domain</Data></EventData></Event>","timestamp":1780055514}
{"cpu_load_percent":10.286458015441895,"sysmon_xml":"<Event xmlns='http://schemas.microsoft.com/win/2004/08/events/event'><System><Provider Name='Microsoft-Windows-Sysmon' Guid='{5770385f-c22a-43e0-bf4c-06f5698ffbd9}'/><EventID>3</EventID><Version>5</Version><Level>4</Level><Task>3</Task><Opcode>0</Opcode><Keywords>0x8000000000000000</Keywords><TimeCreated SystemTime='2026-05-29T11:51:53.7119715Z'/><EventRecordID>11476375</EventRecordID><Correlation/><Execution ProcessID='6112' ThreadID='9524'/><Channel>Microsoft-Windows-Sysmon/Operational</Channel><Computer>DESKTOP-85U97MI</Computer><Security UserID='S-1-5-18'/></System><EventData><Data Name='RuleName'>-</Data><Data Name='UtcTime'>2026-05-29 11:51:51.530</Data><Data Name='ProcessGuid'>{d9cf607a-7655-6a19-3c00-000000000d03}</Data><Data Name='ProcessId'>3268</Data><Data Name='Image'>C:\\Windows\\System32\\svchost.exe</Data><Data Name='User'>NT AUTHORITY\\NETWORK SERVICE</Data><Data Name='Protocol'>udp</Data><Data Name='Initiated'>true</Data><Data Name='SourceIsIpv6'>false</Data><Data Name='SourceIp'>85.143.15.202</Data><Data Name='SourceHostname'>DESKTOP-85U97MI</Data><Data Name='SourcePort'>63500</Data><Data Name='SourcePortName'>-</Data><Data Name='DestinationIsIpv6'>false</Data><Data Name='DestinationIp'>85.143.0.30</Data><Data Name='DestinationHostname'>ns.unn.ru</Data><Data Name='DestinationPort'>53</Data><Data Name='DestinationPortName'>domain</Data></EventData></Event>","timestamp":1780055514}
