{"cpu_load":18.88020896911621,"data":"<Event xmlns='http://schemas.microsoft.com/win/2004/08/events/event'><System><Provider Name='Microsoft-Windows-Sysmon' Guid='{5770385f-c22a-43e0-bf4c-06f5698ffbd9}'/><EventID>5</EventID><Version>3</Version><Level>4</Level><Task>5</Task><Opcode>0</Opcode><Keywords>0x8000000000000000</Keywords><TimeCreated SystemTime='2026-05-29T12:16:05.5538270Z'/><EventRecordID>11482554</EventRecordID><Correlation/><Execution ProcessID='6112' ThreadID='9512'/><Channel>Microsoft-Windows-Sysmon/Operational</Channel><Computer>DESKTOP-85U97MI</Computer><Security UserID='S-1-5-18'/></System><EventData><Data Name='RuleName'>-</Data><Data Name='UtcTime'>2026-05-29 12:16:05.553</Data><Data Name='ProcessGuid'>{d9cf607a-835f-6a19-bc05-000000000d03}</Data><Data Name='ProcessId'>26820</Data><Data Name='Image'>C:\\Windows\\System32\\notepad.exe</Data><Data Name='User'>DESKTOP-85U97MI\\sseva</Data></EventData></Event>","timestamp":1780056966}
{"cpu_load":18.88020896911621,"data":"<Event xmlns='http://schemas.microsoft.com/win/2004/08/events/event'><System><Provider Name='Microsoft-Windows-Sysmon' Guid='{5770385f-c22a-43e0-bf4c-06f5698ffbd9}'/><EventID>3</EventID><Version>5</Version><Level>4</Level><Task>3</Task><Opcode>0</Opcode><Keywords>0x8000000000000000</Keywords><TimeCreated SystemTime='2026-05-29T12:16:06.3150639Z'/><EventRecordID>11482555</EventRecordID><Correlation/><Execution ProcessID='6112' ThreadID='9524'/><Channel>Microsoft-Windows-Sysmon/Operational</Channel><Computer>DESKTOP-85U97MI</Computer><Security UserID='S-1-5-18'/></System><EventData><Data Name='RuleName'>-</Data><Data Name='UtcTime'>2026-05-29 12:16:04.337</Data><Data Name='ProcessGuid'>{d9cf607a-7655-6a19-3c00-000000000d03}</Data><Data Name='ProcessId'>3268</Data><Data Name='Image'>C:\\Windows\\System32\\svchost.exe</Data><Data Name='User'>NT AUTHORITY\\NETWORK SERVICE</Data><Data Name='Protocol'>udp</Data><Data Name='Initiated'>true</Data><Data Name='SourceIsIpv6'>false</Data><Data Name='SourceIp'>85.143.15.202</Data><Data Name='SourceHostname'>DESKTOP-85U97MI</Data><Data Name='SourcePort'>58243</Data><Data Name='SourcePortName'>-</Data><Data Name='DestinationIsIpv6'>false</Data><Data Name='DestinationIp'>85.143.0.30</Data><Data Name='DestinationHostname'>ns.unn.ru</Data><Data Name='DestinationPort'>53</Data><Data Name='DestinationPortName'>domain</Data></EventData></Event>","timestamp":1780056966}
{"cpu_load":18.88020896911621,"data":"<Event xmlns='http://schemas.microsoft.com/win/2004/08/events/event'><System><Provider Name='Microsoft-Windows-Sysmon' Guid='{5770385f-c22a-43e0-bf4c-06f5698ffbd9}'/><EventID>3</EventID><Version>5</Version><Level>4</Level><Task>3</Task><Opcode>0</Opcode><Keywords>0x8000000000000000</Keywords><TimeCreated SystemTime='2026-05-29T12:16:06.3150772Z'/><EventRecordID>11482556</EventRecordID><Correlation/><Execution ProcessID='6112' ThreadID='9524'/><Channel>Microsoft-Windows-Sysmon/Operational</Channel><Computer>DESKTOP-85U97MI</Computer><Security UserID='S-1-5-18'/></System><EventData><Data Name='RuleName'>-</Data><Data Name='UtcTime'>2026-05-29 12:16:04.367</Data><Data Name='ProcessGuid'>{d9cf607a-7796-6a19-7b02-000000000d03}</Data><Data Name='ProcessId'>17852</Data><Data Name='Image'>C:\\Program Files\\Google\\Chrome\\Application\\chrome.exe</Data><Data Name='User'>DESKTOP-85U97MI\\sseva</Data><Data Name='Protocol'>tcp</Data><Data Name='Initiated'>true</Data><Data Name='SourceIsIpv6'>false</Data><Data Name='SourceIp'>85.143.15.202</Data><Data Name='SourceHostname'>DESKTOP-85U97MI</Data><Data Name='SourcePort'>49101</Data><Data Name='SourcePortName'>-</Data><Data Name='DestinationIsIpv6'>false</Data><Data Name='DestinationIp'>209.85.233.138</Data><Data Name='DestinationHostname'>lr-in-f138.1e100.net</Data><Data Name='DestinationPort'>443</Data><Data Name='DestinationPortName'>https</Data></EventData></Event>","timestamp":1780056966}
{"cpu_load":18.88020896911621,"data":"<Event xmlns='http://schemas.microsoft.com/win/2004/08/events/event'><System><Provider Name='Microsoft-Windows-Sysmon' Guid='{5770385f-c22a-43e0-bf4c-06f5698ffbd9}'/><EventID>3</EventID><Version>5</Version><Level>4</Level><Task>3</Task><Opcode>0</Opcode><Keywords>0x8000000000000000</Keywords><TimeCreated SystemTime='2026-05-29T12:16:06.3150824Z'/><EventRecordID>11482557</EventRecordID><Correlation/><Execution ProcessID='6112' ThreadID='9524'/><Channel>Microsoft-Windows-Sysmon/Operational</Channel><Computer>DESKTOP-85U97MI</Computer><Security UserID='S-1-5-18'/></System><EventData><Data Name='RuleName'>-</Data><Data Name='UtcTime'>2026-05-29 12:16:04.960</Data><Data Name='ProcessGuid'>{d9cf607a-7796-6a19-7b02-000000000d03}</Data><Data Name='ProcessId'>17852</Data><Data Name='Image'>C:\\Program Files\\Google\\Chrome\\Application\\chrome.exe</Data><Data Name='User'>DESKTOP-85U97MI\\sseva</Data><Data Name='Protocol'>tcp</Data><Data Name='Initiated'>true</Data><Data Name='SourceIsIpv6'>false</Data><Data Name='SourceIp'>85.143.15.202</Data><Data Name='SourceHostname'>DESKTOP-85U97MI</Data><Data Name='SourcePort'>49102</Data><Data Name='SourcePortName'>-</Data><Data Name='DestinationIsIpv6'>false</Data><Data Name='DestinationIp'>37.130.194.48</Data><Data Name='DestinationHostname'>-</Data><Data Name='DestinationPort'>443</Data><Data Name='DestinationPortName'>https</Data></EventData></Event>","timestamp":1780056966}
{"cpu_load":12.109375,"data":"<Event xmlns='http://schemas.microsoft.com/win/2004/08/events/event'><System><Provider Name='Microsoft-Windows-Sysmon' Guid='{5770385f-c22a-43e0-bf4c-06f5698ffbd9}'/><EventID>3</EventID><Version>5</Version><Level>4</Level><Task>3</Task><Opcode>0</Opcode><Keywords>0x8000000000000000</Keywords><TimeCreated SystemTime='2026-05-29T12:16:07.3160439Z'/><EventRecordID>11482558</EventRecordID><Correlation/><Execution ProcessID='6112' ThreadID='9524'/><Channel>Microsoft-Windows-Sysmon/Operational</Channel><Computer>DESKTOP-85U97MI</Computer><Security UserID='S-1-5-18'/></System><EventData><Data Name='RuleName'>-</Data><Data Name='UtcTime'>2026-05-29 12:16:06.152</Data><Data Name='ProcessGuid'>{d9cf607a-779c-6a19-9c02-000000000d03}</Data><Data Name='ProcessId'>1180</Data><Data Name='Image'>E:\\Telegram Desktop\\Telegram.exe</Data><Data Name='User'>DESKTOP-85U97MI\\sseva</Data><Data Name='Protocol'>tcp</Data><Data Name='Initiated'>true</Data><Data Name='SourceIsIpv6'>false</Data><Data Name='SourceIp'>127.0.0.1</Data><Data Name='SourceHostname'>paranoid-checker.vercel.app</Data><Data Name='SourcePort'>49103</Data><Data Name='SourcePortName'>-</Data><Data Name='DestinationIsIpv6'>false</Data><Data Name='DestinationIp'>127.0.0.1</Data><Data Name='DestinationHostname'>paranoid-checker.vercel.app</Data><Data Name='DestinationPort'>1080</Data><Data Name='DestinationPortName'>-</Data></EventData></Event>","timestamp":1780056968}
{"cpu_load":12.109375,"data":"<Event xmlns='http://schemas.microsoft.com/win/2004/08/events/event'><System><Provider Name='Microsoft-Windows-Sysmon' Guid='{5770385f-c22a-43e0-bf4c-06f5698ffbd9}'/><EventID>3</EventID><Version>5</Version><Level>4</Level><Task>3</Task><Opcode>0</Opcode><Keywords>0x8000000000000000</Keywords><TimeCreated SystemTime='2026-05-29T12:16:07.3160530Z'/><EventRecordID>11482559</EventRecordID><Correlation/><Execution ProcessID='6112' ThreadID='9524'/><Channel>Microsoft-Windows-Sysmon/Operational</Channel><Computer>DESKTOP-85U97MI</Computer><Security UserID='S-1-5-18'/></System><EventData><Data Name='RuleName'>-</Data><Data Name='UtcTime'>2026-05-29 12:16:06.152</Data><Data Name='ProcessGuid'>{d9cf607a-7b16-6a19-9b03-000000000d03}</Data><Data Name='ProcessId'>20172</Data><Data Name='Image'>E:\\Zagruzki iz C\\TgWsProxy.exe</Data><Data Name='User'>DESKTOP-85U97MI\\sseva</Data><Data Name='Protocol'>tcp</Data><Data Name='Initiated'>false</Data><Data Name='SourceIsIpv6'>false</Data><Data Name='SourceIp'>127.0.0.1</Data><Data Name='SourceHostname'>paranoid-checker.vercel.app</Data><Data Name='SourcePort'>49103</Data><Data Name='SourcePortName'>-</Data><Data Name='DestinationIsIpv6'>false</Data><Data Name='DestinationIp'>127.0.0.1</Data><Data Name='DestinationHostname'>paranoid-checker.vercel.app</Data><Data Name='DestinationPort'>1080</Data><Data Name='DestinationPortName'>-</Data></EventData></Event>","timestamp":1780056968}
{"cpu_load":12.109375,"data":"<Event xmlns='http://schemas.microsoft.com/win/2004/08/events/event'><System><Provider Name='Microsoft-Windows-Sysmon' Guid='{5770385f-c22a-43e0-bf4c-06f5698ffbd9}'/><EventID>3</EventID><Version>5</Version><Level>4</Level><Task>3</Task><Opcode>0</Opcode><Keywords>0x8000000000000000</Keywords><TimeCreated SystemTime='2026-05-29T12:16:07.3160568Z'/><EventRecordID>11482560</EventRecordID><Correlation/><Execution ProcessID='6112' ThreadID='9524'/><Channel>Microsoft-Windows-Sysmon/Operational</Channel><Computer>DESKTOP-85U97MI</Computer><Security UserID='S-1-5-18'/></System><EventData><Data Name='RuleName'>-</Data><Data Name='UtcTime'>2026-05-29 12:16:06.163</Data><Data Name='ProcessGuid'>{d9cf607a-779c-6a19-9c02-000000000d03}</Data><Data Name='ProcessId'>1180</Data><Data Name='Image'>E:\\Telegram Desktop\\Telegram.exe</Data><Data Name='User'>DESKTOP-85U97MI\\sseva</Data><Data Name='Protocol'>tcp</Data><Data Name='Initiated'>true</Data><Data Name='SourceIsIpv6'>false</Data><Data Name='SourceIp'>127.0.0.1</Data><Data Name='SourceHostname'>paranoid-checker.vercel.app</Data><Data Name='SourcePort'>49104</Data><Data Name='SourcePortName'>-</Data><Data Name='DestinationIsIpv6'>false</Data><Data Name='DestinationIp'>127.0.0.1</Data><Data Name='DestinationHostname'>paranoid-checker.vercel.app</Data><Data Name='DestinationPort'>1080</Data><Data Name='DestinationPortName'>-</Data></EventData></Event>","timestamp":1780056968}
{"cpu_load":12.109375,"data":"<Event xmlns='http://schemas.microsoft.com/win/2004/08/events/event'><System><Provider Name='Microsoft-Windows-Sysmon' Guid='{5770385f-c22a-43e0-bf4c-06f5698ffbd9}'/><EventID>3</EventID><Version>5</Version><Level>4</Level><Task>3</Task><Opcode>0</Opcode><Keywords>0x8000000000000000</Keywords><TimeCreated SystemTime='2026-05-29T12:16:07.3160605Z'/><EventRecordID>11482561</EventRecordID><Correlation/><Execution ProcessID='6112' ThreadID='9524'/><Channel>Microsoft-Windows-Sysmon/Operational</Channel><Computer>DESKTOP-85U97MI</Computer><Security UserID='S-1-5-18'/></System><EventData><Data Name='RuleName'>-</Data><Data Name='UtcTime'>2026-05-29 12:16:06.163</Data><Data Name='ProcessGuid'>{d9cf607a-7b16-6a19-9b03-000000000d03}</Data><Data Name='ProcessId'>20172</Data><Data Name='Image'>E:\\Zagruzki iz C\\TgWsProxy.exe</Data><Data Name='User'>DESKTOP-85U97MI\\sseva</Data><Data Name='Protocol'>tcp</Data><Data Name='Initiated'>false</Data><Data Name='SourceIsIpv6'>false</Data><Data Name='SourceIp'>127.0.0.1</Data><Data Name='SourceHostname'>paranoid-checker.vercel.app</Data><Data Name='SourcePort'>49104</Data><Data Name='SourcePortName'>-</Data><Data Name='DestinationIsIpv6'>false</Data><Data Name='DestinationIp'>127.0.0.1</Data><Data Name='DestinationHostname'>paranoid-checker.vercel.app</Data><Data Name='DestinationPort'>1080</Data><Data Name='DestinationPortName'>-</Data></EventData></Event>","timestamp":1780056968}
{"cpu_load":12.109375,"data":"<Event xmlns='http://schemas.microsoft.com/win/2004/08/events/event'><System><Provider Name='Microsoft-Windows-Sysmon' Guid='{5770385f-c22a-43e0-bf4c-06f5698ffbd9}'/><EventID>3</EventID><Version>5</Version><Level>4</Level><Task>3</Task><Opcode>0</Opcode><Keywords>0x8000000000000000</Keywords><TimeCreated SystemTime='2026-05-29T12:16:07.3160643Z'/><EventRecordID>11482562</EventRecordID><Correlation/><Execution ProcessID='6112' ThreadID='9524'/><Channel>Microsoft-Windows-Sysmon/Operational</Channel><Computer>DESKTOP-85U97MI</Computer><Security UserID='S-1-5-18'/></System><EventData><Data Name='RuleName'>-</Data><Data Name='UtcTime'>2026-05-29 12:16:06.175</Data><Data Name='ProcessGuid'>{d9cf607a-779c-6a19-9c02-000000000d03}</Data><Data Name='ProcessId'>1180</Data><Data Name='Image'>E:\\Telegram Desktop\\Telegram.exe</Data><Data Name='User'>DESKTOP-85U97MI\\sseva</Data><Data Name='Protocol'>tcp</Data><Data Name='Initiated'>true</Data><Data Name='SourceIsIpv6'>false</Data><Data Name='SourceIp'>127.0.0.1</Data><Data Name='SourceHostname'>paranoid-checker.vercel.app</Data><Data Name='SourcePort'>49106</Data><Data Name='SourcePortName'>-</Data><Data Name='DestinationIsIpv6'>false</Data><Data Name='DestinationIp'>127.0.0.1</Data><Data Name='DestinationHostname'>paranoid-checker.vercel.app</Data><Data Name='DestinationPort'>1080</Data><Data Name='DestinationPortName'>-</Data></EventData></Event>","timestamp":1780056968}
{"cpu_load":12.109375,"data":"<Event xmlns='http://schemas.microsoft.com/win/2004/08/events/event'><System><Provider Name='Microsoft-Windows-Sysmon' Guid='{5770385f-c22a-43e0-bf4c-06f5698ffbd9}'/><EventID>3</EventID><Version>5</Version><Level>4</Level><Task>3</Task><Opcode>0</Opcode><Keywords>0x8000000000000000</Keywords><TimeCreated SystemTime='2026-05-29T12:16:07.3160676Z'/><EventRecordID>11482563</EventRecordID><Correlation/><Execution ProcessID='6112' ThreadID='9524'/><Channel>Microsoft-Windows-Sysmon/Operational</Channel><Computer>DESKTOP-85U97MI</Computer><Security UserID='S-1-5-18'/></System><EventData><Data Name='RuleName'>-</Data><Data Name='UtcTime'>2026-05-29 12:16:06.176</Data><Data Name='ProcessGuid'>{d9cf607a-7b16-6a19-9b03-000000000d03}</Data><Data Name='ProcessId'>20172</Data><Data Name='Image'>E:\\Zagruzki iz C\\TgWsProxy.exe</Data><Data Name='User'>DESKTOP-85U97MI\\sseva</Data><Data Name='Protocol'>tcp</Data><Data Name='Initiated'>false</Data><Data Name='SourceIsIpv6'>false</Data><Data Name='SourceIp'>127.0.0.1</Data><Data Name='SourceHostname'>paranoid-checker.vercel.app</Data><Data Name='SourcePort'>49106</Data><Data Name='SourcePortName'>-</Data><Data Name='DestinationIsIpv6'>false</Data><Data Name='DestinationIp'>127.0.0.1</Data><Data Name='DestinationHostname'>paranoid-checker.vercel.app</Data><Data Name='DestinationPort'>1080</Data><Data Name='DestinationPortName'>-</Data></EventData></Event>","timestamp":1780056968}
{"cpu_load":12.109375,"data":"<Event xmlns='http://schemas.microsoft.com/win/2004/08/events/event'><System><Provider Name='Microsoft-Windows-Sysmon' Guid='{5770385f-c22a-43e0-bf4c-06f5698ffbd9}'/><EventID>3</EventID><Version>5</Version><Level>4</Level><Task>3</Task><Opcode>0</Opcode><Keywords>0x8000000000000000</Keywords><TimeCreated SystemTime='2026-05-29T12:16:07.3160717Z'/><EventRecordID>11482564</EventRecordID><Correlation/><Execution ProcessID='6112' ThreadID='9524'/><Channel>Microsoft-Windows-Sysmon/Operational</Channel><Computer>DESKTOP-85U97MI</Computer><Security UserID='S-1-5-18'/></System><EventData><Data Name='RuleName'>-</Data><Data Name='UtcTime'>2026-05-29 12:16:06.176</Data><Data Name='ProcessGuid'>{d9cf607a-779c-6a19-9c02-000000000d03}</Data><Data Name='ProcessId'>1180</Data><Data Name='Image'>E:\\Telegram Desktop\\Telegram.exe</Data><Data Name='User'>DESKTOP-85U97MI\\sseva</Data><Data Name='Protocol'>tcp</Data><Data Name='Initiated'>true</Data><Data Name='SourceIsIpv6'>false</Data><Data Name='SourceIp'>127.0.0.1</Data><Data Name='SourceHostname'>paranoid-checker.vercel.app</Data><Data Name='SourcePort'>49107</Data><Data Name='SourcePortName'>-</Data><Data Name='DestinationIsIpv6'>false</Data><Data Name='DestinationIp'>127.0.0.1</Data><Data Name='DestinationHostname'>paranoid-checker.vercel.app</Data><Data Name='DestinationPort'>1080</Data><Data Name='DestinationPortName'>-</Data></EventData></Event>","timestamp":1780056968}
{"cpu_load":12.109375,"data":"<Event xmlns='http://schemas.microsoft.com/win/2004/08/events/event'><System><Provider Name='Microsoft-Windows-Sysmon' Guid='{5770385f-c22a-43e0-bf4c-06f5698ffbd9}'/><EventID>3</EventID><Version>5</Version><Level>4</Level><Task>3</Task><Opcode>0</Opcode><Keywords>0x8000000000000000</Keywords><TimeCreated SystemTime='2026-05-29T12:16:07.3160750Z'/><EventRecordID>11482565</EventRecordID><Correlation/><Execution ProcessID='6112' ThreadID='9524'/><Channel>Microsoft-Windows-Sysmon/Operational</Channel><Computer>DESKTOP-85U97MI</Computer><Security UserID='S-1-5-18'/></System><EventData><Data Name='RuleName'>-</Data><Data Name='UtcTime'>2026-05-29 12:16:06.176</Data><Data Name='ProcessGuid'>{d9cf607a-7b16-6a19-9b03-000000000d03}</Data><Data Name='ProcessId'>20172</Data><Data Name='Image'>E:\\Zagruzki iz C\\TgWsProxy.exe</Data><Data Name='User'>DESKTOP-85U97MI\\sseva</Data><Data Name='Protocol'>tcp</Data><Data Name='Initiated'>false</Data><Data Name='SourceIsIpv6'>false</Data><Data Name='SourceIp'>127.0.0.1</Data><Data Name='SourceHostname'>paranoid-checker.vercel.app</Data><Data Name='SourcePort'>49107</Data><Data Name='SourcePortName'>-</Data><Data Name='DestinationIsIpv6'>false</Data><Data Name='DestinationIp'>127.0.0.1</Data><Data Name='DestinationHostname'>paranoid-checker.vercel.app</Data><Data Name='DestinationPort'>1080</Data><Data Name='DestinationPortName'>-</Data></EventData></Event>","timestamp":1780056968}
{"cpu_load":14.322916984558105,"data":"<Event xmlns='http://schemas.microsoft.com/win/2004/08/events/event'><System><Provider Name='Microsoft-Windows-Sysmon' Guid='{5770385f-c22a-43e0-bf4c-06f5698ffbd9}'/><EventID>5</EventID><Version>3</Version><Level>4</Level><Task>5</Task><Opcode>0</Opcode><Keywords>0x8000000000000000</Keywords><TimeCreated SystemTime='2026-05-29T12:16:09.3965207Z'/><EventRecordID>11482566</EventRecordID><Correlation/><Execution ProcessID='6112' ThreadID='9512'/><Channel>Microsoft-Windows-Sysmon/Operational</Channel><Computer>DESKTOP-85U97MI</Computer><Security UserID='S-1-5-18'/></System><EventData><Data Name='RuleName'>-</Data><Data Name='UtcTime'>2026-05-29 12:16:09.396</Data><Data Name='ProcessGuid'>{d9cf607a-836b-6a19-c005-000000000d03}</Data><Data Name='ProcessId'>23600</Data><Data Name='Image'>C:\\Program Files\\Google\\Chrome\\Application\\chrome.exe</Data><Data Name='User'>DESKTOP-85U97MI\\sseva</Data></EventData></Event>","timestamp":1780056970}
{"cpu_load":14.322916984558105,"data":"<Event xmlns='http://schemas.microsoft.com/win/2004/08/events/event'><System><Provider Name='Microsoft-Windows-Sysmon' Guid='{5770385f-c22a-43e0-bf4c-06f5698ffbd9}'/><EventID>3</EventID><Version>5</Version><Level>4</Level><Task>3</Task><Opcode>0</Opcode><Keywords>0x8000000000000000</Keywords><TimeCreated SystemTime='2026-05-29T12:16:10.3200569Z'/><EventRecordID>11482567</EventRecordID><Correlation/><Execution ProcessID='6112' ThreadID='9524'/><Channel>Microsoft-Windows-Sysmon/Operational</Channel><Computer>DESKTOP-85U97MI</Computer><Security UserID='S-1-5-18'/></System><EventData><Data Name='RuleName'>-</Data><Data Name='UtcTime'>2026-05-29 12:16:08.855</Data><Data Name='ProcessGuid'>{d9cf607a-779c-6a19-9c02-000000000d03}</Data><Data Name='ProcessId'>1180</Data><Data Name='Image'>E:\\Telegram Desktop\\Telegram.exe</Data><Data Name='User'>DESKTOP-85U97MI\\sseva</Data><Data Name='Protocol'>tcp</Data><Data Name='Initiated'>true</Data><Data Name='SourceIsIpv6'>false</Data><Data Name='SourceIp'>127.0.0.1</Data><Data Name='SourceHostname'>paranoid-checker.vercel.app</Data><Data Name='SourcePort'>49110</Data><Data Name='SourcePortName'>-</Data><Data Name='DestinationIsIpv6'>false</Data><Data Name='DestinationIp'>127.0.0.1</Data><Data Name='DestinationHostname'>paranoid-checker.vercel.app</Data><Data Name='DestinationPort'>1080</Data><Data Name='DestinationPortName'>-</Data></EventData></Event>","timestamp":1780056970}
{"cpu_load":14.322916984558105,"data":"<Event xmlns='http://schemas.microsoft.com/win/2004/08/events/event'><System><Provider Name='Microsoft-Windows-Sysmon' Guid='{5770385f-c22a-43e0-bf4c-06f5698ffbd9}'/><EventID>3</EventID><Version>5</Version><Level>4</Level><Task>3</Task><Opcode>0</Opcode><Keywords>0x8000000000000000</Keywords><TimeCreated SystemTime='2026-05-29T12:16:10.3200720Z'/><EventRecordID>11482568</EventRecordID><Correlation/><Execution ProcessID='6112' ThreadID='9524'/><Channel>Microsoft-Windows-Sysmon/Operational</Channel><Computer>DESKTOP-85U97MI</Computer><Security UserID='S-1-5-18'/></System><EventData><Data Name='RuleName'>-</Data><Data Name='UtcTime'>2026-05-29 12:16:08.855</Data><Data Name='ProcessGuid'>{d9cf607a-7b16-6a19-9b03-000000000d03}</Data><Data Name='ProcessId'>20172</Data><Data Name='Image'>E:\\Zagruzki iz C\\TgWsProxy.exe</Data><Data Name='User'>DESKTOP-85U97MI\\sseva</Data><Data Name='Protocol'>tcp</Data><Data Name='Initiated'>false</Data><Data Name='SourceIsIpv6'>false</Data><Data Name='SourceIp'>127.0.0.1</Data><Data Name='SourceHostname'>paranoid-checker.vercel.app</Data><Data Name='SourcePort'>49110</Data><Data Name='SourcePortName'>-</Data><Data Name='DestinationIsIpv6'>false</Data><Data Name='DestinationIp'>127.0.0.1</Data><Data Name='DestinationHostname'>paranoid-checker.vercel.app</Data><Data Name='DestinationPort'>1080</Data><Data Name='DestinationPortName'>-</Data></EventData></Event>","timestamp":1780056970}
{"cpu_load":14.322916984558105,"data":"<Event xmlns='http://schemas.microsoft.com/win/2004/08/events/event'><System><Provider Name='Microsoft-Windows-Sysmon' Guid='{5770385f-c22a-43e0-bf4c-06f5698ffbd9}'/><EventID>3</EventID><Version>5</Version><Level>4</Level><Task>3</Task><Opcode>0</Opcode><Keywords>0x8000000000000000</Keywords><TimeCreated SystemTime='2026-05-29T12:16:10.3200811Z'/><EventRecordID>11482569</EventRecordID><Correlation/><Execution ProcessID='6112' ThreadID='9524'/><Channel>Microsoft-Windows-Sysmon/Operational</Channel><Computer>DESKTOP-85U97MI</Computer><Security UserID='S-1-5-18'/></System><EventData><Data Name='RuleName'>-</Data><Data Name='UtcTime'>2026-05-29 12:16:08.866</Data><Data Name='ProcessGuid'>{d9cf607a-779c-6a19-9c02-000000000d03}</Data><Data Name='ProcessId'>1180</Data><Data Name='Image'>E:\\Telegram Desktop\\Telegram.exe</Data><Data Name='User'>DESKTOP-85U97MI\\sseva</Data><Data Name='Protocol'>tcp</Data><Data Name='Initiated'>true</Data><Data Name='SourceIsIpv6'>false</Data><Data Name='SourceIp'>127.0.0.1</Data><Data Name='SourceHostname'>paranoid-checker.vercel.app</Data><Data Name='SourcePort'>49111</Data><Data Name='SourcePortName'>-</Data><Data Name='DestinationIsIpv6'>false</Data><Data Name='DestinationIp'>127.0.0.1</Data><Data Name='DestinationHostname'>paranoid-checker.vercel.app</Data><Data Name='DestinationPort'>1080</Data><Data Name='DestinationPortName'>-</Data></EventData></Event>","timestamp":1780056970}
{"cpu_load":14.322916984558105,"data":"<Event xmlns='http://schemas.microsoft.com/win/2004/08/events/event'><System><Provider Name='Microsoft-Windows-Sysmon' Guid='{5770385f-c22a-43e0-bf4c-06f5698ffbd9}'/><EventID>3</EventID><Version>5</Version><Level>4</Level><Task>3</Task><Opcode>0</Opcode><Keywords>0x8000000000000000</Keywords><TimeCreated SystemTime='2026-05-29T12:16:10.3200898Z'/><EventRecordID>11482570</EventRecordID><Correlation/><Execution ProcessID='6112' ThreadID='9524'/><Channel>Microsoft-Windows-Sysmon/Operational</Channel><Computer>DESKTOP-85U97MI</Computer><Security UserID='S-1-5-18'/></System><EventData><Data Name='RuleName'>-</Data><Data Name='UtcTime'>2026-05-29 12:16:08.866</Data><Data Name='ProcessGuid'>{d9cf607a-7b16-6a19-9b03-000000000d03}</Data><Data Name='ProcessId'>20172</Data><Data Name='Image'>E:\\Zagruzki iz C\\TgWsProxy.exe</Data><Data Name='User'>DESKTOP-85U97MI\\sseva</Data><Data Name='Protocol'>tcp</Data><Data Name='Initiated'>false</Data><Data Name='SourceIsIpv6'>false</Data><Data Name='SourceIp'>127.0.0.1</Data><Data Name='SourceHostname'>paranoid-checker.vercel.app</Data><Data Name='SourcePort'>49111</Data><Data Name='SourcePortName'>-</Data><Data Name='DestinationIsIpv6'>false</Data><Data Name='DestinationIp'>127.0.0.1</Data><Data Name='DestinationHostname'>paranoid-checker.vercel.app</Data><Data Name='DestinationPort'>1080</Data><Data Name='DestinationPortName'>-</Data></EventData></Event>","timestamp":1780056970}
{"cpu_load":14.322916984558105,"data":"<Event xmlns='http://schemas.microsoft.com/win/2004/08/events/event'><System><Provider Name='Microsoft-Windows-Sysmon' Guid='{5770385f-c22a-43e0-bf4c-06f5698ffbd9}'/><EventID>3</EventID><Version>5</Version><Level>4</Level><Task>3</Task><Opcode>0</Opcode><Keywords>0x8000000000000000</Keywords><TimeCreated SystemTime='2026-05-29T12:16:10.3200986Z'/><EventRecordID>11482571</EventRecordID><Correlation/><Execution ProcessID='6112' ThreadID='9524'/><Channel>Microsoft-Windows-Sysmon/Operational</Channel><Computer>DESKTOP-85U97MI</Computer><Security UserID='S-1-5-18'/></System><EventData><Data Name='RuleName'>-</Data><Data Name='UtcTime'>2026-05-29 12:16:08.878</Data><Data Name='ProcessGuid'>{d9cf607a-779c-6a19-9c02-000000000d03}</Data><Data Name='ProcessId'>1180</Data><Data Name='Image'>E:\\Telegram Desktop\\Telegram.exe</Data><Data Name='User'>DESKTOP-85U97MI\\sseva</Data><Data Name='Protocol'>tcp</Data><Data Name='Initiated'>true</Data><Data Name='SourceIsIpv6'>false</Data><Data Name='SourceIp'>127.0.0.1</Data><Data Name='SourceHostname'>paranoid-checker.vercel.app</Data><Data Name='SourcePort'>49112</Data><Data Name='SourcePortName'>-</Data><Data Name='DestinationIsIpv6'>false</Data><Data Name='DestinationIp'>127.0.0.1</Data><Data Name='DestinationHostname'>paranoid-checker.vercel.app</Data><Data Name='DestinationPort'>1080</Data><Data Name='DestinationPortName'>-</Data></EventData></Event>","timestamp":1780056970}
{"cpu_load":14.322916984558105,"data":"<Event xmlns='http://schemas.microsoft.com/win/2004/08/events/event'><System><Provider Name='Microsoft-Windows-Sysmon' Guid='{5770385f-c22a-43e0-bf4c-06f5698ffbd9}'/><EventID>3</EventID><Version>5</Version><Level>4</Level><Task>3</Task><Opcode>0</Opcode><Keywords>0x8000000000000000</Keywords><TimeCreated SystemTime='2026-05-29T12:16:10.3201042Z'/><EventRecordID>11482572</EventRecordID><Correlation/><Execution ProcessID='6112' ThreadID='9524'/><Channel>Microsoft-Windows-Sysmon/Operational</Channel><Computer>DESKTOP-85U97MI</Computer><Security UserID='S-1-5-18'/></System><EventData><Data Name='RuleName'>-</Data><Data Name='UtcTime'>2026-05-29 12:16:08.878</Data><Data Name='ProcessGuid'>{d9cf607a-7b16-6a19-9b03-000000000d03}</Data><Data Name='ProcessId'>20172</Data><Data Name='Image'>E:\\Zagruzki iz C\\TgWsProxy.exe</Data><Data Name='User'>DESKTOP-85U97MI\\sseva</Data><Data Name='Protocol'>tcp</Data><Data Name='Initiated'>false</Data><Data Name='SourceIsIpv6'>false</Data><Data Name='SourceIp'>127.0.0.1</Data><Data Name='SourceHostname'>paranoid-checker.vercel.app</Data><Data Name='SourcePort'>49112</Data><Data Name='SourcePortName'>-</Data><Data Name='DestinationIsIpv6'>false</Data><Data Name='DestinationIp'>127.0.0.1</Data><Data Name='DestinationHostname'>paranoid-checker.vercel.app</Data><Data Name='DestinationPort'>1080</Data><Data Name='DestinationPortName'>-</Data></EventData></Event>","timestamp":1780056970}
{"cpu_load":14.322916984558105,"data":"<Event xmlns='http://schemas.microsoft.com/win/2004/08/events/event'><System><Provider Name='Microsoft-Windows-Sysmon' Guid='{5770385f-c22a-43e0-bf4c-06f5698ffbd9}'/><EventID>3</EventID><Version>5</Version><Level>4</Level><Task>3</Task><Opcode>0</Opcode><Keywords>0x8000000000000000</Keywords><TimeCreated SystemTime='2026-05-29T12:16:10.3201089Z'/><EventRecordID>11482573</EventRecordID><Correlation/><Execution ProcessID='6112' ThreadID='9524'/><Channel>Microsoft-Windows-Sysmon/Operational</Channel><Computer>DESKTOP-85U97MI</Computer><Security UserID='S-1-5-18'/></System><EventData><Data Name='RuleName'>-</Data><Data Name='UtcTime'>2026-05-29 12:16:08.878</Data><Data Name='ProcessGuid'>{d9cf607a-779c-6a19-9c02-000000000d03}</Data><Data Name='ProcessId'>1180</Data><Data Name='Image'>E:\\Telegram Desktop\\Telegram.exe</Data><Data Name='User'>DESKTOP-85U97MI\\sseva</Data><Data Name='Protocol'>tcp</Data><Data Name='Initiated'>true</Data><Data Name='SourceIsIpv6'>false</Data><Data Name='SourceIp'>127.0.0.1</Data><Data Name='SourceHostname'>paranoid-checker.vercel.app</Data><Data Name='SourcePort'>49114</Data><Data Name='SourcePortName'>-</Data><Data Name='DestinationIsIpv6'>false</Data><Data Name='DestinationIp'>127.0.0.1</Data><Data Name='DestinationHostname'>paranoid-checker.vercel.app</Data><Data Name='DestinationPort'>1080</Data><Data Name='DestinationPortName'>-</Data></EventData></Event>","timestamp":1780056970}
{"cpu_load":14.322916984558105,"data":"<Event xmlns='http://schemas.microsoft.com/win/2004/08/events/event'><System><Provider Name='Microsoft-Windows-Sysmon' Guid='{5770385f-c22a-43e0-bf4c-06f5698ffbd9}'/><EventID>3</EventID><Version>5</Version><Level>4</Level><Task>3</Task><Opcode>0</Opcode><Keywords>0x8000000000000000</Keywords><TimeCreated SystemTime='2026-05-29T12:16:10.3201134Z'/><EventRecordID>11482574</EventRecordID><Correlation/><Execution ProcessID='6112' ThreadID='9524'/><Channel>Microsoft-Windows-Sysmon/Operational</Channel><Computer>DESKTOP-85U97MI</Computer><Security UserID='S-1-5-18'/></System><EventData><Data Name='RuleName'>-</Data><Data Name='UtcTime'>2026-05-29 12:16:08.878</Data><Data Name='ProcessGuid'>{d9cf607a-7b16-6a19-9b03-000000000d03}</Data><Data Name='ProcessId'>20172</Data><Data Name='Image'>E:\\Zagruzki iz C\\TgWsProxy.exe</Data><Data Name='User'>DESKTOP-85U97MI\\sseva</Data><Data Name='Protocol'>tcp</Data><Data Name='Initiated'>false</Data><Data Name='SourceIsIpv6'>false</Data><Data Name='SourceIp'>127.0.0.1</Data><Data Name='SourceHostname'>paranoid-checker.vercel.app</Data><Data Name='SourcePort'>49114</Data><Data Name='SourcePortName'>-</Data><Data Name='DestinationIsIpv6'>false</Data><Data Name='DestinationIp'>127.0.0.1</Data><Data Name='DestinationHostname'>paranoid-checker.vercel.app</Data><Data Name='DestinationPort'>1080</Data><Data Name='DestinationPortName'>-</Data></EventData></Event>","timestamp":1780056970}
{"cpu_load":14.322916984558105,"data":"<Event xmlns='http://schemas.microsoft.com/win/2004/08/events/event'><System><Provider Name='Microsoft-Windows-Sysmon' Guid='{5770385f-c22a-43e0-bf4c-06f5698ffbd9}'/><EventID>3</EventID><Version>5</Version><Level>4</Level><Task>3</Task><Opcode>0</Opcode><Keywords>0x8000000000000000</Keywords><TimeCreated SystemTime='2026-05-29T12:16:10.3201176Z'/><EventRecordID>11482575</EventRecordID><Correlation/><Execution ProcessID='6112' ThreadID='9524'/><Channel>Microsoft-Windows-Sysmon/Operational</Channel><Computer>DESKTOP-85U97MI</Computer><Security UserID='S-1-5-18'/></System><EventData><Data Name='RuleName'>-</Data><Data Name='UtcTime'>2026-05-29 12:16:08.880</Data><Data Name='ProcessGuid'>{d9cf607a-779c-6a19-9c02-000000000d03}</Data><Data Name='ProcessId'>1180</Data><Data Name='Image'>E:\\Telegram Desktop\\Telegram.exe</Data><Data Name='User'>DESKTOP-85U97MI\\sseva</Data><Data Name='Protocol'>tcp</Data><Data Name='Initiated'>true</Data><Data Name='SourceIsIpv6'>false</Data><Data Name='SourceIp'>127.0.0.1</Data><Data Name='SourceHostname'>paranoid-checker.vercel.app</Data><Data Name='SourcePort'>49117</Data><Data Name='SourcePortName'>-</Data><Data Name='DestinationIsIpv6'>false</Data><Data Name='DestinationIp'>127.0.0.1</Data><Data Name='DestinationHostname'>paranoid-checker.vercel.app</Data><Data Name='DestinationPort'>1080</Data><Data Name='DestinationPortName'>-</Data></EventData></Event>","timestamp":1780056970}
{"cpu_load":14.322916984558105,"data":"<Event xmlns='http://schemas.microsoft.com/win/2004/08/events/event'><System><Provider Name='Microsoft-Windows-Sysmon' Guid='{5770385f-c22a-43e0-bf4c-06f5698ffbd9}'/><EventID>3</EventID><Version>5</Version><Level>4</Level><Task>3</Task><Opcode>0</Opcode><Keywords>0x8000000000000000</Keywords><TimeCreated SystemTime='2026-05-29T12:16:10.3201215Z'/><EventRecordID>11482576</EventRecordID><Correlation/><Execution ProcessID='6112' ThreadID='9524'/><Channel>Microsoft-Windows-Sysmon/Operational</Channel><Computer>DESKTOP-85U97MI</Computer><Security UserID='S-1-5-18'/></System><EventData><Data Name='RuleName'>-</Data><Data Name='UtcTime'>2026-05-29 12:16:08.880</Data><Data Name='ProcessGuid'>{d9cf607a-7b16-6a19-9b03-000000000d03}</Data><Data Name='ProcessId'>20172</Data><Data Name='Image'>E:\\Zagruzki iz C\\TgWsProxy.exe</Data><Data Name='User'>DESKTOP-85U97MI\\sseva</Data><Data Name='Protocol'>tcp</Data><Data Name='Initiated'>false</Data><Data Name='SourceIsIpv6'>false</Data><Data Name='SourceIp'>127.0.0.1</Data><Data Name='SourceHostname'>paranoid-checker.vercel.app</Data><Data Name='SourcePort'>49117</Data><Data Name='SourcePortName'>-</Data><Data Name='DestinationIsIpv6'>false</Data><Data Name='DestinationIp'>127.0.0.1</Data><Data Name='DestinationHostname'>paranoid-checker.vercel.app</Data><Data Name='DestinationPort'>1080</Data><Data Name='DestinationPortName'>-</Data></EventData></Event>","timestamp":1780056970}
{"cpu_load":14.322916984558105,"data":"<Event xmlns='http://schemas.microsoft.com/win/2004/08/events/event'><System><Provider Name='Microsoft-Windows-Sysmon' Guid='{5770385f-c22a-43e0-bf4c-06f5698ffbd9}'/><EventID>3</EventID><Version>5</Version><Level>4</Level><Task>3</Task><Opcode>0</Opcode><Keywords>0x8000000000000000</Keywords><TimeCreated SystemTime='2026-05-29T12:16:10.3201258Z'/><EventRecordID>11482577</EventRecordID><Correlation/><Execution ProcessID='6112' ThreadID='9524'/><Channel>Microsoft-Windows-Sysmon/Operational</Channel><Computer>DESKTOP-85U97MI</Computer><Security UserID='S-1-5-18'/></System><EventData><Data Name='RuleName'>-</Data><Data Name='UtcTime'>2026-05-29 12:16:08.892</Data><Data Name='ProcessGuid'>{d9cf607a-779c-6a19-9c02-000000000d03}</Data><Data Name='ProcessId'>1180</Data><Data Name='Image'>E:\\Telegram Desktop\\Telegram.exe</Data><Data Name='User'>DESKTOP-85U97MI\\sseva</Data><Data Name='Protocol'>tcp</Data><Data Name='Initiated'>true</Data><Data Name='SourceIsIpv6'>false</Data><Data Name='SourceIp'>127.0.0.1</Data><Data Name='SourceHostname'>paranoid-checker.vercel.app</Data><Data Name='SourcePort'>49118</Data><Data Name='SourcePortName'>-</Data><Data Name='DestinationIsIpv6'>false</Data><Data Name='DestinationIp'>127.0.0.1</Data><Data Name='DestinationHostname'>paranoid-checker.vercel.app</Data><Data Name='DestinationPort'>1080</Data><Data Name='DestinationPortName'>-</Data></EventData></Event>","timestamp":1780056970}
{"cpu_load":14.322916984558105,"data":"<Event xmlns='http://schemas.microsoft.com/win/2004/08/events/event'><System><Provider Name='Microsoft-Windows-Sysmon' Guid='{5770385f-c22a-43e0-bf4c-06f5698ffbd9}'/><EventID>3</EventID><Version>5</Version><Level>4</Level><Task>3</Task><Opcode>0</Opcode><Keywords>0x8000000000000000</Keywords><TimeCreated SystemTime='2026-05-29T12:16:10.3201297Z'/><EventRecordID>11482578</EventRecordID><Correlation/><Execution ProcessID='6112' ThreadID='9524'/><Channel>Microsoft-Windows-Sysmon/Operational</Channel><Computer>DESKTOP-85U97MI</Computer><Security UserID='S-1-5-18'/></System><EventData><Data Name='RuleName'>-</Data><Data Name='UtcTime'>2026-05-29 12:16:08.892</Data><Data Name='ProcessGuid'>{d9cf607a-7b16-6a19-9b03-000000000d03}</Data><Data Name='ProcessId'>20172</Data><Data Name='Image'>E:\\Zagruzki iz C\\TgWsProxy.exe</Data><Data Name='User'>DESKTOP-85U97MI\\sseva</Data><Data Name='Protocol'>tcp</Data><Data Name='Initiated'>false</Data><Data Name='SourceIsIpv6'>false</Data><Data Name='SourceIp'>127.0.0.1</Data><Data Name='SourceHostname'>paranoid-checker.vercel.app</Data><Data Name='SourcePort'>49118</Data><Data Name='SourcePortName'>-</Data><Data Name='DestinationIsIpv6'>false</Data><Data Name='DestinationIp'>127.0.0.1</Data><Data Name='DestinationHostname'>paranoid-checker.vercel.app</Data><Data Name='DestinationPort'>1080</Data><Data Name='DestinationPortName'>-</Data></EventData></Event>","timestamp":1780056970}
{"cpu_load":14.322916984558105,"data":"<Event xmlns='http://schemas.microsoft.com/win/2004/08/events/event'><System><Provider Name='Microsoft-Windows-Sysmon' Guid='{5770385f-c22a-43e0-bf4c-06f5698ffbd9}'/><EventID>3</EventID><Version>5</Version><Level>4</Level><Task>3</Task><Opcode>0</Opcode><Keywords>0x8000000000000000</Keywords><TimeCreated SystemTime='2026-05-29T12:16:10.3201338Z'/><EventRecordID>11482579</EventRecordID><Correlation/><Execution ProcessID='6112' ThreadID='9524'/><Channel>Microsoft-Windows-Sysmon/Operational</Channel><Computer>DESKTOP-85U97MI</Computer><Security UserID='S-1-5-18'/></System><EventData><Data Name='RuleName'>-</Data><Data Name='UtcTime'>2026-05-29 12:16:08.903</Data><Data Name='ProcessGuid'>{d9cf607a-779c-6a19-9c02-000000000d03}</Data><Data Name='ProcessId'>1180</Data><Data Name='Image'>E:\\Telegram Desktop\\Telegram.exe</Data><Data Name='User'>DESKTOP-85U97MI\\sseva</Data><Data Name='Protocol'>tcp</Data><Data Name='Initiated'>true</Data><Data Name='SourceIsIpv6'>false</Data><Data Name='SourceIp'>127.0.0.1</Data><Data Name='SourceHostname'>paranoid-checker.vercel.app</Data><Data Name='SourcePort'>49119</Data><Data Name='SourcePortName'>-</Data><Data Name='DestinationIsIpv6'>false</Data><Data Name='DestinationIp'>127.0.0.1</Data><Data Name='DestinationHostname'>paranoid-checker.vercel.app</Data><Data Name='DestinationPort'>1080</Data><Data Name='DestinationPortName'>-</Data></EventData></Event>","timestamp":1780056970}
{"cpu_load":14.322916984558105,"data":"<Event xmlns='http://schemas.microsoft.com/win/2004/08/events/event'><System><Provider Name='Microsoft-Windows-Sysmon' Guid='{5770385f-c22a-43e0-bf4c-06f5698ffbd9}'/><EventID>3</EventID><Version>5</Version><Level>4</Level><Task>3</Task><Opcode>0</Opcode><Keywords>0x8000000000000000</Keywords><TimeCreated SystemTime='2026-05-29T12:16:10.3201376Z'/><EventRecordID>11482580</EventRecordID><Correlation/><Execution ProcessID='6112' ThreadID='9524'/><Channel>Microsoft-Windows-Sysmon/Operational</Channel><Computer>DESKTOP-85U97MI</Computer><Security UserID='S-1-5-18'/></System><EventData><Data Name='RuleName'>-</Data><Data Name='UtcTime'>2026-05-29 12:16:08.903</Data><Data Name='ProcessGuid'>{d9cf607a-7b16-6a19-9b03-000000000d03}</Data><Data Name='ProcessId'>20172</Data><Data Name='Image'>E:\\Zagruzki iz C\\TgWsProxy.exe</Data><Data Name='User'>DESKTOP-85U97MI\\sseva</Data><Data Name='Protocol'>tcp</Data><Data Name='Initiated'>false</Data><Data Name='SourceIsIpv6'>false</Data><Data Name='SourceIp'>127.0.0.1</Data><Data Name='SourceHostname'>paranoid-checker.vercel.app</Data><Data Name='SourcePort'>49119</Data><Data Name='SourcePortName'>-</Data><Data Name='DestinationIsIpv6'>false</Data><Data Name='DestinationIp'>127.0.0.1</Data><Data Name='DestinationHostname'>paranoid-checker.vercel.app</Data><Data Name='DestinationPort'>1080</Data><Data Name='DestinationPortName'>-</Data></EventData></Event>","timestamp":1780056970}
{"cpu_load":18.22916603088379,"data":"<Event xmlns='http://schemas.microsoft.com/win/2004/08/events/event'><System><Provider Name='Microsoft-Windows-Sysmon' Guid='{5770385f-c22a-43e0-bf4c-06f5698ffbd9}'/><EventID>3</EventID><Version>5</Version><Level>4</Level><Task>3</Task><Opcode>0</Opcode><Keywords>0x8000000000000000</Keywords><TimeCreated SystemTime='2026-05-29T12:16:15.3290764Z'/><EventRecordID>11482581</EventRecordID><Correlation/><Execution ProcessID='6112' ThreadID='9524'/><Channel>Microsoft-Windows-Sysmon/Operational</Channel><Computer>DESKTOP-85U97MI</Computer><Security UserID='S-1-5-18'/></System><EventData><Data Name='RuleName'>-</Data><Data Name='UtcTime'>2026-05-29 12:16:14.152</Data><Data Name='ProcessGuid'>{d9cf607a-779c-6a19-9c02-000000000d03}</Data><Data Name='ProcessId'>1180</Data><Data Name='Image'>E:\\Telegram Desktop\\Telegram.exe</Data><Data Name='User'>DESKTOP-85U97MI\\sseva</Data><Data Name='Protocol'>tcp</Data><Data Name='Initiated'>true</Data><Data Name='SourceIsIpv6'>false</Data><Data Name='SourceIp'>127.0.0.1</Data><Data Name='SourceHostname'>paranoid-checker.vercel.app</Data><Data Name='SourcePort'>49120</Data><Data Name='SourcePortName'>-</Data><Data Name='DestinationIsIpv6'>false</Data><Data Name='DestinationIp'>127.0.0.1</Data><Data Name='DestinationHostname'>paranoid-checker.vercel.app</Data><Data Name='DestinationPort'>1080</Data><Data Name='DestinationPortName'>-</Data></EventData></Event>","timestamp":1780056976}
{"cpu_load":18.22916603088379,"data":"<Event xmlns='http://schemas.microsoft.com/win/2004/08/events/event'><System><Provider Name='Microsoft-Windows-Sysmon' Guid='{5770385f-c22a-43e0-bf4c-06f5698ffbd9}'/><EventID>3</EventID><Version>5</Version><Level>4</Level><Task>3</Task><Opcode>0</Opcode><Keywords>0x8000000000000000</Keywords><TimeCreated SystemTime='2026-05-29T12:16:15.3290894Z'/><EventRecordID>11482582</EventRecordID><Correlation/><Execution ProcessID='6112' ThreadID='9524'/><Channel>Microsoft-Windows-Sysmon/Operational</Channel><Computer>DESKTOP-85U97MI</Computer><Security UserID='S-1-5-18'/></System><EventData><Data Name='RuleName'>-</Data><Data Name='UtcTime'>2026-05-29 12:16:14.152</Data><Data Name='ProcessGuid'>{d9cf607a-7b16-6a19-9b03-000000000d03}</Data><Data Name='ProcessId'>20172</Data><Data Name='Image'>E:\\Zagruzki iz C\\TgWsProxy.exe</Data><Data Name='User'>DESKTOP-85U97MI\\sseva</Data><Data Name='Protocol'>tcp</Data><Data Name='Initiated'>false</Data><Data Name='SourceIsIpv6'>false</Data><Data Name='SourceIp'>127.0.0.1</Data><Data Name='SourceHostname'>paranoid-checker.vercel.app</Data><Data Name='SourcePort'>49120</Data><Data Name='SourcePortName'>-</Data><Data Name='DestinationIsIpv6'>false</Data><Data Name='DestinationIp'>127.0.0.1</Data><Data Name='DestinationHostname'>paranoid-checker.vercel.app</Data><Data Name='DestinationPort'>1080</Data><Data Name='DestinationPortName'>-</Data></EventData></Event>","timestamp":1780056976}
{"cpu_load":18.22916603088379,"data":"<Event xmlns='http://schemas.microsoft.com/win/2004/08/events/event'><System><Provider Name='Microsoft-Windows-Sysmon' Guid='{5770385f-c22a-43e0-bf4c-06f5698ffbd9}'/><EventID>3</EventID><Version>5</Version><Level>4</Level><Task>3</Task><Opcode>0</Opcode><Keywords>0x8000000000000000</Keywords><TimeCreated SystemTime='2026-05-29T12:16:15.3290960Z'/><EventRecordID>11482583</EventRecordID><Correlation/><Execution ProcessID='6112' ThreadID='9524'/><Channel>Microsoft-Windows-Sysmon/Operational</Channel><Computer>DESKTOP-85U97MI</Computer><Security UserID='S-1-5-18'/></System><EventData><Data Name='RuleName'>-</Data><Data Name='UtcTime'>2026-05-29 12:16:14.162</Data><Data Name='ProcessGuid'>{d9cf607a-779c-6a19-9c02-000000000d03}</Data><Data Name='ProcessId'>1180</Data><Data Name='Image'>E:\\Telegram Desktop\\Telegram.exe</Data><Data Name='User'>DESKTOP-85U97MI\\sseva</Data><Data Name='Protocol'>tcp</Data><Data Name='Initiated'>true</Data><Data Name='SourceIsIpv6'>false</Data><Data Name='SourceIp'>127.0.0.1</Data><Data Name='SourceHostname'>paranoid-checker.vercel.app</Data><Data Name='SourcePort'>49121</Data><Data Name='SourcePortName'>-</Data><Data Name='DestinationIsIpv6'>false</Data><Data Name='DestinationIp'>127.0.0.1</Data><Data Name='DestinationHostname'>paranoid-checker.vercel.app</Data><Data Name='DestinationPort'>1080</Data><Data Name='DestinationPortName'>-</Data></EventData></Event>","timestamp":1780056976}
{"cpu_load":18.22916603088379,"data":"<Event xmlns='http://schemas.microsoft.com/win/2004/08/events/event'><System><Provider Name='Microsoft-Windows-Sysmon' Guid='{5770385f-c22a-43e0-bf4c-06f5698ffbd9}'/><EventID>3</EventID><Version>5</Version><Level>4</Level><Task>3</Task><Opcode>0</Opcode><Keywords>0x8000000000000000</Keywords><TimeCreated SystemTime='2026-05-29T12:16:15.3291021Z'/><EventRecordID>11482584</EventRecordID><Correlation/><Execution ProcessID='6112' ThreadID='9524'/><Channel>Microsoft-Windows-Sysmon/Operational</Channel><Computer>DESKTOP-85U97MI</Computer><Security UserID='S-1-5-18'/></System><EventData><Data Name='RuleName'>-</Data><Data Name='UtcTime'>2026-05-29 12:16:14.162</Data><Data Name='ProcessGuid'>{d9cf607a-7b16-6a19-9b03-000000000d03}</Data><Data Name='ProcessId'>20172</Data><Data Name='Image'>E:\\Zagruzki iz C\\TgWsProxy.exe</Data><Data Name='User'>DESKTOP-85U97MI\\sseva</Data><Data Name='Protocol'>tcp</Data><Data Name='Initiated'>false</Data><Data Name='SourceIsIpv6'>false</Data><Data Name='SourceIp'>127.0.0.1</Data><Data Name='SourceHostname'>paranoid-checker.vercel.app</Data><Data Name='SourcePort'>49121</Data><Data Name='SourcePortName'>-</Data><Data Name='DestinationIsIpv6'>false</Data><Data Name='DestinationIp'>127.0.0.1</Data><Data Name='DestinationHostname'>paranoid-checker.vercel.app</Data><Data Name='DestinationPort'>1080</Data><Data Name='DestinationPortName'>-</Data></EventData></Event>","timestamp":1780056976}
{"cpu_load":18.22916603088379,"data":"<Event xmlns='http://schemas.microsoft.com/win/2004/08/events/event'><System><Provider Name='Microsoft-Windows-Sysmon' Guid='{5770385f-c22a-43e0-bf4c-06f5698ffbd9}'/><EventID>3</EventID><Version>5</Version><Level>4</Level><Task>3</Task><Opcode>0</Opcode><Keywords>0x8000000000000000</Keywords><TimeCreated SystemTime='2026-05-29T12:16:15.3291084Z'/><EventRecordID>11482585</EventRecordID><Correlation/><Execution ProcessID='6112' ThreadID='9524'/><Channel>Microsoft-Windows-Sysmon/Operational</Channel><Computer>DESKTOP-85U97MI</Computer><Security UserID='S-1-5-18'/></System><EventData><Data Name='RuleName'>-</Data><Data Name='UtcTime'>2026-05-29 12:16:14.173</Data><Data Name='ProcessGuid'>{d9cf607a-779c-6a19-9c02-000000000d03}</Data><Data Name='ProcessId'>1180</Data><Data Name='Image'>E:\\Telegram Desktop\\Telegram.exe</Data><Data Name='User'>DESKTOP-85U97MI\\sseva</Data><Data Name='Protocol'>tcp</Data><Data Name='Initiated'>true</Data><Data Name='SourceIsIpv6'>false</Data><Data Name='SourceIp'>127.0.0.1</Data><Data Name='SourceHostname'>paranoid-checker.vercel.app</Data><Data Name='SourcePort'>49122</Data><Data Name='SourcePortName'>-</Data><Data Name='DestinationIsIpv6'>false</Data><Data Name='DestinationIp'>127.0.0.1</Data><Data Name='DestinationHostname'>paranoid-checker.vercel.app</Data><Data Name='DestinationPort'>1080</Data><Data Name='DestinationPortName'>-</Data></EventData></Event>","timestamp":1780056976}
{"cpu_load":18.22916603088379,"data":"<Event xmlns='http://schemas.microsoft.com/win/2004/08/events/event'><System><Provider Name='Microsoft-Windows-Sysmon' Guid='{5770385f-c22a-43e0-bf4c-06f5698ffbd9}'/><EventID>3</EventID><Version>5</Version><Level>4</Level><Task>3</Task><Opcode>0</Opcode><Keywords>0x8000000000000000</Keywords><TimeCreated SystemTime='2026-05-29T12:16:15.3291138Z'/><EventRecordID>11482586</EventRecordID><Correlation/><Execution ProcessID='6112' ThreadID='9524'/><Channel>Microsoft-Windows-Sysmon/Operational</Channel><Computer>DESKTOP-85U97MI</Computer><Security UserID='S-1-5-18'/></System><EventData><Data Name='RuleName'>-</Data><Data Name='UtcTime'>2026-05-29 12:16:14.173</Data><Data Name='ProcessGuid'>{d9cf607a-7b16-6a19-9b03-000000000d03}</Data><Data Name='ProcessId'>20172</Data><Data Name='Image'>E:\\Zagruzki iz C\\TgWsProxy.exe</Data><Data Name='User'>DESKTOP-85U97MI\\sseva</Data><Data Name='Protocol'>tcp</Data><Data Name='Initiated'>false</Data><Data Name='SourceIsIpv6'>false</Data><Data Name='SourceIp'>127.0.0.1</Data><Data Name='SourceHostname'>paranoid-checker.vercel.app</Data><Data Name='SourcePort'>49122</Data><Data Name='SourcePortName'>-</Data><Data Name='DestinationIsIpv6'>false</Data><Data Name='DestinationIp'>127.0.0.1</Data><Data Name='DestinationHostname'>paranoid-checker.vercel.app</Data><Data Name='DestinationPort'>1080</Data><Data Name='DestinationPortName'>-</Data></EventData></Event>","timestamp":1780056976}
{"cpu_load":18.22916603088379,"data":"<Event xmlns='http://schemas.microsoft.com/win/2004/08/events/event'><System><Provider Name='Microsoft-Windows-Sysmon' Guid='{5770385f-c22a-43e0-bf4c-06f5698ffbd9}'/><EventID>3</EventID><Version>5</Version><Level>4</Level><Task>3</Task><Opcode>0</Opcode><Keywords>0x8000000000000000</Keywords><TimeCreated SystemTime='2026-05-29T12:16:15.3291201Z'/><EventRecordID>11482587</EventRecordID><Correlation/><Execution ProcessID='6112' ThreadID='9524'/><Channel>Microsoft-Windows-Sysmon/Operational</Channel><Computer>DESKTOP-85U97MI</Computer><Security UserID='S-1-5-18'/></System><EventData><Data Name='RuleName'>-</Data><Data Name='UtcTime'>2026-05-29 12:16:14.174</Data><Data Name='ProcessGuid'>{d9cf607a-779c-6a19-9c02-000000000d03}</Data><Data Name='ProcessId'>1180</Data><Data Name='Image'>E:\\Telegram Desktop\\Telegram.exe</Data><Data Name='User'>DESKTOP-85U97MI\\sseva</Data><Data Name='Protocol'>tcp</Data><Data Name='Initiated'>true</Data><Data Name='SourceIsIpv6'>false</Data><Data Name='SourceIp'>127.0.0.1</Data><Data Name='SourceHostname'>paranoid-checker.vercel.app</Data><Data Name='SourcePort'>49124</Data><Data Name='SourcePortName'>-</Data><Data Name='DestinationIsIpv6'>false</Data><Data Name='DestinationIp'>127.0.0.1</Data><Data Name='DestinationHostname'>paranoid-checker.vercel.app</Data><Data Name='DestinationPort'>1080</Data><Data Name='DestinationPortName'>-</Data></EventData></Event>","timestamp":1780056976}
