{"cpu_load":13.28125,"data":"<Event xmlns='http://schemas.microsoft.com/win/2004/08/events/event'><System><Provider Name='Microsoft-Windows-Sysmon' Guid='{5770385f-c22a-43e0-bf4c-06f5698ffbd9}'/><EventID>3</EventID><Version>5</Version><Level>4</Level><Task>3</Task><Opcode>0</Opcode><Keywords>0x8000000000000000</Keywords><TimeCreated SystemTime='2026-05-29T12:15:30.2563177Z'/><EventRecordID>11482353</EventRecordID><Correlation/><Execution ProcessID='6112' ThreadID='9524'/><Channel>Microsoft-Windows-Sysmon/Operational</Channel><Computer>DESKTOP-85U97MI</Computer><Security UserID='S-1-5-18'/></System><EventData><Data Name='RuleName'>-</Data><Data Name='UtcTime'>2026-05-29 12:15:28.859</Data><Data Name='ProcessGuid'>{d9cf607a-7b16-6a19-9b03-000000000d03}</Data><Data Name='ProcessId'>20172</Data><Data Name='Image'>E:\\Zagruzki iz C\\TgWsProxy.exe</Data><Data Name='User'>DESKTOP-85U97MI\\sseva</Data><Data Name='Protocol'>tcp</Data><Data Name='Initiated'>false</Data><Data Name='SourceIsIpv6'>false</Data><Data Name='SourceIp'>127.0.0.1</Data><Data Name='SourceHostname'>paranoid-checker.vercel.app</Data><Data Name='SourcePort'>48992</Data><Data Name='SourcePortName'>-</Data><Data Name='DestinationIsIpv6'>false</Data><Data Name='DestinationIp'>127.0.0.1</Data><Data Name='DestinationHostname'>paranoid-checker.vercel.app</Data><Data Name='DestinationPort'>1080</Data><Data Name='DestinationPortName'>-</Data></EventData></Event>","timestamp":1780056931}
{"cpu_load":13.28125,"data":"<Event xmlns='http://schemas.microsoft.com/win/2004/08/events/event'><System><Provider Name='Microsoft-Windows-Sysmon' Guid='{5770385f-c22a-43e0-bf4c-06f5698ffbd9}'/><EventID>3</EventID><Version>5</Version><Level>4</Level><Task>3</Task><Opcode>0</Opcode><Keywords>0x8000000000000000</Keywords><TimeCreated SystemTime='2026-05-29T12:15:30.2563213Z'/><EventRecordID>11482354</EventRecordID><Correlation/><Execution ProcessID='6112' ThreadID='9524'/><Channel>Microsoft-Windows-Sysmon/Operational</Channel><Computer>DESKTOP-85U97MI</Computer><Security UserID='S-1-5-18'/></System><EventData><Data Name='RuleName'>-</Data><Data Name='UtcTime'>2026-05-29 12:15:28.869</Data><Data Name='ProcessGuid'>{d9cf607a-779c-6a19-9c02-000000000d03}</Data><Data Name='ProcessId'>1180</Data><Data Name='Image'>E:\\Telegram Desktop\\Telegram.exe</Data><Data Name='User'>DESKTOP-85U97MI\\sseva</Data><Data Name='Protocol'>tcp</Data><Data Name='Initiated'>true</Data><Data Name='SourceIsIpv6'>false</Data><Data Name='SourceIp'>127.0.0.1</Data><Data Name='SourceHostname'>paranoid-checker.vercel.app</Data><Data Name='SourcePort'>48993</Data><Data Name='SourcePortName'>-</Data><Data Name='DestinationIsIpv6'>false</Data><Data Name='DestinationIp'>127.0.0.1</Data><Data Name='DestinationHostname'>paranoid-checker.vercel.app</Data><Data Name='DestinationPort'>1080</Data><Data Name='DestinationPortName'>-</Data></EventData></Event>","timestamp":1780056931}
{"cpu_load":13.28125,"data":"<Event xmlns='http://schemas.microsoft.com/win/2004/08/events/event'><System><Provider Name='Microsoft-Windows-Sysmon' Guid='{5770385f-c22a-43e0-bf4c-06f5698ffbd9}'/><EventID>3</EventID><Version>5</Version><Level>4</Level><Task>3</Task><Opcode>0</Opcode><Keywords>0x8000000000000000</Keywords><TimeCreated SystemTime='2026-05-29T12:15:30.2563247Z'/><EventRecordID>11482355</EventRecordID><Correlation/><Execution ProcessID='6112' ThreadID='9524'/><Channel>Microsoft-Windows-Sysmon/Operational</Channel><Computer>DESKTOP-85U97MI</Computer><Security UserID='S-1-5-18'/></System><EventData><Data Name='RuleName'>-</Data><Data Name='UtcTime'>2026-05-29 12:15:28.869</Data><Data Name='ProcessGuid'>{d9cf607a-7b16-6a19-9b03-000000000d03}</Data><Data Name='ProcessId'>20172</Data><Data Name='Image'>E:\\Zagruzki iz C\\TgWsProxy.exe</Data><Data Name='User'>DESKTOP-85U97MI\\sseva</Data><Data Name='Protocol'>tcp</Data><Data Name='Initiated'>false</Data><Data Name='SourceIsIpv6'>false</Data><Data Name='SourceIp'>127.0.0.1</Data><Data Name='SourceHostname'>paranoid-checker.vercel.app</Data><Data Name='SourcePort'>48993</Data><Data Name='SourcePortName'>-</Data><Data Name='DestinationIsIpv6'>false</Data><Data Name='DestinationIp'>127.0.0.1</Data><Data Name='DestinationHostname'>paranoid-checker.vercel.app</Data><Data Name='DestinationPort'>1080</Data><Data Name='DestinationPortName'>-</Data></EventData></Event>","timestamp":1780056931}
{"cpu_load":13.28125,"data":"<Event xmlns='http://schemas.microsoft.com/win/2004/08/events/event'><System><Provider Name='Microsoft-Windows-Sysmon' Guid='{5770385f-c22a-43e0-bf4c-06f5698ffbd9}'/><EventID>3</EventID><Version>5</Version><Level>4</Level><Task>3</Task><Opcode>0</Opcode><Keywords>0x8000000000000000</Keywords><TimeCreated SystemTime='2026-05-29T12:15:30.2563280Z'/><EventRecordID>11482356</EventRecordID><Correlation/><Execution ProcessID='6112' ThreadID='9524'/><Channel>Microsoft-Windows-Sysmon/Operational</Channel><Computer>DESKTOP-85U97MI</Computer><Security UserID='S-1-5-18'/></System><EventData><Data Name='RuleName'>-</Data><Data Name='UtcTime'>2026-05-29 12:15:28.881</Data><Data Name='ProcessGuid'>{d9cf607a-779c-6a19-9c02-000000000d03}</Data><Data Name='ProcessId'>1180</Data><Data Name='Image'>E:\\Telegram Desktop\\Telegram.exe</Data><Data Name='User'>DESKTOP-85U97MI\\sseva</Data><Data Name='Protocol'>tcp</Data><Data Name='Initiated'>true</Data><Data Name='SourceIsIpv6'>false</Data><Data Name='SourceIp'>127.0.0.1</Data><Data Name='SourceHostname'>paranoid-checker.vercel.app</Data><Data Name='SourcePort'>48994</Data><Data Name='SourcePortName'>-</Data><Data Name='DestinationIsIpv6'>false</Data><Data Name='DestinationIp'>127.0.0.1</Data><Data Name='DestinationHostname'>paranoid-checker.vercel.app</Data><Data Name='DestinationPort'>1080</Data><Data Name='DestinationPortName'>-</Data></EventData></Event>","timestamp":1780056931}
{"cpu_load":13.28125,"data":"<Event xmlns='http://schemas.microsoft.com/win/2004/08/events/event'><System><Provider Name='Microsoft-Windows-Sysmon' Guid='{5770385f-c22a-43e0-bf4c-06f5698ffbd9}'/><EventID>3</EventID><Version>5</Version><Level>4</Level><Task>3</Task><Opcode>0</Opcode><Keywords>0x8000000000000000</Keywords><TimeCreated SystemTime='2026-05-29T12:15:30.2563311Z'/><EventRecordID>11482357</EventRecordID><Correlation/><Execution ProcessID='6112' ThreadID='9524'/><Channel>Microsoft-Windows-Sysmon/Operational</Channel><Computer>DESKTOP-85U97MI</Computer><Security UserID='S-1-5-18'/></System><EventData><Data Name='RuleName'>-</Data><Data Name='UtcTime'>2026-05-29 12:15:28.881</Data><Data Name='ProcessGuid'>{d9cf607a-7b16-6a19-9b03-000000000d03}</Data><Data Name='ProcessId'>20172</Data><Data Name='Image'>E:\\Zagruzki iz C\\TgWsProxy.exe</Data><Data Name='User'>DESKTOP-85U97MI\\sseva</Data><Data Name='Protocol'>tcp</Data><Data Name='Initiated'>false</Data><Data Name='SourceIsIpv6'>false</Data><Data Name='SourceIp'>127.0.0.1</Data><Data Name='SourceHostname'>paranoid-checker.vercel.app</Data><Data Name='SourcePort'>48994</Data><Data Name='SourcePortName'>-</Data><Data Name='DestinationIsIpv6'>false</Data><Data Name='DestinationIp'>127.0.0.1</Data><Data Name='DestinationHostname'>paranoid-checker.vercel.app</Data><Data Name='DestinationPort'>1080</Data><Data Name='DestinationPortName'>-</Data></EventData></Event>","timestamp":1780056931}
{"cpu_load":13.28125,"data":"<Event xmlns='http://schemas.microsoft.com/win/2004/08/events/event'><System><Provider Name='Microsoft-Windows-Sysmon' Guid='{5770385f-c22a-43e0-bf4c-06f5698ffbd9}'/><EventID>3</EventID><Version>5</Version><Level>4</Level><Task>3</Task><Opcode>0</Opcode><Keywords>0x8000000000000000</Keywords><TimeCreated SystemTime='2026-05-29T12:15:30.2563346Z'/><EventRecordID>11482358</EventRecordID><Correlation/><Execution ProcessID='6112' ThreadID='9524'/><Channel>Microsoft-Windows-Sysmon/Operational</Channel><Computer>DESKTOP-85U97MI</Computer><Security UserID='S-1-5-18'/></System><EventData><Data Name='RuleName'>-</Data><Data Name='UtcTime'>2026-05-29 12:15:28.882</Data><Data Name='ProcessGuid'>{d9cf607a-779c-6a19-9c02-000000000d03}</Data><Data Name='ProcessId'>1180</Data><Data Name='Image'>E:\\Telegram Desktop\\Telegram.exe</Data><Data Name='User'>DESKTOP-85U97MI\\sseva</Data><Data Name='Protocol'>tcp</Data><Data Name='Initiated'>true</Data><Data Name='SourceIsIpv6'>false</Data><Data Name='SourceIp'>127.0.0.1</Data><Data Name='SourceHostname'>paranoid-checker.vercel.app</Data><Data Name='SourcePort'>48996</Data><Data Name='SourcePortName'>-</Data><Data Name='DestinationIsIpv6'>false</Data><Data Name='DestinationIp'>127.0.0.1</Data><Data Name='DestinationHostname'>paranoid-checker.vercel.app</Data><Data Name='DestinationPort'>1080</Data><Data Name='DestinationPortName'>-</Data></EventData></Event>","timestamp":1780056931}
{"cpu_load":13.28125,"data":"<Event xmlns='http://schemas.microsoft.com/win/2004/08/events/event'><System><Provider Name='Microsoft-Windows-Sysmon' Guid='{5770385f-c22a-43e0-bf4c-06f5698ffbd9}'/><EventID>3</EventID><Version>5</Version><Level>4</Level><Task>3</Task><Opcode>0</Opcode><Keywords>0x8000000000000000</Keywords><TimeCreated SystemTime='2026-05-29T12:15:30.2563379Z'/><EventRecordID>11482359</EventRecordID><Correlation/><Execution ProcessID='6112' ThreadID='9524'/><Channel>Microsoft-Windows-Sysmon/Operational</Channel><Computer>DESKTOP-85U97MI</Computer><Security UserID='S-1-5-18'/></System><EventData><Data Name='RuleName'>-</Data><Data Name='UtcTime'>2026-05-29 12:15:28.882</Data><Data Name='ProcessGuid'>{d9cf607a-7b16-6a19-9b03-000000000d03}</Data><Data Name='ProcessId'>20172</Data><Data Name='Image'>E:\\Zagruzki iz C\\TgWsProxy.exe</Data><Data Name='User'>DESKTOP-85U97MI\\sseva</Data><Data Name='Protocol'>tcp</Data><Data Name='Initiated'>false</Data><Data Name='SourceIsIpv6'>false</Data><Data Name='SourceIp'>127.0.0.1</Data><Data Name='SourceHostname'>paranoid-checker.vercel.app</Data><Data Name='SourcePort'>48996</Data><Data Name='SourcePortName'>-</Data><Data Name='DestinationIsIpv6'>false</Data><Data Name='DestinationIp'>127.0.0.1</Data><Data Name='DestinationHostname'>paranoid-checker.vercel.app</Data><Data Name='DestinationPort'>1080</Data><Data Name='DestinationPortName'>-</Data></EventData></Event>","timestamp":1780056931}
{"cpu_load":13.28125,"data":"<Event xmlns='http://schemas.microsoft.com/win/2004/08/events/event'><System><Provider Name='Microsoft-Windows-Sysmon' Guid='{5770385f-c22a-43e0-bf4c-06f5698ffbd9}'/><EventID>3</EventID><Version>5</Version><Level>4</Level><Task>3</Task><Opcode>0</Opcode><Keywords>0x8000000000000000</Keywords><TimeCreated SystemTime='2026-05-29T12:15:30.2563413Z'/><EventRecordID>11482360</EventRecordID><Correlation/><Execution ProcessID='6112' ThreadID='9524'/><Channel>Microsoft-Windows-Sysmon/Operational</Channel><Computer>DESKTOP-85U97MI</Computer><Security UserID='S-1-5-18'/></System><EventData><Data Name='RuleName'>-</Data><Data Name='UtcTime'>2026-05-29 12:15:28.883</Data><Data Name='ProcessGuid'>{d9cf607a-779c-6a19-9c02-000000000d03}</Data><Data Name='ProcessId'>1180</Data><Data Name='Image'>E:\\Telegram Desktop\\Telegram.exe</Data><Data Name='User'>DESKTOP-85U97MI\\sseva</Data><Data Name='Protocol'>tcp</Data><Data Name='Initiated'>true</Data><Data Name='SourceIsIpv6'>false</Data><Data Name='SourceIp'>127.0.0.1</Data><Data Name='SourceHostname'>paranoid-checker.vercel.app</Data><Data Name='SourcePort'>48999</Data><Data Name='SourcePortName'>-</Data><Data Name='DestinationIsIpv6'>false</Data><Data Name='DestinationIp'>127.0.0.1</Data><Data Name='DestinationHostname'>paranoid-checker.vercel.app</Data><Data Name='DestinationPort'>1080</Data><Data Name='DestinationPortName'>-</Data></EventData></Event>","timestamp":1780056931}
{"cpu_load":13.28125,"data":"<Event xmlns='http://schemas.microsoft.com/win/2004/08/events/event'><System><Provider Name='Microsoft-Windows-Sysmon' Guid='{5770385f-c22a-43e0-bf4c-06f5698ffbd9}'/><EventID>3</EventID><Version>5</Version><Level>4</Level><Task>3</Task><Opcode>0</Opcode><Keywords>0x8000000000000000</Keywords><TimeCreated SystemTime='2026-05-29T12:15:30.2563444Z'/><EventRecordID>11482361</EventRecordID><Correlation/><Execution ProcessID='6112' ThreadID='9524'/><Channel>Microsoft-Windows-Sysmon/Operational</Channel><Computer>DESKTOP-85U97MI</Computer><Security UserID='S-1-5-18'/></System><EventData><Data Name='RuleName'>-</Data><Data Name='UtcTime'>2026-05-29 12:15:28.883</Data><Data Name='ProcessGuid'>{d9cf607a-7b16-6a19-9b03-000000000d03}</Data><Data Name='ProcessId'>20172</Data><Data Name='Image'>E:\\Zagruzki iz C\\TgWsProxy.exe</Data><Data Name='User'>DESKTOP-85U97MI\\sseva</Data><Data Name='Protocol'>tcp</Data><Data Name='Initiated'>false</Data><Data Name='SourceIsIpv6'>false</Data><Data Name='SourceIp'>127.0.0.1</Data><Data Name='SourceHostname'>paranoid-checker.vercel.app</Data><Data Name='SourcePort'>48999</Data><Data Name='SourcePortName'>-</Data><Data Name='DestinationIsIpv6'>false</Data><Data Name='DestinationIp'>127.0.0.1</Data><Data Name='DestinationHostname'>paranoid-checker.vercel.app</Data><Data Name='DestinationPort'>1080</Data><Data Name='DestinationPortName'>-</Data></EventData></Event>","timestamp":1780056931}
{"cpu_load":13.28125,"data":"<Event xmlns='http://schemas.microsoft.com/win/2004/08/events/event'><System><Provider Name='Microsoft-Windows-Sysmon' Guid='{5770385f-c22a-43e0-bf4c-06f5698ffbd9}'/><EventID>3</EventID><Version>5</Version><Level>4</Level><Task>3</Task><Opcode>0</Opcode><Keywords>0x8000000000000000</Keywords><TimeCreated SystemTime='2026-05-29T12:15:30.2563474Z'/><EventRecordID>11482362</EventRecordID><Correlation/><Execution ProcessID='6112' ThreadID='9524'/><Channel>Microsoft-Windows-Sysmon/Operational</Channel><Computer>DESKTOP-85U97MI</Computer><Security UserID='S-1-5-18'/></System><EventData><Data Name='RuleName'>-</Data><Data Name='UtcTime'>2026-05-29 12:15:28.894</Data><Data Name='ProcessGuid'>{d9cf607a-779c-6a19-9c02-000000000d03}</Data><Data Name='ProcessId'>1180</Data><Data Name='Image'>E:\\Telegram Desktop\\Telegram.exe</Data><Data Name='User'>DESKTOP-85U97MI\\sseva</Data><Data Name='Protocol'>tcp</Data><Data Name='Initiated'>true</Data><Data Name='SourceIsIpv6'>false</Data><Data Name='SourceIp'>127.0.0.1</Data><Data Name='SourceHostname'>paranoid-checker.vercel.app</Data><Data Name='SourcePort'>49000</Data><Data Name='SourcePortName'>-</Data><Data Name='DestinationIsIpv6'>false</Data><Data Name='DestinationIp'>127.0.0.1</Data><Data Name='DestinationHostname'>paranoid-checker.vercel.app</Data><Data Name='DestinationPort'>1080</Data><Data Name='DestinationPortName'>-</Data></EventData></Event>","timestamp":1780056931}
{"cpu_load":13.28125,"data":"<Event xmlns='http://schemas.microsoft.com/win/2004/08/events/event'><System><Provider Name='Microsoft-Windows-Sysmon' Guid='{5770385f-c22a-43e0-bf4c-06f5698ffbd9}'/><EventID>3</EventID><Version>5</Version><Level>4</Level><Task>3</Task><Opcode>0</Opcode><Keywords>0x8000000000000000</Keywords><TimeCreated SystemTime='2026-05-29T12:15:30.2563504Z'/><EventRecordID>11482363</EventRecordID><Correlation/><Execution ProcessID='6112' ThreadID='9524'/><Channel>Microsoft-Windows-Sysmon/Operational</Channel><Computer>DESKTOP-85U97MI</Computer><Security UserID='S-1-5-18'/></System><EventData><Data Name='RuleName'>-</Data><Data Name='UtcTime'>2026-05-29 12:15:28.894</Data><Data Name='ProcessGuid'>{d9cf607a-7b16-6a19-9b03-000000000d03}</Data><Data Name='ProcessId'>20172</Data><Data Name='Image'>E:\\Zagruzki iz C\\TgWsProxy.exe</Data><Data Name='User'>DESKTOP-85U97MI\\sseva</Data><Data Name='Protocol'>tcp</Data><Data Name='Initiated'>false</Data><Data Name='SourceIsIpv6'>false</Data><Data Name='SourceIp'>127.0.0.1</Data><Data Name='SourceHostname'>paranoid-checker.vercel.app</Data><Data Name='SourcePort'>49000</Data><Data Name='SourcePortName'>-</Data><Data Name='DestinationIsIpv6'>false</Data><Data Name='DestinationIp'>127.0.0.1</Data><Data Name='DestinationHostname'>paranoid-checker.vercel.app</Data><Data Name='DestinationPort'>1080</Data><Data Name='DestinationPortName'>-</Data></EventData></Event>","timestamp":1780056931}
{"cpu_load":13.28125,"data":"<Event xmlns='http://schemas.microsoft.com/win/2004/08/events/event'><System><Provider Name='Microsoft-Windows-Sysmon' Guid='{5770385f-c22a-43e0-bf4c-06f5698ffbd9}'/><EventID>3</EventID><Version>5</Version><Level>4</Level><Task>3</Task><Opcode>0</Opcode><Keywords>0x8000000000000000</Keywords><TimeCreated SystemTime='2026-05-29T12:15:30.2563534Z'/><EventRecordID>11482364</EventRecordID><Correlation/><Execution ProcessID='6112' ThreadID='9524'/><Channel>Microsoft-Windows-Sysmon/Operational</Channel><Computer>DESKTOP-85U97MI</Computer><Security UserID='S-1-5-18'/></System><EventData><Data Name='RuleName'>-</Data><Data Name='UtcTime'>2026-05-29 12:15:28.905</Data><Data Name='ProcessGuid'>{d9cf607a-779c-6a19-9c02-000000000d03}</Data><Data Name='ProcessId'>1180</Data><Data Name='Image'>E:\\Telegram Desktop\\Telegram.exe</Data><Data Name='User'>DESKTOP-85U97MI\\sseva</Data><Data Name='Protocol'>tcp</Data><Data Name='Initiated'>true</Data><Data Name='SourceIsIpv6'>false</Data><Data Name='SourceIp'>127.0.0.1</Data><Data Name='SourceHostname'>paranoid-checker.vercel.app</Data><Data Name='SourcePort'>49001</Data><Data Name='SourcePortName'>-</Data><Data Name='DestinationIsIpv6'>false</Data><Data Name='DestinationIp'>127.0.0.1</Data><Data Name='DestinationHostname'>paranoid-checker.vercel.app</Data><Data Name='DestinationPort'>1080</Data><Data Name='DestinationPortName'>-</Data></EventData></Event>","timestamp":1780056931}
{"cpu_load":13.28125,"data":"<Event xmlns='http://schemas.microsoft.com/win/2004/08/events/event'><System><Provider Name='Microsoft-Windows-Sysmon' Guid='{5770385f-c22a-43e0-bf4c-06f5698ffbd9}'/><EventID>3</EventID><Version>5</Version><Level>4</Level><Task>3</Task><Opcode>0</Opcode><Keywords>0x8000000000000000</Keywords><TimeCreated SystemTime='2026-05-29T12:15:30.2563564Z'/><EventRecordID>11482365</EventRecordID><Correlation/><Execution ProcessID='6112' ThreadID='9524'/><Channel>Microsoft-Windows-Sysmon/Operational</Channel><Computer>DESKTOP-85U97MI</Computer><Security UserID='S-1-5-18'/></System><EventData><Data Name='RuleName'>-</Data><Data Name='UtcTime'>2026-05-29 12:15:28.905</Data><Data Name='ProcessGuid'>{d9cf607a-7b16-6a19-9b03-000000000d03}</Data><Data Name='ProcessId'>20172</Data><Data Name='Image'>E:\\Zagruzki iz C\\TgWsProxy.exe</Data><Data Name='User'>DESKTOP-85U97MI\\sseva</Data><Data Name='Protocol'>tcp</Data><Data Name='Initiated'>false</Data><Data Name='SourceIsIpv6'>false</Data><Data Name='SourceIp'>127.0.0.1</Data><Data Name='SourceHostname'>paranoid-checker.vercel.app</Data><Data Name='SourcePort'>49001</Data><Data Name='SourcePortName'>-</Data><Data Name='DestinationIsIpv6'>false</Data><Data Name='DestinationIp'>127.0.0.1</Data><Data Name='DestinationHostname'>paranoid-checker.vercel.app</Data><Data Name='DestinationPort'>1080</Data><Data Name='DestinationPortName'>-</Data></EventData></Event>","timestamp":1780056931}
{"cpu_load":13.802083015441895,"data":"<Event xmlns='http://schemas.microsoft.com/win/2004/08/events/event'><System><Provider Name='Microsoft-Windows-Sysmon' Guid='{5770385f-c22a-43e0-bf4c-06f5698ffbd9}'/><EventID>3</EventID><Version>5</Version><Level>4</Level><Task>3</Task><Opcode>0</Opcode><Keywords>0x8000000000000000</Keywords><TimeCreated SystemTime='2026-05-29T12:15:31.2582321Z'/><EventRecordID>11482366</EventRecordID><Correlation/><Execution ProcessID='6112' ThreadID='9524'/><Channel>Microsoft-Windows-Sysmon/Operational</Channel><Computer>DESKTOP-85U97MI</Computer><Security UserID='S-1-5-18'/></System><EventData><Data Name='RuleName'>-</Data><Data Name='UtcTime'>2026-05-29 12:15:29.072</Data><Data Name='ProcessGuid'>{d9cf607a-7655-6a19-3c00-000000000d03}</Data><Data Name='ProcessId'>3268</Data><Data Name='Image'>C:\\Windows\\System32\\svchost.exe</Data><Data Name='User'>NT AUTHORITY\\NETWORK SERVICE</Data><Data Name='Protocol'>udp</Data><Data Name='Initiated'>true</Data><Data Name='SourceIsIpv6'>false</Data><Data Name='SourceIp'>85.143.15.202</Data><Data Name='SourceHostname'>DESKTOP-85U97MI</Data><Data Name='SourcePort'>55767</Data><Data Name='SourcePortName'>-</Data><Data Name='DestinationIsIpv6'>false</Data><Data Name='DestinationIp'>85.143.0.30</Data><Data Name='DestinationHostname'>ns.unn.ru</Data><Data Name='DestinationPort'>53</Data><Data Name='DestinationPortName'>domain</Data></EventData></Event>","timestamp":1780056932}
{"cpu_load":13.802083015441895,"data":"<Event xmlns='http://schemas.microsoft.com/win/2004/08/events/event'><System><Provider Name='Microsoft-Windows-Sysmon' Guid='{5770385f-c22a-43e0-bf4c-06f5698ffbd9}'/><EventID>3</EventID><Version>5</Version><Level>4</Level><Task>3</Task><Opcode>0</Opcode><Keywords>0x8000000000000000</Keywords><TimeCreated SystemTime='2026-05-29T12:15:31.2582442Z'/><EventRecordID>11482367</EventRecordID><Correlation/><Execution ProcessID='6112' ThreadID='9524'/><Channel>Microsoft-Windows-Sysmon/Operational</Channel><Computer>DESKTOP-85U97MI</Computer><Security UserID='S-1-5-18'/></System><EventData><Data Name='RuleName'>-</Data><Data Name='UtcTime'>2026-05-29 12:15:29.073</Data><Data Name='ProcessGuid'>{d9cf607a-7655-6a19-3c00-000000000d03}</Data><Data Name='ProcessId'>3268</Data><Data Name='Image'>C:\\Windows\\System32\\svchost.exe</Data><Data Name='User'>NT AUTHORITY\\NETWORK SERVICE</Data><Data Name='Protocol'>udp</Data><Data Name='Initiated'>true</Data><Data Name='SourceIsIpv6'>true</Data><Data Name='SourceIp'>fe80:0:0:0:9ad:9906:dcc9:e04</Data><Data Name='SourceHostname'>DESKTOP-85U97MI.unn.ru</Data><Data Name='SourcePort'>50662</Data><Data Name='SourcePortName'>-</Data><Data Name='DestinationIsIpv6'>true</Data><Data Name='DestinationIp'>ff02:0:0:0:0:0:1:3</Data><Data Name='DestinationHostname'>-</Data><Data Name='DestinationPort'>5355</Data><Data Name='DestinationPortName'>llmnr</Data></EventData></Event>","timestamp":1780056932}
{"cpu_load":13.802083015441895,"data":"<Event xmlns='http://schemas.microsoft.com/win/2004/08/events/event'><System><Provider Name='Microsoft-Windows-Sysmon' Guid='{5770385f-c22a-43e0-bf4c-06f5698ffbd9}'/><EventID>3</EventID><Version>5</Version><Level>4</Level><Task>3</Task><Opcode>0</Opcode><Keywords>0x8000000000000000</Keywords><TimeCreated SystemTime='2026-05-29T12:15:31.2582497Z'/><EventRecordID>11482368</EventRecordID><Correlation/><Execution ProcessID='6112' ThreadID='9524'/><Channel>Microsoft-Windows-Sysmon/Operational</Channel><Computer>DESKTOP-85U97MI</Computer><Security UserID='S-1-5-18'/></System><EventData><Data Name='RuleName'>-</Data><Data Name='UtcTime'>2026-05-29 12:15:29.073</Data><Data Name='ProcessGuid'>{d9cf607a-7655-6a19-3c00-000000000d03}</Data><Data Name='ProcessId'>3268</Data><Data Name='Image'>C:\\Windows\\System32\\svchost.exe</Data><Data Name='User'>NT AUTHORITY\\NETWORK SERVICE</Data><Data Name='Protocol'>udp</Data><Data Name='Initiated'>true</Data><Data Name='SourceIsIpv6'>false</Data><Data Name='SourceIp'>10.82.61.198</Data><Data Name='SourceHostname'>host.docker.internal</Data><Data Name='SourcePort'>50662</Data><Data Name='SourcePortName'>-</Data><Data Name='DestinationIsIpv6'>false</Data><Data Name='DestinationIp'>224.0.0.252</Data><Data Name='DestinationHostname'>-</Data><Data Name='DestinationPort'>5355</Data><Data Name='DestinationPortName'>llmnr</Data></EventData></Event>","timestamp":1780056932}
{"cpu_load":14.713541984558105,"data":"<Event xmlns='http://schemas.microsoft.com/win/2004/08/events/event'><System><Provider Name='Microsoft-Windows-Sysmon' Guid='{5770385f-c22a-43e0-bf4c-06f5698ffbd9}'/><EventID>3</EventID><Version>5</Version><Level>4</Level><Task>3</Task><Opcode>0</Opcode><Keywords>0x8000000000000000</Keywords><TimeCreated SystemTime='2026-05-29T12:15:36.2637458Z'/><EventRecordID>11482369</EventRecordID><Correlation/><Execution ProcessID='6112' ThreadID='9524'/><Channel>Microsoft-Windows-Sysmon/Operational</Channel><Computer>DESKTOP-85U97MI</Computer><Security UserID='S-1-5-18'/></System><EventData><Data Name='RuleName'>-</Data><Data Name='UtcTime'>2026-05-29 12:15:34.152</Data><Data Name='ProcessGuid'>{d9cf607a-779c-6a19-9c02-000000000d03}</Data><Data Name='ProcessId'>1180</Data><Data Name='Image'>E:\\Telegram Desktop\\Telegram.exe</Data><Data Name='User'>DESKTOP-85U97MI\\sseva</Data><Data Name='Protocol'>tcp</Data><Data Name='Initiated'>true</Data><Data Name='SourceIsIpv6'>false</Data><Data Name='SourceIp'>127.0.0.1</Data><Data Name='SourceHostname'>paranoid-checker.vercel.app</Data><Data Name='SourcePort'>49002</Data><Data Name='SourcePortName'>-</Data><Data Name='DestinationIsIpv6'>false</Data><Data Name='DestinationIp'>127.0.0.1</Data><Data Name='DestinationHostname'>paranoid-checker.vercel.app</Data><Data Name='DestinationPort'>1080</Data><Data Name='DestinationPortName'>-</Data></EventData></Event>","timestamp":1780056937}
{"cpu_load":14.713541984558105,"data":"<Event xmlns='http://schemas.microsoft.com/win/2004/08/events/event'><System><Provider Name='Microsoft-Windows-Sysmon' Guid='{5770385f-c22a-43e0-bf4c-06f5698ffbd9}'/><EventID>3</EventID><Version>5</Version><Level>4</Level><Task>3</Task><Opcode>0</Opcode><Keywords>0x8000000000000000</Keywords><TimeCreated SystemTime='2026-05-29T12:15:36.2637583Z'/><EventRecordID>11482370</EventRecordID><Correlation/><Execution ProcessID='6112' ThreadID='9524'/><Channel>Microsoft-Windows-Sysmon/Operational</Channel><Computer>DESKTOP-85U97MI</Computer><Security UserID='S-1-5-18'/></System><EventData><Data Name='RuleName'>-</Data><Data Name='UtcTime'>2026-05-29 12:15:34.152</Data><Data Name='ProcessGuid'>{d9cf607a-7b16-6a19-9b03-000000000d03}</Data><Data Name='ProcessId'>20172</Data><Data Name='Image'>E:\\Zagruzki iz C\\TgWsProxy.exe</Data><Data Name='User'>DESKTOP-85U97MI\\sseva</Data><Data Name='Protocol'>tcp</Data><Data Name='Initiated'>false</Data><Data Name='SourceIsIpv6'>false</Data><Data Name='SourceIp'>127.0.0.1</Data><Data Name='SourceHostname'>paranoid-checker.vercel.app</Data><Data Name='SourcePort'>49002</Data><Data Name='SourcePortName'>-</Data><Data Name='DestinationIsIpv6'>false</Data><Data Name='DestinationIp'>127.0.0.1</Data><Data Name='DestinationHostname'>paranoid-checker.vercel.app</Data><Data Name='DestinationPort'>1080</Data><Data Name='DestinationPortName'>-</Data></EventData></Event>","timestamp":1780056937}
{"cpu_load":14.713541984558105,"data":"<Event xmlns='http://schemas.microsoft.com/win/2004/08/events/event'><System><Provider Name='Microsoft-Windows-Sysmon' Guid='{5770385f-c22a-43e0-bf4c-06f5698ffbd9}'/><EventID>3</EventID><Version>5</Version><Level>4</Level><Task>3</Task><Opcode>0</Opcode><Keywords>0x8000000000000000</Keywords><TimeCreated SystemTime='2026-05-29T12:15:36.2637651Z'/><EventRecordID>11482371</EventRecordID><Correlation/><Execution ProcessID='6112' ThreadID='9524'/><Channel>Microsoft-Windows-Sysmon/Operational</Channel><Computer>DESKTOP-85U97MI</Computer><Security UserID='S-1-5-18'/></System><EventData><Data Name='RuleName'>-</Data><Data Name='UtcTime'>2026-05-29 12:15:34.163</Data><Data Name='ProcessGuid'>{d9cf607a-779c-6a19-9c02-000000000d03}</Data><Data Name='ProcessId'>1180</Data><Data Name='Image'>E:\\Telegram Desktop\\Telegram.exe</Data><Data Name='User'>DESKTOP-85U97MI\\sseva</Data><Data Name='Protocol'>tcp</Data><Data Name='Initiated'>true</Data><Data Name='SourceIsIpv6'>false</Data><Data Name='SourceIp'>127.0.0.1</Data><Data Name='SourceHostname'>paranoid-checker.vercel.app</Data><Data Name='SourcePort'>49003</Data><Data Name='SourcePortName'>-</Data><Data Name='DestinationIsIpv6'>false</Data><Data Name='DestinationIp'>127.0.0.1</Data><Data Name='DestinationHostname'>paranoid-checker.vercel.app</Data><Data Name='DestinationPort'>1080</Data><Data Name='DestinationPortName'>-</Data></EventData></Event>","timestamp":1780056937}
{"cpu_load":14.713541984558105,"data":"<Event xmlns='http://schemas.microsoft.com/win/2004/08/events/event'><System><Provider Name='Microsoft-Windows-Sysmon' Guid='{5770385f-c22a-43e0-bf4c-06f5698ffbd9}'/><EventID>3</EventID><Version>5</Version><Level>4</Level><Task>3</Task><Opcode>0</Opcode><Keywords>0x8000000000000000</Keywords><TimeCreated SystemTime='2026-05-29T12:15:36.2637710Z'/><EventRecordID>11482372</EventRecordID><Correlation/><Execution ProcessID='6112' ThreadID='9524'/><Channel>Microsoft-Windows-Sysmon/Operational</Channel><Computer>DESKTOP-85U97MI</Computer><Security UserID='S-1-5-18'/></System><EventData><Data Name='RuleName'>-</Data><Data Name='UtcTime'>2026-05-29 12:15:34.163</Data><Data Name='ProcessGuid'>{d9cf607a-7b16-6a19-9b03-000000000d03}</Data><Data Name='ProcessId'>20172</Data><Data Name='Image'>E:\\Zagruzki iz C\\TgWsProxy.exe</Data><Data Name='User'>DESKTOP-85U97MI\\sseva</Data><Data Name='Protocol'>tcp</Data><Data Name='Initiated'>false</Data><Data Name='SourceIsIpv6'>false</Data><Data Name='SourceIp'>127.0.0.1</Data><Data Name='SourceHostname'>paranoid-checker.vercel.app</Data><Data Name='SourcePort'>49003</Data><Data Name='SourcePortName'>-</Data><Data Name='DestinationIsIpv6'>false</Data><Data Name='DestinationIp'>127.0.0.1</Data><Data Name='DestinationHostname'>paranoid-checker.vercel.app</Data><Data Name='DestinationPort'>1080</Data><Data Name='DestinationPortName'>-</Data></EventData></Event>","timestamp":1780056937}
{"cpu_load":14.713541984558105,"data":"<Event xmlns='http://schemas.microsoft.com/win/2004/08/events/event'><System><Provider Name='Microsoft-Windows-Sysmon' Guid='{5770385f-c22a-43e0-bf4c-06f5698ffbd9}'/><EventID>3</EventID><Version>5</Version><Level>4</Level><Task>3</Task><Opcode>0</Opcode><Keywords>0x8000000000000000</Keywords><TimeCreated SystemTime='2026-05-29T12:15:36.2637772Z'/><EventRecordID>11482373</EventRecordID><Correlation/><Execution ProcessID='6112' ThreadID='9524'/><Channel>Microsoft-Windows-Sysmon/Operational</Channel><Computer>DESKTOP-85U97MI</Computer><Security UserID='S-1-5-18'/></System><EventData><Data Name='RuleName'>-</Data><Data Name='UtcTime'>2026-05-29 12:15:34.175</Data><Data Name='ProcessGuid'>{d9cf607a-779c-6a19-9c02-000000000d03}</Data><Data Name='ProcessId'>1180</Data><Data Name='Image'>E:\\Telegram Desktop\\Telegram.exe</Data><Data Name='User'>DESKTOP-85U97MI\\sseva</Data><Data Name='Protocol'>tcp</Data><Data Name='Initiated'>true</Data><Data Name='SourceIsIpv6'>false</Data><Data Name='SourceIp'>127.0.0.1</Data><Data Name='SourceHostname'>paranoid-checker.vercel.app</Data><Data Name='SourcePort'>49004</Data><Data Name='SourcePortName'>-</Data><Data Name='DestinationIsIpv6'>false</Data><Data Name='DestinationIp'>127.0.0.1</Data><Data Name='DestinationHostname'>paranoid-checker.vercel.app</Data><Data Name='DestinationPort'>1080</Data><Data Name='DestinationPortName'>-</Data></EventData></Event>","timestamp":1780056937}
{"cpu_load":14.713541984558105,"data":"<Event xmlns='http://schemas.microsoft.com/win/2004/08/events/event'><System><Provider Name='Microsoft-Windows-Sysmon' Guid='{5770385f-c22a-43e0-bf4c-06f5698ffbd9}'/><EventID>3</EventID><Version>5</Version><Level>4</Level><Task>3</Task><Opcode>0</Opcode><Keywords>0x8000000000000000</Keywords><TimeCreated SystemTime='2026-05-29T12:15:36.2637829Z'/><EventRecordID>11482374</EventRecordID><Correlation/><Execution ProcessID='6112' ThreadID='9524'/><Channel>Microsoft-Windows-Sysmon/Operational</Channel><Computer>DESKTOP-85U97MI</Computer><Security UserID='S-1-5-18'/></System><EventData><Data Name='RuleName'>-</Data><Data Name='UtcTime'>2026-05-29 12:15:34.175</Data><Data Name='ProcessGuid'>{d9cf607a-7b16-6a19-9b03-000000000d03}</Data><Data Name='ProcessId'>20172</Data><Data Name='Image'>E:\\Zagruzki iz C\\TgWsProxy.exe</Data><Data Name='User'>DESKTOP-85U97MI\\sseva</Data><Data Name='Protocol'>tcp</Data><Data Name='Initiated'>false</Data><Data Name='SourceIsIpv6'>false</Data><Data Name='SourceIp'>127.0.0.1</Data><Data Name='SourceHostname'>paranoid-checker.vercel.app</Data><Data Name='SourcePort'>49004</Data><Data Name='SourcePortName'>-</Data><Data Name='DestinationIsIpv6'>false</Data><Data Name='DestinationIp'>127.0.0.1</Data><Data Name='DestinationHostname'>paranoid-checker.vercel.app</Data><Data Name='DestinationPort'>1080</Data><Data Name='DestinationPortName'>-</Data></EventData></Event>","timestamp":1780056937}
{"cpu_load":14.713541984558105,"data":"<Event xmlns='http://schemas.microsoft.com/win/2004/08/events/event'><System><Provider Name='Microsoft-Windows-Sysmon' Guid='{5770385f-c22a-43e0-bf4c-06f5698ffbd9}'/><EventID>3</EventID><Version>5</Version><Level>4</Level><Task>3</Task><Opcode>0</Opcode><Keywords>0x8000000000000000</Keywords><TimeCreated SystemTime='2026-05-29T12:15:36.2637891Z'/><EventRecordID>11482375</EventRecordID><Correlation/><Execution ProcessID='6112' ThreadID='9524'/><Channel>Microsoft-Windows-Sysmon/Operational</Channel><Computer>DESKTOP-85U97MI</Computer><Security UserID='S-1-5-18'/></System><EventData><Data Name='RuleName'>-</Data><Data Name='UtcTime'>2026-05-29 12:15:34.176</Data><Data Name='ProcessGuid'>{d9cf607a-779c-6a19-9c02-000000000d03}</Data><Data Name='ProcessId'>1180</Data><Data Name='Image'>E:\\Telegram Desktop\\Telegram.exe</Data><Data Name='User'>DESKTOP-85U97MI\\sseva</Data><Data Name='Protocol'>tcp</Data><Data Name='Initiated'>true</Data><Data Name='SourceIsIpv6'>false</Data><Data Name='SourceIp'>127.0.0.1</Data><Data Name='SourceHostname'>paranoid-checker.vercel.app</Data><Data Name='SourcePort'>49006</Data><Data Name='SourcePortName'>-</Data><Data Name='DestinationIsIpv6'>false</Data><Data Name='DestinationIp'>127.0.0.1</Data><Data Name='DestinationHostname'>paranoid-checker.vercel.app</Data><Data Name='DestinationPort'>1080</Data><Data Name='DestinationPortName'>-</Data></EventData></Event>","timestamp":1780056937}
{"cpu_load":14.713541984558105,"data":"<Event xmlns='http://schemas.microsoft.com/win/2004/08/events/event'><System><Provider Name='Microsoft-Windows-Sysmon' Guid='{5770385f-c22a-43e0-bf4c-06f5698ffbd9}'/><EventID>3</EventID><Version>5</Version><Level>4</Level><Task>3</Task><Opcode>0</Opcode><Keywords>0x8000000000000000</Keywords><TimeCreated SystemTime='2026-05-29T12:15:36.2637948Z'/><EventRecordID>11482376</EventRecordID><Correlation/><Execution ProcessID='6112' ThreadID='9524'/><Channel>Microsoft-Windows-Sysmon/Operational</Channel><Computer>DESKTOP-85U97MI</Computer><Security UserID='S-1-5-18'/></System><EventData><Data Name='RuleName'>-</Data><Data Name='UtcTime'>2026-05-29 12:15:34.176</Data><Data Name='ProcessGuid'>{d9cf607a-7b16-6a19-9b03-000000000d03}</Data><Data Name='ProcessId'>20172</Data><Data Name='Image'>E:\\Zagruzki iz C\\TgWsProxy.exe</Data><Data Name='User'>DESKTOP-85U97MI\\sseva</Data><Data Name='Protocol'>tcp</Data><Data Name='Initiated'>false</Data><Data Name='SourceIsIpv6'>false</Data><Data Name='SourceIp'>127.0.0.1</Data><Data Name='SourceHostname'>paranoid-checker.vercel.app</Data><Data Name='SourcePort'>49006</Data><Data Name='SourcePortName'>-</Data><Data Name='DestinationIsIpv6'>false</Data><Data Name='DestinationIp'>127.0.0.1</Data><Data Name='DestinationHostname'>paranoid-checker.vercel.app</Data><Data Name='DestinationPort'>1080</Data><Data Name='DestinationPortName'>-</Data></EventData></Event>","timestamp":1780056937}
{"cpu_load":14.713541984558105,"data":"<Event xmlns='http://schemas.microsoft.com/win/2004/08/events/event'><System><Provider Name='Microsoft-Windows-Sysmon' Guid='{5770385f-c22a-43e0-bf4c-06f5698ffbd9}'/><EventID>3</EventID><Version>5</Version><Level>4</Level><Task>3</Task><Opcode>0</Opcode><Keywords>0x8000000000000000</Keywords><TimeCreated SystemTime='2026-05-29T12:15:36.2638003Z'/><EventRecordID>11482377</EventRecordID><Correlation/><Execution ProcessID='6112' ThreadID='9524'/><Channel>Microsoft-Windows-Sysmon/Operational</Channel><Computer>DESKTOP-85U97MI</Computer><Security UserID='S-1-5-18'/></System><EventData><Data Name='RuleName'>-</Data><Data Name='UtcTime'>2026-05-29 12:15:34.177</Data><Data Name='ProcessGuid'>{d9cf607a-779c-6a19-9c02-000000000d03}</Data><Data Name='ProcessId'>1180</Data><Data Name='Image'>E:\\Telegram Desktop\\Telegram.exe</Data><Data Name='User'>DESKTOP-85U97MI\\sseva</Data><Data Name='Protocol'>tcp</Data><Data Name='Initiated'>true</Data><Data Name='SourceIsIpv6'>false</Data><Data Name='SourceIp'>127.0.0.1</Data><Data Name='SourceHostname'>paranoid-checker.vercel.app</Data><Data Name='SourcePort'>49009</Data><Data Name='SourcePortName'>-</Data><Data Name='DestinationIsIpv6'>false</Data><Data Name='DestinationIp'>127.0.0.1</Data><Data Name='DestinationHostname'>paranoid-checker.vercel.app</Data><Data Name='DestinationPort'>1080</Data><Data Name='DestinationPortName'>-</Data></EventData></Event>","timestamp":1780056937}
{"cpu_load":14.713541984558105,"data":"<Event xmlns='http://schemas.microsoft.com/win/2004/08/events/event'><System><Provider Name='Microsoft-Windows-Sysmon' Guid='{5770385f-c22a-43e0-bf4c-06f5698ffbd9}'/><EventID>3</EventID><Version>5</Version><Level>4</Level><Task>3</Task><Opcode>0</Opcode><Keywords>0x8000000000000000</Keywords><TimeCreated SystemTime='2026-05-29T12:15:36.2638058Z'/><EventRecordID>11482378</EventRecordID><Correlation/><Execution ProcessID='6112' ThreadID='9524'/><Channel>Microsoft-Windows-Sysmon/Operational</Channel><Computer>DESKTOP-85U97MI</Computer><Security UserID='S-1-5-18'/></System><EventData><Data Name='RuleName'>-</Data><Data Name='UtcTime'>2026-05-29 12:15:34.177</Data><Data Name='ProcessGuid'>{d9cf607a-7b16-6a19-9b03-000000000d03}</Data><Data Name='ProcessId'>20172</Data><Data Name='Image'>E:\\Zagruzki iz C\\TgWsProxy.exe</Data><Data Name='User'>DESKTOP-85U97MI\\sseva</Data><Data Name='Protocol'>tcp</Data><Data Name='Initiated'>false</Data><Data Name='SourceIsIpv6'>false</Data><Data Name='SourceIp'>127.0.0.1</Data><Data Name='SourceHostname'>paranoid-checker.vercel.app</Data><Data Name='SourcePort'>49009</Data><Data Name='SourcePortName'>-</Data><Data Name='DestinationIsIpv6'>false</Data><Data Name='DestinationIp'>127.0.0.1</Data><Data Name='DestinationHostname'>paranoid-checker.vercel.app</Data><Data Name='DestinationPort'>1080</Data><Data Name='DestinationPortName'>-</Data></EventData></Event>","timestamp":1780056937}
{"cpu_load":14.713541984558105,"data":"<Event xmlns='http://schemas.microsoft.com/win/2004/08/events/event'><System><Provider Name='Microsoft-Windows-Sysmon' Guid='{5770385f-c22a-43e0-bf4c-06f5698ffbd9}'/><EventID>3</EventID><Version>5</Version><Level>4</Level><Task>3</Task><Opcode>0</Opcode><Keywords>0x8000000000000000</Keywords><TimeCreated SystemTime='2026-05-29T12:15:36.2638113Z'/><EventRecordID>11482379</EventRecordID><Correlation/><Execution ProcessID='6112' ThreadID='9524'/><Channel>Microsoft-Windows-Sysmon/Operational</Channel><Computer>DESKTOP-85U97MI</Computer><Security UserID='S-1-5-18'/></System><EventData><Data Name='RuleName'>-</Data><Data Name='UtcTime'>2026-05-29 12:15:34.189</Data><Data Name='ProcessGuid'>{d9cf607a-779c-6a19-9c02-000000000d03}</Data><Data Name='ProcessId'>1180</Data><Data Name='Image'>E:\\Telegram Desktop\\Telegram.exe</Data><Data Name='User'>DESKTOP-85U97MI\\sseva</Data><Data Name='Protocol'>tcp</Data><Data Name='Initiated'>true</Data><Data Name='SourceIsIpv6'>false</Data><Data Name='SourceIp'>127.0.0.1</Data><Data Name='SourceHostname'>paranoid-checker.vercel.app</Data><Data Name='SourcePort'>49010</Data><Data Name='SourcePortName'>-</Data><Data Name='DestinationIsIpv6'>false</Data><Data Name='DestinationIp'>127.0.0.1</Data><Data Name='DestinationHostname'>paranoid-checker.vercel.app</Data><Data Name='DestinationPort'>1080</Data><Data Name='DestinationPortName'>-</Data></EventData></Event>","timestamp":1780056937}
{"cpu_load":14.713541984558105,"data":"<Event xmlns='http://schemas.microsoft.com/win/2004/08/events/event'><System><Provider Name='Microsoft-Windows-Sysmon' Guid='{5770385f-c22a-43e0-bf4c-06f5698ffbd9}'/><EventID>3</EventID><Version>5</Version><Level>4</Level><Task>3</Task><Opcode>0</Opcode><Keywords>0x8000000000000000</Keywords><TimeCreated SystemTime='2026-05-29T12:15:36.2638169Z'/><EventRecordID>11482380</EventRecordID><Correlation/><Execution ProcessID='6112' ThreadID='9524'/><Channel>Microsoft-Windows-Sysmon/Operational</Channel><Computer>DESKTOP-85U97MI</Computer><Security UserID='S-1-5-18'/></System><EventData><Data Name='RuleName'>-</Data><Data Name='UtcTime'>2026-05-29 12:15:34.189</Data><Data Name='ProcessGuid'>{d9cf607a-7b16-6a19-9b03-000000000d03}</Data><Data Name='ProcessId'>20172</Data><Data Name='Image'>E:\\Zagruzki iz C\\TgWsProxy.exe</Data><Data Name='User'>DESKTOP-85U97MI\\sseva</Data><Data Name='Protocol'>tcp</Data><Data Name='Initiated'>false</Data><Data Name='SourceIsIpv6'>false</Data><Data Name='SourceIp'>127.0.0.1</Data><Data Name='SourceHostname'>paranoid-checker.vercel.app</Data><Data Name='SourcePort'>49010</Data><Data Name='SourcePortName'>-</Data><Data Name='DestinationIsIpv6'>false</Data><Data Name='DestinationIp'>127.0.0.1</Data><Data Name='DestinationHostname'>paranoid-checker.vercel.app</Data><Data Name='DestinationPort'>1080</Data><Data Name='DestinationPortName'>-</Data></EventData></Event>","timestamp":1780056937}
{"cpu_load":14.713541984558105,"data":"<Event xmlns='http://schemas.microsoft.com/win/2004/08/events/event'><System><Provider Name='Microsoft-Windows-Sysmon' Guid='{5770385f-c22a-43e0-bf4c-06f5698ffbd9}'/><EventID>3</EventID><Version>5</Version><Level>4</Level><Task>3</Task><Opcode>0</Opcode><Keywords>0x8000000000000000</Keywords><TimeCreated SystemTime='2026-05-29T12:15:36.2638224Z'/><EventRecordID>11482381</EventRecordID><Correlation/><Execution ProcessID='6112' ThreadID='9524'/><Channel>Microsoft-Windows-Sysmon/Operational</Channel><Computer>DESKTOP-85U97MI</Computer><Security UserID='S-1-5-18'/></System><EventData><Data Name='RuleName'>-</Data><Data Name='UtcTime'>2026-05-29 12:15:34.201</Data><Data Name='ProcessGuid'>{d9cf607a-779c-6a19-9c02-000000000d03}</Data><Data Name='ProcessId'>1180</Data><Data Name='Image'>E:\\Telegram Desktop\\Telegram.exe</Data><Data Name='User'>DESKTOP-85U97MI\\sseva</Data><Data Name='Protocol'>tcp</Data><Data Name='Initiated'>true</Data><Data Name='SourceIsIpv6'>false</Data><Data Name='SourceIp'>127.0.0.1</Data><Data Name='SourceHostname'>paranoid-checker.vercel.app</Data><Data Name='SourcePort'>49011</Data><Data Name='SourcePortName'>-</Data><Data Name='DestinationIsIpv6'>false</Data><Data Name='DestinationIp'>127.0.0.1</Data><Data Name='DestinationHostname'>paranoid-checker.vercel.app</Data><Data Name='DestinationPort'>1080</Data><Data Name='DestinationPortName'>-</Data></EventData></Event>","timestamp":1780056937}
{"cpu_load":14.713541984558105,"data":"<Event xmlns='http://schemas.microsoft.com/win/2004/08/events/event'><System><Provider Name='Microsoft-Windows-Sysmon' Guid='{5770385f-c22a-43e0-bf4c-06f5698ffbd9}'/><EventID>3</EventID><Version>5</Version><Level>4</Level><Task>3</Task><Opcode>0</Opcode><Keywords>0x8000000000000000</Keywords><TimeCreated SystemTime='2026-05-29T12:15:36.2638281Z'/><EventRecordID>11482382</EventRecordID><Correlation/><Execution ProcessID='6112' ThreadID='9524'/><Channel>Microsoft-Windows-Sysmon/Operational</Channel><Computer>DESKTOP-85U97MI</Computer><Security UserID='S-1-5-18'/></System><EventData><Data Name='RuleName'>-</Data><Data Name='UtcTime'>2026-05-29 12:15:34.201</Data><Data Name='ProcessGuid'>{d9cf607a-7b16-6a19-9b03-000000000d03}</Data><Data Name='ProcessId'>20172</Data><Data Name='Image'>E:\\Zagruzki iz C\\TgWsProxy.exe</Data><Data Name='User'>DESKTOP-85U97MI\\sseva</Data><Data Name='Protocol'>tcp</Data><Data Name='Initiated'>false</Data><Data Name='SourceIsIpv6'>false</Data><Data Name='SourceIp'>127.0.0.1</Data><Data Name='SourceHostname'>paranoid-checker.vercel.app</Data><Data Name='SourcePort'>49011</Data><Data Name='SourcePortName'>-</Data><Data Name='DestinationIsIpv6'>false</Data><Data Name='DestinationIp'>127.0.0.1</Data><Data Name='DestinationHostname'>paranoid-checker.vercel.app</Data><Data Name='DestinationPort'>1080</Data><Data Name='DestinationPortName'>-</Data></EventData></Event>","timestamp":1780056937}
{"cpu_load":14.713541984558105,"data":"<Event xmlns='http://schemas.microsoft.com/win/2004/08/events/event'><System><Provider Name='Microsoft-Windows-Sysmon' Guid='{5770385f-c22a-43e0-bf4c-06f5698ffbd9}'/><EventID>3</EventID><Version>5</Version><Level>4</Level><Task>3</Task><Opcode>0</Opcode><Keywords>0x8000000000000000</Keywords><TimeCreated SystemTime='2026-05-29T12:15:36.2638377Z'/><EventRecordID>11482383</EventRecordID><Correlation/><Execution ProcessID='6112' ThreadID='9524'/><Channel>Microsoft-Windows-Sysmon/Operational</Channel><Computer>DESKTOP-85U97MI</Computer><Security UserID='S-1-5-18'/></System><EventData><Data Name='RuleName'>-</Data><Data Name='UtcTime'>2026-05-29 12:15:34.916</Data><Data Name='ProcessGuid'>{d9cf607a-7655-6a19-3c00-000000000d03}</Data><Data Name='ProcessId'>3268</Data><Data Name='Image'>C:\\Windows\\System32\\svchost.exe</Data><Data Name='User'>NT AUTHORITY\\NETWORK SERVICE</Data><Data Name='Protocol'>udp</Data><Data Name='Initiated'>true</Data><Data Name='SourceIsIpv6'>false</Data><Data Name='SourceIp'>85.143.15.202</Data><Data Name='SourceHostname'>DESKTOP-85U97MI</Data><Data Name='SourcePort'>55715</Data><Data Name='SourcePortName'>-</Data><Data Name='DestinationIsIpv6'>false</Data><Data Name='DestinationIp'>85.143.0.30</Data><Data Name='DestinationHostname'>ns.unn.ru</Data><Data Name='DestinationPort'>53</Data><Data Name='DestinationPortName'>domain</Data></EventData></Event>","timestamp":1780056937}
{"cpu_load":14.713541984558105,"data":"<Event xmlns='http://schemas.microsoft.com/win/2004/08/events/event'><System><Provider Name='Microsoft-Windows-Sysmon' Guid='{5770385f-c22a-43e0-bf4c-06f5698ffbd9}'/><EventID>3</EventID><Version>5</Version><Level>4</Level><Task>3</Task><Opcode>0</Opcode><Keywords>0x8000000000000000</Keywords><TimeCreated SystemTime='2026-05-29T12:15:36.2638462Z'/><EventRecordID>11482384</EventRecordID><Correlation/><Execution ProcessID='6112' ThreadID='9524'/><Channel>Microsoft-Windows-Sysmon/Operational</Channel><Computer>DESKTOP-85U97MI</Computer><Security UserID='S-1-5-18'/></System><EventData><Data Name='RuleName'>-</Data><Data Name='UtcTime'>2026-05-29 12:15:34.972</Data><Data Name='ProcessGuid'>{d9cf607a-7796-6a19-7b02-000000000d03}</Data><Data Name='ProcessId'>17852</Data><Data Name='Image'>C:\\Program Files\\Google\\Chrome\\Application\\chrome.exe</Data><Data Name='User'>DESKTOP-85U97MI\\sseva</Data><Data Name='Protocol'>tcp</Data><Data Name='Initiated'>true</Data><Data Name='SourceIsIpv6'>false</Data><Data Name='SourceIp'>85.143.15.202</Data><Data Name='SourceHostname'>DESKTOP-85U97MI</Data><Data Name='SourcePort'>49012</Data><Data Name='SourcePortName'>-</Data><Data Name='DestinationIsIpv6'>false</Data><Data Name='DestinationIp'>37.130.194.48</Data><Data Name='DestinationHostname'>-</Data><Data Name='DestinationPort'>443</Data><Data Name='DestinationPortName'>https</Data></EventData></Event>","timestamp":1780056937}
{"cpu_load":21.35416603088379,"data":"<Event xmlns='http://schemas.microsoft.com/win/2004/08/events/event'><System><Provider Name='Microsoft-Windows-Sysmon' Guid='{5770385f-c22a-43e0-bf4c-06f5698ffbd9}'/><EventID>3</EventID><Version>5</Version><Level>4</Level><Task>3</Task><Opcode>0</Opcode><Keywords>0x8000000000000000</Keywords><TimeCreated SystemTime='2026-05-29T12:15:37.2662826Z'/><EventRecordID>11482385</EventRecordID><Correlation/><Execution ProcessID='6112' ThreadID='9524'/><Channel>Microsoft-Windows-Sysmon/Operational</Channel><Computer>DESKTOP-85U97MI</Computer><Security UserID='S-1-5-18'/></System><EventData><Data Name='RuleName'>-</Data><Data Name='UtcTime'>2026-05-29 12:15:35.338</Data><Data Name='ProcessGuid'>{d9cf607a-7655-6a19-3c00-000000000d03}</Data><Data Name='ProcessId'>3268</Data><Data Name='Image'>C:\\Windows\\System32\\svchost.exe</Data><Data Name='User'>NT AUTHORITY\\NETWORK SERVICE</Data><Data Name='Protocol'>udp</Data><Data Name='Initiated'>true</Data><Data Name='SourceIsIpv6'>false</Data><Data Name='SourceIp'>85.143.15.202</Data><Data Name='SourceHostname'>DESKTOP-85U97MI</Data><Data Name='SourcePort'>58252</Data><Data Name='SourcePortName'>-</Data><Data Name='DestinationIsIpv6'>false</Data><Data Name='DestinationIp'>85.143.0.30</Data><Data Name='DestinationHostname'>ns.unn.ru</Data><Data Name='DestinationPort'>53</Data><Data Name='DestinationPortName'>domain</Data></EventData></Event>","timestamp":1780056938}
{"cpu_load":21.35416603088379,"data":"<Event xmlns='http://schemas.microsoft.com/win/2004/08/events/event'><System><Provider Name='Microsoft-Windows-Sysmon' Guid='{5770385f-c22a-43e0-bf4c-06f5698ffbd9}'/><EventID>3</EventID><Version>5</Version><Level>4</Level><Task>3</Task><Opcode>0</Opcode><Keywords>0x8000000000000000</Keywords><TimeCreated SystemTime='2026-05-29T12:15:37.2662996Z'/><EventRecordID>11482386</EventRecordID><Correlation/><Execution ProcessID='6112' ThreadID='9524'/><Channel>Microsoft-Windows-Sysmon/Operational</Channel><Computer>DESKTOP-85U97MI</Computer><Security UserID='S-1-5-18'/></System><EventData><Data Name='RuleName'>-</Data><Data Name='UtcTime'>2026-05-29 12:15:35.365</Data><Data Name='ProcessGuid'>{d9cf607a-7796-6a19-7b02-000000000d03}</Data><Data Name='ProcessId'>17852</Data><Data Name='Image'>C:\\Program Files\\Google\\Chrome\\Application\\chrome.exe</Data><Data Name='User'>DESKTOP-85U97MI\\sseva</Data><Data Name='Protocol'>tcp</Data><Data Name='Initiated'>true</Data><Data Name='SourceIsIpv6'>false</Data><Data Name='SourceIp'>85.143.15.202</Data><Data Name='SourceHostname'>DESKTOP-85U97MI</Data><Data Name='SourcePort'>49013</Data><Data Name='SourcePortName'>-</Data><Data Name='DestinationIsIpv6'>false</Data><Data Name='DestinationIp'>209.85.233.139</Data><Data Name='DestinationHostname'>lr-in-f139.1e100.net</Data><Data Name='DestinationPort'>443</Data><Data Name='DestinationPortName'>https</Data></EventData></Event>","timestamp":1780056938}
