{"cpu_load":12.588729858398438,"data":"<Event xmlns='http://schemas.microsoft.com/win/2004/08/events/event'><System><Provider Name='Microsoft-Windows-Sysmon' Guid='{5770385f-c22a-43e0-bf4c-06f5698ffbd9}'/><EventID>5</EventID><Version>3</Version><Level>4</Level><Task>5</Task><Opcode>0</Opcode><Keywords>0x8000000000000000</Keywords><TimeCreated SystemTime='2026-05-29T12:14:23.1890084Z'/><EventRecordID>11481851</EventRecordID><Correlation/><Execution ProcessID='6112' ThreadID='9512'/><Channel>Microsoft-Windows-Sysmon/Operational</Channel><Computer>DESKTOP-85U97MI</Computer><Security UserID='S-1-5-18'/></System><EventData><Data Name='RuleName'>-</Data><Data Name='UtcTime'>2026-05-29 12:14:23.188</Data><Data Name='ProcessGuid'>{d9cf607a-831d-6a19-aa05-000000000d03}</Data><Data Name='ProcessId'>1520</Data><Data Name='Image'>E:\\vs\\VC\\Tools\\MSVC\\14.39.33519\\bin\\Hostx64\\x64\\cl.exe</Data><Data Name='User'>DESKTOP-85U97MI\\sseva</Data></EventData></Event>","timestamp":1780056864}
{"cpu_load":12.588729858398438,"data":"<Event xmlns='http://schemas.microsoft.com/win/2004/08/events/event'><System><Provider Name='Microsoft-Windows-Sysmon' Guid='{5770385f-c22a-43e0-bf4c-06f5698ffbd9}'/><EventID>5</EventID><Version>3</Version><Level>4</Level><Task>5</Task><Opcode>0</Opcode><Keywords>0x8000000000000000</Keywords><TimeCreated SystemTime='2026-05-29T12:14:23.1933353Z'/><EventRecordID>11481852</EventRecordID><Correlation/><Execution ProcessID='6112' ThreadID='9512'/><Channel>Microsoft-Windows-Sysmon/Operational</Channel><Computer>DESKTOP-85U97MI</Computer><Security UserID='S-1-5-18'/></System><EventData><Data Name='RuleName'>-</Data><Data Name='UtcTime'>2026-05-29 12:14:23.193</Data><Data Name='ProcessGuid'>{d9cf607a-831d-6a19-a805-000000000d03}</Data><Data Name='ProcessId'>29136</Data><Data Name='Image'>E:\\vs\\MSBuild\\Current\\Bin\\amd64\\Tracker.exe</Data><Data Name='User'>DESKTOP-85U97MI\\sseva</Data></EventData></Event>","timestamp":1780056864}
{"cpu_load":12.588729858398438,"data":"<Event xmlns='http://schemas.microsoft.com/win/2004/08/events/event'><System><Provider Name='Microsoft-Windows-Sysmon' Guid='{5770385f-c22a-43e0-bf4c-06f5698ffbd9}'/><EventID>5</EventID><Version>3</Version><Level>4</Level><Task>5</Task><Opcode>0</Opcode><Keywords>0x8000000000000000</Keywords><TimeCreated SystemTime='2026-05-29T12:14:23.1939081Z'/><EventRecordID>11481853</EventRecordID><Correlation/><Execution ProcessID='6112' ThreadID='9512'/><Channel>Microsoft-Windows-Sysmon/Operational</Channel><Computer>DESKTOP-85U97MI</Computer><Security UserID='S-1-5-18'/></System><EventData><Data Name='RuleName'>-</Data><Data Name='UtcTime'>2026-05-29 12:14:23.193</Data><Data Name='ProcessGuid'>{d9cf607a-831d-6a19-a905-000000000d03}</Data><Data Name='ProcessId'>6276</Data><Data Name='Image'>C:\\Windows\\System32\\conhost.exe</Data><Data Name='User'>DESKTOP-85U97MI\\sseva</Data></EventData></Event>","timestamp":1780056864}
{"cpu_load":12.588729858398438,"data":"<Event xmlns='http://schemas.microsoft.com/win/2004/08/events/event'><System><Provider Name='Microsoft-Windows-Sysmon' Guid='{5770385f-c22a-43e0-bf4c-06f5698ffbd9}'/><EventID>1</EventID><Version>5</Version><Level>4</Level><Task>1</Task><Opcode>0</Opcode><Keywords>0x8000000000000000</Keywords><TimeCreated SystemTime='2026-05-29T12:14:23.2803282Z'/><EventRecordID>11481854</EventRecordID><Correlation/><Execution ProcessID='6112' ThreadID='9512'/><Channel>Microsoft-Windows-Sysmon/Operational</Channel><Computer>DESKTOP-85U97MI</Computer><Security UserID='S-1-5-18'/></System><EventData><Data Name='RuleName'>-</Data><Data Name='UtcTime'>2026-05-29 12:14:23.278</Data><Data Name='ProcessGuid'>{d9cf607a-831f-6a19-ab05-000000000d03}</Data><Data Name='ProcessId'>3024</Data><Data Name='Image'>E:\\vs\\MSBuild\\Current\\Bin\\amd64\\Tracker.exe</Data><Data Name='FileVersion'>17.0.36015.10 built by: d17.14</Data><Data Name='Description'>Tracker</Data><Data Name='Product'>Microsoft® Build Tools®</Data><Data Name='Company'>Microsoft Corporation</Data><Data Name='OriginalFileName'>Tracker.exe</Data><Data Name='CommandLine'>\"E:\\vs\\MSBuild\\Current\\Bin\\amd64\\Tracker.exe\" /a @\"C:\\Users\\sseva\\AppData\\Local\\Temp\\tmp7faa9f0176e3463eb399af52c25abb63.tmp\" /c E:\\vs\\VC\\Tools\\MSVC\\14.39.33519\\bin\\HostX64\\x64\\link.exe  /ERRORREPORT:PROMPT @\"C:\\Users\\sseva\\AppData\\Local\\Temp\\MSBuildTemp\\tmpa564dd5b48444b779de327e8904bf57f.rsp\"</Data><Data Name='CurrentDirectory'>E:\\VisualStudio\\Sysmon-parser\\Sysmon-parser\\</Data><Data Name='User'>DESKTOP-85U97MI\\sseva</Data><Data Name='LogonGuid'>{d9cf607a-765a-6a19-d2fd-0f0000000000}</Data><Data Name='LogonId'>0xffdd2</Data><Data Name='TerminalSessionId'>1</Data><Data Name='IntegrityLevel'>High</Data><Data Name='Hashes'>SHA256=E4C2DA7394C9B6E30D3E169841FB1AF18756D9E98D2A20A8F0972B2793A13F45</Data><Data Name='ParentProcessGuid'>{d9cf607a-831c-6a19-a605-000000000d03}</Data><Data Name='ParentProcessId'>18824</Data><Data Name='ParentImage'>E:\\vs\\MSBuild\\Current\\Bin\\amd64\\MSBuild.exe</Data><Data Name='ParentCommandLine'>\"E:\\vs\\MSBuild\\Current\\Bin\\amd64\\MSBuild.exe\" /noautoresponse /nologo /nodemode:1 /nodeReuse:true /low:false</Data><Data Name='ParentUser'>DESKTOP-85U97MI\\sseva</Data></EventData></Event>","timestamp":1780056864}
{"cpu_load":12.588729858398438,"data":"<Event xmlns='http://schemas.microsoft.com/win/2004/08/events/event'><System><Provider Name='Microsoft-Windows-Sysmon' Guid='{5770385f-c22a-43e0-bf4c-06f5698ffbd9}'/><EventID>1</EventID><Version>5</Version><Level>4</Level><Task>1</Task><Opcode>0</Opcode><Keywords>0x8000000000000000</Keywords><TimeCreated SystemTime='2026-05-29T12:14:23.2835768Z'/><EventRecordID>11481855</EventRecordID><Correlation/><Execution ProcessID='6112' ThreadID='9512'/><Channel>Microsoft-Windows-Sysmon/Operational</Channel><Computer>DESKTOP-85U97MI</Computer><Security UserID='S-1-5-18'/></System><EventData><Data Name='RuleName'>-</Data><Data Name='UtcTime'>2026-05-29 12:14:23.281</Data><Data Name='ProcessGuid'>{d9cf607a-831f-6a19-ac05-000000000d03}</Data><Data Name='ProcessId'>24724</Data><Data Name='Image'>C:\\Windows\\System32\\conhost.exe</Data><Data Name='FileVersion'>10.0.19041.5198 (WinBuild.160101.0800)</Data><Data Name='Description'>Console Window Host</Data><Data Name='Product'>Microsoft® Windows® Operating System</Data><Data Name='Company'>Microsoft Corporation</Data><Data Name='OriginalFileName'>CONHOST.EXE</Data><Data Name='CommandLine'>\\??\\C:\\Windows\\system32\\conhost.exe 0xffffffff -ForceV1</Data><Data Name='CurrentDirectory'>C:\\Windows</Data><Data Name='User'>DESKTOP-85U97MI\\sseva</Data><Data Name='LogonGuid'>{d9cf607a-765a-6a19-d2fd-0f0000000000}</Data><Data Name='LogonId'>0xffdd2</Data><Data Name='TerminalSessionId'>1</Data><Data Name='IntegrityLevel'>High</Data><Data Name='Hashes'>SHA256=B02EE54FB2EC69673386D41119EE8ED083A6EAB3BFCA6AA2155D20CE68EF8963</Data><Data Name='ParentProcessGuid'>{d9cf607a-831f-6a19-ab05-000000000d03}</Data><Data Name='ParentProcessId'>3024</Data><Data Name='ParentImage'>E:\\vs\\MSBuild\\Current\\Bin\\amd64\\Tracker.exe</Data><Data Name='ParentCommandLine'>\"E:\\vs\\MSBuild\\Current\\Bin\\amd64\\Tracker.exe\" /a @\"C:\\Users\\sseva\\AppData\\Local\\Temp\\tmp7faa9f0176e3463eb399af52c25abb63.tmp\" /c E:\\vs\\VC\\Tools\\MSVC\\14.39.33519\\bin\\HostX64\\x64\\link.exe  /ERRORREPORT:PROMPT @\"C:\\Users\\sseva\\AppData\\Local\\Temp\\MSBuildTemp\\tmpa564dd5b48444b779de327e8904bf57f.rsp\"</Data><Data Name='ParentUser'>DESKTOP-85U97MI\\sseva</Data></EventData></Event>","timestamp":1780056864}
{"cpu_load":12.588729858398438,"data":"<Event xmlns='http://schemas.microsoft.com/win/2004/08/events/event'><System><Provider Name='Microsoft-Windows-Sysmon' Guid='{5770385f-c22a-43e0-bf4c-06f5698ffbd9}'/><EventID>1</EventID><Version>5</Version><Level>4</Level><Task>1</Task><Opcode>0</Opcode><Keywords>0x8000000000000000</Keywords><TimeCreated SystemTime='2026-05-29T12:14:23.3002509Z'/><EventRecordID>11481856</EventRecordID><Correlation/><Execution ProcessID='6112' ThreadID='9512'/><Channel>Microsoft-Windows-Sysmon/Operational</Channel><Computer>DESKTOP-85U97MI</Computer><Security UserID='S-1-5-18'/></System><EventData><Data Name='RuleName'>-</Data><Data Name='UtcTime'>2026-05-29 12:14:23.297</Data><Data Name='ProcessGuid'>{d9cf607a-831f-6a19-ad05-000000000d03}</Data><Data Name='ProcessId'>18004</Data><Data Name='Image'>E:\\vs\\VC\\Tools\\MSVC\\14.39.33519\\bin\\Hostx64\\x64\\link.exe</Data><Data Name='FileVersion'>14.39.33523.0</Data><Data Name='Description'>Microsoft® Incremental Linker</Data><Data Name='Product'>Microsoft® Visual Studio®</Data><Data Name='Company'>Microsoft Corporation</Data><Data Name='OriginalFileName'>LINK.EXE</Data><Data Name='CommandLine'>E:\\vs\\VC\\Tools\\MSVC\\14.39.33519\\bin\\HostX64\\x64\\link.exe /ERRORREPORT:PROMPT @C:\\Users\\sseva\\AppData\\Local\\Temp\\MSBuildTemp\\tmpa564dd5b48444b779de327e8904bf57f.rsp</Data><Data Name='CurrentDirectory'>E:\\VisualStudio\\Sysmon-parser\\Sysmon-parser\\</Data><Data Name='User'>DESKTOP-85U97MI\\sseva</Data><Data Name='LogonGuid'>{d9cf607a-765a-6a19-d2fd-0f0000000000}</Data><Data Name='LogonId'>0xffdd2</Data><Data Name='TerminalSessionId'>1</Data><Data Name='IntegrityLevel'>High</Data><Data Name='Hashes'>SHA256=C103A76C3E9A8F02D0D06F0737BD76CCE8B827FF84007FDB152BBDAC10D17025</Data><Data Name='ParentProcessGuid'>{d9cf607a-831f-6a19-ab05-000000000d03}</Data><Data Name='ParentProcessId'>3024</Data><Data Name='ParentImage'>E:\\vs\\MSBuild\\Current\\Bin\\amd64\\Tracker.exe</Data><Data Name='ParentCommandLine'>\"E:\\vs\\MSBuild\\Current\\Bin\\amd64\\Tracker.exe\" /a @\"C:\\Users\\sseva\\AppData\\Local\\Temp\\tmp7faa9f0176e3463eb399af52c25abb63.tmp\" /c E:\\vs\\VC\\Tools\\MSVC\\14.39.33519\\bin\\HostX64\\x64\\link.exe  /ERRORREPORT:PROMPT @\"C:\\Users\\sseva\\AppData\\Local\\Temp\\MSBuildTemp\\tmpa564dd5b48444b779de327e8904bf57f.rsp\"</Data><Data Name='ParentUser'>DESKTOP-85U97MI\\sseva</Data></EventData></Event>","timestamp":1780056864}
{"cpu_load":12.588729858398438,"data":"<Event xmlns='http://schemas.microsoft.com/win/2004/08/events/event'><System><Provider Name='Microsoft-Windows-Sysmon' Guid='{5770385f-c22a-43e0-bf4c-06f5698ffbd9}'/><EventID>3</EventID><Version>5</Version><Level>4</Level><Task>3</Task><Opcode>0</Opcode><Keywords>0x8000000000000000</Keywords><TimeCreated SystemTime='2026-05-29T12:14:23.3993500Z'/><EventRecordID>11481857</EventRecordID><Correlation/><Execution ProcessID='6112' ThreadID='9524'/><Channel>Microsoft-Windows-Sysmon/Operational</Channel><Computer>DESKTOP-85U97MI</Computer><Security UserID='S-1-5-18'/></System><EventData><Data Name='RuleName'>-</Data><Data Name='UtcTime'>2026-05-29 12:14:22.155</Data><Data Name='ProcessGuid'>{d9cf607a-779c-6a19-9c02-000000000d03}</Data><Data Name='ProcessId'>1180</Data><Data Name='Image'>E:\\Telegram Desktop\\Telegram.exe</Data><Data Name='User'>DESKTOP-85U97MI\\sseva</Data><Data Name='Protocol'>tcp</Data><Data Name='Initiated'>true</Data><Data Name='SourceIsIpv6'>false</Data><Data Name='SourceIp'>127.0.0.1</Data><Data Name='SourceHostname'>paranoid-checker.vercel.app</Data><Data Name='SourcePort'>34898</Data><Data Name='SourcePortName'>-</Data><Data Name='DestinationIsIpv6'>false</Data><Data Name='DestinationIp'>127.0.0.1</Data><Data Name='DestinationHostname'>paranoid-checker.vercel.app</Data><Data Name='DestinationPort'>1080</Data><Data Name='DestinationPortName'>-</Data></EventData></Event>","timestamp":1780056864}
{"cpu_load":12.588729858398438,"data":"<Event xmlns='http://schemas.microsoft.com/win/2004/08/events/event'><System><Provider Name='Microsoft-Windows-Sysmon' Guid='{5770385f-c22a-43e0-bf4c-06f5698ffbd9}'/><EventID>3</EventID><Version>5</Version><Level>4</Level><Task>3</Task><Opcode>0</Opcode><Keywords>0x8000000000000000</Keywords><TimeCreated SystemTime='2026-05-29T12:14:23.3993673Z'/><EventRecordID>11481858</EventRecordID><Correlation/><Execution ProcessID='6112' ThreadID='9524'/><Channel>Microsoft-Windows-Sysmon/Operational</Channel><Computer>DESKTOP-85U97MI</Computer><Security UserID='S-1-5-18'/></System><EventData><Data Name='RuleName'>-</Data><Data Name='UtcTime'>2026-05-29 12:14:22.155</Data><Data Name='ProcessGuid'>{d9cf607a-7b16-6a19-9b03-000000000d03}</Data><Data Name='ProcessId'>20172</Data><Data Name='Image'>E:\\Zagruzki iz C\\TgWsProxy.exe</Data><Data Name='User'>DESKTOP-85U97MI\\sseva</Data><Data Name='Protocol'>tcp</Data><Data Name='Initiated'>false</Data><Data Name='SourceIsIpv6'>false</Data><Data Name='SourceIp'>127.0.0.1</Data><Data Name='SourceHostname'>paranoid-checker.vercel.app</Data><Data Name='SourcePort'>34898</Data><Data Name='SourcePortName'>-</Data><Data Name='DestinationIsIpv6'>false</Data><Data Name='DestinationIp'>127.0.0.1</Data><Data Name='DestinationHostname'>paranoid-checker.vercel.app</Data><Data Name='DestinationPort'>1080</Data><Data Name='DestinationPortName'>-</Data></EventData></Event>","timestamp":1780056864}
{"cpu_load":12.588729858398438,"data":"<Event xmlns='http://schemas.microsoft.com/win/2004/08/events/event'><System><Provider Name='Microsoft-Windows-Sysmon' Guid='{5770385f-c22a-43e0-bf4c-06f5698ffbd9}'/><EventID>3</EventID><Version>5</Version><Level>4</Level><Task>3</Task><Opcode>0</Opcode><Keywords>0x8000000000000000</Keywords><TimeCreated SystemTime='2026-05-29T12:14:23.3993730Z'/><EventRecordID>11481859</EventRecordID><Correlation/><Execution ProcessID='6112' ThreadID='9524'/><Channel>Microsoft-Windows-Sysmon/Operational</Channel><Computer>DESKTOP-85U97MI</Computer><Security UserID='S-1-5-18'/></System><EventData><Data Name='RuleName'>-</Data><Data Name='UtcTime'>2026-05-29 12:14:22.155</Data><Data Name='ProcessGuid'>{d9cf607a-779c-6a19-9c02-000000000d03}</Data><Data Name='ProcessId'>1180</Data><Data Name='Image'>E:\\Telegram Desktop\\Telegram.exe</Data><Data Name='User'>DESKTOP-85U97MI\\sseva</Data><Data Name='Protocol'>tcp</Data><Data Name='Initiated'>true</Data><Data Name='SourceIsIpv6'>false</Data><Data Name='SourceIp'>127.0.0.1</Data><Data Name='SourceHostname'>paranoid-checker.vercel.app</Data><Data Name='SourcePort'>34899</Data><Data Name='SourcePortName'>-</Data><Data Name='DestinationIsIpv6'>false</Data><Data Name='DestinationIp'>127.0.0.1</Data><Data Name='DestinationHostname'>paranoid-checker.vercel.app</Data><Data Name='DestinationPort'>1080</Data><Data Name='DestinationPortName'>-</Data></EventData></Event>","timestamp":1780056864}
{"cpu_load":12.588729858398438,"data":"<Event xmlns='http://schemas.microsoft.com/win/2004/08/events/event'><System><Provider Name='Microsoft-Windows-Sysmon' Guid='{5770385f-c22a-43e0-bf4c-06f5698ffbd9}'/><EventID>3</EventID><Version>5</Version><Level>4</Level><Task>3</Task><Opcode>0</Opcode><Keywords>0x8000000000000000</Keywords><TimeCreated SystemTime='2026-05-29T12:14:23.3993767Z'/><EventRecordID>11481860</EventRecordID><Correlation/><Execution ProcessID='6112' ThreadID='9524'/><Channel>Microsoft-Windows-Sysmon/Operational</Channel><Computer>DESKTOP-85U97MI</Computer><Security UserID='S-1-5-18'/></System><EventData><Data Name='RuleName'>-</Data><Data Name='UtcTime'>2026-05-29 12:14:22.155</Data><Data Name='ProcessGuid'>{d9cf607a-7b16-6a19-9b03-000000000d03}</Data><Data Name='ProcessId'>20172</Data><Data Name='Image'>E:\\Zagruzki iz C\\TgWsProxy.exe</Data><Data Name='User'>DESKTOP-85U97MI\\sseva</Data><Data Name='Protocol'>tcp</Data><Data Name='Initiated'>false</Data><Data Name='SourceIsIpv6'>false</Data><Data Name='SourceIp'>127.0.0.1</Data><Data Name='SourceHostname'>paranoid-checker.vercel.app</Data><Data Name='SourcePort'>34899</Data><Data Name='SourcePortName'>-</Data><Data Name='DestinationIsIpv6'>false</Data><Data Name='DestinationIp'>127.0.0.1</Data><Data Name='DestinationHostname'>paranoid-checker.vercel.app</Data><Data Name='DestinationPort'>1080</Data><Data Name='DestinationPortName'>-</Data></EventData></Event>","timestamp":1780056864}
{"cpu_load":12.588729858398438,"data":"<Event xmlns='http://schemas.microsoft.com/win/2004/08/events/event'><System><Provider Name='Microsoft-Windows-Sysmon' Guid='{5770385f-c22a-43e0-bf4c-06f5698ffbd9}'/><EventID>3</EventID><Version>5</Version><Level>4</Level><Task>3</Task><Opcode>0</Opcode><Keywords>0x8000000000000000</Keywords><TimeCreated SystemTime='2026-05-29T12:14:23.3993809Z'/><EventRecordID>11481861</EventRecordID><Correlation/><Execution ProcessID='6112' ThreadID='9524'/><Channel>Microsoft-Windows-Sysmon/Operational</Channel><Computer>DESKTOP-85U97MI</Computer><Security UserID='S-1-5-18'/></System><EventData><Data Name='RuleName'>-</Data><Data Name='UtcTime'>2026-05-29 12:14:22.166</Data><Data Name='ProcessGuid'>{d9cf607a-779c-6a19-9c02-000000000d03}</Data><Data Name='ProcessId'>1180</Data><Data Name='Image'>E:\\Telegram Desktop\\Telegram.exe</Data><Data Name='User'>DESKTOP-85U97MI\\sseva</Data><Data Name='Protocol'>tcp</Data><Data Name='Initiated'>true</Data><Data Name='SourceIsIpv6'>false</Data><Data Name='SourceIp'>127.0.0.1</Data><Data Name='SourceHostname'>paranoid-checker.vercel.app</Data><Data Name='SourcePort'>34900</Data><Data Name='SourcePortName'>-</Data><Data Name='DestinationIsIpv6'>false</Data><Data Name='DestinationIp'>127.0.0.1</Data><Data Name='DestinationHostname'>paranoid-checker.vercel.app</Data><Data Name='DestinationPort'>1080</Data><Data Name='DestinationPortName'>-</Data></EventData></Event>","timestamp":1780056864}
{"cpu_load":12.588729858398438,"data":"<Event xmlns='http://schemas.microsoft.com/win/2004/08/events/event'><System><Provider Name='Microsoft-Windows-Sysmon' Guid='{5770385f-c22a-43e0-bf4c-06f5698ffbd9}'/><EventID>3</EventID><Version>5</Version><Level>4</Level><Task>3</Task><Opcode>0</Opcode><Keywords>0x8000000000000000</Keywords><TimeCreated SystemTime='2026-05-29T12:14:23.3993842Z'/><EventRecordID>11481862</EventRecordID><Correlation/><Execution ProcessID='6112' ThreadID='9524'/><Channel>Microsoft-Windows-Sysmon/Operational</Channel><Computer>DESKTOP-85U97MI</Computer><Security UserID='S-1-5-18'/></System><EventData><Data Name='RuleName'>-</Data><Data Name='UtcTime'>2026-05-29 12:14:22.166</Data><Data Name='ProcessGuid'>{d9cf607a-7b16-6a19-9b03-000000000d03}</Data><Data Name='ProcessId'>20172</Data><Data Name='Image'>E:\\Zagruzki iz C\\TgWsProxy.exe</Data><Data Name='User'>DESKTOP-85U97MI\\sseva</Data><Data Name='Protocol'>tcp</Data><Data Name='Initiated'>false</Data><Data Name='SourceIsIpv6'>false</Data><Data Name='SourceIp'>127.0.0.1</Data><Data Name='SourceHostname'>paranoid-checker.vercel.app</Data><Data Name='SourcePort'>34900</Data><Data Name='SourcePortName'>-</Data><Data Name='DestinationIsIpv6'>false</Data><Data Name='DestinationIp'>127.0.0.1</Data><Data Name='DestinationHostname'>paranoid-checker.vercel.app</Data><Data Name='DestinationPort'>1080</Data><Data Name='DestinationPortName'>-</Data></EventData></Event>","timestamp":1780056864}
{"cpu_load":12.588729858398438,"data":"<Event xmlns='http://schemas.microsoft.com/win/2004/08/events/event'><System><Provider Name='Microsoft-Windows-Sysmon' Guid='{5770385f-c22a-43e0-bf4c-06f5698ffbd9}'/><EventID>3</EventID><Version>5</Version><Level>4</Level><Task>3</Task><Opcode>0</Opcode><Keywords>0x8000000000000000</Keywords><TimeCreated SystemTime='2026-05-29T12:14:23.3993885Z'/><EventRecordID>11481863</EventRecordID><Correlation/><Execution ProcessID='6112' ThreadID='9524'/><Channel>Microsoft-Windows-Sysmon/Operational</Channel><Computer>DESKTOP-85U97MI</Computer><Security UserID='S-1-5-18'/></System><EventData><Data Name='RuleName'>-</Data><Data Name='UtcTime'>2026-05-29 12:14:22.167</Data><Data Name='ProcessGuid'>{d9cf607a-779c-6a19-9c02-000000000d03}</Data><Data Name='ProcessId'>1180</Data><Data Name='Image'>E:\\Telegram Desktop\\Telegram.exe</Data><Data Name='User'>DESKTOP-85U97MI\\sseva</Data><Data Name='Protocol'>tcp</Data><Data Name='Initiated'>true</Data><Data Name='SourceIsIpv6'>false</Data><Data Name='SourceIp'>127.0.0.1</Data><Data Name='SourceHostname'>paranoid-checker.vercel.app</Data><Data Name='SourcePort'>34902</Data><Data Name='SourcePortName'>-</Data><Data Name='DestinationIsIpv6'>false</Data><Data Name='DestinationIp'>127.0.0.1</Data><Data Name='DestinationHostname'>paranoid-checker.vercel.app</Data><Data Name='DestinationPort'>1080</Data><Data Name='DestinationPortName'>-</Data></EventData></Event>","timestamp":1780056864}
{"cpu_load":12.588729858398438,"data":"<Event xmlns='http://schemas.microsoft.com/win/2004/08/events/event'><System><Provider Name='Microsoft-Windows-Sysmon' Guid='{5770385f-c22a-43e0-bf4c-06f5698ffbd9}'/><EventID>3</EventID><Version>5</Version><Level>4</Level><Task>3</Task><Opcode>0</Opcode><Keywords>0x8000000000000000</Keywords><TimeCreated SystemTime='2026-05-29T12:14:23.3993917Z'/><EventRecordID>11481864</EventRecordID><Correlation/><Execution ProcessID='6112' ThreadID='9524'/><Channel>Microsoft-Windows-Sysmon/Operational</Channel><Computer>DESKTOP-85U97MI</Computer><Security UserID='S-1-5-18'/></System><EventData><Data Name='RuleName'>-</Data><Data Name='UtcTime'>2026-05-29 12:14:22.167</Data><Data Name='ProcessGuid'>{d9cf607a-7b16-6a19-9b03-000000000d03}</Data><Data Name='ProcessId'>20172</Data><Data Name='Image'>E:\\Zagruzki iz C\\TgWsProxy.exe</Data><Data Name='User'>DESKTOP-85U97MI\\sseva</Data><Data Name='Protocol'>tcp</Data><Data Name='Initiated'>false</Data><Data Name='SourceIsIpv6'>false</Data><Data Name='SourceIp'>127.0.0.1</Data><Data Name='SourceHostname'>paranoid-checker.vercel.app</Data><Data Name='SourcePort'>34902</Data><Data Name='SourcePortName'>-</Data><Data Name='DestinationIsIpv6'>false</Data><Data Name='DestinationIp'>127.0.0.1</Data><Data Name='DestinationHostname'>paranoid-checker.vercel.app</Data><Data Name='DestinationPort'>1080</Data><Data Name='DestinationPortName'>-</Data></EventData></Event>","timestamp":1780056864}
{"cpu_load":12.588729858398438,"data":"<Event xmlns='http://schemas.microsoft.com/win/2004/08/events/event'><System><Provider Name='Microsoft-Windows-Sysmon' Guid='{5770385f-c22a-43e0-bf4c-06f5698ffbd9}'/><EventID>3</EventID><Version>5</Version><Level>4</Level><Task>3</Task><Opcode>0</Opcode><Keywords>0x8000000000000000</Keywords><TimeCreated SystemTime='2026-05-29T12:14:23.3993959Z'/><EventRecordID>11481865</EventRecordID><Correlation/><Execution ProcessID='6112' ThreadID='9524'/><Channel>Microsoft-Windows-Sysmon/Operational</Channel><Computer>DESKTOP-85U97MI</Computer><Security UserID='S-1-5-18'/></System><EventData><Data Name='RuleName'>-</Data><Data Name='UtcTime'>2026-05-29 12:14:22.168</Data><Data Name='ProcessGuid'>{d9cf607a-779c-6a19-9c02-000000000d03}</Data><Data Name='ProcessId'>1180</Data><Data Name='Image'>E:\\Telegram Desktop\\Telegram.exe</Data><Data Name='User'>DESKTOP-85U97MI\\sseva</Data><Data Name='Protocol'>tcp</Data><Data Name='Initiated'>true</Data><Data Name='SourceIsIpv6'>false</Data><Data Name='SourceIp'>127.0.0.1</Data><Data Name='SourceHostname'>paranoid-checker.vercel.app</Data><Data Name='SourcePort'>34904</Data><Data Name='SourcePortName'>-</Data><Data Name='DestinationIsIpv6'>false</Data><Data Name='DestinationIp'>127.0.0.1</Data><Data Name='DestinationHostname'>paranoid-checker.vercel.app</Data><Data Name='DestinationPort'>1080</Data><Data Name='DestinationPortName'>-</Data></EventData></Event>","timestamp":1780056864}
{"cpu_load":12.588729858398438,"data":"<Event xmlns='http://schemas.microsoft.com/win/2004/08/events/event'><System><Provider Name='Microsoft-Windows-Sysmon' Guid='{5770385f-c22a-43e0-bf4c-06f5698ffbd9}'/><EventID>3</EventID><Version>5</Version><Level>4</Level><Task>3</Task><Opcode>0</Opcode><Keywords>0x8000000000000000</Keywords><TimeCreated SystemTime='2026-05-29T12:14:23.3993997Z'/><EventRecordID>11481866</EventRecordID><Correlation/><Execution ProcessID='6112' ThreadID='9524'/><Channel>Microsoft-Windows-Sysmon/Operational</Channel><Computer>DESKTOP-85U97MI</Computer><Security UserID='S-1-5-18'/></System><EventData><Data Name='RuleName'>-</Data><Data Name='UtcTime'>2026-05-29 12:14:22.168</Data><Data Name='ProcessGuid'>{d9cf607a-7b16-6a19-9b03-000000000d03}</Data><Data Name='ProcessId'>20172</Data><Data Name='Image'>E:\\Zagruzki iz C\\TgWsProxy.exe</Data><Data Name='User'>DESKTOP-85U97MI\\sseva</Data><Data Name='Protocol'>tcp</Data><Data Name='Initiated'>false</Data><Data Name='SourceIsIpv6'>false</Data><Data Name='SourceIp'>127.0.0.1</Data><Data Name='SourceHostname'>paranoid-checker.vercel.app</Data><Data Name='SourcePort'>34904</Data><Data Name='SourcePortName'>-</Data><Data Name='DestinationIsIpv6'>false</Data><Data Name='DestinationIp'>127.0.0.1</Data><Data Name='DestinationHostname'>paranoid-checker.vercel.app</Data><Data Name='DestinationPort'>1080</Data><Data Name='DestinationPortName'>-</Data></EventData></Event>","timestamp":1780056864}
{"cpu_load":12.588729858398438,"data":"<Event xmlns='http://schemas.microsoft.com/win/2004/08/events/event'><System><Provider Name='Microsoft-Windows-Sysmon' Guid='{5770385f-c22a-43e0-bf4c-06f5698ffbd9}'/><EventID>1</EventID><Version>5</Version><Level>4</Level><Task>1</Task><Opcode>0</Opcode><Keywords>0x8000000000000000</Keywords><TimeCreated SystemTime='2026-05-29T12:14:23.4100181Z'/><EventRecordID>11481867</EventRecordID><Correlation/><Execution ProcessID='6112' ThreadID='9512'/><Channel>Microsoft-Windows-Sysmon/Operational</Channel><Computer>DESKTOP-85U97MI</Computer><Security UserID='S-1-5-18'/></System><EventData><Data Name='RuleName'>-</Data><Data Name='UtcTime'>2026-05-29 12:14:23.408</Data><Data Name='ProcessGuid'>{d9cf607a-831f-6a19-ae05-000000000d03}</Data><Data Name='ProcessId'>17932</Data><Data Name='Image'>E:\\vs\\VC\\Tools\\MSVC\\14.39.33519\\bin\\Hostx64\\x64\\link.exe</Data><Data Name='FileVersion'>14.39.33523.0</Data><Data Name='Description'>Microsoft® Incremental Linker</Data><Data Name='Product'>Microsoft® Visual Studio®</Data><Data Name='Company'>Microsoft Corporation</Data><Data Name='OriginalFileName'>LINK.EXE</Data><Data Name='CommandLine'>\"E:\\vs\\VC\\Tools\\MSVC\\14.39.33519\\bin\\HostX64\\x64\\link.exe\" /ERRORREPORT:PROMPT @C:\\Users\\sseva\\AppData\\Local\\Temp\\MSBuildTemp\\tmpa564dd5b48444b779de327e8904bf57f.rsp /nologo /incremental /fullbuild</Data><Data Name='CurrentDirectory'>E:\\VisualStudio\\Sysmon-parser\\Sysmon-parser\\</Data><Data Name='User'>DESKTOP-85U97MI\\sseva</Data><Data Name='LogonGuid'>{d9cf607a-765a-6a19-d2fd-0f0000000000}</Data><Data Name='LogonId'>0xffdd2</Data><Data Name='TerminalSessionId'>1</Data><Data Name='IntegrityLevel'>High</Data><Data Name='Hashes'>SHA256=C103A76C3E9A8F02D0D06F0737BD76CCE8B827FF84007FDB152BBDAC10D17025</Data><Data Name='ParentProcessGuid'>{d9cf607a-831f-6a19-ad05-000000000d03}</Data><Data Name='ParentProcessId'>18004</Data><Data Name='ParentImage'>E:\\vs\\VC\\Tools\\MSVC\\14.39.33519\\bin\\Hostx64\\x64\\link.exe</Data><Data Name='ParentCommandLine'>E:\\vs\\VC\\Tools\\MSVC\\14.39.33519\\bin\\HostX64\\x64\\link.exe /ERRORREPORT:PROMPT @C:\\Users\\sseva\\AppData\\Local\\Temp\\MSBuildTemp\\tmpa564dd5b48444b779de327e8904bf57f.rsp</Data><Data Name='ParentUser'>DESKTOP-85U97MI\\sseva</Data></EventData></Event>","timestamp":1780056864}
{"cpu_load":12.588729858398438,"data":"<Event xmlns='http://schemas.microsoft.com/win/2004/08/events/event'><System><Provider Name='Microsoft-Windows-Sysmon' Guid='{5770385f-c22a-43e0-bf4c-06f5698ffbd9}'/><EventID>1</EventID><Version>5</Version><Level>4</Level><Task>1</Task><Opcode>0</Opcode><Keywords>0x8000000000000000</Keywords><TimeCreated SystemTime='2026-05-29T12:14:23.4532092Z'/><EventRecordID>11481868</EventRecordID><Correlation/><Execution ProcessID='6112' ThreadID='9512'/><Channel>Microsoft-Windows-Sysmon/Operational</Channel><Computer>DESKTOP-85U97MI</Computer><Security UserID='S-1-5-18'/></System><EventData><Data Name='RuleName'>-</Data><Data Name='UtcTime'>2026-05-29 12:14:23.451</Data><Data Name='ProcessGuid'>{d9cf607a-831f-6a19-af05-000000000d03}</Data><Data Name='ProcessId'>15612</Data><Data Name='Image'>C:\\Program Files (x86)\\Windows Kits\\10\\bin\\10.0.26100.0\\x64\\rc.exe</Data><Data Name='FileVersion'>10.0.26100.7175 (WinBuild.160101.0800)</Data><Data Name='Description'>Microsoft Resource Compiler</Data><Data Name='Product'>Microsoft® Windows® Operating System</Data><Data Name='Company'>Microsoft Corporation</Data><Data Name='OriginalFileName'>rc.exe</Data><Data Name='CommandLine'>rc /nologo /x /fo \"C:\\Users\\sseva\\AppData\\Local\\Temp\\lnk{F9A2808F-AB0C-448D-B688-BEC17D9D663A}.tmp\" \"C:\\Users\\sseva\\AppData\\Local\\Temp\\lnk{18748055-BDD2-4B6E-828F-B9C1007A8E01}.tmp\"</Data><Data Name='CurrentDirectory'>E:\\VisualStudio\\Sysmon-parser\\Sysmon-parser\\</Data><Data Name='User'>DESKTOP-85U97MI\\sseva</Data><Data Name='LogonGuid'>{d9cf607a-765a-6a19-d2fd-0f0000000000}</Data><Data Name='LogonId'>0xffdd2</Data><Data Name='TerminalSessionId'>1</Data><Data Name='IntegrityLevel'>High</Data><Data Name='Hashes'>SHA256=650E6EA5BE1447C6E4E68DA6D8CE882FD294D3FDC9F697A62B1752F5A79C0090</Data><Data Name='ParentProcessGuid'>{d9cf607a-831f-6a19-ae05-000000000d03}</Data><Data Name='ParentProcessId'>17932</Data><Data Name='ParentImage'>E:\\vs\\VC\\Tools\\MSVC\\14.39.33519\\bin\\Hostx64\\x64\\link.exe</Data><Data Name='ParentCommandLine'>\"E:\\vs\\VC\\Tools\\MSVC\\14.39.33519\\bin\\HostX64\\x64\\link.exe\" /ERRORREPORT:PROMPT @C:\\Users\\sseva\\AppData\\Local\\Temp\\MSBuildTemp\\tmpa564dd5b48444b779de327e8904bf57f.rsp /nologo /incremental /fullbuild</Data><Data Name='ParentUser'>DESKTOP-85U97MI\\sseva</Data></EventData></Event>","timestamp":1780056864}
{"cpu_load":12.588729858398438,"data":"<Event xmlns='http://schemas.microsoft.com/win/2004/08/events/event'><System><Provider Name='Microsoft-Windows-Sysmon' Guid='{5770385f-c22a-43e0-bf4c-06f5698ffbd9}'/><EventID>5</EventID><Version>3</Version><Level>4</Level><Task>5</Task><Opcode>0</Opcode><Keywords>0x8000000000000000</Keywords><TimeCreated SystemTime='2026-05-29T12:14:23.4700396Z'/><EventRecordID>11481869</EventRecordID><Correlation/><Execution ProcessID='6112' ThreadID='9512'/><Channel>Microsoft-Windows-Sysmon/Operational</Channel><Computer>DESKTOP-85U97MI</Computer><Security UserID='S-1-5-18'/></System><EventData><Data Name='RuleName'>-</Data><Data Name='UtcTime'>2026-05-29 12:14:23.469</Data><Data Name='ProcessGuid'>{d9cf607a-831f-6a19-af05-000000000d03}</Data><Data Name='ProcessId'>15612</Data><Data Name='Image'>C:\\Program Files (x86)\\Windows Kits\\10\\bin\\10.0.26100.0\\x64\\rc.exe</Data><Data Name='User'>DESKTOP-85U97MI\\sseva</Data></EventData></Event>","timestamp":1780056864}
{"cpu_load":12.588729858398438,"data":"<Event xmlns='http://schemas.microsoft.com/win/2004/08/events/event'><System><Provider Name='Microsoft-Windows-Sysmon' Guid='{5770385f-c22a-43e0-bf4c-06f5698ffbd9}'/><EventID>1</EventID><Version>5</Version><Level>4</Level><Task>1</Task><Opcode>0</Opcode><Keywords>0x8000000000000000</Keywords><TimeCreated SystemTime='2026-05-29T12:14:23.4738751Z'/><EventRecordID>11481870</EventRecordID><Correlation/><Execution ProcessID='6112' ThreadID='9512'/><Channel>Microsoft-Windows-Sysmon/Operational</Channel><Computer>DESKTOP-85U97MI</Computer><Security UserID='S-1-5-18'/></System><EventData><Data Name='RuleName'>-</Data><Data Name='UtcTime'>2026-05-29 12:14:23.471</Data><Data Name='ProcessGuid'>{d9cf607a-831f-6a19-b005-000000000d03}</Data><Data Name='ProcessId'>29236</Data><Data Name='Image'>E:\\vs\\VC\\Tools\\MSVC\\14.39.33519\\bin\\Hostx64\\x64\\cvtres.exe</Data><Data Name='FileVersion'>14.39.33523.0</Data><Data Name='Description'>Microsoft® Resource File To COFF Object Conversion Utility</Data><Data Name='Product'>Microsoft® Visual Studio®</Data><Data Name='Company'>Microsoft Corporation</Data><Data Name='OriginalFileName'>CVTRES.EXE</Data><Data Name='CommandLine'>cvtres /machine:amd64 /nologo /out:\"C:\\Users\\sseva\\AppData\\Local\\Temp\\lnk{F5C027DD-984B-4839-8734-C609C0212315}.tmp\" /readonly \"C:\\Users\\sseva\\AppData\\Local\\Temp\\lnk{F9A2808F-AB0C-448D-B688-BEC17D9D663A}.tmp\"</Data><Data Name='CurrentDirectory'>E:\\VisualStudio\\Sysmon-parser\\Sysmon-parser\\</Data><Data Name='User'>DESKTOP-85U97MI\\sseva</Data><Data Name='LogonGuid'>{d9cf607a-765a-6a19-d2fd-0f0000000000}</Data><Data Name='LogonId'>0xffdd2</Data><Data Name='TerminalSessionId'>1</Data><Data Name='IntegrityLevel'>High</Data><Data Name='Hashes'>SHA256=019D8EE7511A0BE528EAE52885B2579FFFB6D03BA0B1EB4D4F09B36FD78FC368</Data><Data Name='ParentProcessGuid'>{d9cf607a-831f-6a19-ae05-000000000d03}</Data><Data Name='ParentProcessId'>17932</Data><Data Name='ParentImage'>E:\\vs\\VC\\Tools\\MSVC\\14.39.33519\\bin\\Hostx64\\x64\\link.exe</Data><Data Name='ParentCommandLine'>\"E:\\vs\\VC\\Tools\\MSVC\\14.39.33519\\bin\\HostX64\\x64\\link.exe\" /ERRORREPORT:PROMPT @C:\\Users\\sseva\\AppData\\Local\\Temp\\MSBuildTemp\\tmpa564dd5b48444b779de327e8904bf57f.rsp /nologo /incremental /fullbuild</Data><Data Name='ParentUser'>DESKTOP-85U97MI\\sseva</Data></EventData></Event>","timestamp":1780056864}
{"cpu_load":12.588729858398438,"data":"<Event xmlns='http://schemas.microsoft.com/win/2004/08/events/event'><System><Provider Name='Microsoft-Windows-Sysmon' Guid='{5770385f-c22a-43e0-bf4c-06f5698ffbd9}'/><EventID>5</EventID><Version>3</Version><Level>4</Level><Task>5</Task><Opcode>0</Opcode><Keywords>0x8000000000000000</Keywords><TimeCreated SystemTime='2026-05-29T12:14:23.4909243Z'/><EventRecordID>11481871</EventRecordID><Correlation/><Execution ProcessID='6112' ThreadID='9512'/><Channel>Microsoft-Windows-Sysmon/Operational</Channel><Computer>DESKTOP-85U97MI</Computer><Security UserID='S-1-5-18'/></System><EventData><Data Name='RuleName'>-</Data><Data Name='UtcTime'>2026-05-29 12:14:23.490</Data><Data Name='ProcessGuid'>{d9cf607a-831f-6a19-b005-000000000d03}</Data><Data Name='ProcessId'>29236</Data><Data Name='Image'>E:\\vs\\VC\\Tools\\MSVC\\14.39.33519\\bin\\Hostx64\\x64\\cvtres.exe</Data><Data Name='User'>DESKTOP-85U97MI\\sseva</Data></EventData></Event>","timestamp":1780056864}
{"cpu_load":12.588729858398438,"data":"<Event xmlns='http://schemas.microsoft.com/win/2004/08/events/event'><System><Provider Name='Microsoft-Windows-Sysmon' Guid='{5770385f-c22a-43e0-bf4c-06f5698ffbd9}'/><EventID>5</EventID><Version>3</Version><Level>4</Level><Task>5</Task><Opcode>0</Opcode><Keywords>0x8000000000000000</Keywords><TimeCreated SystemTime='2026-05-29T12:14:23.6794217Z'/><EventRecordID>11481872</EventRecordID><Correlation/><Execution ProcessID='6112' ThreadID='9512'/><Channel>Microsoft-Windows-Sysmon/Operational</Channel><Computer>DESKTOP-85U97MI</Computer><Security UserID='S-1-5-18'/></System><EventData><Data Name='RuleName'>-</Data><Data Name='UtcTime'>2026-05-29 12:14:23.679</Data><Data Name='ProcessGuid'>{d9cf607a-831f-6a19-ae05-000000000d03}</Data><Data Name='ProcessId'>17932</Data><Data Name='Image'>E:\\vs\\VC\\Tools\\MSVC\\14.39.33519\\bin\\Hostx64\\x64\\link.exe</Data><Data Name='User'>DESKTOP-85U97MI\\sseva</Data></EventData></Event>","timestamp":1780056864}
{"cpu_load":12.588729858398438,"data":"<Event xmlns='http://schemas.microsoft.com/win/2004/08/events/event'><System><Provider Name='Microsoft-Windows-Sysmon' Guid='{5770385f-c22a-43e0-bf4c-06f5698ffbd9}'/><EventID>5</EventID><Version>3</Version><Level>4</Level><Task>5</Task><Opcode>0</Opcode><Keywords>0x8000000000000000</Keywords><TimeCreated SystemTime='2026-05-29T12:14:23.6890471Z'/><EventRecordID>11481873</EventRecordID><Correlation/><Execution ProcessID='6112' ThreadID='9512'/><Channel>Microsoft-Windows-Sysmon/Operational</Channel><Computer>DESKTOP-85U97MI</Computer><Security UserID='S-1-5-18'/></System><EventData><Data Name='RuleName'>-</Data><Data Name='UtcTime'>2026-05-29 12:14:23.688</Data><Data Name='ProcessGuid'>{d9cf607a-831f-6a19-ad05-000000000d03}</Data><Data Name='ProcessId'>18004</Data><Data Name='Image'>E:\\vs\\VC\\Tools\\MSVC\\14.39.33519\\bin\\Hostx64\\x64\\link.exe</Data><Data Name='User'>DESKTOP-85U97MI\\sseva</Data></EventData></Event>","timestamp":1780056864}
{"cpu_load":12.588729858398438,"data":"<Event xmlns='http://schemas.microsoft.com/win/2004/08/events/event'><System><Provider Name='Microsoft-Windows-Sysmon' Guid='{5770385f-c22a-43e0-bf4c-06f5698ffbd9}'/><EventID>5</EventID><Version>3</Version><Level>4</Level><Task>5</Task><Opcode>0</Opcode><Keywords>0x8000000000000000</Keywords><TimeCreated SystemTime='2026-05-29T12:14:23.6909060Z'/><EventRecordID>11481874</EventRecordID><Correlation/><Execution ProcessID='6112' ThreadID='9512'/><Channel>Microsoft-Windows-Sysmon/Operational</Channel><Computer>DESKTOP-85U97MI</Computer><Security UserID='S-1-5-18'/></System><EventData><Data Name='RuleName'>-</Data><Data Name='UtcTime'>2026-05-29 12:14:23.690</Data><Data Name='ProcessGuid'>{d9cf607a-831f-6a19-ab05-000000000d03}</Data><Data Name='ProcessId'>3024</Data><Data Name='Image'>E:\\vs\\MSBuild\\Current\\Bin\\amd64\\Tracker.exe</Data><Data Name='User'>DESKTOP-85U97MI\\sseva</Data></EventData></Event>","timestamp":1780056864}
{"cpu_load":12.588729858398438,"data":"<Event xmlns='http://schemas.microsoft.com/win/2004/08/events/event'><System><Provider Name='Microsoft-Windows-Sysmon' Guid='{5770385f-c22a-43e0-bf4c-06f5698ffbd9}'/><EventID>5</EventID><Version>3</Version><Level>4</Level><Task>5</Task><Opcode>0</Opcode><Keywords>0x8000000000000000</Keywords><TimeCreated SystemTime='2026-05-29T12:14:23.6913867Z'/><EventRecordID>11481875</EventRecordID><Correlation/><Execution ProcessID='6112' ThreadID='9512'/><Channel>Microsoft-Windows-Sysmon/Operational</Channel><Computer>DESKTOP-85U97MI</Computer><Security UserID='S-1-5-18'/></System><EventData><Data Name='RuleName'>-</Data><Data Name='UtcTime'>2026-05-29 12:14:23.691</Data><Data Name='ProcessGuid'>{d9cf607a-831f-6a19-ac05-000000000d03}</Data><Data Name='ProcessId'>24724</Data><Data Name='Image'>C:\\Windows\\System32\\conhost.exe</Data><Data Name='User'>DESKTOP-85U97MI\\sseva</Data></EventData></Event>","timestamp":1780056864}
{"cpu_load":12.588729858398438,"data":"<Event xmlns='http://schemas.microsoft.com/win/2004/08/events/event'><System><Provider Name='Microsoft-Windows-Sysmon' Guid='{5770385f-c22a-43e0-bf4c-06f5698ffbd9}'/><EventID>1</EventID><Version>5</Version><Level>4</Level><Task>1</Task><Opcode>0</Opcode><Keywords>0x8000000000000000</Keywords><TimeCreated SystemTime='2026-05-29T12:14:23.9400894Z'/><EventRecordID>11481876</EventRecordID><Correlation/><Execution ProcessID='6112' ThreadID='9512'/><Channel>Microsoft-Windows-Sysmon/Operational</Channel><Computer>DESKTOP-85U97MI</Computer><Security UserID='S-1-5-18'/></System><EventData><Data Name='RuleName'>-</Data><Data Name='UtcTime'>2026-05-29 12:14:23.937</Data><Data Name='ProcessGuid'>{d9cf607a-831f-6a19-b105-000000000d03}</Data><Data Name='ProcessId'>18964</Data><Data Name='Image'>E:\\vs\\Common7\\IDE\\CommonExtensions\\Platform\\Debugger\\VsDebugConsole.exe</Data><Data Name='FileVersion'>17.14.10818.3 commit:9c8b3c8d4f87b31910155683f7c5cce8fdfcb5e3</Data><Data Name='Description'>Visual Studio Debugger Console Application Resources</Data><Data Name='Product'>Microsoft ® Visual Studio ®</Data><Data Name='Company'>Microsoft Corporation</Data><Data Name='OriginalFileName'>VsDebugConsole.exe</Data><Data Name='CommandLine'>\"E:\\vs\\Common7\\IDE\\CommonExtensions\\Platform\\Debugger\\VsDebugConsole.exe\" \\\\.\\pipe\\Microsoft-VisualStudio-Debug-Console-18392 Local\\{B4F21C07-FAA2-4C62-B936-B27D3DD569B9} /RootProcessId:18392</Data><Data Name='CurrentDirectory'>E:\\VisualStudio\\Sysmon-parser\\</Data><Data Name='User'>DESKTOP-85U97MI\\sseva</Data><Data Name='LogonGuid'>{d9cf607a-765a-6a19-d2fd-0f0000000000}</Data><Data Name='LogonId'>0xffdd2</Data><Data Name='TerminalSessionId'>1</Data><Data Name='IntegrityLevel'>High</Data><Data Name='Hashes'>SHA256=0A724324CD7DD1D094CF3199E149CA75209A441D718AC86C5FAECCE4396AE083</Data><Data Name='ParentProcessGuid'>{d9cf607a-8115-6a19-f804-000000000d03}</Data><Data Name='ParentProcessId'>18392</Data><Data Name='ParentImage'>E:\\vs\\Common7\\IDE\\devenv.exe</Data><Data Name='ParentCommandLine'>\"E:\\vs\\Common7\\IDE\\devenv.exe\" </Data><Data Name='ParentUser'>DESKTOP-85U97MI\\sseva</Data></EventData></Event>","timestamp":1780056864}
{"cpu_load":12.588729858398438,"data":"<Event xmlns='http://schemas.microsoft.com/win/2004/08/events/event'><System><Provider Name='Microsoft-Windows-Sysmon' Guid='{5770385f-c22a-43e0-bf4c-06f5698ffbd9}'/><EventID>1</EventID><Version>5</Version><Level>4</Level><Task>1</Task><Opcode>0</Opcode><Keywords>0x8000000000000000</Keywords><TimeCreated SystemTime='2026-05-29T12:14:23.9484619Z'/><EventRecordID>11481877</EventRecordID><Correlation/><Execution ProcessID='6112' ThreadID='9512'/><Channel>Microsoft-Windows-Sysmon/Operational</Channel><Computer>DESKTOP-85U97MI</Computer><Security UserID='S-1-5-18'/></System><EventData><Data Name='RuleName'>-</Data><Data Name='UtcTime'>2026-05-29 12:14:23.946</Data><Data Name='ProcessGuid'>{d9cf607a-831f-6a19-b205-000000000d03}</Data><Data Name='ProcessId'>18884</Data><Data Name='Image'>C:\\Windows\\System32\\conhost.exe</Data><Data Name='FileVersion'>10.0.19041.5198 (WinBuild.160101.0800)</Data><Data Name='Description'>Console Window Host</Data><Data Name='Product'>Microsoft® Windows® Operating System</Data><Data Name='Company'>Microsoft Corporation</Data><Data Name='OriginalFileName'>CONHOST.EXE</Data><Data Name='CommandLine'>\\??\\C:\\Windows\\system32\\conhost.exe 0xffffffff -ForceV1</Data><Data Name='CurrentDirectory'>C:\\Windows</Data><Data Name='User'>DESKTOP-85U97MI\\sseva</Data><Data Name='LogonGuid'>{d9cf607a-765a-6a19-d2fd-0f0000000000}</Data><Data Name='LogonId'>0xffdd2</Data><Data Name='TerminalSessionId'>1</Data><Data Name='IntegrityLevel'>High</Data><Data Name='Hashes'>SHA256=B02EE54FB2EC69673386D41119EE8ED083A6EAB3BFCA6AA2155D20CE68EF8963</Data><Data Name='ParentProcessGuid'>{d9cf607a-831f-6a19-b105-000000000d03}</Data><Data Name='ParentProcessId'>18964</Data><Data Name='ParentImage'>E:\\vs\\Common7\\IDE\\CommonExtensions\\Platform\\Debugger\\VsDebugConsole.exe</Data><Data Name='ParentCommandLine'>\"E:\\vs\\Common7\\IDE\\CommonExtensions\\Platform\\Debugger\\VsDebugConsole.exe\" \\\\.\\pipe\\Microsoft-VisualStudio-Debug-Console-18392 Local\\{B4F21C07-FAA2-4C62-B936-B27D3DD569B9} /RootProcessId:18392</Data><Data Name='ParentUser'>DESKTOP-85U97MI\\sseva</Data></EventData></Event>","timestamp":1780056864}
{"cpu_load":12.588729858398438,"data":"<Event xmlns='http://schemas.microsoft.com/win/2004/08/events/event'><System><Provider Name='Microsoft-Windows-Sysmon' Guid='{5770385f-c22a-43e0-bf4c-06f5698ffbd9}'/><EventID>1</EventID><Version>5</Version><Level>4</Level><Task>1</Task><Opcode>0</Opcode><Keywords>0x8000000000000000</Keywords><TimeCreated SystemTime='2026-05-29T12:14:24.0044565Z'/><EventRecordID>11481878</EventRecordID><Correlation/><Execution ProcessID='6112' ThreadID='9512'/><Channel>Microsoft-Windows-Sysmon/Operational</Channel><Computer>DESKTOP-85U97MI</Computer><Security UserID='S-1-5-18'/></System><EventData><Data Name='RuleName'>-</Data><Data Name='UtcTime'>2026-05-29 12:14:23.996</Data><Data Name='ProcessGuid'>{d9cf607a-831f-6a19-b305-000000000d03}</Data><Data Name='ProcessId'>6872</Data><Data Name='Image'>C:\\Windows\\System32\\cmd.exe</Data><Data Name='FileVersion'>10.0.19041.4355 (WinBuild.160101.0800)</Data><Data Name='Description'>Windows Command Processor</Data><Data Name='Product'>Microsoft® Windows® Operating System</Data><Data Name='Company'>Microsoft Corporation</Data><Data Name='OriginalFileName'>Cmd.Exe</Data><Data Name='CommandLine'>C:\\Windows\\system32\\cmd.exe /c cls</Data><Data Name='CurrentDirectory'>E:\\VisualStudio\\Sysmon-parser\\</Data><Data Name='User'>DESKTOP-85U97MI\\sseva</Data><Data Name='LogonGuid'>{d9cf607a-765a-6a19-d2fd-0f0000000000}</Data><Data Name='LogonId'>0xffdd2</Data><Data Name='TerminalSessionId'>1</Data><Data Name='IntegrityLevel'>High</Data><Data Name='Hashes'>SHA256=BADF4752413CB0CBDC03FB95820CA167F0CDC63B597CCDB5EF43111180E088B0</Data><Data Name='ParentProcessGuid'>{d9cf607a-831f-6a19-b105-000000000d03}</Data><Data Name='ParentProcessId'>18964</Data><Data Name='ParentImage'>E:\\vs\\Common7\\IDE\\CommonExtensions\\Platform\\Debugger\\VsDebugConsole.exe</Data><Data Name='ParentCommandLine'>\"E:\\vs\\Common7\\IDE\\CommonExtensions\\Platform\\Debugger\\VsDebugConsole.exe\" \\\\.\\pipe\\Microsoft-VisualStudio-Debug-Console-18392 Local\\{B4F21C07-FAA2-4C62-B936-B27D3DD569B9} /RootProcessId:18392</Data><Data Name='ParentUser'>DESKTOP-85U97MI\\sseva</Data></EventData></Event>","timestamp":1780056864}
{"cpu_load":12.588729858398438,"data":"<Event xmlns='http://schemas.microsoft.com/win/2004/08/events/event'><System><Provider Name='Microsoft-Windows-Sysmon' Guid='{5770385f-c22a-43e0-bf4c-06f5698ffbd9}'/><EventID>5</EventID><Version>3</Version><Level>4</Level><Task>5</Task><Opcode>0</Opcode><Keywords>0x8000000000000000</Keywords><TimeCreated SystemTime='2026-05-29T12:14:24.0535294Z'/><EventRecordID>11481879</EventRecordID><Correlation/><Execution ProcessID='6112' ThreadID='9512'/><Channel>Microsoft-Windows-Sysmon/Operational</Channel><Computer>DESKTOP-85U97MI</Computer><Security UserID='S-1-5-18'/></System><EventData><Data Name='RuleName'>-</Data><Data Name='UtcTime'>2026-05-29 12:14:24.053</Data><Data Name='ProcessGuid'>{d9cf607a-831f-6a19-b305-000000000d03}</Data><Data Name='ProcessId'>6872</Data><Data Name='Image'>C:\\Windows\\System32\\cmd.exe</Data><Data Name='User'>DESKTOP-85U97MI\\sseva</Data></EventData></Event>","timestamp":1780056864}
{"cpu_load":12.588729858398438,"data":"<Event xmlns='http://schemas.microsoft.com/win/2004/08/events/event'><System><Provider Name='Microsoft-Windows-Sysmon' Guid='{5770385f-c22a-43e0-bf4c-06f5698ffbd9}'/><EventID>1</EventID><Version>5</Version><Level>4</Level><Task>1</Task><Opcode>0</Opcode><Keywords>0x8000000000000000</Keywords><TimeCreated SystemTime='2026-05-29T12:14:24.0783898Z'/><EventRecordID>11481880</EventRecordID><Correlation/><Execution ProcessID='6112' ThreadID='9512'/><Channel>Microsoft-Windows-Sysmon/Operational</Channel><Computer>DESKTOP-85U97MI</Computer><Security UserID='S-1-5-18'/></System><EventData><Data Name='RuleName'>-</Data><Data Name='UtcTime'>2026-05-29 12:14:24.075</Data><Data Name='ProcessGuid'>{d9cf607a-8320-6a19-b405-000000000d03}</Data><Data Name='ProcessId'>16864</Data><Data Name='Image'>E:\\VisualStudio\\Sysmon-parser\\x64\\Debug\\Sysmon-parser.exe</Data><Data Name='FileVersion'>-</Data><Data Name='Description'>-</Data><Data Name='Product'>-</Data><Data Name='Company'>-</Data><Data Name='OriginalFileName'>-</Data><Data Name='CommandLine'>\"E:\\VisualStudio\\Sysmon-parser\\x64\\Debug\\Sysmon-parser.exe\" </Data><Data Name='CurrentDirectory'>E:\\VisualStudio\\Sysmon-parser\\Sysmon-parser\\</Data><Data Name='User'>DESKTOP-85U97MI\\sseva</Data><Data Name='LogonGuid'>{d9cf607a-765a-6a19-d2fd-0f0000000000}</Data><Data Name='LogonId'>0xffdd2</Data><Data Name='TerminalSessionId'>1</Data><Data Name='IntegrityLevel'>High</Data><Data Name='Hashes'>SHA256=F5C1F773040916DFC5B2BB558C5CB84EBA995CC2A7E287C6680E1E94D3B5548A</Data><Data Name='ParentProcessGuid'>{d9cf607a-831f-6a19-b105-000000000d03}</Data><Data Name='ParentProcessId'>18964</Data><Data Name='ParentImage'>E:\\vs\\Common7\\IDE\\CommonExtensions\\Platform\\Debugger\\VsDebugConsole.exe</Data><Data Name='ParentCommandLine'>\"E:\\vs\\Common7\\IDE\\CommonExtensions\\Platform\\Debugger\\VsDebugConsole.exe\" \\\\.\\pipe\\Microsoft-VisualStudio-Debug-Console-18392 Local\\{B4F21C07-FAA2-4C62-B936-B27D3DD569B9} /RootProcessId:18392</Data><Data Name='ParentUser'>DESKTOP-85U97MI\\sseva</Data></EventData></Event>","timestamp":1780056864}
{"cpu_load":12.588729858398438,"data":"<Event xmlns='http://schemas.microsoft.com/win/2004/08/events/event'><System><Provider Name='Microsoft-Windows-Sysmon' Guid='{5770385f-c22a-43e0-bf4c-06f5698ffbd9}'/><EventID>3</EventID><Version>5</Version><Level>4</Level><Task>3</Task><Opcode>0</Opcode><Keywords>0x8000000000000000</Keywords><TimeCreated SystemTime='2026-05-29T12:14:24.1503541Z'/><EventRecordID>11481881</EventRecordID><Correlation/><Execution ProcessID='6112' ThreadID='9524'/><Channel>Microsoft-Windows-Sysmon/Operational</Channel><Computer>DESKTOP-85U97MI</Computer><Security UserID='S-1-5-18'/></System><EventData><Data Name='RuleName'>-</Data><Data Name='UtcTime'>2026-05-29 12:14:22.169</Data><Data Name='ProcessGuid'>{d9cf607a-779c-6a19-9c02-000000000d03}</Data><Data Name='ProcessId'>1180</Data><Data Name='Image'>E:\\Telegram Desktop\\Telegram.exe</Data><Data Name='User'>DESKTOP-85U97MI\\sseva</Data><Data Name='Protocol'>tcp</Data><Data Name='Initiated'>true</Data><Data Name='SourceIsIpv6'>false</Data><Data Name='SourceIp'>127.0.0.1</Data><Data Name='SourceHostname'>paranoid-checker.vercel.app</Data><Data Name='SourcePort'>34906</Data><Data Name='SourcePortName'>-</Data><Data Name='DestinationIsIpv6'>false</Data><Data Name='DestinationIp'>127.0.0.1</Data><Data Name='DestinationHostname'>paranoid-checker.vercel.app</Data><Data Name='DestinationPort'>1080</Data><Data Name='DestinationPortName'>-</Data></EventData></Event>","timestamp":1780056864}
