{"data":"<Event xmlns='http://schemas.microsoft.com/win/2004/08/events/event'><System><Provider Name='Microsoft-Windows-Sysmon' Guid='{5770385f-c22a-43e0-bf4c-06f5698ffbd9}'/><EventID>5</EventID><Version>3</Version><Level>4</Level><Task>5</Task><Opcode>0</Opcode><Keywords>0x8000000000000000</Keywords><TimeCreated SystemTime='2026-05-29T13:28:01.5674351Z'/><EventRecordID>11509483</EventRecordID><Correlation/><Execution ProcessID='6112' ThreadID='9512'/><Channel>Microsoft-Windows-Sysmon/Operational</Channel><Computer>DESKTOP-85U97MI</Computer><Security UserID='S-1-5-18'/></System><EventData><Data Name='RuleName'>-</Data><Data Name='UtcTime'>2026-05-29 13:28:01.567</Data><Data Name='ProcessGuid'>{d9cf607a-945f-6a19-7e0d-000000000d03}</Data><Data Name='ProcessId'>11464</Data><Data Name='Image'>E:\\vs\\VC\\Tools\\MSVC\\14.39.33519\\bin\\Hostx64\\x64\\cl.exe</Data><Data Name='User'>DESKTOP-85U97MI\\sseva</Data></EventData></Event>","metrics":{"io":{"other_bytes":372686,"read_bytes":20694701,"write_bytes":3685225},"private_bytes":81920},"timestamp":1780061282}
{"data":"<Event xmlns='http://schemas.microsoft.com/win/2004/08/events/event'><System><Provider Name='Microsoft-Windows-Sysmon' Guid='{5770385f-c22a-43e0-bf4c-06f5698ffbd9}'/><EventID>5</EventID><Version>3</Version><Level>4</Level><Task>5</Task><Opcode>0</Opcode><Keywords>0x8000000000000000</Keywords><TimeCreated SystemTime='2026-05-29T13:28:01.5715885Z'/><EventRecordID>11509484</EventRecordID><Correlation/><Execution ProcessID='6112' ThreadID='9512'/><Channel>Microsoft-Windows-Sysmon/Operational</Channel><Computer>DESKTOP-85U97MI</Computer><Security UserID='S-1-5-18'/></System><EventData><Data Name='RuleName'>-</Data><Data Name='UtcTime'>2026-05-29 13:28:01.571</Data><Data Name='ProcessGuid'>{d9cf607a-945f-6a19-7c0d-000000000d03}</Data><Data Name='ProcessId'>31872</Data><Data Name='Image'>E:\\vs\\MSBuild\\Current\\Bin\\amd64\\Tracker.exe</Data><Data Name='User'>DESKTOP-85U97MI\\sseva</Data></EventData></Event>","metrics":{"io":{"other_bytes":2002,"read_bytes":3294,"write_bytes":0},"private_bytes":81920},"timestamp":1780061282}
{"data":"<Event xmlns='http://schemas.microsoft.com/win/2004/08/events/event'><System><Provider Name='Microsoft-Windows-Sysmon' Guid='{5770385f-c22a-43e0-bf4c-06f5698ffbd9}'/><EventID>5</EventID><Version>3</Version><Level>4</Level><Task>5</Task><Opcode>0</Opcode><Keywords>0x8000000000000000</Keywords><TimeCreated SystemTime='2026-05-29T13:28:01.5722872Z'/><EventRecordID>11509485</EventRecordID><Correlation/><Execution ProcessID='6112' ThreadID='9512'/><Channel>Microsoft-Windows-Sysmon/Operational</Channel><Computer>DESKTOP-85U97MI</Computer><Security UserID='S-1-5-18'/></System><EventData><Data Name='RuleName'>-</Data><Data Name='UtcTime'>2026-05-29 13:28:01.571</Data><Data Name='ProcessGuid'>{d9cf607a-945f-6a19-7d0d-000000000d03}</Data><Data Name='ProcessId'>24016</Data><Data Name='Image'>C:\\Windows\\System32\\conhost.exe</Data><Data Name='User'>DESKTOP-85U97MI\\sseva</Data></EventData></Event>","metrics":{"io":{"other_bytes":2260,"read_bytes":0,"write_bytes":0},"private_bytes":81920},"timestamp":1780061282}
{"data":"<Event xmlns='http://schemas.microsoft.com/win/2004/08/events/event'><System><Provider Name='Microsoft-Windows-Sysmon' Guid='{5770385f-c22a-43e0-bf4c-06f5698ffbd9}'/><EventID>1</EventID><Version>5</Version><Level>4</Level><Task>1</Task><Opcode>0</Opcode><Keywords>0x8000000000000000</Keywords><TimeCreated SystemTime='2026-05-29T13:28:01.6289840Z'/><EventRecordID>11509486</EventRecordID><Correlation/><Execution ProcessID='6112' ThreadID='9512'/><Channel>Microsoft-Windows-Sysmon/Operational</Channel><Computer>DESKTOP-85U97MI</Computer><Security UserID='S-1-5-18'/></System><EventData><Data Name='RuleName'>-</Data><Data Name='UtcTime'>2026-05-29 13:28:01.626</Data><Data Name='ProcessGuid'>{d9cf607a-9461-6a19-860d-000000000d03}</Data><Data Name='ProcessId'>32364</Data><Data Name='Image'>E:\\vs\\MSBuild\\Current\\Bin\\amd64\\Tracker.exe</Data><Data Name='FileVersion'>17.0.36015.10 built by: d17.14</Data><Data Name='Description'>Tracker</Data><Data Name='Product'>Microsoft® Build Tools®</Data><Data Name='Company'>Microsoft Corporation</Data><Data Name='OriginalFileName'>Tracker.exe</Data><Data Name='CommandLine'>\"E:\\vs\\MSBuild\\Current\\Bin\\amd64\\Tracker.exe\" /a @\"C:\\Users\\sseva\\AppData\\Local\\Temp\\tmp13d327c4a2e941abb6ce56f85b7f9126.tmp\" /c E:\\vs\\VC\\Tools\\MSVC\\14.39.33519\\bin\\HostX64\\x64\\link.exe  /ERRORREPORT:PROMPT @\"C:\\Users\\sseva\\AppData\\Local\\Temp\\MSBuildTemp\\tmp96ab80c23eb34fdbb000e92eab08367b.rsp\"</Data><Data Name='CurrentDirectory'>E:\\VisualStudio\\Sysmon-parser\\Sysmon-parser\\</Data><Data Name='User'>DESKTOP-85U97MI\\sseva</Data><Data Name='LogonGuid'>{d9cf607a-765a-6a19-d2fd-0f0000000000}</Data><Data Name='LogonId'>0xffdd2</Data><Data Name='TerminalSessionId'>1</Data><Data Name='IntegrityLevel'>High</Data><Data Name='Hashes'>SHA256=E4C2DA7394C9B6E30D3E169841FB1AF18756D9E98D2A20A8F0972B2793A13F45</Data><Data Name='ParentProcessGuid'>{d9cf607a-8949-6a19-a207-000000000d03}</Data><Data Name='ParentProcessId'>296</Data><Data Name='ParentImage'>E:\\vs\\MSBuild\\Current\\Bin\\amd64\\MSBuild.exe</Data><Data Name='ParentCommandLine'>\"E:\\vs\\MSBuild\\Current\\Bin\\amd64\\MSBuild.exe\" /noautoresponse /nologo /nodemode:1 /nodeReuse:true /low:false</Data><Data Name='ParentUser'>DESKTOP-85U97MI\\sseva</Data></EventData></Event>","metrics":{"io":{"other_bytes":2018,"read_bytes":556,"write_bytes":0},"private_bytes":81920},"timestamp":1780061282}
{"data":"<Event xmlns='http://schemas.microsoft.com/win/2004/08/events/event'><System><Provider Name='Microsoft-Windows-Sysmon' Guid='{5770385f-c22a-43e0-bf4c-06f5698ffbd9}'/><EventID>1</EventID><Version>5</Version><Level>4</Level><Task>1</Task><Opcode>0</Opcode><Keywords>0x8000000000000000</Keywords><TimeCreated SystemTime='2026-05-29T13:28:01.6322673Z'/><EventRecordID>11509487</EventRecordID><Correlation/><Execution ProcessID='6112' ThreadID='9512'/><Channel>Microsoft-Windows-Sysmon/Operational</Channel><Computer>DESKTOP-85U97MI</Computer><Security UserID='S-1-5-18'/></System><EventData><Data Name='RuleName'>-</Data><Data Name='UtcTime'>2026-05-29 13:28:01.630</Data><Data Name='ProcessGuid'>{d9cf607a-9461-6a19-870d-000000000d03}</Data><Data Name='ProcessId'>27244</Data><Data Name='Image'>C:\\Windows\\System32\\conhost.exe</Data><Data Name='FileVersion'>10.0.19041.5198 (WinBuild.160101.0800)</Data><Data Name='Description'>Console Window Host</Data><Data Name='Product'>Microsoft® Windows® Operating System</Data><Data Name='Company'>Microsoft Corporation</Data><Data Name='OriginalFileName'>CONHOST.EXE</Data><Data Name='CommandLine'>\\??\\C:\\Windows\\system32\\conhost.exe 0xffffffff -ForceV1</Data><Data Name='CurrentDirectory'>C:\\Windows</Data><Data Name='User'>DESKTOP-85U97MI\\sseva</Data><Data Name='LogonGuid'>{d9cf607a-765a-6a19-d2fd-0f0000000000}</Data><Data Name='LogonId'>0xffdd2</Data><Data Name='TerminalSessionId'>1</Data><Data Name='IntegrityLevel'>High</Data><Data Name='Hashes'>SHA256=B02EE54FB2EC69673386D41119EE8ED083A6EAB3BFCA6AA2155D20CE68EF8963</Data><Data Name='ParentProcessGuid'>{d9cf607a-9461-6a19-860d-000000000d03}</Data><Data Name='ParentProcessId'>32364</Data><Data Name='ParentImage'>E:\\vs\\MSBuild\\Current\\Bin\\amd64\\Tracker.exe</Data><Data Name='ParentCommandLine'>\"E:\\vs\\MSBuild\\Current\\Bin\\amd64\\Tracker.exe\" /a @\"C:\\Users\\sseva\\AppData\\Local\\Temp\\tmp13d327c4a2e941abb6ce56f85b7f9126.tmp\" /c E:\\vs\\VC\\Tools\\MSVC\\14.39.33519\\bin\\HostX64\\x64\\link.exe  /ERRORREPORT:PROMPT @\"C:\\Users\\sseva\\AppData\\Local\\Temp\\MSBuildTemp\\tmp96ab80c23eb34fdbb000e92eab08367b.rsp\"</Data><Data Name='ParentUser'>DESKTOP-85U97MI\\sseva</Data></EventData></Event>","metrics":{"io":{"other_bytes":2810,"read_bytes":0,"write_bytes":0},"private_bytes":81920},"timestamp":1780061282}
{"data":"<Event xmlns='http://schemas.microsoft.com/win/2004/08/events/event'><System><Provider Name='Microsoft-Windows-Sysmon' Guid='{5770385f-c22a-43e0-bf4c-06f5698ffbd9}'/><EventID>1</EventID><Version>5</Version><Level>4</Level><Task>1</Task><Opcode>0</Opcode><Keywords>0x8000000000000000</Keywords><TimeCreated SystemTime='2026-05-29T13:28:01.6494759Z'/><EventRecordID>11509488</EventRecordID><Correlation/><Execution ProcessID='6112' ThreadID='9512'/><Channel>Microsoft-Windows-Sysmon/Operational</Channel><Computer>DESKTOP-85U97MI</Computer><Security UserID='S-1-5-18'/></System><EventData><Data Name='RuleName'>-</Data><Data Name='UtcTime'>2026-05-29 13:28:01.647</Data><Data Name='ProcessGuid'>{d9cf607a-9461-6a19-880d-000000000d03}</Data><Data Name='ProcessId'>31032</Data><Data Name='Image'>E:\\vs\\VC\\Tools\\MSVC\\14.39.33519\\bin\\Hostx64\\x64\\link.exe</Data><Data Name='FileVersion'>14.39.33523.0</Data><Data Name='Description'>Microsoft® Incremental Linker</Data><Data Name='Product'>Microsoft® Visual Studio®</Data><Data Name='Company'>Microsoft Corporation</Data><Data Name='OriginalFileName'>LINK.EXE</Data><Data Name='CommandLine'>E:\\vs\\VC\\Tools\\MSVC\\14.39.33519\\bin\\HostX64\\x64\\link.exe /ERRORREPORT:PROMPT @C:\\Users\\sseva\\AppData\\Local\\Temp\\MSBuildTemp\\tmp96ab80c23eb34fdbb000e92eab08367b.rsp</Data><Data Name='CurrentDirectory'>E:\\VisualStudio\\Sysmon-parser\\Sysmon-parser\\</Data><Data Name='User'>DESKTOP-85U97MI\\sseva</Data><Data Name='LogonGuid'>{d9cf607a-765a-6a19-d2fd-0f0000000000}</Data><Data Name='LogonId'>0xffdd2</Data><Data Name='TerminalSessionId'>1</Data><Data Name='IntegrityLevel'>High</Data><Data Name='Hashes'>SHA256=C103A76C3E9A8F02D0D06F0737BD76CCE8B827FF84007FDB152BBDAC10D17025</Data><Data Name='ParentProcessGuid'>{d9cf607a-9461-6a19-860d-000000000d03}</Data><Data Name='ParentProcessId'>32364</Data><Data Name='ParentImage'>E:\\vs\\MSBuild\\Current\\Bin\\amd64\\Tracker.exe</Data><Data Name='ParentCommandLine'>\"E:\\vs\\MSBuild\\Current\\Bin\\amd64\\Tracker.exe\" /a @\"C:\\Users\\sseva\\AppData\\Local\\Temp\\tmp13d327c4a2e941abb6ce56f85b7f9126.tmp\" /c E:\\vs\\VC\\Tools\\MSVC\\14.39.33519\\bin\\HostX64\\x64\\link.exe  /ERRORREPORT:PROMPT @\"C:\\Users\\sseva\\AppData\\Local\\Temp\\MSBuildTemp\\tmp96ab80c23eb34fdbb000e92eab08367b.rsp\"</Data><Data Name='ParentUser'>DESKTOP-85U97MI\\sseva</Data></EventData></Event>","metrics":{"io":{"other_bytes":4820,"read_bytes":4141035,"write_bytes":1627930},"private_bytes":81920},"timestamp":1780061282}
{"data":"<Event xmlns='http://schemas.microsoft.com/win/2004/08/events/event'><System><Provider Name='Microsoft-Windows-Sysmon' Guid='{5770385f-c22a-43e0-bf4c-06f5698ffbd9}'/><EventID>5</EventID><Version>3</Version><Level>4</Level><Task>5</Task><Opcode>0</Opcode><Keywords>0x8000000000000000</Keywords><TimeCreated SystemTime='2026-05-29T13:28:01.8960139Z'/><EventRecordID>11509489</EventRecordID><Correlation/><Execution ProcessID='6112' ThreadID='9512'/><Channel>Microsoft-Windows-Sysmon/Operational</Channel><Computer>DESKTOP-85U97MI</Computer><Security UserID='S-1-5-18'/></System><EventData><Data Name='RuleName'>-</Data><Data Name='UtcTime'>2026-05-29 13:28:01.895</Data><Data Name='ProcessGuid'>{d9cf607a-9461-6a19-880d-000000000d03}</Data><Data Name='ProcessId'>31032</Data><Data Name='Image'>E:\\vs\\VC\\Tools\\MSVC\\14.39.33519\\bin\\Hostx64\\x64\\link.exe</Data><Data Name='User'>DESKTOP-85U97MI\\sseva</Data></EventData></Event>","metrics":{"io":{"other_bytes":4820,"read_bytes":4141035,"write_bytes":1627930},"private_bytes":81920},"timestamp":1780061282}
{"data":"<Event xmlns='http://schemas.microsoft.com/win/2004/08/events/event'><System><Provider Name='Microsoft-Windows-Sysmon' Guid='{5770385f-c22a-43e0-bf4c-06f5698ffbd9}'/><EventID>5</EventID><Version>3</Version><Level>4</Level><Task>5</Task><Opcode>0</Opcode><Keywords>0x8000000000000000</Keywords><TimeCreated SystemTime='2026-05-29T13:28:01.9020072Z'/><EventRecordID>11509490</EventRecordID><Correlation/><Execution ProcessID='6112' ThreadID='9512'/><Channel>Microsoft-Windows-Sysmon/Operational</Channel><Computer>DESKTOP-85U97MI</Computer><Security UserID='S-1-5-18'/></System><EventData><Data Name='RuleName'>-</Data><Data Name='UtcTime'>2026-05-29 13:28:01.901</Data><Data Name='ProcessGuid'>{d9cf607a-9461-6a19-860d-000000000d03}</Data><Data Name='ProcessId'>32364</Data><Data Name='Image'>E:\\vs\\MSBuild\\Current\\Bin\\amd64\\Tracker.exe</Data><Data Name='User'>DESKTOP-85U97MI\\sseva</Data></EventData></Event>","metrics":{"io":{"other_bytes":2018,"read_bytes":556,"write_bytes":0},"private_bytes":81920},"timestamp":1780061282}
{"data":"<Event xmlns='http://schemas.microsoft.com/win/2004/08/events/event'><System><Provider Name='Microsoft-Windows-Sysmon' Guid='{5770385f-c22a-43e0-bf4c-06f5698ffbd9}'/><EventID>5</EventID><Version>3</Version><Level>4</Level><Task>5</Task><Opcode>0</Opcode><Keywords>0x8000000000000000</Keywords><TimeCreated SystemTime='2026-05-29T13:28:01.9027476Z'/><EventRecordID>11509491</EventRecordID><Correlation/><Execution ProcessID='6112' ThreadID='9512'/><Channel>Microsoft-Windows-Sysmon/Operational</Channel><Computer>DESKTOP-85U97MI</Computer><Security UserID='S-1-5-18'/></System><EventData><Data Name='RuleName'>-</Data><Data Name='UtcTime'>2026-05-29 13:28:01.902</Data><Data Name='ProcessGuid'>{d9cf607a-9461-6a19-870d-000000000d03}</Data><Data Name='ProcessId'>27244</Data><Data Name='Image'>C:\\Windows\\System32\\conhost.exe</Data><Data Name='User'>DESKTOP-85U97MI\\sseva</Data></EventData></Event>","metrics":{"io":{"other_bytes":2810,"read_bytes":0,"write_bytes":0},"private_bytes":81920},"timestamp":1780061282}
{"data":"<Event xmlns='http://schemas.microsoft.com/win/2004/08/events/event'><System><Provider Name='Microsoft-Windows-Sysmon' Guid='{5770385f-c22a-43e0-bf4c-06f5698ffbd9}'/><EventID>3</EventID><Version>5</Version><Level>4</Level><Task>3</Task><Opcode>0</Opcode><Keywords>0x8000000000000000</Keywords><TimeCreated SystemTime='2026-05-29T13:28:01.9324140Z'/><EventRecordID>11509492</EventRecordID><Correlation/><Execution ProcessID='6112' ThreadID='9524'/><Channel>Microsoft-Windows-Sysmon/Operational</Channel><Computer>DESKTOP-85U97MI</Computer><Security UserID='S-1-5-18'/></System><EventData><Data Name='RuleName'>-</Data><Data Name='UtcTime'>2026-05-29 13:27:59.995</Data><Data Name='ProcessGuid'>{d9cf607a-7655-6a19-3c00-000000000d03}</Data><Data Name='ProcessId'>3268</Data><Data Name='Image'>C:\\Windows\\System32\\svchost.exe</Data><Data Name='User'>NT AUTHORITY\\NETWORK SERVICE</Data><Data Name='Protocol'>udp</Data><Data Name='Initiated'>true</Data><Data Name='SourceIsIpv6'>false</Data><Data Name='SourceIp'>85.143.15.202</Data><Data Name='SourceHostname'>DESKTOP-85U97MI</Data><Data Name='SourcePort'>65165</Data><Data Name='SourcePortName'>-</Data><Data Name='DestinationIsIpv6'>false</Data><Data Name='DestinationIp'>94.25.78.5</Data><Data Name='DestinationHostname'>ns2.unn.ru</Data><Data Name='DestinationPort'>53</Data><Data Name='DestinationPortName'>domain</Data></EventData></Event>","metrics":{"io":{"other_bytes":46890319,"read_bytes":355736,"write_bytes":0},"private_bytes":6090752},"timestamp":1780061282}
{"data":"<Event xmlns='http://schemas.microsoft.com/win/2004/08/events/event'><System><Provider Name='Microsoft-Windows-Sysmon' Guid='{5770385f-c22a-43e0-bf4c-06f5698ffbd9}'/><EventID>3</EventID><Version>5</Version><Level>4</Level><Task>3</Task><Opcode>0</Opcode><Keywords>0x8000000000000000</Keywords><TimeCreated SystemTime='2026-05-29T13:28:01.9324311Z'/><EventRecordID>11509493</EventRecordID><Correlation/><Execution ProcessID='6112' ThreadID='9524'/><Channel>Microsoft-Windows-Sysmon/Operational</Channel><Computer>DESKTOP-85U97MI</Computer><Security UserID='S-1-5-18'/></System><EventData><Data Name='RuleName'>-</Data><Data Name='UtcTime'>2026-05-29 13:28:00.056</Data><Data Name='ProcessGuid'>{d9cf607a-945f-6a19-850d-000000000d03}</Data><Data Name='ProcessId'>25588</Data><Data Name='Image'>C:\\Windows\\System32\\svchost.exe</Data><Data Name='User'>NT AUTHORITY\\СИСТЕМА</Data><Data Name='Protocol'>tcp</Data><Data Name='Initiated'>true</Data><Data Name='SourceIsIpv6'>false</Data><Data Name='SourceIp'>85.143.15.202</Data><Data Name='SourceHostname'>DESKTOP-85U97MI</Data><Data Name='SourcePort'>51043</Data><Data Name='SourcePortName'>-</Data><Data Name='DestinationIsIpv6'>false</Data><Data Name='DestinationIp'>20.190.177.82</Data><Data Name='DestinationHostname'>-</Data><Data Name='DestinationPort'>443</Data><Data Name='DestinationPortName'>https</Data></EventData></Event>","metrics":{"io":{"other_bytes":102559,"read_bytes":85420,"write_bytes":0},"private_bytes":6623232},"timestamp":1780061282}
{"data":"<Event xmlns='http://schemas.microsoft.com/win/2004/08/events/event'><System><Provider Name='Microsoft-Windows-Sysmon' Guid='{5770385f-c22a-43e0-bf4c-06f5698ffbd9}'/><EventID>3</EventID><Version>5</Version><Level>4</Level><Task>3</Task><Opcode>0</Opcode><Keywords>0x8000000000000000</Keywords><TimeCreated SystemTime='2026-05-29T13:28:01.9324377Z'/><EventRecordID>11509494</EventRecordID><Correlation/><Execution ProcessID='6112' ThreadID='9524'/><Channel>Microsoft-Windows-Sysmon/Operational</Channel><Computer>DESKTOP-85U97MI</Computer><Security UserID='S-1-5-18'/></System><EventData><Data Name='RuleName'>-</Data><Data Name='UtcTime'>2026-05-29 13:28:00.589</Data><Data Name='ProcessGuid'>{d9cf607a-7655-6a19-3c00-000000000d03}</Data><Data Name='ProcessId'>3268</Data><Data Name='Image'>C:\\Windows\\System32\\svchost.exe</Data><Data Name='User'>NT AUTHORITY\\NETWORK SERVICE</Data><Data Name='Protocol'>udp</Data><Data Name='Initiated'>true</Data><Data Name='SourceIsIpv6'>false</Data><Data Name='SourceIp'>85.143.15.202</Data><Data Name='SourceHostname'>DESKTOP-85U97MI</Data><Data Name='SourcePort'>62728</Data><Data Name='SourcePortName'>-</Data><Data Name='DestinationIsIpv6'>false</Data><Data Name='DestinationIp'>94.25.78.5</Data><Data Name='DestinationHostname'>ns2.unn.ru</Data><Data Name='DestinationPort'>53</Data><Data Name='DestinationPortName'>domain</Data></EventData></Event>","metrics":{"io":{"other_bytes":46890319,"read_bytes":355736,"write_bytes":0},"private_bytes":6090752},"timestamp":1780061282}
{"data":"<Event xmlns='http://schemas.microsoft.com/win/2004/08/events/event'><System><Provider Name='Microsoft-Windows-Sysmon' Guid='{5770385f-c22a-43e0-bf4c-06f5698ffbd9}'/><EventID>1</EventID><Version>5</Version><Level>4</Level><Task>1</Task><Opcode>0</Opcode><Keywords>0x8000000000000000</Keywords><TimeCreated SystemTime='2026-05-29T13:28:01.9582557Z'/><EventRecordID>11509495</EventRecordID><Correlation/><Execution ProcessID='6112' ThreadID='9512'/><Channel>Microsoft-Windows-Sysmon/Operational</Channel><Computer>DESKTOP-85U97MI</Computer><Security UserID='S-1-5-18'/></System><EventData><Data Name='RuleName'>-</Data><Data Name='UtcTime'>2026-05-29 13:28:01.957</Data><Data Name='ProcessGuid'>{d9cf607a-9461-6a19-890d-000000000d03}</Data><Data Name='ProcessId'>12444</Data><Data Name='Image'>C:\\Program Files\\Docker\\Docker\\resources\\bin\\docker.exe</Data><Data Name='FileVersion'>28.5.1</Data><Data Name='Description'>Docker Client</Data><Data Name='Product'>Docker Client</Data><Data Name='Company'>Docker Inc</Data><Data Name='OriginalFileName'>docker-windows-amd64.exe</Data><Data Name='CommandLine'>\"C:\\Program Files\\Docker\\Docker\\resources\\bin\\docker.exe\" context ls --format \"{{json .}}\"</Data><Data Name='CurrentDirectory'>C:\\Users\\sseva\\AppData\\Local\\Programs\\Microsoft VS Code\\</Data><Data Name='User'>DESKTOP-85U97MI\\sseva</Data><Data Name='LogonGuid'>{d9cf607a-765a-6a19-07fe-0f0000000000}</Data><Data Name='LogonId'>0xffe07</Data><Data Name='TerminalSessionId'>1</Data><Data Name='IntegrityLevel'>Medium</Data><Data Name='Hashes'>SHA256=CD1516F39176339ABB686B1E5F3DE41DE10B805314054F88C5476ADE7B9310BB</Data><Data Name='ParentProcessGuid'>{d9cf607a-92f6-6a19-150b-000000000d03}</Data><Data Name='ParentProcessId'>17836</Data><Data Name='ParentImage'>C:\\Users\\sseva\\AppData\\Local\\Programs\\Microsoft VS Code\\Code.exe</Data><Data Name='ParentCommandLine'>\"C:\\Users\\sseva\\AppData\\Local\\Programs\\Microsoft VS Code\\Code.exe\" --type=utility --utility-sub-type=node.mojom.NodeService --lang=en-US --service-sandbox-type=none --dns-result-order=ipv4first --experimental-network-inspection --inspect-port=0 --video-capture-use-gpu-memory-buffer --user-data-dir=\"C:\\Users\\sseva\\AppData\\Roaming\\Code\" --standard-schemes=vscode-webview,vscode-file --enable-sandbox --secure-schemes=vscode-webview,vscode-file --cors-schemes=vscode-webview,vscode-file --fetch-schemes=vscode-webview,vscode-file --service-worker-schemes=vscode-webview --code-cache-schemes=vscode-webview,vscode-file --field-trial-handle=1836,i,6781052636279334370,13864984875935582738,262144 --enable-features=DocumentPolicyIncludeJSCallStacksInCrashReports,EarlyEstablishGpuChannel,EnableTransparentHwndEnlargement,EstablishGpuChannelAsync --disable-features=CalculateNativeWinOcclusion,LocalNetworkAccessChecks,ScreenAIOCREnabled,SpareRendererForSitePerProcess,TraceSiteInstanceGetProcessCreation --variations-seed-version --trace-process-track-uuid=3190708995682289984 --mojo-platform-channel-handle=3740 /prefetch:8</Data><Data Name='ParentUser'>DESKTOP-85U97MI\\sseva</Data></EventData></Event>","metrics":{"status":"Process likely finished or protected"},"timestamp":1780061282}
{"data":"<Event xmlns='http://schemas.microsoft.com/win/2004/08/events/event'><System><Provider Name='Microsoft-Windows-Sysmon' Guid='{5770385f-c22a-43e0-bf4c-06f5698ffbd9}'/><EventID>1</EventID><Version>5</Version><Level>4</Level><Task>1</Task><Opcode>0</Opcode><Keywords>0x8000000000000000</Keywords><TimeCreated SystemTime='2026-05-29T13:28:01.9615578Z'/><EventRecordID>11509496</EventRecordID><Correlation/><Execution ProcessID='6112' ThreadID='9512'/><Channel>Microsoft-Windows-Sysmon/Operational</Channel><Computer>DESKTOP-85U97MI</Computer><Security UserID='S-1-5-18'/></System><EventData><Data Name='RuleName'>-</Data><Data Name='UtcTime'>2026-05-29 13:28:01.959</Data><Data Name='ProcessGuid'>{d9cf607a-9461-6a19-8a0d-000000000d03}</Data><Data Name='ProcessId'>29532</Data><Data Name='Image'>C:\\Windows\\System32\\conhost.exe</Data><Data Name='FileVersion'>10.0.19041.5198 (WinBuild.160101.0800)</Data><Data Name='Description'>Console Window Host</Data><Data Name='Product'>Microsoft® Windows® Operating System</Data><Data Name='Company'>Microsoft Corporation</Data><Data Name='OriginalFileName'>CONHOST.EXE</Data><Data Name='CommandLine'>\\??\\C:\\Windows\\system32\\conhost.exe 0xffffffff -ForceV1</Data><Data Name='CurrentDirectory'>C:\\Windows</Data><Data Name='User'>DESKTOP-85U97MI\\sseva</Data><Data Name='LogonGuid'>{d9cf607a-765a-6a19-07fe-0f0000000000}</Data><Data Name='LogonId'>0xffe07</Data><Data Name='TerminalSessionId'>1</Data><Data Name='IntegrityLevel'>Medium</Data><Data Name='Hashes'>SHA256=B02EE54FB2EC69673386D41119EE8ED083A6EAB3BFCA6AA2155D20CE68EF8963</Data><Data Name='ParentProcessGuid'>{d9cf607a-9461-6a19-890d-000000000d03}</Data><Data Name='ParentProcessId'>12444</Data><Data Name='ParentImage'>C:\\Program Files\\Docker\\Docker\\resources\\bin\\docker.exe</Data><Data Name='ParentCommandLine'>\"C:\\Program Files\\Docker\\Docker\\resources\\bin\\docker.exe\" context ls --format \"{{json .}}\"</Data><Data Name='ParentUser'>DESKTOP-85U97MI\\sseva</Data></EventData></Event>","metrics":{"status":"Process likely finished or protected"},"timestamp":1780061282}
{"data":"<Event xmlns='http://schemas.microsoft.com/win/2004/08/events/event'><System><Provider Name='Microsoft-Windows-Sysmon' Guid='{5770385f-c22a-43e0-bf4c-06f5698ffbd9}'/><EventID>1</EventID><Version>5</Version><Level>4</Level><Task>1</Task><Opcode>0</Opcode><Keywords>0x8000000000000000</Keywords><TimeCreated SystemTime='2026-05-29T13:28:02.0004432Z'/><EventRecordID>11509497</EventRecordID><Correlation/><Execution ProcessID='6112' ThreadID='9512'/><Channel>Microsoft-Windows-Sysmon/Operational</Channel><Computer>DESKTOP-85U97MI</Computer><Security UserID='S-1-5-18'/></System><EventData><Data Name='RuleName'>-</Data><Data Name='UtcTime'>2026-05-29 13:28:01.998</Data><Data Name='ProcessGuid'>{d9cf607a-9461-6a19-8b0d-000000000d03}</Data><Data Name='ProcessId'>3816</Data><Data Name='Image'>E:\\vs\\Common7\\IDE\\CommonExtensions\\Platform\\Debugger\\VsDebugConsole.exe</Data><Data Name='FileVersion'>17.14.10818.3 commit:9c8b3c8d4f87b31910155683f7c5cce8fdfcb5e3</Data><Data Name='Description'>Visual Studio Debugger Console Application Resources</Data><Data Name='Product'>Microsoft ® Visual Studio ®</Data><Data Name='Company'>Microsoft Corporation</Data><Data Name='OriginalFileName'>VsDebugConsole.exe</Data><Data Name='CommandLine'>\"E:\\vs\\Common7\\IDE\\CommonExtensions\\Platform\\Debugger\\VsDebugConsole.exe\" \\\\.\\pipe\\Microsoft-VisualStudio-Debug-Console-18392 Local\\{1129DC9C-5A49-4F27-AFE2-DEB65DD22F5D} /RootProcessId:18392</Data><Data Name='CurrentDirectory'>E:\\VisualStudio\\Sysmon-parser\\</Data><Data Name='User'>DESKTOP-85U97MI\\sseva</Data><Data Name='LogonGuid'>{d9cf607a-765a-6a19-d2fd-0f0000000000}</Data><Data Name='LogonId'>0xffdd2</Data><Data Name='TerminalSessionId'>1</Data><Data Name='IntegrityLevel'>High</Data><Data Name='Hashes'>SHA256=0A724324CD7DD1D094CF3199E149CA75209A441D718AC86C5FAECCE4396AE083</Data><Data Name='ParentProcessGuid'>{d9cf607a-8115-6a19-f804-000000000d03}</Data><Data Name='ParentProcessId'>18392</Data><Data Name='ParentImage'>E:\\vs\\Common7\\IDE\\devenv.exe</Data><Data Name='ParentCommandLine'>\"E:\\vs\\Common7\\IDE\\devenv.exe\" </Data><Data Name='ParentUser'>DESKTOP-85U97MI\\sseva</Data></EventData></Event>","metrics":{"io":{"other_bytes":3712,"read_bytes":29566,"write_bytes":40},"private_bytes":1290240},"timestamp":1780061282}
{"data":"<Event xmlns='http://schemas.microsoft.com/win/2004/08/events/event'><System><Provider Name='Microsoft-Windows-Sysmon' Guid='{5770385f-c22a-43e0-bf4c-06f5698ffbd9}'/><EventID>1</EventID><Version>5</Version><Level>4</Level><Task>1</Task><Opcode>0</Opcode><Keywords>0x8000000000000000</Keywords><TimeCreated SystemTime='2026-05-29T13:28:02.0344752Z'/><EventRecordID>11509498</EventRecordID><Correlation/><Execution ProcessID='6112' ThreadID='9512'/><Channel>Microsoft-Windows-Sysmon/Operational</Channel><Computer>DESKTOP-85U97MI</Computer><Security UserID='S-1-5-18'/></System><EventData><Data Name='RuleName'>-</Data><Data Name='UtcTime'>2026-05-29 13:28:02.032</Data><Data Name='ProcessGuid'>{d9cf607a-9462-6a19-8c0d-000000000d03}</Data><Data Name='ProcessId'>32524</Data><Data Name='Image'>C:\\Windows\\System32\\conhost.exe</Data><Data Name='FileVersion'>10.0.19041.5198 (WinBuild.160101.0800)</Data><Data Name='Description'>Console Window Host</Data><Data Name='Product'>Microsoft® Windows® Operating System</Data><Data Name='Company'>Microsoft Corporation</Data><Data Name='OriginalFileName'>CONHOST.EXE</Data><Data Name='CommandLine'>\\??\\C:\\Windows\\system32\\conhost.exe 0xffffffff -ForceV1</Data><Data Name='CurrentDirectory'>C:\\Windows</Data><Data Name='User'>DESKTOP-85U97MI\\sseva</Data><Data Name='LogonGuid'>{d9cf607a-765a-6a19-d2fd-0f0000000000}</Data><Data Name='LogonId'>0xffdd2</Data><Data Name='TerminalSessionId'>1</Data><Data Name='IntegrityLevel'>High</Data><Data Name='Hashes'>SHA256=B02EE54FB2EC69673386D41119EE8ED083A6EAB3BFCA6AA2155D20CE68EF8963</Data><Data Name='ParentProcessGuid'>{d9cf607a-9461-6a19-8b0d-000000000d03}</Data><Data Name='ParentProcessId'>3816</Data><Data Name='ParentImage'>E:\\vs\\Common7\\IDE\\CommonExtensions\\Platform\\Debugger\\VsDebugConsole.exe</Data><Data Name='ParentCommandLine'>\"E:\\vs\\Common7\\IDE\\CommonExtensions\\Platform\\Debugger\\VsDebugConsole.exe\" \\\\.\\pipe\\Microsoft-VisualStudio-Debug-Console-18392 Local\\{1129DC9C-5A49-4F27-AFE2-DEB65DD22F5D} /RootProcessId:18392</Data><Data Name='ParentUser'>DESKTOP-85U97MI\\sseva</Data></EventData></Event>","metrics":{"io":{"other_bytes":50380,"read_bytes":60,"write_bytes":0},"private_bytes":8429568},"timestamp":1780061282}
{"data":"<Event xmlns='http://schemas.microsoft.com/win/2004/08/events/event'><System><Provider Name='Microsoft-Windows-Sysmon' Guid='{5770385f-c22a-43e0-bf4c-06f5698ffbd9}'/><EventID>1</EventID><Version>5</Version><Level>4</Level><Task>1</Task><Opcode>0</Opcode><Keywords>0x8000000000000000</Keywords><TimeCreated SystemTime='2026-05-29T13:28:02.0878182Z'/><EventRecordID>11509499</EventRecordID><Correlation/><Execution ProcessID='6112' ThreadID='9512'/><Channel>Microsoft-Windows-Sysmon/Operational</Channel><Computer>DESKTOP-85U97MI</Computer><Security UserID='S-1-5-18'/></System><EventData><Data Name='RuleName'>-</Data><Data Name='UtcTime'>2026-05-29 13:28:02.081</Data><Data Name='ProcessGuid'>{d9cf607a-9462-6a19-8d0d-000000000d03}</Data><Data Name='ProcessId'>18892</Data><Data Name='Image'>C:\\Windows\\System32\\cmd.exe</Data><Data Name='FileVersion'>10.0.19041.4355 (WinBuild.160101.0800)</Data><Data Name='Description'>Windows Command Processor</Data><Data Name='Product'>Microsoft® Windows® Operating System</Data><Data Name='Company'>Microsoft Corporation</Data><Data Name='OriginalFileName'>Cmd.Exe</Data><Data Name='CommandLine'>C:\\Windows\\system32\\cmd.exe /c cls</Data><Data Name='CurrentDirectory'>E:\\VisualStudio\\Sysmon-parser\\</Data><Data Name='User'>DESKTOP-85U97MI\\sseva</Data><Data Name='LogonGuid'>{d9cf607a-765a-6a19-d2fd-0f0000000000}</Data><Data Name='LogonId'>0xffdd2</Data><Data Name='TerminalSessionId'>1</Data><Data Name='IntegrityLevel'>High</Data><Data Name='Hashes'>SHA256=BADF4752413CB0CBDC03FB95820CA167F0CDC63B597CCDB5EF43111180E088B0</Data><Data Name='ParentProcessGuid'>{d9cf607a-9461-6a19-8b0d-000000000d03}</Data><Data Name='ParentProcessId'>3816</Data><Data Name='ParentImage'>E:\\vs\\Common7\\IDE\\CommonExtensions\\Platform\\Debugger\\VsDebugConsole.exe</Data><Data Name='ParentCommandLine'>\"E:\\vs\\Common7\\IDE\\CommonExtensions\\Platform\\Debugger\\VsDebugConsole.exe\" \\\\.\\pipe\\Microsoft-VisualStudio-Debug-Console-18392 Local\\{1129DC9C-5A49-4F27-AFE2-DEB65DD22F5D} /RootProcessId:18392</Data><Data Name='ParentUser'>DESKTOP-85U97MI\\sseva</Data></EventData></Event>","metrics":{"status":"Process likely finished or protected"},"timestamp":1780061282}
{"data":"<Event xmlns='http://schemas.microsoft.com/win/2004/08/events/event'><System><Provider Name='Microsoft-Windows-Sysmon' Guid='{5770385f-c22a-43e0-bf4c-06f5698ffbd9}'/><EventID>5</EventID><Version>3</Version><Level>4</Level><Task>5</Task><Opcode>0</Opcode><Keywords>0x8000000000000000</Keywords><TimeCreated SystemTime='2026-05-29T13:28:02.1102715Z'/><EventRecordID>11509500</EventRecordID><Correlation/><Execution ProcessID='6112' ThreadID='9512'/><Channel>Microsoft-Windows-Sysmon/Operational</Channel><Computer>DESKTOP-85U97MI</Computer><Security UserID='S-1-5-18'/></System><EventData><Data Name='RuleName'>-</Data><Data Name='UtcTime'>2026-05-29 13:28:02.109</Data><Data Name='ProcessGuid'>{d9cf607a-9461-6a19-890d-000000000d03}</Data><Data Name='ProcessId'>12444</Data><Data Name='Image'>C:\\Program Files\\Docker\\Docker\\resources\\bin\\docker.exe</Data><Data Name='User'>DESKTOP-85U97MI\\sseva</Data></EventData></Event>","metrics":{"status":"Process likely finished or protected"},"timestamp":1780061282}
{"data":"<Event xmlns='http://schemas.microsoft.com/win/2004/08/events/event'><System><Provider Name='Microsoft-Windows-Sysmon' Guid='{5770385f-c22a-43e0-bf4c-06f5698ffbd9}'/><EventID>5</EventID><Version>3</Version><Level>4</Level><Task>5</Task><Opcode>0</Opcode><Keywords>0x8000000000000000</Keywords><TimeCreated SystemTime='2026-05-29T13:28:02.1120881Z'/><EventRecordID>11509501</EventRecordID><Correlation/><Execution ProcessID='6112' ThreadID='9512'/><Channel>Microsoft-Windows-Sysmon/Operational</Channel><Computer>DESKTOP-85U97MI</Computer><Security UserID='S-1-5-18'/></System><EventData><Data Name='RuleName'>-</Data><Data Name='UtcTime'>2026-05-29 13:28:02.111</Data><Data Name='ProcessGuid'>{d9cf607a-9461-6a19-8a0d-000000000d03}</Data><Data Name='ProcessId'>29532</Data><Data Name='Image'>C:\\Windows\\System32\\conhost.exe</Data><Data Name='User'>DESKTOP-85U97MI\\sseva</Data></EventData></Event>","metrics":{"status":"Process likely finished or protected"},"timestamp":1780061282}
{"data":"<Event xmlns='http://schemas.microsoft.com/win/2004/08/events/event'><System><Provider Name='Microsoft-Windows-Sysmon' Guid='{5770385f-c22a-43e0-bf4c-06f5698ffbd9}'/><EventID>5</EventID><Version>3</Version><Level>4</Level><Task>5</Task><Opcode>0</Opcode><Keywords>0x8000000000000000</Keywords><TimeCreated SystemTime='2026-05-29T13:28:02.1233273Z'/><EventRecordID>11509502</EventRecordID><Correlation/><Execution ProcessID='6112' ThreadID='9512'/><Channel>Microsoft-Windows-Sysmon/Operational</Channel><Computer>DESKTOP-85U97MI</Computer><Security UserID='S-1-5-18'/></System><EventData><Data Name='RuleName'>-</Data><Data Name='UtcTime'>2026-05-29 13:28:02.122</Data><Data Name='ProcessGuid'>{d9cf607a-9462-6a19-8d0d-000000000d03}</Data><Data Name='ProcessId'>18892</Data><Data Name='Image'>C:\\Windows\\System32\\cmd.exe</Data><Data Name='User'>DESKTOP-85U97MI\\sseva</Data></EventData></Event>","metrics":{"status":"Process likely finished or protected"},"timestamp":1780061282}
{"data":"<Event xmlns='http://schemas.microsoft.com/win/2004/08/events/event'><System><Provider Name='Microsoft-Windows-Sysmon' Guid='{5770385f-c22a-43e0-bf4c-06f5698ffbd9}'/><EventID>1</EventID><Version>5</Version><Level>4</Level><Task>1</Task><Opcode>0</Opcode><Keywords>0x8000000000000000</Keywords><TimeCreated SystemTime='2026-05-29T13:28:02.1459335Z'/><EventRecordID>11509503</EventRecordID><Correlation/><Execution ProcessID='6112' ThreadID='9512'/><Channel>Microsoft-Windows-Sysmon/Operational</Channel><Computer>DESKTOP-85U97MI</Computer><Security UserID='S-1-5-18'/></System><EventData><Data Name='RuleName'>-</Data><Data Name='UtcTime'>2026-05-29 13:28:02.143</Data><Data Name='ProcessGuid'>{d9cf607a-9462-6a19-8e0d-000000000d03}</Data><Data Name='ProcessId'>18984</Data><Data Name='Image'>E:\\VisualStudio\\Sysmon-parser\\x64\\Debug\\Sysmon-parser.exe</Data><Data Name='FileVersion'>-</Data><Data Name='Description'>-</Data><Data Name='Product'>-</Data><Data Name='Company'>-</Data><Data Name='OriginalFileName'>-</Data><Data Name='CommandLine'>\"E:\\VisualStudio\\Sysmon-parser\\x64\\Debug\\Sysmon-parser.exe\" </Data><Data Name='CurrentDirectory'>E:\\VisualStudio\\Sysmon-parser\\Sysmon-parser\\</Data><Data Name='User'>DESKTOP-85U97MI\\sseva</Data><Data Name='LogonGuid'>{d9cf607a-765a-6a19-d2fd-0f0000000000}</Data><Data Name='LogonId'>0xffdd2</Data><Data Name='TerminalSessionId'>1</Data><Data Name='IntegrityLevel'>High</Data><Data Name='Hashes'>SHA256=EB9B82B3031649058217175C88EF2BA87973EF1A3E432BB80915120E095577B2</Data><Data Name='ParentProcessGuid'>{d9cf607a-9461-6a19-8b0d-000000000d03}</Data><Data Name='ParentProcessId'>3816</Data><Data Name='ParentImage'>E:\\vs\\Common7\\IDE\\CommonExtensions\\Platform\\Debugger\\VsDebugConsole.exe</Data><Data Name='ParentCommandLine'>\"E:\\vs\\Common7\\IDE\\CommonExtensions\\Platform\\Debugger\\VsDebugConsole.exe\" \\\\.\\pipe\\Microsoft-VisualStudio-Debug-Console-18392 Local\\{1129DC9C-5A49-4F27-AFE2-DEB65DD22F5D} /RootProcessId:18392</Data><Data Name='ParentUser'>DESKTOP-85U97MI\\sseva</Data></EventData></Event>","metrics":{"io":{"other_bytes":1072,"read_bytes":5192,"write_bytes":34364},"private_bytes":1368064},"timestamp":1780061282}
{"data":"<Event xmlns='http://schemas.microsoft.com/win/2004/08/events/event'><System><Provider Name='Microsoft-Windows-Sysmon' Guid='{5770385f-c22a-43e0-bf4c-06f5698ffbd9}'/><EventID>3</EventID><Version>5</Version><Level>4</Level><Task>3</Task><Opcode>0</Opcode><Keywords>0x8000000000000000</Keywords><TimeCreated SystemTime='2026-05-29T13:28:02.9343727Z'/><EventRecordID>11509504</EventRecordID><Correlation/><Execution ProcessID='6112' ThreadID='9524'/><Channel>Microsoft-Windows-Sysmon/Operational</Channel><Computer>DESKTOP-85U97MI</Computer><Security UserID='S-1-5-18'/></System><EventData><Data Name='RuleName'>-</Data><Data Name='UtcTime'>2026-05-29 13:28:00.863</Data><Data Name='ProcessGuid'>{d9cf607a-945f-6a19-7a0d-000000000d03}</Data><Data Name='ProcessId'>30168</Data><Data Name='Image'>C:\\Program Files (x86)\\Microsoft\\EdgeWebView\\Application\\148.0.3967.96\\msedgewebview2.exe</Data><Data Name='User'>DESKTOP-85U97MI\\sseva</Data><Data Name='Protocol'>tcp</Data><Data Name='Initiated'>true</Data><Data Name='SourceIsIpv6'>false</Data><Data Name='SourceIp'>85.143.15.202</Data><Data Name='SourceHostname'>DESKTOP-85U97MI</Data><Data Name='SourcePort'>51044</Data><Data Name='SourcePortName'>-</Data><Data Name='DestinationIsIpv6'>false</Data><Data Name='DestinationIp'>52.97.188.66</Data><Data Name='DestinationHostname'>-</Data><Data Name='DestinationPort'>443</Data><Data Name='DestinationPortName'>https</Data></EventData></Event>","metrics":{"io":{"other_bytes":339095,"read_bytes":13204638,"write_bytes":7106586},"private_bytes":43458560},"timestamp":1780061283}
{"data":"<Event xmlns='http://schemas.microsoft.com/win/2004/08/events/event'><System><Provider Name='Microsoft-Windows-Sysmon' Guid='{5770385f-c22a-43e0-bf4c-06f5698ffbd9}'/><EventID>3</EventID><Version>5</Version><Level>4</Level><Task>3</Task><Opcode>0</Opcode><Keywords>0x8000000000000000</Keywords><TimeCreated SystemTime='2026-05-29T13:28:02.9343810Z'/><EventRecordID>11509505</EventRecordID><Correlation/><Execution ProcessID='6112' ThreadID='9524'/><Channel>Microsoft-Windows-Sysmon/Operational</Channel><Computer>DESKTOP-85U97MI</Computer><Security UserID='S-1-5-18'/></System><EventData><Data Name='RuleName'>-</Data><Data Name='UtcTime'>2026-05-29 13:28:00.864</Data><Data Name='ProcessGuid'>{d9cf607a-945f-6a19-7a0d-000000000d03}</Data><Data Name='ProcessId'>30168</Data><Data Name='Image'>C:\\Program Files (x86)\\Microsoft\\EdgeWebView\\Application\\148.0.3967.96\\msedgewebview2.exe</Data><Data Name='User'>DESKTOP-85U97MI\\sseva</Data><Data Name='Protocol'>tcp</Data><Data Name='Initiated'>true</Data><Data Name='SourceIsIpv6'>false</Data><Data Name='SourceIp'>85.143.15.202</Data><Data Name='SourceHostname'>DESKTOP-85U97MI</Data><Data Name='SourcePort'>51045</Data><Data Name='SourcePortName'>-</Data><Data Name='DestinationIsIpv6'>false</Data><Data Name='DestinationIp'>52.97.188.66</Data><Data Name='DestinationHostname'>-</Data><Data Name='DestinationPort'>443</Data><Data Name='DestinationPortName'>https</Data></EventData></Event>","metrics":{"io":{"other_bytes":339095,"read_bytes":13204638,"write_bytes":7106586},"private_bytes":43458560},"timestamp":1780061283}
{"data":"<Event xmlns='http://schemas.microsoft.com/win/2004/08/events/event'><System><Provider Name='Microsoft-Windows-Sysmon' Guid='{5770385f-c22a-43e0-bf4c-06f5698ffbd9}'/><EventID>3</EventID><Version>5</Version><Level>4</Level><Task>3</Task><Opcode>0</Opcode><Keywords>0x8000000000000000</Keywords><TimeCreated SystemTime='2026-05-29T13:28:02.9343883Z'/><EventRecordID>11509506</EventRecordID><Correlation/><Execution ProcessID='6112' ThreadID='9524'/><Channel>Microsoft-Windows-Sysmon/Operational</Channel><Computer>DESKTOP-85U97MI</Computer><Security UserID='S-1-5-18'/></System><EventData><Data Name='RuleName'>-</Data><Data Name='UtcTime'>2026-05-29 13:28:00.905</Data><Data Name='ProcessGuid'>{d9cf607a-779c-6a19-9c02-000000000d03}</Data><Data Name='ProcessId'>1180</Data><Data Name='Image'>E:\\Telegram Desktop\\Telegram.exe</Data><Data Name='User'>DESKTOP-85U97MI\\sseva</Data><Data Name='Protocol'>tcp</Data><Data Name='Initiated'>true</Data><Data Name='SourceIsIpv6'>false</Data><Data Name='SourceIp'>127.0.0.1</Data><Data Name='SourceHostname'>paranoid-checker.vercel.app</Data><Data Name='SourcePort'>51046</Data><Data Name='SourcePortName'>-</Data><Data Name='DestinationIsIpv6'>false</Data><Data Name='DestinationIp'>127.0.0.1</Data><Data Name='DestinationHostname'>paranoid-checker.vercel.app</Data><Data Name='DestinationPort'>1080</Data><Data Name='DestinationPortName'>-</Data></EventData></Event>","metrics":{"io":{"other_bytes":14875068,"read_bytes":129091308,"write_bytes":38994622},"private_bytes":813764608},"timestamp":1780061283}
{"data":"<Event xmlns='http://schemas.microsoft.com/win/2004/08/events/event'><System><Provider Name='Microsoft-Windows-Sysmon' Guid='{5770385f-c22a-43e0-bf4c-06f5698ffbd9}'/><EventID>3</EventID><Version>5</Version><Level>4</Level><Task>3</Task><Opcode>0</Opcode><Keywords>0x8000000000000000</Keywords><TimeCreated SystemTime='2026-05-29T13:28:02.9343931Z'/><EventRecordID>11509507</EventRecordID><Correlation/><Execution ProcessID='6112' ThreadID='9524'/><Channel>Microsoft-Windows-Sysmon/Operational</Channel><Computer>DESKTOP-85U97MI</Computer><Security UserID='S-1-5-18'/></System><EventData><Data Name='RuleName'>-</Data><Data Name='UtcTime'>2026-05-29 13:28:00.905</Data><Data Name='ProcessGuid'>{d9cf607a-7b16-6a19-9b03-000000000d03}</Data><Data Name='ProcessId'>20172</Data><Data Name='Image'>E:\\Zagruzki iz C\\TgWsProxy.exe</Data><Data Name='User'>DESKTOP-85U97MI\\sseva</Data><Data Name='Protocol'>tcp</Data><Data Name='Initiated'>false</Data><Data Name='SourceIsIpv6'>false</Data><Data Name='SourceIp'>127.0.0.1</Data><Data Name='SourceHostname'>paranoid-checker.vercel.app</Data><Data Name='SourcePort'>51046</Data><Data Name='SourcePortName'>-</Data><Data Name='DestinationIsIpv6'>false</Data><Data Name='DestinationIp'>127.0.0.1</Data><Data Name='DestinationHostname'>paranoid-checker.vercel.app</Data><Data Name='DestinationPort'>1080</Data><Data Name='DestinationPortName'>-</Data></EventData></Event>","metrics":{"io":{"other_bytes":48172970,"read_bytes":5120075,"write_bytes":1274862},"private_bytes":40206336},"timestamp":1780061283}
{"data":"<Event xmlns='http://schemas.microsoft.com/win/2004/08/events/event'><System><Provider Name='Microsoft-Windows-Sysmon' Guid='{5770385f-c22a-43e0-bf4c-06f5698ffbd9}'/><EventID>3</EventID><Version>5</Version><Level>4</Level><Task>3</Task><Opcode>0</Opcode><Keywords>0x8000000000000000</Keywords><TimeCreated SystemTime='2026-05-29T13:28:02.9343963Z'/><EventRecordID>11509508</EventRecordID><Correlation/><Execution ProcessID='6112' ThreadID='9524'/><Channel>Microsoft-Windows-Sysmon/Operational</Channel><Computer>DESKTOP-85U97MI</Computer><Security UserID='S-1-5-18'/></System><EventData><Data Name='RuleName'>-</Data><Data Name='UtcTime'>2026-05-29 13:28:00.916</Data><Data Name='ProcessGuid'>{d9cf607a-779c-6a19-9c02-000000000d03}</Data><Data Name='ProcessId'>1180</Data><Data Name='Image'>E:\\Telegram Desktop\\Telegram.exe</Data><Data Name='User'>DESKTOP-85U97MI\\sseva</Data><Data Name='Protocol'>tcp</Data><Data Name='Initiated'>true</Data><Data Name='SourceIsIpv6'>false</Data><Data Name='SourceIp'>127.0.0.1</Data><Data Name='SourceHostname'>paranoid-checker.vercel.app</Data><Data Name='SourcePort'>51047</Data><Data Name='SourcePortName'>-</Data><Data Name='DestinationIsIpv6'>false</Data><Data Name='DestinationIp'>127.0.0.1</Data><Data Name='DestinationHostname'>paranoid-checker.vercel.app</Data><Data Name='DestinationPort'>1080</Data><Data Name='DestinationPortName'>-</Data></EventData></Event>","metrics":{"io":{"other_bytes":14875068,"read_bytes":129091308,"write_bytes":38994622},"private_bytes":813764608},"timestamp":1780061283}
{"data":"<Event xmlns='http://schemas.microsoft.com/win/2004/08/events/event'><System><Provider Name='Microsoft-Windows-Sysmon' Guid='{5770385f-c22a-43e0-bf4c-06f5698ffbd9}'/><EventID>3</EventID><Version>5</Version><Level>4</Level><Task>3</Task><Opcode>0</Opcode><Keywords>0x8000000000000000</Keywords><TimeCreated SystemTime='2026-05-29T13:28:02.9343995Z'/><EventRecordID>11509509</EventRecordID><Correlation/><Execution ProcessID='6112' ThreadID='9524'/><Channel>Microsoft-Windows-Sysmon/Operational</Channel><Computer>DESKTOP-85U97MI</Computer><Security UserID='S-1-5-18'/></System><EventData><Data Name='RuleName'>-</Data><Data Name='UtcTime'>2026-05-29 13:28:00.916</Data><Data Name='ProcessGuid'>{d9cf607a-7b16-6a19-9b03-000000000d03}</Data><Data Name='ProcessId'>20172</Data><Data Name='Image'>E:\\Zagruzki iz C\\TgWsProxy.exe</Data><Data Name='User'>DESKTOP-85U97MI\\sseva</Data><Data Name='Protocol'>tcp</Data><Data Name='Initiated'>false</Data><Data Name='SourceIsIpv6'>false</Data><Data Name='SourceIp'>127.0.0.1</Data><Data Name='SourceHostname'>paranoid-checker.vercel.app</Data><Data Name='SourcePort'>51047</Data><Data Name='SourcePortName'>-</Data><Data Name='DestinationIsIpv6'>false</Data><Data Name='DestinationIp'>127.0.0.1</Data><Data Name='DestinationHostname'>paranoid-checker.vercel.app</Data><Data Name='DestinationPort'>1080</Data><Data Name='DestinationPortName'>-</Data></EventData></Event>","metrics":{"io":{"other_bytes":48172970,"read_bytes":5120075,"write_bytes":1274862},"private_bytes":40206336},"timestamp":1780061283}
{"data":"<Event xmlns='http://schemas.microsoft.com/win/2004/08/events/event'><System><Provider Name='Microsoft-Windows-Sysmon' Guid='{5770385f-c22a-43e0-bf4c-06f5698ffbd9}'/><EventID>3</EventID><Version>5</Version><Level>4</Level><Task>3</Task><Opcode>0</Opcode><Keywords>0x8000000000000000</Keywords><TimeCreated SystemTime='2026-05-29T13:28:02.9344030Z'/><EventRecordID>11509510</EventRecordID><Correlation/><Execution ProcessID='6112' ThreadID='9524'/><Channel>Microsoft-Windows-Sysmon/Operational</Channel><Computer>DESKTOP-85U97MI</Computer><Security UserID='S-1-5-18'/></System><EventData><Data Name='RuleName'>-</Data><Data Name='UtcTime'>2026-05-29 13:28:00.928</Data><Data Name='ProcessGuid'>{d9cf607a-779c-6a19-9c02-000000000d03}</Data><Data Name='ProcessId'>1180</Data><Data Name='Image'>E:\\Telegram Desktop\\Telegram.exe</Data><Data Name='User'>DESKTOP-85U97MI\\sseva</Data><Data Name='Protocol'>tcp</Data><Data Name='Initiated'>true</Data><Data Name='SourceIsIpv6'>false</Data><Data Name='SourceIp'>127.0.0.1</Data><Data Name='SourceHostname'>paranoid-checker.vercel.app</Data><Data Name='SourcePort'>51048</Data><Data Name='SourcePortName'>-</Data><Data Name='DestinationIsIpv6'>false</Data><Data Name='DestinationIp'>127.0.0.1</Data><Data Name='DestinationHostname'>paranoid-checker.vercel.app</Data><Data Name='DestinationPort'>1080</Data><Data Name='DestinationPortName'>-</Data></EventData></Event>","metrics":{"io":{"other_bytes":14875068,"read_bytes":129091308,"write_bytes":38994622},"private_bytes":813764608},"timestamp":1780061283}
{"data":"<Event xmlns='http://schemas.microsoft.com/win/2004/08/events/event'><System><Provider Name='Microsoft-Windows-Sysmon' Guid='{5770385f-c22a-43e0-bf4c-06f5698ffbd9}'/><EventID>3</EventID><Version>5</Version><Level>4</Level><Task>3</Task><Opcode>0</Opcode><Keywords>0x8000000000000000</Keywords><TimeCreated SystemTime='2026-05-29T13:28:02.9344062Z'/><EventRecordID>11509511</EventRecordID><Correlation/><Execution ProcessID='6112' ThreadID='9524'/><Channel>Microsoft-Windows-Sysmon/Operational</Channel><Computer>DESKTOP-85U97MI</Computer><Security UserID='S-1-5-18'/></System><EventData><Data Name='RuleName'>-</Data><Data Name='UtcTime'>2026-05-29 13:28:00.928</Data><Data Name='ProcessGuid'>{d9cf607a-7b16-6a19-9b03-000000000d03}</Data><Data Name='ProcessId'>20172</Data><Data Name='Image'>E:\\Zagruzki iz C\\TgWsProxy.exe</Data><Data Name='User'>DESKTOP-85U97MI\\sseva</Data><Data Name='Protocol'>tcp</Data><Data Name='Initiated'>false</Data><Data Name='SourceIsIpv6'>false</Data><Data Name='SourceIp'>127.0.0.1</Data><Data Name='SourceHostname'>paranoid-checker.vercel.app</Data><Data Name='SourcePort'>51048</Data><Data Name='SourcePortName'>-</Data><Data Name='DestinationIsIpv6'>false</Data><Data Name='DestinationIp'>127.0.0.1</Data><Data Name='DestinationHostname'>paranoid-checker.vercel.app</Data><Data Name='DestinationPort'>1080</Data><Data Name='DestinationPortName'>-</Data></EventData></Event>","metrics":{"io":{"other_bytes":48172970,"read_bytes":5120075,"write_bytes":1274862},"private_bytes":40206336},"timestamp":1780061283}
{"data":"<Event xmlns='http://schemas.microsoft.com/win/2004/08/events/event'><System><Provider Name='Microsoft-Windows-Sysmon' Guid='{5770385f-c22a-43e0-bf4c-06f5698ffbd9}'/><EventID>3</EventID><Version>5</Version><Level>4</Level><Task>3</Task><Opcode>0</Opcode><Keywords>0x8000000000000000</Keywords><TimeCreated SystemTime='2026-05-29T13:28:02.9344095Z'/><EventRecordID>11509512</EventRecordID><Correlation/><Execution ProcessID='6112' ThreadID='9524'/><Channel>Microsoft-Windows-Sysmon/Operational</Channel><Computer>DESKTOP-85U97MI</Computer><Security UserID='S-1-5-18'/></System><EventData><Data Name='RuleName'>-</Data><Data Name='UtcTime'>2026-05-29 13:28:00.929</Data><Data Name='ProcessGuid'>{d9cf607a-779c-6a19-9c02-000000000d03}</Data><Data Name='ProcessId'>1180</Data><Data Name='Image'>E:\\Telegram Desktop\\Telegram.exe</Data><Data Name='User'>DESKTOP-85U97MI\\sseva</Data><Data Name='Protocol'>tcp</Data><Data Name='Initiated'>true</Data><Data Name='SourceIsIpv6'>false</Data><Data Name='SourceIp'>127.0.0.1</Data><Data Name='SourceHostname'>paranoid-checker.vercel.app</Data><Data Name='SourcePort'>51050</Data><Data Name='SourcePortName'>-</Data><Data Name='DestinationIsIpv6'>false</Data><Data Name='DestinationIp'>127.0.0.1</Data><Data Name='DestinationHostname'>paranoid-checker.vercel.app</Data><Data Name='DestinationPort'>1080</Data><Data Name='DestinationPortName'>-</Data></EventData></Event>","metrics":{"io":{"other_bytes":14875068,"read_bytes":129091308,"write_bytes":38994622},"private_bytes":813764608},"timestamp":1780061283}
