{"cpu_load":9.635416984558105,"data":"<Event xmlns='http://schemas.microsoft.com/win/2004/08/events/event'><System><Provider Name='Microsoft-Windows-Sysmon' Guid='{5770385f-c22a-43e0-bf4c-06f5698ffbd9}'/><EventID>3</EventID><Version>5</Version><Level>4</Level><Task>3</Task><Opcode>0</Opcode><Keywords>0x8000000000000000</Keywords><TimeCreated SystemTime='2026-05-29T12:16:32.1070312Z'/><EventRecordID>11482656</EventRecordID><Correlation/><Execution ProcessID='6112' ThreadID='9524'/><Channel>Microsoft-Windows-Sysmon/Operational</Channel><Computer>DESKTOP-85U97MI</Computer><Security UserID='S-1-5-18'/></System><EventData><Data Name='RuleName'>-</Data><Data Name='UtcTime'>2026-05-29 12:16:30.177</Data><Data Name='ProcessGuid'>{d9cf607a-7b16-6a19-9b03-000000000d03}</Data><Data Name='ProcessId'>20172</Data><Data Name='Image'>E:\\Zagruzki iz C\\TgWsProxy.exe</Data><Data Name='User'>DESKTOP-85U97MI\\sseva</Data><Data Name='Protocol'>tcp</Data><Data Name='Initiated'>false</Data><Data Name='SourceIsIpv6'>false</Data><Data Name='SourceIp'>127.0.0.1</Data><Data Name='SourceHostname'>paranoid-checker.vercel.app</Data><Data Name='SourcePort'>49168</Data><Data Name='SourcePortName'>-</Data><Data Name='DestinationIsIpv6'>false</Data><Data Name='DestinationIp'>127.0.0.1</Data><Data Name='DestinationHostname'>paranoid-checker.vercel.app</Data><Data Name='DestinationPort'>1080</Data><Data Name='DestinationPortName'>-</Data></EventData></Event>","timestamp":1780056992}
{"cpu_load":9.635416984558105,"data":"<Event xmlns='http://schemas.microsoft.com/win/2004/08/events/event'><System><Provider Name='Microsoft-Windows-Sysmon' Guid='{5770385f-c22a-43e0-bf4c-06f5698ffbd9}'/><EventID>3</EventID><Version>5</Version><Level>4</Level><Task>3</Task><Opcode>0</Opcode><Keywords>0x8000000000000000</Keywords><TimeCreated SystemTime='2026-05-29T12:16:32.1070349Z'/><EventRecordID>11482657</EventRecordID><Correlation/><Execution ProcessID='6112' ThreadID='9524'/><Channel>Microsoft-Windows-Sysmon/Operational</Channel><Computer>DESKTOP-85U97MI</Computer><Security UserID='S-1-5-18'/></System><EventData><Data Name='RuleName'>-</Data><Data Name='UtcTime'>2026-05-29 12:16:30.189</Data><Data Name='ProcessGuid'>{d9cf607a-779c-6a19-9c02-000000000d03}</Data><Data Name='ProcessId'>1180</Data><Data Name='Image'>E:\\Telegram Desktop\\Telegram.exe</Data><Data Name='User'>DESKTOP-85U97MI\\sseva</Data><Data Name='Protocol'>tcp</Data><Data Name='Initiated'>true</Data><Data Name='SourceIsIpv6'>false</Data><Data Name='SourceIp'>127.0.0.1</Data><Data Name='SourceHostname'>paranoid-checker.vercel.app</Data><Data Name='SourcePort'>49170</Data><Data Name='SourcePortName'>-</Data><Data Name='DestinationIsIpv6'>false</Data><Data Name='DestinationIp'>127.0.0.1</Data><Data Name='DestinationHostname'>paranoid-checker.vercel.app</Data><Data Name='DestinationPort'>1080</Data><Data Name='DestinationPortName'>-</Data></EventData></Event>","timestamp":1780056992}
{"cpu_load":9.635416984558105,"data":"<Event xmlns='http://schemas.microsoft.com/win/2004/08/events/event'><System><Provider Name='Microsoft-Windows-Sysmon' Guid='{5770385f-c22a-43e0-bf4c-06f5698ffbd9}'/><EventID>3</EventID><Version>5</Version><Level>4</Level><Task>3</Task><Opcode>0</Opcode><Keywords>0x8000000000000000</Keywords><TimeCreated SystemTime='2026-05-29T12:16:32.1070381Z'/><EventRecordID>11482658</EventRecordID><Correlation/><Execution ProcessID='6112' ThreadID='9524'/><Channel>Microsoft-Windows-Sysmon/Operational</Channel><Computer>DESKTOP-85U97MI</Computer><Security UserID='S-1-5-18'/></System><EventData><Data Name='RuleName'>-</Data><Data Name='UtcTime'>2026-05-29 12:16:30.189</Data><Data Name='ProcessGuid'>{d9cf607a-7b16-6a19-9b03-000000000d03}</Data><Data Name='ProcessId'>20172</Data><Data Name='Image'>E:\\Zagruzki iz C\\TgWsProxy.exe</Data><Data Name='User'>DESKTOP-85U97MI\\sseva</Data><Data Name='Protocol'>tcp</Data><Data Name='Initiated'>false</Data><Data Name='SourceIsIpv6'>false</Data><Data Name='SourceIp'>127.0.0.1</Data><Data Name='SourceHostname'>paranoid-checker.vercel.app</Data><Data Name='SourcePort'>49170</Data><Data Name='SourcePortName'>-</Data><Data Name='DestinationIsIpv6'>false</Data><Data Name='DestinationIp'>127.0.0.1</Data><Data Name='DestinationHostname'>paranoid-checker.vercel.app</Data><Data Name='DestinationPort'>1080</Data><Data Name='DestinationPortName'>-</Data></EventData></Event>","timestamp":1780056992}
{"cpu_load":9.635416984558105,"data":"<Event xmlns='http://schemas.microsoft.com/win/2004/08/events/event'><System><Provider Name='Microsoft-Windows-Sysmon' Guid='{5770385f-c22a-43e0-bf4c-06f5698ffbd9}'/><EventID>3</EventID><Version>5</Version><Level>4</Level><Task>3</Task><Opcode>0</Opcode><Keywords>0x8000000000000000</Keywords><TimeCreated SystemTime='2026-05-29T12:16:32.1070413Z'/><EventRecordID>11482659</EventRecordID><Correlation/><Execution ProcessID='6112' ThreadID='9524'/><Channel>Microsoft-Windows-Sysmon/Operational</Channel><Computer>DESKTOP-85U97MI</Computer><Security UserID='S-1-5-18'/></System><EventData><Data Name='RuleName'>-</Data><Data Name='UtcTime'>2026-05-29 12:16:30.200</Data><Data Name='ProcessGuid'>{d9cf607a-779c-6a19-9c02-000000000d03}</Data><Data Name='ProcessId'>1180</Data><Data Name='Image'>E:\\Telegram Desktop\\Telegram.exe</Data><Data Name='User'>DESKTOP-85U97MI\\sseva</Data><Data Name='Protocol'>tcp</Data><Data Name='Initiated'>true</Data><Data Name='SourceIsIpv6'>false</Data><Data Name='SourceIp'>127.0.0.1</Data><Data Name='SourceHostname'>paranoid-checker.vercel.app</Data><Data Name='SourcePort'>49171</Data><Data Name='SourcePortName'>-</Data><Data Name='DestinationIsIpv6'>false</Data><Data Name='DestinationIp'>127.0.0.1</Data><Data Name='DestinationHostname'>paranoid-checker.vercel.app</Data><Data Name='DestinationPort'>1080</Data><Data Name='DestinationPortName'>-</Data></EventData></Event>","timestamp":1780056992}
{"cpu_load":9.635416984558105,"data":"<Event xmlns='http://schemas.microsoft.com/win/2004/08/events/event'><System><Provider Name='Microsoft-Windows-Sysmon' Guid='{5770385f-c22a-43e0-bf4c-06f5698ffbd9}'/><EventID>3</EventID><Version>5</Version><Level>4</Level><Task>3</Task><Opcode>0</Opcode><Keywords>0x8000000000000000</Keywords><TimeCreated SystemTime='2026-05-29T12:16:32.1070441Z'/><EventRecordID>11482660</EventRecordID><Correlation/><Execution ProcessID='6112' ThreadID='9524'/><Channel>Microsoft-Windows-Sysmon/Operational</Channel><Computer>DESKTOP-85U97MI</Computer><Security UserID='S-1-5-18'/></System><EventData><Data Name='RuleName'>-</Data><Data Name='UtcTime'>2026-05-29 12:16:30.200</Data><Data Name='ProcessGuid'>{d9cf607a-7b16-6a19-9b03-000000000d03}</Data><Data Name='ProcessId'>20172</Data><Data Name='Image'>E:\\Zagruzki iz C\\TgWsProxy.exe</Data><Data Name='User'>DESKTOP-85U97MI\\sseva</Data><Data Name='Protocol'>tcp</Data><Data Name='Initiated'>false</Data><Data Name='SourceIsIpv6'>false</Data><Data Name='SourceIp'>127.0.0.1</Data><Data Name='SourceHostname'>paranoid-checker.vercel.app</Data><Data Name='SourcePort'>49171</Data><Data Name='SourcePortName'>-</Data><Data Name='DestinationIsIpv6'>false</Data><Data Name='DestinationIp'>127.0.0.1</Data><Data Name='DestinationHostname'>paranoid-checker.vercel.app</Data><Data Name='DestinationPort'>1080</Data><Data Name='DestinationPortName'>-</Data></EventData></Event>","timestamp":1780056992}
{"cpu_load":9.635416984558105,"data":"<Event xmlns='http://schemas.microsoft.com/win/2004/08/events/event'><System><Provider Name='Microsoft-Windows-Sysmon' Guid='{5770385f-c22a-43e0-bf4c-06f5698ffbd9}'/><EventID>3</EventID><Version>5</Version><Level>4</Level><Task>3</Task><Opcode>0</Opcode><Keywords>0x8000000000000000</Keywords><TimeCreated SystemTime='2026-05-29T12:16:32.1070489Z'/><EventRecordID>11482661</EventRecordID><Correlation/><Execution ProcessID='6112' ThreadID='9524'/><Channel>Microsoft-Windows-Sysmon/Operational</Channel><Computer>DESKTOP-85U97MI</Computer><Security UserID='S-1-5-18'/></System><EventData><Data Name='RuleName'>-</Data><Data Name='UtcTime'>2026-05-29 12:16:31.086</Data><Data Name='ProcessGuid'>{d9cf607a-7655-6a19-3c00-000000000d03}</Data><Data Name='ProcessId'>3268</Data><Data Name='Image'>C:\\Windows\\System32\\svchost.exe</Data><Data Name='User'>NT AUTHORITY\\NETWORK SERVICE</Data><Data Name='Protocol'>udp</Data><Data Name='Initiated'>true</Data><Data Name='SourceIsIpv6'>false</Data><Data Name='SourceIp'>85.143.15.202</Data><Data Name='SourceHostname'>DESKTOP-85U97MI</Data><Data Name='SourcePort'>55475</Data><Data Name='SourcePortName'>-</Data><Data Name='DestinationIsIpv6'>false</Data><Data Name='DestinationIp'>85.143.0.30</Data><Data Name='DestinationHostname'>ns.unn.ru</Data><Data Name='DestinationPort'>53</Data><Data Name='DestinationPortName'>domain</Data></EventData></Event>","timestamp":1780056992}
{"cpu_load":11.588541984558105,"data":"<Event xmlns='http://schemas.microsoft.com/win/2004/08/events/event'><System><Provider Name='Microsoft-Windows-Sysmon' Guid='{5770385f-c22a-43e0-bf4c-06f5698ffbd9}'/><EventID>3</EventID><Version>5</Version><Level>4</Level><Task>3</Task><Opcode>0</Opcode><Keywords>0x8000000000000000</Keywords><TimeCreated SystemTime='2026-05-29T12:16:34.1115636Z'/><EventRecordID>11482662</EventRecordID><Correlation/><Execution ProcessID='6112' ThreadID='9524'/><Channel>Microsoft-Windows-Sysmon/Operational</Channel><Computer>DESKTOP-85U97MI</Computer><Security UserID='S-1-5-18'/></System><EventData><Data Name='RuleName'>-</Data><Data Name='UtcTime'>2026-05-29 12:16:32.855</Data><Data Name='ProcessGuid'>{d9cf607a-779c-6a19-9c02-000000000d03}</Data><Data Name='ProcessId'>1180</Data><Data Name='Image'>E:\\Telegram Desktop\\Telegram.exe</Data><Data Name='User'>DESKTOP-85U97MI\\sseva</Data><Data Name='Protocol'>tcp</Data><Data Name='Initiated'>true</Data><Data Name='SourceIsIpv6'>false</Data><Data Name='SourceIp'>127.0.0.1</Data><Data Name='SourceHostname'>paranoid-checker.vercel.app</Data><Data Name='SourcePort'>49172</Data><Data Name='SourcePortName'>-</Data><Data Name='DestinationIsIpv6'>false</Data><Data Name='DestinationIp'>127.0.0.1</Data><Data Name='DestinationHostname'>paranoid-checker.vercel.app</Data><Data Name='DestinationPort'>1080</Data><Data Name='DestinationPortName'>-</Data></EventData></Event>","timestamp":1780056995}
{"cpu_load":11.588541984558105,"data":"<Event xmlns='http://schemas.microsoft.com/win/2004/08/events/event'><System><Provider Name='Microsoft-Windows-Sysmon' Guid='{5770385f-c22a-43e0-bf4c-06f5698ffbd9}'/><EventID>3</EventID><Version>5</Version><Level>4</Level><Task>3</Task><Opcode>0</Opcode><Keywords>0x8000000000000000</Keywords><TimeCreated SystemTime='2026-05-29T12:16:34.1115734Z'/><EventRecordID>11482663</EventRecordID><Correlation/><Execution ProcessID='6112' ThreadID='9524'/><Channel>Microsoft-Windows-Sysmon/Operational</Channel><Computer>DESKTOP-85U97MI</Computer><Security UserID='S-1-5-18'/></System><EventData><Data Name='RuleName'>-</Data><Data Name='UtcTime'>2026-05-29 12:16:32.855</Data><Data Name='ProcessGuid'>{d9cf607a-7b16-6a19-9b03-000000000d03}</Data><Data Name='ProcessId'>20172</Data><Data Name='Image'>E:\\Zagruzki iz C\\TgWsProxy.exe</Data><Data Name='User'>DESKTOP-85U97MI\\sseva</Data><Data Name='Protocol'>tcp</Data><Data Name='Initiated'>false</Data><Data Name='SourceIsIpv6'>false</Data><Data Name='SourceIp'>127.0.0.1</Data><Data Name='SourceHostname'>paranoid-checker.vercel.app</Data><Data Name='SourcePort'>49172</Data><Data Name='SourcePortName'>-</Data><Data Name='DestinationIsIpv6'>false</Data><Data Name='DestinationIp'>127.0.0.1</Data><Data Name='DestinationHostname'>paranoid-checker.vercel.app</Data><Data Name='DestinationPort'>1080</Data><Data Name='DestinationPortName'>-</Data></EventData></Event>","timestamp":1780056995}
{"cpu_load":11.588541984558105,"data":"<Event xmlns='http://schemas.microsoft.com/win/2004/08/events/event'><System><Provider Name='Microsoft-Windows-Sysmon' Guid='{5770385f-c22a-43e0-bf4c-06f5698ffbd9}'/><EventID>3</EventID><Version>5</Version><Level>4</Level><Task>3</Task><Opcode>0</Opcode><Keywords>0x8000000000000000</Keywords><TimeCreated SystemTime='2026-05-29T12:16:34.1115787Z'/><EventRecordID>11482664</EventRecordID><Correlation/><Execution ProcessID='6112' ThreadID='9524'/><Channel>Microsoft-Windows-Sysmon/Operational</Channel><Computer>DESKTOP-85U97MI</Computer><Security UserID='S-1-5-18'/></System><EventData><Data Name='RuleName'>-</Data><Data Name='UtcTime'>2026-05-29 12:16:32.855</Data><Data Name='ProcessGuid'>{d9cf607a-779c-6a19-9c02-000000000d03}</Data><Data Name='ProcessId'>1180</Data><Data Name='Image'>E:\\Telegram Desktop\\Telegram.exe</Data><Data Name='User'>DESKTOP-85U97MI\\sseva</Data><Data Name='Protocol'>tcp</Data><Data Name='Initiated'>true</Data><Data Name='SourceIsIpv6'>false</Data><Data Name='SourceIp'>127.0.0.1</Data><Data Name='SourceHostname'>paranoid-checker.vercel.app</Data><Data Name='SourcePort'>49173</Data><Data Name='SourcePortName'>-</Data><Data Name='DestinationIsIpv6'>false</Data><Data Name='DestinationIp'>127.0.0.1</Data><Data Name='DestinationHostname'>paranoid-checker.vercel.app</Data><Data Name='DestinationPort'>1080</Data><Data Name='DestinationPortName'>-</Data></EventData></Event>","timestamp":1780056995}
{"cpu_load":11.588541984558105,"data":"<Event xmlns='http://schemas.microsoft.com/win/2004/08/events/event'><System><Provider Name='Microsoft-Windows-Sysmon' Guid='{5770385f-c22a-43e0-bf4c-06f5698ffbd9}'/><EventID>3</EventID><Version>5</Version><Level>4</Level><Task>3</Task><Opcode>0</Opcode><Keywords>0x8000000000000000</Keywords><TimeCreated SystemTime='2026-05-29T12:16:34.1115828Z'/><EventRecordID>11482665</EventRecordID><Correlation/><Execution ProcessID='6112' ThreadID='9524'/><Channel>Microsoft-Windows-Sysmon/Operational</Channel><Computer>DESKTOP-85U97MI</Computer><Security UserID='S-1-5-18'/></System><EventData><Data Name='RuleName'>-</Data><Data Name='UtcTime'>2026-05-29 12:16:32.855</Data><Data Name='ProcessGuid'>{d9cf607a-7b16-6a19-9b03-000000000d03}</Data><Data Name='ProcessId'>20172</Data><Data Name='Image'>E:\\Zagruzki iz C\\TgWsProxy.exe</Data><Data Name='User'>DESKTOP-85U97MI\\sseva</Data><Data Name='Protocol'>tcp</Data><Data Name='Initiated'>false</Data><Data Name='SourceIsIpv6'>false</Data><Data Name='SourceIp'>127.0.0.1</Data><Data Name='SourceHostname'>paranoid-checker.vercel.app</Data><Data Name='SourcePort'>49173</Data><Data Name='SourcePortName'>-</Data><Data Name='DestinationIsIpv6'>false</Data><Data Name='DestinationIp'>127.0.0.1</Data><Data Name='DestinationHostname'>paranoid-checker.vercel.app</Data><Data Name='DestinationPort'>1080</Data><Data Name='DestinationPortName'>-</Data></EventData></Event>","timestamp":1780056995}
{"cpu_load":11.588541984558105,"data":"<Event xmlns='http://schemas.microsoft.com/win/2004/08/events/event'><System><Provider Name='Microsoft-Windows-Sysmon' Guid='{5770385f-c22a-43e0-bf4c-06f5698ffbd9}'/><EventID>3</EventID><Version>5</Version><Level>4</Level><Task>3</Task><Opcode>0</Opcode><Keywords>0x8000000000000000</Keywords><TimeCreated SystemTime='2026-05-29T12:16:34.1115869Z'/><EventRecordID>11482666</EventRecordID><Correlation/><Execution ProcessID='6112' ThreadID='9524'/><Channel>Microsoft-Windows-Sysmon/Operational</Channel><Computer>DESKTOP-85U97MI</Computer><Security UserID='S-1-5-18'/></System><EventData><Data Name='RuleName'>-</Data><Data Name='UtcTime'>2026-05-29 12:16:32.867</Data><Data Name='ProcessGuid'>{d9cf607a-779c-6a19-9c02-000000000d03}</Data><Data Name='ProcessId'>1180</Data><Data Name='Image'>E:\\Telegram Desktop\\Telegram.exe</Data><Data Name='User'>DESKTOP-85U97MI\\sseva</Data><Data Name='Protocol'>tcp</Data><Data Name='Initiated'>true</Data><Data Name='SourceIsIpv6'>false</Data><Data Name='SourceIp'>127.0.0.1</Data><Data Name='SourceHostname'>paranoid-checker.vercel.app</Data><Data Name='SourcePort'>49174</Data><Data Name='SourcePortName'>-</Data><Data Name='DestinationIsIpv6'>false</Data><Data Name='DestinationIp'>127.0.0.1</Data><Data Name='DestinationHostname'>paranoid-checker.vercel.app</Data><Data Name='DestinationPort'>1080</Data><Data Name='DestinationPortName'>-</Data></EventData></Event>","timestamp":1780056995}
{"cpu_load":11.588541984558105,"data":"<Event xmlns='http://schemas.microsoft.com/win/2004/08/events/event'><System><Provider Name='Microsoft-Windows-Sysmon' Guid='{5770385f-c22a-43e0-bf4c-06f5698ffbd9}'/><EventID>3</EventID><Version>5</Version><Level>4</Level><Task>3</Task><Opcode>0</Opcode><Keywords>0x8000000000000000</Keywords><TimeCreated SystemTime='2026-05-29T12:16:34.1115910Z'/><EventRecordID>11482667</EventRecordID><Correlation/><Execution ProcessID='6112' ThreadID='9524'/><Channel>Microsoft-Windows-Sysmon/Operational</Channel><Computer>DESKTOP-85U97MI</Computer><Security UserID='S-1-5-18'/></System><EventData><Data Name='RuleName'>-</Data><Data Name='UtcTime'>2026-05-29 12:16:32.867</Data><Data Name='ProcessGuid'>{d9cf607a-7b16-6a19-9b03-000000000d03}</Data><Data Name='ProcessId'>20172</Data><Data Name='Image'>E:\\Zagruzki iz C\\TgWsProxy.exe</Data><Data Name='User'>DESKTOP-85U97MI\\sseva</Data><Data Name='Protocol'>tcp</Data><Data Name='Initiated'>false</Data><Data Name='SourceIsIpv6'>false</Data><Data Name='SourceIp'>127.0.0.1</Data><Data Name='SourceHostname'>paranoid-checker.vercel.app</Data><Data Name='SourcePort'>49174</Data><Data Name='SourcePortName'>-</Data><Data Name='DestinationIsIpv6'>false</Data><Data Name='DestinationIp'>127.0.0.1</Data><Data Name='DestinationHostname'>paranoid-checker.vercel.app</Data><Data Name='DestinationPort'>1080</Data><Data Name='DestinationPortName'>-</Data></EventData></Event>","timestamp":1780056995}
{"cpu_load":11.588541984558105,"data":"<Event xmlns='http://schemas.microsoft.com/win/2004/08/events/event'><System><Provider Name='Microsoft-Windows-Sysmon' Guid='{5770385f-c22a-43e0-bf4c-06f5698ffbd9}'/><EventID>3</EventID><Version>5</Version><Level>4</Level><Task>3</Task><Opcode>0</Opcode><Keywords>0x8000000000000000</Keywords><TimeCreated SystemTime='2026-05-29T12:16:34.1115949Z'/><EventRecordID>11482668</EventRecordID><Correlation/><Execution ProcessID='6112' ThreadID='9524'/><Channel>Microsoft-Windows-Sysmon/Operational</Channel><Computer>DESKTOP-85U97MI</Computer><Security UserID='S-1-5-18'/></System><EventData><Data Name='RuleName'>-</Data><Data Name='UtcTime'>2026-05-29 12:16:32.868</Data><Data Name='ProcessGuid'>{d9cf607a-779c-6a19-9c02-000000000d03}</Data><Data Name='ProcessId'>1180</Data><Data Name='Image'>E:\\Telegram Desktop\\Telegram.exe</Data><Data Name='User'>DESKTOP-85U97MI\\sseva</Data><Data Name='Protocol'>tcp</Data><Data Name='Initiated'>true</Data><Data Name='SourceIsIpv6'>false</Data><Data Name='SourceIp'>127.0.0.1</Data><Data Name='SourceHostname'>paranoid-checker.vercel.app</Data><Data Name='SourcePort'>49176</Data><Data Name='SourcePortName'>-</Data><Data Name='DestinationIsIpv6'>false</Data><Data Name='DestinationIp'>127.0.0.1</Data><Data Name='DestinationHostname'>paranoid-checker.vercel.app</Data><Data Name='DestinationPort'>1080</Data><Data Name='DestinationPortName'>-</Data></EventData></Event>","timestamp":1780056995}
{"cpu_load":11.588541984558105,"data":"<Event xmlns='http://schemas.microsoft.com/win/2004/08/events/event'><System><Provider Name='Microsoft-Windows-Sysmon' Guid='{5770385f-c22a-43e0-bf4c-06f5698ffbd9}'/><EventID>3</EventID><Version>5</Version><Level>4</Level><Task>3</Task><Opcode>0</Opcode><Keywords>0x8000000000000000</Keywords><TimeCreated SystemTime='2026-05-29T12:16:34.1115989Z'/><EventRecordID>11482669</EventRecordID><Correlation/><Execution ProcessID='6112' ThreadID='9524'/><Channel>Microsoft-Windows-Sysmon/Operational</Channel><Computer>DESKTOP-85U97MI</Computer><Security UserID='S-1-5-18'/></System><EventData><Data Name='RuleName'>-</Data><Data Name='UtcTime'>2026-05-29 12:16:32.868</Data><Data Name='ProcessGuid'>{d9cf607a-7b16-6a19-9b03-000000000d03}</Data><Data Name='ProcessId'>20172</Data><Data Name='Image'>E:\\Zagruzki iz C\\TgWsProxy.exe</Data><Data Name='User'>DESKTOP-85U97MI\\sseva</Data><Data Name='Protocol'>tcp</Data><Data Name='Initiated'>false</Data><Data Name='SourceIsIpv6'>false</Data><Data Name='SourceIp'>127.0.0.1</Data><Data Name='SourceHostname'>paranoid-checker.vercel.app</Data><Data Name='SourcePort'>49176</Data><Data Name='SourcePortName'>-</Data><Data Name='DestinationIsIpv6'>false</Data><Data Name='DestinationIp'>127.0.0.1</Data><Data Name='DestinationHostname'>paranoid-checker.vercel.app</Data><Data Name='DestinationPort'>1080</Data><Data Name='DestinationPortName'>-</Data></EventData></Event>","timestamp":1780056995}
{"cpu_load":11.588541984558105,"data":"<Event xmlns='http://schemas.microsoft.com/win/2004/08/events/event'><System><Provider Name='Microsoft-Windows-Sysmon' Guid='{5770385f-c22a-43e0-bf4c-06f5698ffbd9}'/><EventID>3</EventID><Version>5</Version><Level>4</Level><Task>3</Task><Opcode>0</Opcode><Keywords>0x8000000000000000</Keywords><TimeCreated SystemTime='2026-05-29T12:16:34.1116033Z'/><EventRecordID>11482670</EventRecordID><Correlation/><Execution ProcessID='6112' ThreadID='9524'/><Channel>Microsoft-Windows-Sysmon/Operational</Channel><Computer>DESKTOP-85U97MI</Computer><Security UserID='S-1-5-18'/></System><EventData><Data Name='RuleName'>-</Data><Data Name='UtcTime'>2026-05-29 12:16:32.879</Data><Data Name='ProcessGuid'>{d9cf607a-779c-6a19-9c02-000000000d03}</Data><Data Name='ProcessId'>1180</Data><Data Name='Image'>E:\\Telegram Desktop\\Telegram.exe</Data><Data Name='User'>DESKTOP-85U97MI\\sseva</Data><Data Name='Protocol'>tcp</Data><Data Name='Initiated'>true</Data><Data Name='SourceIsIpv6'>false</Data><Data Name='SourceIp'>127.0.0.1</Data><Data Name='SourceHostname'>paranoid-checker.vercel.app</Data><Data Name='SourcePort'>49179</Data><Data Name='SourcePortName'>-</Data><Data Name='DestinationIsIpv6'>false</Data><Data Name='DestinationIp'>127.0.0.1</Data><Data Name='DestinationHostname'>paranoid-checker.vercel.app</Data><Data Name='DestinationPort'>1080</Data><Data Name='DestinationPortName'>-</Data></EventData></Event>","timestamp":1780056995}
{"cpu_load":11.588541984558105,"data":"<Event xmlns='http://schemas.microsoft.com/win/2004/08/events/event'><System><Provider Name='Microsoft-Windows-Sysmon' Guid='{5770385f-c22a-43e0-bf4c-06f5698ffbd9}'/><EventID>3</EventID><Version>5</Version><Level>4</Level><Task>3</Task><Opcode>0</Opcode><Keywords>0x8000000000000000</Keywords><TimeCreated SystemTime='2026-05-29T12:16:34.1116071Z'/><EventRecordID>11482671</EventRecordID><Correlation/><Execution ProcessID='6112' ThreadID='9524'/><Channel>Microsoft-Windows-Sysmon/Operational</Channel><Computer>DESKTOP-85U97MI</Computer><Security UserID='S-1-5-18'/></System><EventData><Data Name='RuleName'>-</Data><Data Name='UtcTime'>2026-05-29 12:16:32.879</Data><Data Name='ProcessGuid'>{d9cf607a-7b16-6a19-9b03-000000000d03}</Data><Data Name='ProcessId'>20172</Data><Data Name='Image'>E:\\Zagruzki iz C\\TgWsProxy.exe</Data><Data Name='User'>DESKTOP-85U97MI\\sseva</Data><Data Name='Protocol'>tcp</Data><Data Name='Initiated'>false</Data><Data Name='SourceIsIpv6'>false</Data><Data Name='SourceIp'>127.0.0.1</Data><Data Name='SourceHostname'>paranoid-checker.vercel.app</Data><Data Name='SourcePort'>49179</Data><Data Name='SourcePortName'>-</Data><Data Name='DestinationIsIpv6'>false</Data><Data Name='DestinationIp'>127.0.0.1</Data><Data Name='DestinationHostname'>paranoid-checker.vercel.app</Data><Data Name='DestinationPort'>1080</Data><Data Name='DestinationPortName'>-</Data></EventData></Event>","timestamp":1780056995}
{"cpu_load":11.588541984558105,"data":"<Event xmlns='http://schemas.microsoft.com/win/2004/08/events/event'><System><Provider Name='Microsoft-Windows-Sysmon' Guid='{5770385f-c22a-43e0-bf4c-06f5698ffbd9}'/><EventID>3</EventID><Version>5</Version><Level>4</Level><Task>3</Task><Opcode>0</Opcode><Keywords>0x8000000000000000</Keywords><TimeCreated SystemTime='2026-05-29T12:16:34.1116114Z'/><EventRecordID>11482672</EventRecordID><Correlation/><Execution ProcessID='6112' ThreadID='9524'/><Channel>Microsoft-Windows-Sysmon/Operational</Channel><Computer>DESKTOP-85U97MI</Computer><Security UserID='S-1-5-18'/></System><EventData><Data Name='RuleName'>-</Data><Data Name='UtcTime'>2026-05-29 12:16:32.890</Data><Data Name='ProcessGuid'>{d9cf607a-779c-6a19-9c02-000000000d03}</Data><Data Name='ProcessId'>1180</Data><Data Name='Image'>E:\\Telegram Desktop\\Telegram.exe</Data><Data Name='User'>DESKTOP-85U97MI\\sseva</Data><Data Name='Protocol'>tcp</Data><Data Name='Initiated'>true</Data><Data Name='SourceIsIpv6'>false</Data><Data Name='SourceIp'>127.0.0.1</Data><Data Name='SourceHostname'>paranoid-checker.vercel.app</Data><Data Name='SourcePort'>49180</Data><Data Name='SourcePortName'>-</Data><Data Name='DestinationIsIpv6'>false</Data><Data Name='DestinationIp'>127.0.0.1</Data><Data Name='DestinationHostname'>paranoid-checker.vercel.app</Data><Data Name='DestinationPort'>1080</Data><Data Name='DestinationPortName'>-</Data></EventData></Event>","timestamp":1780056995}
{"cpu_load":11.588541984558105,"data":"<Event xmlns='http://schemas.microsoft.com/win/2004/08/events/event'><System><Provider Name='Microsoft-Windows-Sysmon' Guid='{5770385f-c22a-43e0-bf4c-06f5698ffbd9}'/><EventID>3</EventID><Version>5</Version><Level>4</Level><Task>3</Task><Opcode>0</Opcode><Keywords>0x8000000000000000</Keywords><TimeCreated SystemTime='2026-05-29T12:16:34.1116151Z'/><EventRecordID>11482673</EventRecordID><Correlation/><Execution ProcessID='6112' ThreadID='9524'/><Channel>Microsoft-Windows-Sysmon/Operational</Channel><Computer>DESKTOP-85U97MI</Computer><Security UserID='S-1-5-18'/></System><EventData><Data Name='RuleName'>-</Data><Data Name='UtcTime'>2026-05-29 12:16:32.890</Data><Data Name='ProcessGuid'>{d9cf607a-7b16-6a19-9b03-000000000d03}</Data><Data Name='ProcessId'>20172</Data><Data Name='Image'>E:\\Zagruzki iz C\\TgWsProxy.exe</Data><Data Name='User'>DESKTOP-85U97MI\\sseva</Data><Data Name='Protocol'>tcp</Data><Data Name='Initiated'>false</Data><Data Name='SourceIsIpv6'>false</Data><Data Name='SourceIp'>127.0.0.1</Data><Data Name='SourceHostname'>paranoid-checker.vercel.app</Data><Data Name='SourcePort'>49180</Data><Data Name='SourcePortName'>-</Data><Data Name='DestinationIsIpv6'>false</Data><Data Name='DestinationIp'>127.0.0.1</Data><Data Name='DestinationHostname'>paranoid-checker.vercel.app</Data><Data Name='DestinationPort'>1080</Data><Data Name='DestinationPortName'>-</Data></EventData></Event>","timestamp":1780056995}
{"cpu_load":11.588541984558105,"data":"<Event xmlns='http://schemas.microsoft.com/win/2004/08/events/event'><System><Provider Name='Microsoft-Windows-Sysmon' Guid='{5770385f-c22a-43e0-bf4c-06f5698ffbd9}'/><EventID>3</EventID><Version>5</Version><Level>4</Level><Task>3</Task><Opcode>0</Opcode><Keywords>0x8000000000000000</Keywords><TimeCreated SystemTime='2026-05-29T12:16:34.1116191Z'/><EventRecordID>11482674</EventRecordID><Correlation/><Execution ProcessID='6112' ThreadID='9524'/><Channel>Microsoft-Windows-Sysmon/Operational</Channel><Computer>DESKTOP-85U97MI</Computer><Security UserID='S-1-5-18'/></System><EventData><Data Name='RuleName'>-</Data><Data Name='UtcTime'>2026-05-29 12:16:32.901</Data><Data Name='ProcessGuid'>{d9cf607a-779c-6a19-9c02-000000000d03}</Data><Data Name='ProcessId'>1180</Data><Data Name='Image'>E:\\Telegram Desktop\\Telegram.exe</Data><Data Name='User'>DESKTOP-85U97MI\\sseva</Data><Data Name='Protocol'>tcp</Data><Data Name='Initiated'>true</Data><Data Name='SourceIsIpv6'>false</Data><Data Name='SourceIp'>127.0.0.1</Data><Data Name='SourceHostname'>paranoid-checker.vercel.app</Data><Data Name='SourcePort'>49181</Data><Data Name='SourcePortName'>-</Data><Data Name='DestinationIsIpv6'>false</Data><Data Name='DestinationIp'>127.0.0.1</Data><Data Name='DestinationHostname'>paranoid-checker.vercel.app</Data><Data Name='DestinationPort'>1080</Data><Data Name='DestinationPortName'>-</Data></EventData></Event>","timestamp":1780056995}
{"cpu_load":11.588541984558105,"data":"<Event xmlns='http://schemas.microsoft.com/win/2004/08/events/event'><System><Provider Name='Microsoft-Windows-Sysmon' Guid='{5770385f-c22a-43e0-bf4c-06f5698ffbd9}'/><EventID>3</EventID><Version>5</Version><Level>4</Level><Task>3</Task><Opcode>0</Opcode><Keywords>0x8000000000000000</Keywords><TimeCreated SystemTime='2026-05-29T12:16:34.1116226Z'/><EventRecordID>11482675</EventRecordID><Correlation/><Execution ProcessID='6112' ThreadID='9524'/><Channel>Microsoft-Windows-Sysmon/Operational</Channel><Computer>DESKTOP-85U97MI</Computer><Security UserID='S-1-5-18'/></System><EventData><Data Name='RuleName'>-</Data><Data Name='UtcTime'>2026-05-29 12:16:32.901</Data><Data Name='ProcessGuid'>{d9cf607a-7b16-6a19-9b03-000000000d03}</Data><Data Name='ProcessId'>20172</Data><Data Name='Image'>E:\\Zagruzki iz C\\TgWsProxy.exe</Data><Data Name='User'>DESKTOP-85U97MI\\sseva</Data><Data Name='Protocol'>tcp</Data><Data Name='Initiated'>false</Data><Data Name='SourceIsIpv6'>false</Data><Data Name='SourceIp'>127.0.0.1</Data><Data Name='SourceHostname'>paranoid-checker.vercel.app</Data><Data Name='SourcePort'>49181</Data><Data Name='SourcePortName'>-</Data><Data Name='DestinationIsIpv6'>false</Data><Data Name='DestinationIp'>127.0.0.1</Data><Data Name='DestinationHostname'>paranoid-checker.vercel.app</Data><Data Name='DestinationPort'>1080</Data><Data Name='DestinationPortName'>-</Data></EventData></Event>","timestamp":1780056995}
{"cpu_load":12.369791984558105,"data":"<Event xmlns='http://schemas.microsoft.com/win/2004/08/events/event'><System><Provider Name='Microsoft-Windows-Sysmon' Guid='{5770385f-c22a-43e0-bf4c-06f5698ffbd9}'/><EventID>3</EventID><Version>5</Version><Level>4</Level><Task>3</Task><Opcode>0</Opcode><Keywords>0x8000000000000000</Keywords><TimeCreated SystemTime='2026-05-29T12:16:36.1145867Z'/><EventRecordID>11482676</EventRecordID><Correlation/><Execution ProcessID='6112' ThreadID='9524'/><Channel>Microsoft-Windows-Sysmon/Operational</Channel><Computer>DESKTOP-85U97MI</Computer><Security UserID='S-1-5-18'/></System><EventData><Data Name='RuleName'>-</Data><Data Name='UtcTime'>2026-05-29 12:16:34.968</Data><Data Name='ProcessGuid'>{d9cf607a-7796-6a19-7b02-000000000d03}</Data><Data Name='ProcessId'>17852</Data><Data Name='Image'>C:\\Program Files\\Google\\Chrome\\Application\\chrome.exe</Data><Data Name='User'>DESKTOP-85U97MI\\sseva</Data><Data Name='Protocol'>tcp</Data><Data Name='Initiated'>true</Data><Data Name='SourceIsIpv6'>false</Data><Data Name='SourceIp'>85.143.15.202</Data><Data Name='SourceHostname'>DESKTOP-85U97MI</Data><Data Name='SourcePort'>49182</Data><Data Name='SourcePortName'>-</Data><Data Name='DestinationIsIpv6'>false</Data><Data Name='DestinationIp'>37.130.194.48</Data><Data Name='DestinationHostname'>-</Data><Data Name='DestinationPort'>443</Data><Data Name='DestinationPortName'>https</Data></EventData></Event>","timestamp":1780056997}
{"cpu_load":19.27083396911621,"data":"<Event xmlns='http://schemas.microsoft.com/win/2004/08/events/event'><System><Provider Name='Microsoft-Windows-Sysmon' Guid='{5770385f-c22a-43e0-bf4c-06f5698ffbd9}'/><EventID>3</EventID><Version>5</Version><Level>4</Level><Task>3</Task><Opcode>0</Opcode><Keywords>0x8000000000000000</Keywords><TimeCreated SystemTime='2026-05-29T12:16:39.1185584Z'/><EventRecordID>11482677</EventRecordID><Correlation/><Execution ProcessID='6112' ThreadID='9524'/><Channel>Microsoft-Windows-Sysmon/Operational</Channel><Computer>DESKTOP-85U97MI</Computer><Security UserID='S-1-5-18'/></System><EventData><Data Name='RuleName'>-</Data><Data Name='UtcTime'>2026-05-29 12:16:37.338</Data><Data Name='ProcessGuid'>{d9cf607a-7796-6a19-7b02-000000000d03}</Data><Data Name='ProcessId'>17852</Data><Data Name='Image'>C:\\Program Files\\Google\\Chrome\\Application\\chrome.exe</Data><Data Name='User'>DESKTOP-85U97MI\\sseva</Data><Data Name='Protocol'>tcp</Data><Data Name='Initiated'>true</Data><Data Name='SourceIsIpv6'>false</Data><Data Name='SourceIp'>85.143.15.202</Data><Data Name='SourceHostname'>DESKTOP-85U97MI</Data><Data Name='SourcePort'>49183</Data><Data Name='SourcePortName'>-</Data><Data Name='DestinationIsIpv6'>false</Data><Data Name='DestinationIp'>209.85.233.138</Data><Data Name='DestinationHostname'>lr-in-f138.1e100.net</Data><Data Name='DestinationPort'>443</Data><Data Name='DestinationPortName'>https</Data></EventData></Event>","timestamp":1780057000}
{"cpu_load":19.27083396911621,"data":"<Event xmlns='http://schemas.microsoft.com/win/2004/08/events/event'><System><Provider Name='Microsoft-Windows-Sysmon' Guid='{5770385f-c22a-43e0-bf4c-06f5698ffbd9}'/><EventID>3</EventID><Version>5</Version><Level>4</Level><Task>3</Task><Opcode>0</Opcode><Keywords>0x8000000000000000</Keywords><TimeCreated SystemTime='2026-05-29T12:16:39.3685561Z'/><EventRecordID>11482678</EventRecordID><Correlation/><Execution ProcessID='6112' ThreadID='9524'/><Channel>Microsoft-Windows-Sysmon/Operational</Channel><Computer>DESKTOP-85U97MI</Computer><Security UserID='S-1-5-18'/></System><EventData><Data Name='RuleName'>-</Data><Data Name='UtcTime'>2026-05-29 12:16:38.152</Data><Data Name='ProcessGuid'>{d9cf607a-779c-6a19-9c02-000000000d03}</Data><Data Name='ProcessId'>1180</Data><Data Name='Image'>E:\\Telegram Desktop\\Telegram.exe</Data><Data Name='User'>DESKTOP-85U97MI\\sseva</Data><Data Name='Protocol'>tcp</Data><Data Name='Initiated'>true</Data><Data Name='SourceIsIpv6'>false</Data><Data Name='SourceIp'>127.0.0.1</Data><Data Name='SourceHostname'>paranoid-checker.vercel.app</Data><Data Name='SourcePort'>49184</Data><Data Name='SourcePortName'>-</Data><Data Name='DestinationIsIpv6'>false</Data><Data Name='DestinationIp'>127.0.0.1</Data><Data Name='DestinationHostname'>paranoid-checker.vercel.app</Data><Data Name='DestinationPort'>1080</Data><Data Name='DestinationPortName'>-</Data></EventData></Event>","timestamp":1780057000}
{"cpu_load":19.27083396911621,"data":"<Event xmlns='http://schemas.microsoft.com/win/2004/08/events/event'><System><Provider Name='Microsoft-Windows-Sysmon' Guid='{5770385f-c22a-43e0-bf4c-06f5698ffbd9}'/><EventID>3</EventID><Version>5</Version><Level>4</Level><Task>3</Task><Opcode>0</Opcode><Keywords>0x8000000000000000</Keywords><TimeCreated SystemTime='2026-05-29T12:16:39.3685692Z'/><EventRecordID>11482679</EventRecordID><Correlation/><Execution ProcessID='6112' ThreadID='9524'/><Channel>Microsoft-Windows-Sysmon/Operational</Channel><Computer>DESKTOP-85U97MI</Computer><Security UserID='S-1-5-18'/></System><EventData><Data Name='RuleName'>-</Data><Data Name='UtcTime'>2026-05-29 12:16:38.152</Data><Data Name='ProcessGuid'>{d9cf607a-7b16-6a19-9b03-000000000d03}</Data><Data Name='ProcessId'>20172</Data><Data Name='Image'>E:\\Zagruzki iz C\\TgWsProxy.exe</Data><Data Name='User'>DESKTOP-85U97MI\\sseva</Data><Data Name='Protocol'>tcp</Data><Data Name='Initiated'>false</Data><Data Name='SourceIsIpv6'>false</Data><Data Name='SourceIp'>127.0.0.1</Data><Data Name='SourceHostname'>paranoid-checker.vercel.app</Data><Data Name='SourcePort'>49184</Data><Data Name='SourcePortName'>-</Data><Data Name='DestinationIsIpv6'>false</Data><Data Name='DestinationIp'>127.0.0.1</Data><Data Name='DestinationHostname'>paranoid-checker.vercel.app</Data><Data Name='DestinationPort'>1080</Data><Data Name='DestinationPortName'>-</Data></EventData></Event>","timestamp":1780057000}
{"cpu_load":19.27083396911621,"data":"<Event xmlns='http://schemas.microsoft.com/win/2004/08/events/event'><System><Provider Name='Microsoft-Windows-Sysmon' Guid='{5770385f-c22a-43e0-bf4c-06f5698ffbd9}'/><EventID>3</EventID><Version>5</Version><Level>4</Level><Task>3</Task><Opcode>0</Opcode><Keywords>0x8000000000000000</Keywords><TimeCreated SystemTime='2026-05-29T12:16:39.3685759Z'/><EventRecordID>11482680</EventRecordID><Correlation/><Execution ProcessID='6112' ThreadID='9524'/><Channel>Microsoft-Windows-Sysmon/Operational</Channel><Computer>DESKTOP-85U97MI</Computer><Security UserID='S-1-5-18'/></System><EventData><Data Name='RuleName'>-</Data><Data Name='UtcTime'>2026-05-29 12:16:38.163</Data><Data Name='ProcessGuid'>{d9cf607a-779c-6a19-9c02-000000000d03}</Data><Data Name='ProcessId'>1180</Data><Data Name='Image'>E:\\Telegram Desktop\\Telegram.exe</Data><Data Name='User'>DESKTOP-85U97MI\\sseva</Data><Data Name='Protocol'>tcp</Data><Data Name='Initiated'>true</Data><Data Name='SourceIsIpv6'>false</Data><Data Name='SourceIp'>127.0.0.1</Data><Data Name='SourceHostname'>paranoid-checker.vercel.app</Data><Data Name='SourcePort'>49185</Data><Data Name='SourcePortName'>-</Data><Data Name='DestinationIsIpv6'>false</Data><Data Name='DestinationIp'>127.0.0.1</Data><Data Name='DestinationHostname'>paranoid-checker.vercel.app</Data><Data Name='DestinationPort'>1080</Data><Data Name='DestinationPortName'>-</Data></EventData></Event>","timestamp":1780057000}
{"cpu_load":19.27083396911621,"data":"<Event xmlns='http://schemas.microsoft.com/win/2004/08/events/event'><System><Provider Name='Microsoft-Windows-Sysmon' Guid='{5770385f-c22a-43e0-bf4c-06f5698ffbd9}'/><EventID>3</EventID><Version>5</Version><Level>4</Level><Task>3</Task><Opcode>0</Opcode><Keywords>0x8000000000000000</Keywords><TimeCreated SystemTime='2026-05-29T12:16:39.3685816Z'/><EventRecordID>11482681</EventRecordID><Correlation/><Execution ProcessID='6112' ThreadID='9524'/><Channel>Microsoft-Windows-Sysmon/Operational</Channel><Computer>DESKTOP-85U97MI</Computer><Security UserID='S-1-5-18'/></System><EventData><Data Name='RuleName'>-</Data><Data Name='UtcTime'>2026-05-29 12:16:38.163</Data><Data Name='ProcessGuid'>{d9cf607a-7b16-6a19-9b03-000000000d03}</Data><Data Name='ProcessId'>20172</Data><Data Name='Image'>E:\\Zagruzki iz C\\TgWsProxy.exe</Data><Data Name='User'>DESKTOP-85U97MI\\sseva</Data><Data Name='Protocol'>tcp</Data><Data Name='Initiated'>false</Data><Data Name='SourceIsIpv6'>false</Data><Data Name='SourceIp'>127.0.0.1</Data><Data Name='SourceHostname'>paranoid-checker.vercel.app</Data><Data Name='SourcePort'>49185</Data><Data Name='SourcePortName'>-</Data><Data Name='DestinationIsIpv6'>false</Data><Data Name='DestinationIp'>127.0.0.1</Data><Data Name='DestinationHostname'>paranoid-checker.vercel.app</Data><Data Name='DestinationPort'>1080</Data><Data Name='DestinationPortName'>-</Data></EventData></Event>","timestamp":1780057000}
{"cpu_load":19.27083396911621,"data":"<Event xmlns='http://schemas.microsoft.com/win/2004/08/events/event'><System><Provider Name='Microsoft-Windows-Sysmon' Guid='{5770385f-c22a-43e0-bf4c-06f5698ffbd9}'/><EventID>3</EventID><Version>5</Version><Level>4</Level><Task>3</Task><Opcode>0</Opcode><Keywords>0x8000000000000000</Keywords><TimeCreated SystemTime='2026-05-29T12:16:39.3685877Z'/><EventRecordID>11482682</EventRecordID><Correlation/><Execution ProcessID='6112' ThreadID='9524'/><Channel>Microsoft-Windows-Sysmon/Operational</Channel><Computer>DESKTOP-85U97MI</Computer><Security UserID='S-1-5-18'/></System><EventData><Data Name='RuleName'>-</Data><Data Name='UtcTime'>2026-05-29 12:16:38.175</Data><Data Name='ProcessGuid'>{d9cf607a-779c-6a19-9c02-000000000d03}</Data><Data Name='ProcessId'>1180</Data><Data Name='Image'>E:\\Telegram Desktop\\Telegram.exe</Data><Data Name='User'>DESKTOP-85U97MI\\sseva</Data><Data Name='Protocol'>tcp</Data><Data Name='Initiated'>true</Data><Data Name='SourceIsIpv6'>false</Data><Data Name='SourceIp'>127.0.0.1</Data><Data Name='SourceHostname'>paranoid-checker.vercel.app</Data><Data Name='SourcePort'>49187</Data><Data Name='SourcePortName'>-</Data><Data Name='DestinationIsIpv6'>false</Data><Data Name='DestinationIp'>127.0.0.1</Data><Data Name='DestinationHostname'>paranoid-checker.vercel.app</Data><Data Name='DestinationPort'>1080</Data><Data Name='DestinationPortName'>-</Data></EventData></Event>","timestamp":1780057000}
{"cpu_load":19.27083396911621,"data":"<Event xmlns='http://schemas.microsoft.com/win/2004/08/events/event'><System><Provider Name='Microsoft-Windows-Sysmon' Guid='{5770385f-c22a-43e0-bf4c-06f5698ffbd9}'/><EventID>3</EventID><Version>5</Version><Level>4</Level><Task>3</Task><Opcode>0</Opcode><Keywords>0x8000000000000000</Keywords><TimeCreated SystemTime='2026-05-29T12:16:39.3685932Z'/><EventRecordID>11482683</EventRecordID><Correlation/><Execution ProcessID='6112' ThreadID='9524'/><Channel>Microsoft-Windows-Sysmon/Operational</Channel><Computer>DESKTOP-85U97MI</Computer><Security UserID='S-1-5-18'/></System><EventData><Data Name='RuleName'>-</Data><Data Name='UtcTime'>2026-05-29 12:16:38.175</Data><Data Name='ProcessGuid'>{d9cf607a-7b16-6a19-9b03-000000000d03}</Data><Data Name='ProcessId'>20172</Data><Data Name='Image'>E:\\Zagruzki iz C\\TgWsProxy.exe</Data><Data Name='User'>DESKTOP-85U97MI\\sseva</Data><Data Name='Protocol'>tcp</Data><Data Name='Initiated'>false</Data><Data Name='SourceIsIpv6'>false</Data><Data Name='SourceIp'>127.0.0.1</Data><Data Name='SourceHostname'>paranoid-checker.vercel.app</Data><Data Name='SourcePort'>49187</Data><Data Name='SourcePortName'>-</Data><Data Name='DestinationIsIpv6'>false</Data><Data Name='DestinationIp'>127.0.0.1</Data><Data Name='DestinationHostname'>paranoid-checker.vercel.app</Data><Data Name='DestinationPort'>1080</Data><Data Name='DestinationPortName'>-</Data></EventData></Event>","timestamp":1780057000}
{"cpu_load":21.22395896911621,"data":"<Event xmlns='http://schemas.microsoft.com/win/2004/08/events/event'><System><Provider Name='Microsoft-Windows-Sysmon' Guid='{5770385f-c22a-43e0-bf4c-06f5698ffbd9}'/><EventID>3</EventID><Version>5</Version><Level>4</Level><Task>3</Task><Opcode>0</Opcode><Keywords>0x8000000000000000</Keywords><TimeCreated SystemTime='2026-05-29T12:16:40.1195484Z'/><EventRecordID>11482684</EventRecordID><Correlation/><Execution ProcessID='6112' ThreadID='9524'/><Channel>Microsoft-Windows-Sysmon/Operational</Channel><Computer>DESKTOP-85U97MI</Computer><Security UserID='S-1-5-18'/></System><EventData><Data Name='RuleName'>-</Data><Data Name='UtcTime'>2026-05-29 12:16:38.176</Data><Data Name='ProcessGuid'>{d9cf607a-779c-6a19-9c02-000000000d03}</Data><Data Name='ProcessId'>1180</Data><Data Name='Image'>E:\\Telegram Desktop\\Telegram.exe</Data><Data Name='User'>DESKTOP-85U97MI\\sseva</Data><Data Name='Protocol'>tcp</Data><Data Name='Initiated'>true</Data><Data Name='SourceIsIpv6'>false</Data><Data Name='SourceIp'>127.0.0.1</Data><Data Name='SourceHostname'>paranoid-checker.vercel.app</Data><Data Name='SourcePort'>49188</Data><Data Name='SourcePortName'>-</Data><Data Name='DestinationIsIpv6'>false</Data><Data Name='DestinationIp'>127.0.0.1</Data><Data Name='DestinationHostname'>paranoid-checker.vercel.app</Data><Data Name='DestinationPort'>1080</Data><Data Name='DestinationPortName'>-</Data></EventData></Event>","timestamp":1780057001}
{"cpu_load":21.22395896911621,"data":"<Event xmlns='http://schemas.microsoft.com/win/2004/08/events/event'><System><Provider Name='Microsoft-Windows-Sysmon' Guid='{5770385f-c22a-43e0-bf4c-06f5698ffbd9}'/><EventID>3</EventID><Version>5</Version><Level>4</Level><Task>3</Task><Opcode>0</Opcode><Keywords>0x8000000000000000</Keywords><TimeCreated SystemTime='2026-05-29T12:16:40.1195571Z'/><EventRecordID>11482685</EventRecordID><Correlation/><Execution ProcessID='6112' ThreadID='9524'/><Channel>Microsoft-Windows-Sysmon/Operational</Channel><Computer>DESKTOP-85U97MI</Computer><Security UserID='S-1-5-18'/></System><EventData><Data Name='RuleName'>-</Data><Data Name='UtcTime'>2026-05-29 12:16:38.176</Data><Data Name='ProcessGuid'>{d9cf607a-7b16-6a19-9b03-000000000d03}</Data><Data Name='ProcessId'>20172</Data><Data Name='Image'>E:\\Zagruzki iz C\\TgWsProxy.exe</Data><Data Name='User'>DESKTOP-85U97MI\\sseva</Data><Data Name='Protocol'>tcp</Data><Data Name='Initiated'>false</Data><Data Name='SourceIsIpv6'>false</Data><Data Name='SourceIp'>127.0.0.1</Data><Data Name='SourceHostname'>paranoid-checker.vercel.app</Data><Data Name='SourcePort'>49188</Data><Data Name='SourcePortName'>-</Data><Data Name='DestinationIsIpv6'>false</Data><Data Name='DestinationIp'>127.0.0.1</Data><Data Name='DestinationHostname'>paranoid-checker.vercel.app</Data><Data Name='DestinationPort'>1080</Data><Data Name='DestinationPortName'>-</Data></EventData></Event>","timestamp":1780057001}
{"cpu_load":21.22395896911621,"data":"<Event xmlns='http://schemas.microsoft.com/win/2004/08/events/event'><System><Provider Name='Microsoft-Windows-Sysmon' Guid='{5770385f-c22a-43e0-bf4c-06f5698ffbd9}'/><EventID>3</EventID><Version>5</Version><Level>4</Level><Task>3</Task><Opcode>0</Opcode><Keywords>0x8000000000000000</Keywords><TimeCreated SystemTime='2026-05-29T12:16:40.1195614Z'/><EventRecordID>11482686</EventRecordID><Correlation/><Execution ProcessID='6112' ThreadID='9524'/><Channel>Microsoft-Windows-Sysmon/Operational</Channel><Computer>DESKTOP-85U97MI</Computer><Security UserID='S-1-5-18'/></System><EventData><Data Name='RuleName'>-</Data><Data Name='UtcTime'>2026-05-29 12:16:38.187</Data><Data Name='ProcessGuid'>{d9cf607a-779c-6a19-9c02-000000000d03}</Data><Data Name='ProcessId'>1180</Data><Data Name='Image'>E:\\Telegram Desktop\\Telegram.exe</Data><Data Name='User'>DESKTOP-85U97MI\\sseva</Data><Data Name='Protocol'>tcp</Data><Data Name='Initiated'>true</Data><Data Name='SourceIsIpv6'>false</Data><Data Name='SourceIp'>127.0.0.1</Data><Data Name='SourceHostname'>paranoid-checker.vercel.app</Data><Data Name='SourcePort'>49189</Data><Data Name='SourcePortName'>-</Data><Data Name='DestinationIsIpv6'>false</Data><Data Name='DestinationIp'>127.0.0.1</Data><Data Name='DestinationHostname'>paranoid-checker.vercel.app</Data><Data Name='DestinationPort'>1080</Data><Data Name='DestinationPortName'>-</Data></EventData></Event>","timestamp":1780057001}
{"cpu_load":21.22395896911621,"data":"<Event xmlns='http://schemas.microsoft.com/win/2004/08/events/event'><System><Provider Name='Microsoft-Windows-Sysmon' Guid='{5770385f-c22a-43e0-bf4c-06f5698ffbd9}'/><EventID>3</EventID><Version>5</Version><Level>4</Level><Task>3</Task><Opcode>0</Opcode><Keywords>0x8000000000000000</Keywords><TimeCreated SystemTime='2026-05-29T12:16:40.1195651Z'/><EventRecordID>11482687</EventRecordID><Correlation/><Execution ProcessID='6112' ThreadID='9524'/><Channel>Microsoft-Windows-Sysmon/Operational</Channel><Computer>DESKTOP-85U97MI</Computer><Security UserID='S-1-5-18'/></System><EventData><Data Name='RuleName'>-</Data><Data Name='UtcTime'>2026-05-29 12:16:38.187</Data><Data Name='ProcessGuid'>{d9cf607a-7b16-6a19-9b03-000000000d03}</Data><Data Name='ProcessId'>20172</Data><Data Name='Image'>E:\\Zagruzki iz C\\TgWsProxy.exe</Data><Data Name='User'>DESKTOP-85U97MI\\sseva</Data><Data Name='Protocol'>tcp</Data><Data Name='Initiated'>false</Data><Data Name='SourceIsIpv6'>false</Data><Data Name='SourceIp'>127.0.0.1</Data><Data Name='SourceHostname'>paranoid-checker.vercel.app</Data><Data Name='SourcePort'>49189</Data><Data Name='SourcePortName'>-</Data><Data Name='DestinationIsIpv6'>false</Data><Data Name='DestinationIp'>127.0.0.1</Data><Data Name='DestinationHostname'>paranoid-checker.vercel.app</Data><Data Name='DestinationPort'>1080</Data><Data Name='DestinationPortName'>-</Data></EventData></Event>","timestamp":1780057001}
{"cpu_load":21.22395896911621,"data":"<Event xmlns='http://schemas.microsoft.com/win/2004/08/events/event'><System><Provider Name='Microsoft-Windows-Sysmon' Guid='{5770385f-c22a-43e0-bf4c-06f5698ffbd9}'/><EventID>3</EventID><Version>5</Version><Level>4</Level><Task>3</Task><Opcode>0</Opcode><Keywords>0x8000000000000000</Keywords><TimeCreated SystemTime='2026-05-29T12:16:40.1195687Z'/><EventRecordID>11482688</EventRecordID><Correlation/><Execution ProcessID='6112' ThreadID='9524'/><Channel>Microsoft-Windows-Sysmon/Operational</Channel><Computer>DESKTOP-85U97MI</Computer><Security UserID='S-1-5-18'/></System><EventData><Data Name='RuleName'>-</Data><Data Name='UtcTime'>2026-05-29 12:16:38.189</Data><Data Name='ProcessGuid'>{d9cf607a-779c-6a19-9c02-000000000d03}</Data><Data Name='ProcessId'>1180</Data><Data Name='Image'>E:\\Telegram Desktop\\Telegram.exe</Data><Data Name='User'>DESKTOP-85U97MI\\sseva</Data><Data Name='Protocol'>tcp</Data><Data Name='Initiated'>true</Data><Data Name='SourceIsIpv6'>false</Data><Data Name='SourceIp'>127.0.0.1</Data><Data Name='SourceHostname'>paranoid-checker.vercel.app</Data><Data Name='SourcePort'>49192</Data><Data Name='SourcePortName'>-</Data><Data Name='DestinationIsIpv6'>false</Data><Data Name='DestinationIp'>127.0.0.1</Data><Data Name='DestinationHostname'>paranoid-checker.vercel.app</Data><Data Name='DestinationPort'>1080</Data><Data Name='DestinationPortName'>-</Data></EventData></Event>","timestamp":1780057001}
