{"cpu_load":18.58974266052246,"data":"<Event xmlns='http://schemas.microsoft.com/win/2004/08/events/event'><System><Provider Name='Microsoft-Windows-Sysmon' Guid='{5770385f-c22a-43e0-bf4c-06f5698ffbd9}'/><EventID>3</EventID><Version>5</Version><Level>4</Level><Task>3</Task><Opcode>0</Opcode><Keywords>0x8000000000000000</Keywords><TimeCreated SystemTime='2026-05-29T12:15:58.3020796Z'/><EventRecordID>11482520</EventRecordID><Correlation/><Execution ProcessID='6112' ThreadID='9524'/><Channel>Microsoft-Windows-Sysmon/Operational</Channel><Computer>DESKTOP-85U97MI</Computer><Security UserID='S-1-5-18'/></System><EventData><Data Name='RuleName'>-</Data><Data Name='UtcTime'>2026-05-29 12:15:56.319</Data><Data Name='ProcessGuid'>{d9cf607a-7655-6a19-3c00-000000000d03}</Data><Data Name='ProcessId'>3268</Data><Data Name='Image'>C:\\Windows\\System32\\svchost.exe</Data><Data Name='User'>NT AUTHORITY\\NETWORK SERVICE</Data><Data Name='Protocol'>udp</Data><Data Name='Initiated'>true</Data><Data Name='SourceIsIpv6'>false</Data><Data Name='SourceIp'>85.143.15.202</Data><Data Name='SourceHostname'>DESKTOP-85U97MI</Data><Data Name='SourcePort'>51376</Data><Data Name='SourcePortName'>-</Data><Data Name='DestinationIsIpv6'>false</Data><Data Name='DestinationIp'>85.143.0.30</Data><Data Name='DestinationHostname'>ns.unn.ru</Data><Data Name='DestinationPort'>53</Data><Data Name='DestinationPortName'>domain</Data></EventData></Event>","timestamp":1780056959}
{"cpu_load":18.58974266052246,"data":"<Event xmlns='http://schemas.microsoft.com/win/2004/08/events/event'><System><Provider Name='Microsoft-Windows-Sysmon' Guid='{5770385f-c22a-43e0-bf4c-06f5698ffbd9}'/><EventID>3</EventID><Version>5</Version><Level>4</Level><Task>3</Task><Opcode>0</Opcode><Keywords>0x8000000000000000</Keywords><TimeCreated SystemTime='2026-05-29T12:15:58.3020867Z'/><EventRecordID>11482521</EventRecordID><Correlation/><Execution ProcessID='6112' ThreadID='9524'/><Channel>Microsoft-Windows-Sysmon/Operational</Channel><Computer>DESKTOP-85U97MI</Computer><Security UserID='S-1-5-18'/></System><EventData><Data Name='RuleName'>-</Data><Data Name='UtcTime'>2026-05-29 12:15:56.320</Data><Data Name='ProcessGuid'>{d9cf607a-7655-6a19-3c00-000000000d03}</Data><Data Name='ProcessId'>3268</Data><Data Name='Image'>C:\\Windows\\System32\\svchost.exe</Data><Data Name='User'>NT AUTHORITY\\NETWORK SERVICE</Data><Data Name='Protocol'>udp</Data><Data Name='Initiated'>true</Data><Data Name='SourceIsIpv6'>false</Data><Data Name='SourceIp'>85.143.15.202</Data><Data Name='SourceHostname'>DESKTOP-85U97MI</Data><Data Name='SourcePort'>55746</Data><Data Name='SourcePortName'>-</Data><Data Name='DestinationIsIpv6'>false</Data><Data Name='DestinationIp'>85.143.0.30</Data><Data Name='DestinationHostname'>ns.unn.ru</Data><Data Name='DestinationPort'>53</Data><Data Name='DestinationPortName'>domain</Data></EventData></Event>","timestamp":1780056959}
{"cpu_load":15.234375,"data":"<Event xmlns='http://schemas.microsoft.com/win/2004/08/events/event'><System><Provider Name='Microsoft-Windows-Sysmon' Guid='{5770385f-c22a-43e0-bf4c-06f5698ffbd9}'/><EventID>3</EventID><Version>5</Version><Level>4</Level><Task>3</Task><Opcode>0</Opcode><Keywords>0x8000000000000000</Keywords><TimeCreated SystemTime='2026-05-29T12:16:00.3055459Z'/><EventRecordID>11482522</EventRecordID><Correlation/><Execution ProcessID='6112' ThreadID='9524'/><Channel>Microsoft-Windows-Sysmon/Operational</Channel><Computer>DESKTOP-85U97MI</Computer><Security UserID='S-1-5-18'/></System><EventData><Data Name='RuleName'>-</Data><Data Name='UtcTime'>2026-05-29 12:15:58.152</Data><Data Name='ProcessGuid'>{d9cf607a-779c-6a19-9c02-000000000d03}</Data><Data Name='ProcessId'>1180</Data><Data Name='Image'>E:\\Telegram Desktop\\Telegram.exe</Data><Data Name='User'>DESKTOP-85U97MI\\sseva</Data><Data Name='Protocol'>tcp</Data><Data Name='Initiated'>true</Data><Data Name='SourceIsIpv6'>false</Data><Data Name='SourceIp'>127.0.0.1</Data><Data Name='SourceHostname'>paranoid-checker.vercel.app</Data><Data Name='SourcePort'>49080</Data><Data Name='SourcePortName'>-</Data><Data Name='DestinationIsIpv6'>false</Data><Data Name='DestinationIp'>127.0.0.1</Data><Data Name='DestinationHostname'>paranoid-checker.vercel.app</Data><Data Name='DestinationPort'>1080</Data><Data Name='DestinationPortName'>-</Data></EventData></Event>","timestamp":1780056961}
{"cpu_load":15.234375,"data":"<Event xmlns='http://schemas.microsoft.com/win/2004/08/events/event'><System><Provider Name='Microsoft-Windows-Sysmon' Guid='{5770385f-c22a-43e0-bf4c-06f5698ffbd9}'/><EventID>3</EventID><Version>5</Version><Level>4</Level><Task>3</Task><Opcode>0</Opcode><Keywords>0x8000000000000000</Keywords><TimeCreated SystemTime='2026-05-29T12:16:00.3055566Z'/><EventRecordID>11482523</EventRecordID><Correlation/><Execution ProcessID='6112' ThreadID='9524'/><Channel>Microsoft-Windows-Sysmon/Operational</Channel><Computer>DESKTOP-85U97MI</Computer><Security UserID='S-1-5-18'/></System><EventData><Data Name='RuleName'>-</Data><Data Name='UtcTime'>2026-05-29 12:15:58.152</Data><Data Name='ProcessGuid'>{d9cf607a-7b16-6a19-9b03-000000000d03}</Data><Data Name='ProcessId'>20172</Data><Data Name='Image'>E:\\Zagruzki iz C\\TgWsProxy.exe</Data><Data Name='User'>DESKTOP-85U97MI\\sseva</Data><Data Name='Protocol'>tcp</Data><Data Name='Initiated'>false</Data><Data Name='SourceIsIpv6'>false</Data><Data Name='SourceIp'>127.0.0.1</Data><Data Name='SourceHostname'>paranoid-checker.vercel.app</Data><Data Name='SourcePort'>49080</Data><Data Name='SourcePortName'>-</Data><Data Name='DestinationIsIpv6'>false</Data><Data Name='DestinationIp'>127.0.0.1</Data><Data Name='DestinationHostname'>paranoid-checker.vercel.app</Data><Data Name='DestinationPort'>1080</Data><Data Name='DestinationPortName'>-</Data></EventData></Event>","timestamp":1780056961}
{"cpu_load":15.234375,"data":"<Event xmlns='http://schemas.microsoft.com/win/2004/08/events/event'><System><Provider Name='Microsoft-Windows-Sysmon' Guid='{5770385f-c22a-43e0-bf4c-06f5698ffbd9}'/><EventID>3</EventID><Version>5</Version><Level>4</Level><Task>3</Task><Opcode>0</Opcode><Keywords>0x8000000000000000</Keywords><TimeCreated SystemTime='2026-05-29T12:16:00.3055613Z'/><EventRecordID>11482524</EventRecordID><Correlation/><Execution ProcessID='6112' ThreadID='9524'/><Channel>Microsoft-Windows-Sysmon/Operational</Channel><Computer>DESKTOP-85U97MI</Computer><Security UserID='S-1-5-18'/></System><EventData><Data Name='RuleName'>-</Data><Data Name='UtcTime'>2026-05-29 12:15:58.163</Data><Data Name='ProcessGuid'>{d9cf607a-779c-6a19-9c02-000000000d03}</Data><Data Name='ProcessId'>1180</Data><Data Name='Image'>E:\\Telegram Desktop\\Telegram.exe</Data><Data Name='User'>DESKTOP-85U97MI\\sseva</Data><Data Name='Protocol'>tcp</Data><Data Name='Initiated'>true</Data><Data Name='SourceIsIpv6'>false</Data><Data Name='SourceIp'>127.0.0.1</Data><Data Name='SourceHostname'>paranoid-checker.vercel.app</Data><Data Name='SourcePort'>49081</Data><Data Name='SourcePortName'>-</Data><Data Name='DestinationIsIpv6'>false</Data><Data Name='DestinationIp'>127.0.0.1</Data><Data Name='DestinationHostname'>paranoid-checker.vercel.app</Data><Data Name='DestinationPort'>1080</Data><Data Name='DestinationPortName'>-</Data></EventData></Event>","timestamp":1780056961}
{"cpu_load":15.234375,"data":"<Event xmlns='http://schemas.microsoft.com/win/2004/08/events/event'><System><Provider Name='Microsoft-Windows-Sysmon' Guid='{5770385f-c22a-43e0-bf4c-06f5698ffbd9}'/><EventID>3</EventID><Version>5</Version><Level>4</Level><Task>3</Task><Opcode>0</Opcode><Keywords>0x8000000000000000</Keywords><TimeCreated SystemTime='2026-05-29T12:16:00.3055656Z'/><EventRecordID>11482525</EventRecordID><Correlation/><Execution ProcessID='6112' ThreadID='9524'/><Channel>Microsoft-Windows-Sysmon/Operational</Channel><Computer>DESKTOP-85U97MI</Computer><Security UserID='S-1-5-18'/></System><EventData><Data Name='RuleName'>-</Data><Data Name='UtcTime'>2026-05-29 12:15:58.163</Data><Data Name='ProcessGuid'>{d9cf607a-7b16-6a19-9b03-000000000d03}</Data><Data Name='ProcessId'>20172</Data><Data Name='Image'>E:\\Zagruzki iz C\\TgWsProxy.exe</Data><Data Name='User'>DESKTOP-85U97MI\\sseva</Data><Data Name='Protocol'>tcp</Data><Data Name='Initiated'>false</Data><Data Name='SourceIsIpv6'>false</Data><Data Name='SourceIp'>127.0.0.1</Data><Data Name='SourceHostname'>paranoid-checker.vercel.app</Data><Data Name='SourcePort'>49081</Data><Data Name='SourcePortName'>-</Data><Data Name='DestinationIsIpv6'>false</Data><Data Name='DestinationIp'>127.0.0.1</Data><Data Name='DestinationHostname'>paranoid-checker.vercel.app</Data><Data Name='DestinationPort'>1080</Data><Data Name='DestinationPortName'>-</Data></EventData></Event>","timestamp":1780056961}
{"cpu_load":15.234375,"data":"<Event xmlns='http://schemas.microsoft.com/win/2004/08/events/event'><System><Provider Name='Microsoft-Windows-Sysmon' Guid='{5770385f-c22a-43e0-bf4c-06f5698ffbd9}'/><EventID>3</EventID><Version>5</Version><Level>4</Level><Task>3</Task><Opcode>0</Opcode><Keywords>0x8000000000000000</Keywords><TimeCreated SystemTime='2026-05-29T12:16:00.3055697Z'/><EventRecordID>11482526</EventRecordID><Correlation/><Execution ProcessID='6112' ThreadID='9524'/><Channel>Microsoft-Windows-Sysmon/Operational</Channel><Computer>DESKTOP-85U97MI</Computer><Security UserID='S-1-5-18'/></System><EventData><Data Name='RuleName'>-</Data><Data Name='UtcTime'>2026-05-29 12:15:58.164</Data><Data Name='ProcessGuid'>{d9cf607a-779c-6a19-9c02-000000000d03}</Data><Data Name='ProcessId'>1180</Data><Data Name='Image'>E:\\Telegram Desktop\\Telegram.exe</Data><Data Name='User'>DESKTOP-85U97MI\\sseva</Data><Data Name='Protocol'>tcp</Data><Data Name='Initiated'>true</Data><Data Name='SourceIsIpv6'>false</Data><Data Name='SourceIp'>127.0.0.1</Data><Data Name='SourceHostname'>paranoid-checker.vercel.app</Data><Data Name='SourcePort'>49082</Data><Data Name='SourcePortName'>-</Data><Data Name='DestinationIsIpv6'>false</Data><Data Name='DestinationIp'>127.0.0.1</Data><Data Name='DestinationHostname'>paranoid-checker.vercel.app</Data><Data Name='DestinationPort'>1080</Data><Data Name='DestinationPortName'>-</Data></EventData></Event>","timestamp":1780056961}
{"cpu_load":15.234375,"data":"<Event xmlns='http://schemas.microsoft.com/win/2004/08/events/event'><System><Provider Name='Microsoft-Windows-Sysmon' Guid='{5770385f-c22a-43e0-bf4c-06f5698ffbd9}'/><EventID>3</EventID><Version>5</Version><Level>4</Level><Task>3</Task><Opcode>0</Opcode><Keywords>0x8000000000000000</Keywords><TimeCreated SystemTime='2026-05-29T12:16:00.3055735Z'/><EventRecordID>11482527</EventRecordID><Correlation/><Execution ProcessID='6112' ThreadID='9524'/><Channel>Microsoft-Windows-Sysmon/Operational</Channel><Computer>DESKTOP-85U97MI</Computer><Security UserID='S-1-5-18'/></System><EventData><Data Name='RuleName'>-</Data><Data Name='UtcTime'>2026-05-29 12:15:58.164</Data><Data Name='ProcessGuid'>{d9cf607a-7b16-6a19-9b03-000000000d03}</Data><Data Name='ProcessId'>20172</Data><Data Name='Image'>E:\\Zagruzki iz C\\TgWsProxy.exe</Data><Data Name='User'>DESKTOP-85U97MI\\sseva</Data><Data Name='Protocol'>tcp</Data><Data Name='Initiated'>false</Data><Data Name='SourceIsIpv6'>false</Data><Data Name='SourceIp'>127.0.0.1</Data><Data Name='SourceHostname'>paranoid-checker.vercel.app</Data><Data Name='SourcePort'>49082</Data><Data Name='SourcePortName'>-</Data><Data Name='DestinationIsIpv6'>false</Data><Data Name='DestinationIp'>127.0.0.1</Data><Data Name='DestinationHostname'>paranoid-checker.vercel.app</Data><Data Name='DestinationPort'>1080</Data><Data Name='DestinationPortName'>-</Data></EventData></Event>","timestamp":1780056961}
{"cpu_load":15.234375,"data":"<Event xmlns='http://schemas.microsoft.com/win/2004/08/events/event'><System><Provider Name='Microsoft-Windows-Sysmon' Guid='{5770385f-c22a-43e0-bf4c-06f5698ffbd9}'/><EventID>3</EventID><Version>5</Version><Level>4</Level><Task>3</Task><Opcode>0</Opcode><Keywords>0x8000000000000000</Keywords><TimeCreated SystemTime='2026-05-29T12:16:00.3055776Z'/><EventRecordID>11482528</EventRecordID><Correlation/><Execution ProcessID='6112' ThreadID='9524'/><Channel>Microsoft-Windows-Sysmon/Operational</Channel><Computer>DESKTOP-85U97MI</Computer><Security UserID='S-1-5-18'/></System><EventData><Data Name='RuleName'>-</Data><Data Name='UtcTime'>2026-05-29 12:15:58.165</Data><Data Name='ProcessGuid'>{d9cf607a-779c-6a19-9c02-000000000d03}</Data><Data Name='ProcessId'>1180</Data><Data Name='Image'>E:\\Telegram Desktop\\Telegram.exe</Data><Data Name='User'>DESKTOP-85U97MI\\sseva</Data><Data Name='Protocol'>tcp</Data><Data Name='Initiated'>true</Data><Data Name='SourceIsIpv6'>false</Data><Data Name='SourceIp'>127.0.0.1</Data><Data Name='SourceHostname'>paranoid-checker.vercel.app</Data><Data Name='SourcePort'>49084</Data><Data Name='SourcePortName'>-</Data><Data Name='DestinationIsIpv6'>false</Data><Data Name='DestinationIp'>127.0.0.1</Data><Data Name='DestinationHostname'>paranoid-checker.vercel.app</Data><Data Name='DestinationPort'>1080</Data><Data Name='DestinationPortName'>-</Data></EventData></Event>","timestamp":1780056961}
{"cpu_load":15.234375,"data":"<Event xmlns='http://schemas.microsoft.com/win/2004/08/events/event'><System><Provider Name='Microsoft-Windows-Sysmon' Guid='{5770385f-c22a-43e0-bf4c-06f5698ffbd9}'/><EventID>3</EventID><Version>5</Version><Level>4</Level><Task>3</Task><Opcode>0</Opcode><Keywords>0x8000000000000000</Keywords><TimeCreated SystemTime='2026-05-29T12:16:00.3055815Z'/><EventRecordID>11482529</EventRecordID><Correlation/><Execution ProcessID='6112' ThreadID='9524'/><Channel>Microsoft-Windows-Sysmon/Operational</Channel><Computer>DESKTOP-85U97MI</Computer><Security UserID='S-1-5-18'/></System><EventData><Data Name='RuleName'>-</Data><Data Name='UtcTime'>2026-05-29 12:15:58.165</Data><Data Name='ProcessGuid'>{d9cf607a-7b16-6a19-9b03-000000000d03}</Data><Data Name='ProcessId'>20172</Data><Data Name='Image'>E:\\Zagruzki iz C\\TgWsProxy.exe</Data><Data Name='User'>DESKTOP-85U97MI\\sseva</Data><Data Name='Protocol'>tcp</Data><Data Name='Initiated'>false</Data><Data Name='SourceIsIpv6'>false</Data><Data Name='SourceIp'>127.0.0.1</Data><Data Name='SourceHostname'>paranoid-checker.vercel.app</Data><Data Name='SourcePort'>49084</Data><Data Name='SourcePortName'>-</Data><Data Name='DestinationIsIpv6'>false</Data><Data Name='DestinationIp'>127.0.0.1</Data><Data Name='DestinationHostname'>paranoid-checker.vercel.app</Data><Data Name='DestinationPort'>1080</Data><Data Name='DestinationPortName'>-</Data></EventData></Event>","timestamp":1780056961}
{"cpu_load":15.234375,"data":"<Event xmlns='http://schemas.microsoft.com/win/2004/08/events/event'><System><Provider Name='Microsoft-Windows-Sysmon' Guid='{5770385f-c22a-43e0-bf4c-06f5698ffbd9}'/><EventID>3</EventID><Version>5</Version><Level>4</Level><Task>3</Task><Opcode>0</Opcode><Keywords>0x8000000000000000</Keywords><TimeCreated SystemTime='2026-05-29T12:16:00.3055852Z'/><EventRecordID>11482530</EventRecordID><Correlation/><Execution ProcessID='6112' ThreadID='9524'/><Channel>Microsoft-Windows-Sysmon/Operational</Channel><Computer>DESKTOP-85U97MI</Computer><Security UserID='S-1-5-18'/></System><EventData><Data Name='RuleName'>-</Data><Data Name='UtcTime'>2026-05-29 12:15:58.166</Data><Data Name='ProcessGuid'>{d9cf607a-779c-6a19-9c02-000000000d03}</Data><Data Name='ProcessId'>1180</Data><Data Name='Image'>E:\\Telegram Desktop\\Telegram.exe</Data><Data Name='User'>DESKTOP-85U97MI\\sseva</Data><Data Name='Protocol'>tcp</Data><Data Name='Initiated'>true</Data><Data Name='SourceIsIpv6'>false</Data><Data Name='SourceIp'>127.0.0.1</Data><Data Name='SourceHostname'>paranoid-checker.vercel.app</Data><Data Name='SourcePort'>49087</Data><Data Name='SourcePortName'>-</Data><Data Name='DestinationIsIpv6'>false</Data><Data Name='DestinationIp'>127.0.0.1</Data><Data Name='DestinationHostname'>paranoid-checker.vercel.app</Data><Data Name='DestinationPort'>1080</Data><Data Name='DestinationPortName'>-</Data></EventData></Event>","timestamp":1780056961}
{"cpu_load":15.234375,"data":"<Event xmlns='http://schemas.microsoft.com/win/2004/08/events/event'><System><Provider Name='Microsoft-Windows-Sysmon' Guid='{5770385f-c22a-43e0-bf4c-06f5698ffbd9}'/><EventID>3</EventID><Version>5</Version><Level>4</Level><Task>3</Task><Opcode>0</Opcode><Keywords>0x8000000000000000</Keywords><TimeCreated SystemTime='2026-05-29T12:16:00.3055888Z'/><EventRecordID>11482531</EventRecordID><Correlation/><Execution ProcessID='6112' ThreadID='9524'/><Channel>Microsoft-Windows-Sysmon/Operational</Channel><Computer>DESKTOP-85U97MI</Computer><Security UserID='S-1-5-18'/></System><EventData><Data Name='RuleName'>-</Data><Data Name='UtcTime'>2026-05-29 12:15:58.166</Data><Data Name='ProcessGuid'>{d9cf607a-7b16-6a19-9b03-000000000d03}</Data><Data Name='ProcessId'>20172</Data><Data Name='Image'>E:\\Zagruzki iz C\\TgWsProxy.exe</Data><Data Name='User'>DESKTOP-85U97MI\\sseva</Data><Data Name='Protocol'>tcp</Data><Data Name='Initiated'>false</Data><Data Name='SourceIsIpv6'>false</Data><Data Name='SourceIp'>127.0.0.1</Data><Data Name='SourceHostname'>paranoid-checker.vercel.app</Data><Data Name='SourcePort'>49087</Data><Data Name='SourcePortName'>-</Data><Data Name='DestinationIsIpv6'>false</Data><Data Name='DestinationIp'>127.0.0.1</Data><Data Name='DestinationHostname'>paranoid-checker.vercel.app</Data><Data Name='DestinationPort'>1080</Data><Data Name='DestinationPortName'>-</Data></EventData></Event>","timestamp":1780056961}
{"cpu_load":15.234375,"data":"<Event xmlns='http://schemas.microsoft.com/win/2004/08/events/event'><System><Provider Name='Microsoft-Windows-Sysmon' Guid='{5770385f-c22a-43e0-bf4c-06f5698ffbd9}'/><EventID>3</EventID><Version>5</Version><Level>4</Level><Task>3</Task><Opcode>0</Opcode><Keywords>0x8000000000000000</Keywords><TimeCreated SystemTime='2026-05-29T12:16:00.3055925Z'/><EventRecordID>11482532</EventRecordID><Correlation/><Execution ProcessID='6112' ThreadID='9524'/><Channel>Microsoft-Windows-Sysmon/Operational</Channel><Computer>DESKTOP-85U97MI</Computer><Security UserID='S-1-5-18'/></System><EventData><Data Name='RuleName'>-</Data><Data Name='UtcTime'>2026-05-29 12:15:58.177</Data><Data Name='ProcessGuid'>{d9cf607a-779c-6a19-9c02-000000000d03}</Data><Data Name='ProcessId'>1180</Data><Data Name='Image'>E:\\Telegram Desktop\\Telegram.exe</Data><Data Name='User'>DESKTOP-85U97MI\\sseva</Data><Data Name='Protocol'>tcp</Data><Data Name='Initiated'>true</Data><Data Name='SourceIsIpv6'>false</Data><Data Name='SourceIp'>127.0.0.1</Data><Data Name='SourceHostname'>paranoid-checker.vercel.app</Data><Data Name='SourcePort'>49088</Data><Data Name='SourcePortName'>-</Data><Data Name='DestinationIsIpv6'>false</Data><Data Name='DestinationIp'>127.0.0.1</Data><Data Name='DestinationHostname'>paranoid-checker.vercel.app</Data><Data Name='DestinationPort'>1080</Data><Data Name='DestinationPortName'>-</Data></EventData></Event>","timestamp":1780056961}
{"cpu_load":15.234375,"data":"<Event xmlns='http://schemas.microsoft.com/win/2004/08/events/event'><System><Provider Name='Microsoft-Windows-Sysmon' Guid='{5770385f-c22a-43e0-bf4c-06f5698ffbd9}'/><EventID>3</EventID><Version>5</Version><Level>4</Level><Task>3</Task><Opcode>0</Opcode><Keywords>0x8000000000000000</Keywords><TimeCreated SystemTime='2026-05-29T12:16:00.3055964Z'/><EventRecordID>11482533</EventRecordID><Correlation/><Execution ProcessID='6112' ThreadID='9524'/><Channel>Microsoft-Windows-Sysmon/Operational</Channel><Computer>DESKTOP-85U97MI</Computer><Security UserID='S-1-5-18'/></System><EventData><Data Name='RuleName'>-</Data><Data Name='UtcTime'>2026-05-29 12:15:58.177</Data><Data Name='ProcessGuid'>{d9cf607a-7b16-6a19-9b03-000000000d03}</Data><Data Name='ProcessId'>20172</Data><Data Name='Image'>E:\\Zagruzki iz C\\TgWsProxy.exe</Data><Data Name='User'>DESKTOP-85U97MI\\sseva</Data><Data Name='Protocol'>tcp</Data><Data Name='Initiated'>false</Data><Data Name='SourceIsIpv6'>false</Data><Data Name='SourceIp'>127.0.0.1</Data><Data Name='SourceHostname'>paranoid-checker.vercel.app</Data><Data Name='SourcePort'>49088</Data><Data Name='SourcePortName'>-</Data><Data Name='DestinationIsIpv6'>false</Data><Data Name='DestinationIp'>127.0.0.1</Data><Data Name='DestinationHostname'>paranoid-checker.vercel.app</Data><Data Name='DestinationPort'>1080</Data><Data Name='DestinationPortName'>-</Data></EventData></Event>","timestamp":1780056961}
{"cpu_load":15.234375,"data":"<Event xmlns='http://schemas.microsoft.com/win/2004/08/events/event'><System><Provider Name='Microsoft-Windows-Sysmon' Guid='{5770385f-c22a-43e0-bf4c-06f5698ffbd9}'/><EventID>3</EventID><Version>5</Version><Level>4</Level><Task>3</Task><Opcode>0</Opcode><Keywords>0x8000000000000000</Keywords><TimeCreated SystemTime='2026-05-29T12:16:00.3056004Z'/><EventRecordID>11482534</EventRecordID><Correlation/><Execution ProcessID='6112' ThreadID='9524'/><Channel>Microsoft-Windows-Sysmon/Operational</Channel><Computer>DESKTOP-85U97MI</Computer><Security UserID='S-1-5-18'/></System><EventData><Data Name='RuleName'>-</Data><Data Name='UtcTime'>2026-05-29 12:15:58.188</Data><Data Name='ProcessGuid'>{d9cf607a-779c-6a19-9c02-000000000d03}</Data><Data Name='ProcessId'>1180</Data><Data Name='Image'>E:\\Telegram Desktop\\Telegram.exe</Data><Data Name='User'>DESKTOP-85U97MI\\sseva</Data><Data Name='Protocol'>tcp</Data><Data Name='Initiated'>true</Data><Data Name='SourceIsIpv6'>false</Data><Data Name='SourceIp'>127.0.0.1</Data><Data Name='SourceHostname'>paranoid-checker.vercel.app</Data><Data Name='SourcePort'>49089</Data><Data Name='SourcePortName'>-</Data><Data Name='DestinationIsIpv6'>false</Data><Data Name='DestinationIp'>127.0.0.1</Data><Data Name='DestinationHostname'>paranoid-checker.vercel.app</Data><Data Name='DestinationPort'>1080</Data><Data Name='DestinationPortName'>-</Data></EventData></Event>","timestamp":1780056961}
{"cpu_load":15.234375,"data":"<Event xmlns='http://schemas.microsoft.com/win/2004/08/events/event'><System><Provider Name='Microsoft-Windows-Sysmon' Guid='{5770385f-c22a-43e0-bf4c-06f5698ffbd9}'/><EventID>3</EventID><Version>5</Version><Level>4</Level><Task>3</Task><Opcode>0</Opcode><Keywords>0x8000000000000000</Keywords><TimeCreated SystemTime='2026-05-29T12:16:00.3056040Z'/><EventRecordID>11482535</EventRecordID><Correlation/><Execution ProcessID='6112' ThreadID='9524'/><Channel>Microsoft-Windows-Sysmon/Operational</Channel><Computer>DESKTOP-85U97MI</Computer><Security UserID='S-1-5-18'/></System><EventData><Data Name='RuleName'>-</Data><Data Name='UtcTime'>2026-05-29 12:15:58.189</Data><Data Name='ProcessGuid'>{d9cf607a-7b16-6a19-9b03-000000000d03}</Data><Data Name='ProcessId'>20172</Data><Data Name='Image'>E:\\Zagruzki iz C\\TgWsProxy.exe</Data><Data Name='User'>DESKTOP-85U97MI\\sseva</Data><Data Name='Protocol'>tcp</Data><Data Name='Initiated'>false</Data><Data Name='SourceIsIpv6'>false</Data><Data Name='SourceIp'>127.0.0.1</Data><Data Name='SourceHostname'>paranoid-checker.vercel.app</Data><Data Name='SourcePort'>49089</Data><Data Name='SourcePortName'>-</Data><Data Name='DestinationIsIpv6'>false</Data><Data Name='DestinationIp'>127.0.0.1</Data><Data Name='DestinationHostname'>paranoid-checker.vercel.app</Data><Data Name='DestinationPort'>1080</Data><Data Name='DestinationPortName'>-</Data></EventData></Event>","timestamp":1780056961}
{"cpu_load":14.322916984558105,"data":"<Event xmlns='http://schemas.microsoft.com/win/2004/08/events/event'><System><Provider Name='Microsoft-Windows-Sysmon' Guid='{5770385f-c22a-43e0-bf4c-06f5698ffbd9}'/><EventID>3</EventID><Version>5</Version><Level>4</Level><Task>3</Task><Opcode>0</Opcode><Keywords>0x8000000000000000</Keywords><TimeCreated SystemTime='2026-05-29T12:16:01.3070813Z'/><EventRecordID>11482536</EventRecordID><Correlation/><Execution ProcessID='6112' ThreadID='9524'/><Channel>Microsoft-Windows-Sysmon/Operational</Channel><Computer>DESKTOP-85U97MI</Computer><Security UserID='S-1-5-18'/></System><EventData><Data Name='RuleName'>-</Data><Data Name='UtcTime'>2026-05-29 12:15:59.851</Data><Data Name='ProcessGuid'>{d9cf607a-7655-6a19-3c00-000000000d03}</Data><Data Name='ProcessId'>3268</Data><Data Name='Image'>C:\\Windows\\System32\\svchost.exe</Data><Data Name='User'>NT AUTHORITY\\NETWORK SERVICE</Data><Data Name='Protocol'>udp</Data><Data Name='Initiated'>true</Data><Data Name='SourceIsIpv6'>false</Data><Data Name='SourceIp'>85.143.15.202</Data><Data Name='SourceHostname'>DESKTOP-85U97MI</Data><Data Name='SourcePort'>60228</Data><Data Name='SourcePortName'>-</Data><Data Name='DestinationIsIpv6'>false</Data><Data Name='DestinationIp'>85.143.0.30</Data><Data Name='DestinationHostname'>ns.unn.ru</Data><Data Name='DestinationPort'>53</Data><Data Name='DestinationPortName'>domain</Data></EventData></Event>","timestamp":1780056962}
{"cpu_load":14.322916984558105,"data":"<Event xmlns='http://schemas.microsoft.com/win/2004/08/events/event'><System><Provider Name='Microsoft-Windows-Sysmon' Guid='{5770385f-c22a-43e0-bf4c-06f5698ffbd9}'/><EventID>3</EventID><Version>5</Version><Level>4</Level><Task>3</Task><Opcode>0</Opcode><Keywords>0x8000000000000000</Keywords><TimeCreated SystemTime='2026-05-29T12:16:01.3070951Z'/><EventRecordID>11482537</EventRecordID><Correlation/><Execution ProcessID='6112' ThreadID='9524'/><Channel>Microsoft-Windows-Sysmon/Operational</Channel><Computer>DESKTOP-85U97MI</Computer><Security UserID='S-1-5-18'/></System><EventData><Data Name='RuleName'>-</Data><Data Name='UtcTime'>2026-05-29 12:15:59.908</Data><Data Name='ProcessGuid'>{d9cf607a-765c-6a19-f700-000000000d03}</Data><Data Name='ProcessId'>11280</Data><Data Name='Image'>C:\\Windows\\System32\\svchost.exe</Data><Data Name='User'>DESKTOP-85U97MI\\sseva</Data><Data Name='Protocol'>tcp</Data><Data Name='Initiated'>true</Data><Data Name='SourceIsIpv6'>false</Data><Data Name='SourceIp'>85.143.15.202</Data><Data Name='SourceHostname'>DESKTOP-85U97MI</Data><Data Name='SourcePort'>49090</Data><Data Name='SourcePortName'>-</Data><Data Name='DestinationIsIpv6'>false</Data><Data Name='DestinationIp'>4.176.49.0</Data><Data Name='DestinationHostname'>-</Data><Data Name='DestinationPort'>443</Data><Data Name='DestinationPortName'>https</Data></EventData></Event>","timestamp":1780056962}
{"cpu_load":14.322916984558105,"data":"<Event xmlns='http://schemas.microsoft.com/win/2004/08/events/event'><System><Provider Name='Microsoft-Windows-Sysmon' Guid='{5770385f-c22a-43e0-bf4c-06f5698ffbd9}'/><EventID>3</EventID><Version>5</Version><Level>4</Level><Task>3</Task><Opcode>0</Opcode><Keywords>0x8000000000000000</Keywords><TimeCreated SystemTime='2026-05-29T12:16:01.5575457Z'/><EventRecordID>11482538</EventRecordID><Correlation/><Execution ProcessID='6112' ThreadID='9524'/><Channel>Microsoft-Windows-Sysmon/Operational</Channel><Computer>DESKTOP-85U97MI</Computer><Security UserID='S-1-5-18'/></System><EventData><Data Name='RuleName'>-</Data><Data Name='UtcTime'>2026-05-29 12:16:00.338</Data><Data Name='ProcessGuid'>{d9cf607a-7655-6a19-3c00-000000000d03}</Data><Data Name='ProcessId'>3268</Data><Data Name='Image'>C:\\Windows\\System32\\svchost.exe</Data><Data Name='User'>NT AUTHORITY\\NETWORK SERVICE</Data><Data Name='Protocol'>udp</Data><Data Name='Initiated'>true</Data><Data Name='SourceIsIpv6'>false</Data><Data Name='SourceIp'>85.143.15.202</Data><Data Name='SourceHostname'>DESKTOP-85U97MI</Data><Data Name='SourcePort'>61367</Data><Data Name='SourcePortName'>-</Data><Data Name='DestinationIsIpv6'>false</Data><Data Name='DestinationIp'>85.143.0.30</Data><Data Name='DestinationHostname'>ns.unn.ru</Data><Data Name='DestinationPort'>53</Data><Data Name='DestinationPortName'>domain</Data></EventData></Event>","timestamp":1780056962}
{"cpu_load":14.322916984558105,"data":"<Event xmlns='http://schemas.microsoft.com/win/2004/08/events/event'><System><Provider Name='Microsoft-Windows-Sysmon' Guid='{5770385f-c22a-43e0-bf4c-06f5698ffbd9}'/><EventID>3</EventID><Version>5</Version><Level>4</Level><Task>3</Task><Opcode>0</Opcode><Keywords>0x8000000000000000</Keywords><TimeCreated SystemTime='2026-05-29T12:16:01.5575577Z'/><EventRecordID>11482539</EventRecordID><Correlation/><Execution ProcessID='6112' ThreadID='9524'/><Channel>Microsoft-Windows-Sysmon/Operational</Channel><Computer>DESKTOP-85U97MI</Computer><Security UserID='S-1-5-18'/></System><EventData><Data Name='RuleName'>-</Data><Data Name='UtcTime'>2026-05-29 12:16:00.339</Data><Data Name='ProcessGuid'>{d9cf607a-7796-6a19-7b02-000000000d03}</Data><Data Name='ProcessId'>17852</Data><Data Name='Image'>C:\\Program Files\\Google\\Chrome\\Application\\chrome.exe</Data><Data Name='User'>DESKTOP-85U97MI\\sseva</Data><Data Name='Protocol'>udp</Data><Data Name='Initiated'>true</Data><Data Name='SourceIsIpv6'>false</Data><Data Name='SourceIp'>85.143.15.202</Data><Data Name='SourceHostname'>DESKTOP-85U97MI</Data><Data Name='SourcePort'>60656</Data><Data Name='SourcePortName'>-</Data><Data Name='DestinationIsIpv6'>false</Data><Data Name='DestinationIp'>64.233.164.194</Data><Data Name='DestinationHostname'>lf-in-f194.1e100.net</Data><Data Name='DestinationPort'>443</Data><Data Name='DestinationPortName'>https</Data></EventData></Event>","timestamp":1780056962}
{"cpu_load":14.322916984558105,"data":"<Event xmlns='http://schemas.microsoft.com/win/2004/08/events/event'><System><Provider Name='Microsoft-Windows-Sysmon' Guid='{5770385f-c22a-43e0-bf4c-06f5698ffbd9}'/><EventID>3</EventID><Version>5</Version><Level>4</Level><Task>3</Task><Opcode>0</Opcode><Keywords>0x8000000000000000</Keywords><TimeCreated SystemTime='2026-05-29T12:16:02.0585487Z'/><EventRecordID>11482540</EventRecordID><Correlation/><Execution ProcessID='6112' ThreadID='9524'/><Channel>Microsoft-Windows-Sysmon/Operational</Channel><Computer>DESKTOP-85U97MI</Computer><Security UserID='S-1-5-18'/></System><EventData><Data Name='RuleName'>-</Data><Data Name='UtcTime'>2026-05-29 12:16:00.857</Data><Data Name='ProcessGuid'>{d9cf607a-779c-6a19-9c02-000000000d03}</Data><Data Name='ProcessId'>1180</Data><Data Name='Image'>E:\\Telegram Desktop\\Telegram.exe</Data><Data Name='User'>DESKTOP-85U97MI\\sseva</Data><Data Name='Protocol'>tcp</Data><Data Name='Initiated'>true</Data><Data Name='SourceIsIpv6'>false</Data><Data Name='SourceIp'>127.0.0.1</Data><Data Name='SourceHostname'>paranoid-checker.vercel.app</Data><Data Name='SourcePort'>49091</Data><Data Name='SourcePortName'>-</Data><Data Name='DestinationIsIpv6'>false</Data><Data Name='DestinationIp'>127.0.0.1</Data><Data Name='DestinationHostname'>paranoid-checker.vercel.app</Data><Data Name='DestinationPort'>1080</Data><Data Name='DestinationPortName'>-</Data></EventData></Event>","timestamp":1780056962}
{"cpu_load":14.322916984558105,"data":"<Event xmlns='http://schemas.microsoft.com/win/2004/08/events/event'><System><Provider Name='Microsoft-Windows-Sysmon' Guid='{5770385f-c22a-43e0-bf4c-06f5698ffbd9}'/><EventID>3</EventID><Version>5</Version><Level>4</Level><Task>3</Task><Opcode>0</Opcode><Keywords>0x8000000000000000</Keywords><TimeCreated SystemTime='2026-05-29T12:16:02.0585599Z'/><EventRecordID>11482541</EventRecordID><Correlation/><Execution ProcessID='6112' ThreadID='9524'/><Channel>Microsoft-Windows-Sysmon/Operational</Channel><Computer>DESKTOP-85U97MI</Computer><Security UserID='S-1-5-18'/></System><EventData><Data Name='RuleName'>-</Data><Data Name='UtcTime'>2026-05-29 12:16:00.857</Data><Data Name='ProcessGuid'>{d9cf607a-7b16-6a19-9b03-000000000d03}</Data><Data Name='ProcessId'>20172</Data><Data Name='Image'>E:\\Zagruzki iz C\\TgWsProxy.exe</Data><Data Name='User'>DESKTOP-85U97MI\\sseva</Data><Data Name='Protocol'>tcp</Data><Data Name='Initiated'>false</Data><Data Name='SourceIsIpv6'>false</Data><Data Name='SourceIp'>127.0.0.1</Data><Data Name='SourceHostname'>paranoid-checker.vercel.app</Data><Data Name='SourcePort'>49091</Data><Data Name='SourcePortName'>-</Data><Data Name='DestinationIsIpv6'>false</Data><Data Name='DestinationIp'>127.0.0.1</Data><Data Name='DestinationHostname'>paranoid-checker.vercel.app</Data><Data Name='DestinationPort'>1080</Data><Data Name='DestinationPortName'>-</Data></EventData></Event>","timestamp":1780056962}
{"cpu_load":14.322916984558105,"data":"<Event xmlns='http://schemas.microsoft.com/win/2004/08/events/event'><System><Provider Name='Microsoft-Windows-Sysmon' Guid='{5770385f-c22a-43e0-bf4c-06f5698ffbd9}'/><EventID>3</EventID><Version>5</Version><Level>4</Level><Task>3</Task><Opcode>0</Opcode><Keywords>0x8000000000000000</Keywords><TimeCreated SystemTime='2026-05-29T12:16:02.0585648Z'/><EventRecordID>11482542</EventRecordID><Correlation/><Execution ProcessID='6112' ThreadID='9524'/><Channel>Microsoft-Windows-Sysmon/Operational</Channel><Computer>DESKTOP-85U97MI</Computer><Security UserID='S-1-5-18'/></System><EventData><Data Name='RuleName'>-</Data><Data Name='UtcTime'>2026-05-29 12:16:00.868</Data><Data Name='ProcessGuid'>{d9cf607a-779c-6a19-9c02-000000000d03}</Data><Data Name='ProcessId'>1180</Data><Data Name='Image'>E:\\Telegram Desktop\\Telegram.exe</Data><Data Name='User'>DESKTOP-85U97MI\\sseva</Data><Data Name='Protocol'>tcp</Data><Data Name='Initiated'>true</Data><Data Name='SourceIsIpv6'>false</Data><Data Name='SourceIp'>127.0.0.1</Data><Data Name='SourceHostname'>paranoid-checker.vercel.app</Data><Data Name='SourcePort'>49092</Data><Data Name='SourcePortName'>-</Data><Data Name='DestinationIsIpv6'>false</Data><Data Name='DestinationIp'>127.0.0.1</Data><Data Name='DestinationHostname'>paranoid-checker.vercel.app</Data><Data Name='DestinationPort'>1080</Data><Data Name='DestinationPortName'>-</Data></EventData></Event>","timestamp":1780056962}
{"cpu_load":14.322916984558105,"data":"<Event xmlns='http://schemas.microsoft.com/win/2004/08/events/event'><System><Provider Name='Microsoft-Windows-Sysmon' Guid='{5770385f-c22a-43e0-bf4c-06f5698ffbd9}'/><EventID>3</EventID><Version>5</Version><Level>4</Level><Task>3</Task><Opcode>0</Opcode><Keywords>0x8000000000000000</Keywords><TimeCreated SystemTime='2026-05-29T12:16:02.0585698Z'/><EventRecordID>11482543</EventRecordID><Correlation/><Execution ProcessID='6112' ThreadID='9524'/><Channel>Microsoft-Windows-Sysmon/Operational</Channel><Computer>DESKTOP-85U97MI</Computer><Security UserID='S-1-5-18'/></System><EventData><Data Name='RuleName'>-</Data><Data Name='UtcTime'>2026-05-29 12:16:00.868</Data><Data Name='ProcessGuid'>{d9cf607a-7b16-6a19-9b03-000000000d03}</Data><Data Name='ProcessId'>20172</Data><Data Name='Image'>E:\\Zagruzki iz C\\TgWsProxy.exe</Data><Data Name='User'>DESKTOP-85U97MI\\sseva</Data><Data Name='Protocol'>tcp</Data><Data Name='Initiated'>false</Data><Data Name='SourceIsIpv6'>false</Data><Data Name='SourceIp'>127.0.0.1</Data><Data Name='SourceHostname'>paranoid-checker.vercel.app</Data><Data Name='SourcePort'>49092</Data><Data Name='SourcePortName'>-</Data><Data Name='DestinationIsIpv6'>false</Data><Data Name='DestinationIp'>127.0.0.1</Data><Data Name='DestinationHostname'>paranoid-checker.vercel.app</Data><Data Name='DestinationPort'>1080</Data><Data Name='DestinationPortName'>-</Data></EventData></Event>","timestamp":1780056962}
{"cpu_load":17.31770896911621,"data":"<Event xmlns='http://schemas.microsoft.com/win/2004/08/events/event'><System><Provider Name='Microsoft-Windows-Sysmon' Guid='{5770385f-c22a-43e0-bf4c-06f5698ffbd9}'/><EventID>3</EventID><Version>5</Version><Level>4</Level><Task>3</Task><Opcode>0</Opcode><Keywords>0x8000000000000000</Keywords><TimeCreated SystemTime='2026-05-29T12:16:02.3085747Z'/><EventRecordID>11482544</EventRecordID><Correlation/><Execution ProcessID='6112' ThreadID='9524'/><Channel>Microsoft-Windows-Sysmon/Operational</Channel><Computer>DESKTOP-85U97MI</Computer><Security UserID='S-1-5-18'/></System><EventData><Data Name='RuleName'>-</Data><Data Name='UtcTime'>2026-05-29 12:16:00.879</Data><Data Name='ProcessGuid'>{d9cf607a-779c-6a19-9c02-000000000d03}</Data><Data Name='ProcessId'>1180</Data><Data Name='Image'>E:\\Telegram Desktop\\Telegram.exe</Data><Data Name='User'>DESKTOP-85U97MI\\sseva</Data><Data Name='Protocol'>tcp</Data><Data Name='Initiated'>true</Data><Data Name='SourceIsIpv6'>false</Data><Data Name='SourceIp'>127.0.0.1</Data><Data Name='SourceHostname'>paranoid-checker.vercel.app</Data><Data Name='SourcePort'>49093</Data><Data Name='SourcePortName'>-</Data><Data Name='DestinationIsIpv6'>false</Data><Data Name='DestinationIp'>127.0.0.1</Data><Data Name='DestinationHostname'>paranoid-checker.vercel.app</Data><Data Name='DestinationPort'>1080</Data><Data Name='DestinationPortName'>-</Data></EventData></Event>","timestamp":1780056963}
{"cpu_load":17.31770896911621,"data":"<Event xmlns='http://schemas.microsoft.com/win/2004/08/events/event'><System><Provider Name='Microsoft-Windows-Sysmon' Guid='{5770385f-c22a-43e0-bf4c-06f5698ffbd9}'/><EventID>3</EventID><Version>5</Version><Level>4</Level><Task>3</Task><Opcode>0</Opcode><Keywords>0x8000000000000000</Keywords><TimeCreated SystemTime='2026-05-29T12:16:02.3085835Z'/><EventRecordID>11482545</EventRecordID><Correlation/><Execution ProcessID='6112' ThreadID='9524'/><Channel>Microsoft-Windows-Sysmon/Operational</Channel><Computer>DESKTOP-85U97MI</Computer><Security UserID='S-1-5-18'/></System><EventData><Data Name='RuleName'>-</Data><Data Name='UtcTime'>2026-05-29 12:16:00.879</Data><Data Name='ProcessGuid'>{d9cf607a-7b16-6a19-9b03-000000000d03}</Data><Data Name='ProcessId'>20172</Data><Data Name='Image'>E:\\Zagruzki iz C\\TgWsProxy.exe</Data><Data Name='User'>DESKTOP-85U97MI\\sseva</Data><Data Name='Protocol'>tcp</Data><Data Name='Initiated'>false</Data><Data Name='SourceIsIpv6'>false</Data><Data Name='SourceIp'>127.0.0.1</Data><Data Name='SourceHostname'>paranoid-checker.vercel.app</Data><Data Name='SourcePort'>49093</Data><Data Name='SourcePortName'>-</Data><Data Name='DestinationIsIpv6'>false</Data><Data Name='DestinationIp'>127.0.0.1</Data><Data Name='DestinationHostname'>paranoid-checker.vercel.app</Data><Data Name='DestinationPort'>1080</Data><Data Name='DestinationPortName'>-</Data></EventData></Event>","timestamp":1780056963}
{"cpu_load":17.31770896911621,"data":"<Event xmlns='http://schemas.microsoft.com/win/2004/08/events/event'><System><Provider Name='Microsoft-Windows-Sysmon' Guid='{5770385f-c22a-43e0-bf4c-06f5698ffbd9}'/><EventID>3</EventID><Version>5</Version><Level>4</Level><Task>3</Task><Opcode>0</Opcode><Keywords>0x8000000000000000</Keywords><TimeCreated SystemTime='2026-05-29T12:16:02.3085877Z'/><EventRecordID>11482546</EventRecordID><Correlation/><Execution ProcessID='6112' ThreadID='9524'/><Channel>Microsoft-Windows-Sysmon/Operational</Channel><Computer>DESKTOP-85U97MI</Computer><Security UserID='S-1-5-18'/></System><EventData><Data Name='RuleName'>-</Data><Data Name='UtcTime'>2026-05-29 12:16:00.880</Data><Data Name='ProcessGuid'>{d9cf607a-779c-6a19-9c02-000000000d03}</Data><Data Name='ProcessId'>1180</Data><Data Name='Image'>E:\\Telegram Desktop\\Telegram.exe</Data><Data Name='User'>DESKTOP-85U97MI\\sseva</Data><Data Name='Protocol'>tcp</Data><Data Name='Initiated'>true</Data><Data Name='SourceIsIpv6'>false</Data><Data Name='SourceIp'>127.0.0.1</Data><Data Name='SourceHostname'>paranoid-checker.vercel.app</Data><Data Name='SourcePort'>49095</Data><Data Name='SourcePortName'>-</Data><Data Name='DestinationIsIpv6'>false</Data><Data Name='DestinationIp'>127.0.0.1</Data><Data Name='DestinationHostname'>paranoid-checker.vercel.app</Data><Data Name='DestinationPort'>1080</Data><Data Name='DestinationPortName'>-</Data></EventData></Event>","timestamp":1780056963}
{"cpu_load":17.31770896911621,"data":"<Event xmlns='http://schemas.microsoft.com/win/2004/08/events/event'><System><Provider Name='Microsoft-Windows-Sysmon' Guid='{5770385f-c22a-43e0-bf4c-06f5698ffbd9}'/><EventID>3</EventID><Version>5</Version><Level>4</Level><Task>3</Task><Opcode>0</Opcode><Keywords>0x8000000000000000</Keywords><TimeCreated SystemTime='2026-05-29T12:16:02.3085915Z'/><EventRecordID>11482547</EventRecordID><Correlation/><Execution ProcessID='6112' ThreadID='9524'/><Channel>Microsoft-Windows-Sysmon/Operational</Channel><Computer>DESKTOP-85U97MI</Computer><Security UserID='S-1-5-18'/></System><EventData><Data Name='RuleName'>-</Data><Data Name='UtcTime'>2026-05-29 12:16:00.880</Data><Data Name='ProcessGuid'>{d9cf607a-7b16-6a19-9b03-000000000d03}</Data><Data Name='ProcessId'>20172</Data><Data Name='Image'>E:\\Zagruzki iz C\\TgWsProxy.exe</Data><Data Name='User'>DESKTOP-85U97MI\\sseva</Data><Data Name='Protocol'>tcp</Data><Data Name='Initiated'>false</Data><Data Name='SourceIsIpv6'>false</Data><Data Name='SourceIp'>127.0.0.1</Data><Data Name='SourceHostname'>paranoid-checker.vercel.app</Data><Data Name='SourcePort'>49095</Data><Data Name='SourcePortName'>-</Data><Data Name='DestinationIsIpv6'>false</Data><Data Name='DestinationIp'>127.0.0.1</Data><Data Name='DestinationHostname'>paranoid-checker.vercel.app</Data><Data Name='DestinationPort'>1080</Data><Data Name='DestinationPortName'>-</Data></EventData></Event>","timestamp":1780056963}
{"cpu_load":17.31770896911621,"data":"<Event xmlns='http://schemas.microsoft.com/win/2004/08/events/event'><System><Provider Name='Microsoft-Windows-Sysmon' Guid='{5770385f-c22a-43e0-bf4c-06f5698ffbd9}'/><EventID>3</EventID><Version>5</Version><Level>4</Level><Task>3</Task><Opcode>0</Opcode><Keywords>0x8000000000000000</Keywords><TimeCreated SystemTime='2026-05-29T12:16:02.3085949Z'/><EventRecordID>11482548</EventRecordID><Correlation/><Execution ProcessID='6112' ThreadID='9524'/><Channel>Microsoft-Windows-Sysmon/Operational</Channel><Computer>DESKTOP-85U97MI</Computer><Security UserID='S-1-5-18'/></System><EventData><Data Name='RuleName'>-</Data><Data Name='UtcTime'>2026-05-29 12:16:00.881</Data><Data Name='ProcessGuid'>{d9cf607a-779c-6a19-9c02-000000000d03}</Data><Data Name='ProcessId'>1180</Data><Data Name='Image'>E:\\Telegram Desktop\\Telegram.exe</Data><Data Name='User'>DESKTOP-85U97MI\\sseva</Data><Data Name='Protocol'>tcp</Data><Data Name='Initiated'>true</Data><Data Name='SourceIsIpv6'>false</Data><Data Name='SourceIp'>127.0.0.1</Data><Data Name='SourceHostname'>paranoid-checker.vercel.app</Data><Data Name='SourcePort'>49098</Data><Data Name='SourcePortName'>-</Data><Data Name='DestinationIsIpv6'>false</Data><Data Name='DestinationIp'>127.0.0.1</Data><Data Name='DestinationHostname'>paranoid-checker.vercel.app</Data><Data Name='DestinationPort'>1080</Data><Data Name='DestinationPortName'>-</Data></EventData></Event>","timestamp":1780056963}
{"cpu_load":17.31770896911621,"data":"<Event xmlns='http://schemas.microsoft.com/win/2004/08/events/event'><System><Provider Name='Microsoft-Windows-Sysmon' Guid='{5770385f-c22a-43e0-bf4c-06f5698ffbd9}'/><EventID>3</EventID><Version>5</Version><Level>4</Level><Task>3</Task><Opcode>0</Opcode><Keywords>0x8000000000000000</Keywords><TimeCreated SystemTime='2026-05-29T12:16:02.3085982Z'/><EventRecordID>11482549</EventRecordID><Correlation/><Execution ProcessID='6112' ThreadID='9524'/><Channel>Microsoft-Windows-Sysmon/Operational</Channel><Computer>DESKTOP-85U97MI</Computer><Security UserID='S-1-5-18'/></System><EventData><Data Name='RuleName'>-</Data><Data Name='UtcTime'>2026-05-29 12:16:00.881</Data><Data Name='ProcessGuid'>{d9cf607a-7b16-6a19-9b03-000000000d03}</Data><Data Name='ProcessId'>20172</Data><Data Name='Image'>E:\\Zagruzki iz C\\TgWsProxy.exe</Data><Data Name='User'>DESKTOP-85U97MI\\sseva</Data><Data Name='Protocol'>tcp</Data><Data Name='Initiated'>false</Data><Data Name='SourceIsIpv6'>false</Data><Data Name='SourceIp'>127.0.0.1</Data><Data Name='SourceHostname'>paranoid-checker.vercel.app</Data><Data Name='SourcePort'>49098</Data><Data Name='SourcePortName'>-</Data><Data Name='DestinationIsIpv6'>false</Data><Data Name='DestinationIp'>127.0.0.1</Data><Data Name='DestinationHostname'>paranoid-checker.vercel.app</Data><Data Name='DestinationPort'>1080</Data><Data Name='DestinationPortName'>-</Data></EventData></Event>","timestamp":1780056963}
{"cpu_load":17.31770896911621,"data":"<Event xmlns='http://schemas.microsoft.com/win/2004/08/events/event'><System><Provider Name='Microsoft-Windows-Sysmon' Guid='{5770385f-c22a-43e0-bf4c-06f5698ffbd9}'/><EventID>3</EventID><Version>5</Version><Level>4</Level><Task>3</Task><Opcode>0</Opcode><Keywords>0x8000000000000000</Keywords><TimeCreated SystemTime='2026-05-29T12:16:02.3086018Z'/><EventRecordID>11482550</EventRecordID><Correlation/><Execution ProcessID='6112' ThreadID='9524'/><Channel>Microsoft-Windows-Sysmon/Operational</Channel><Computer>DESKTOP-85U97MI</Computer><Security UserID='S-1-5-18'/></System><EventData><Data Name='RuleName'>-</Data><Data Name='UtcTime'>2026-05-29 12:16:00.892</Data><Data Name='ProcessGuid'>{d9cf607a-779c-6a19-9c02-000000000d03}</Data><Data Name='ProcessId'>1180</Data><Data Name='Image'>E:\\Telegram Desktop\\Telegram.exe</Data><Data Name='User'>DESKTOP-85U97MI\\sseva</Data><Data Name='Protocol'>tcp</Data><Data Name='Initiated'>true</Data><Data Name='SourceIsIpv6'>false</Data><Data Name='SourceIp'>127.0.0.1</Data><Data Name='SourceHostname'>paranoid-checker.vercel.app</Data><Data Name='SourcePort'>49099</Data><Data Name='SourcePortName'>-</Data><Data Name='DestinationIsIpv6'>false</Data><Data Name='DestinationIp'>127.0.0.1</Data><Data Name='DestinationHostname'>paranoid-checker.vercel.app</Data><Data Name='DestinationPort'>1080</Data><Data Name='DestinationPortName'>-</Data></EventData></Event>","timestamp":1780056963}
{"cpu_load":17.31770896911621,"data":"<Event xmlns='http://schemas.microsoft.com/win/2004/08/events/event'><System><Provider Name='Microsoft-Windows-Sysmon' Guid='{5770385f-c22a-43e0-bf4c-06f5698ffbd9}'/><EventID>3</EventID><Version>5</Version><Level>4</Level><Task>3</Task><Opcode>0</Opcode><Keywords>0x8000000000000000</Keywords><TimeCreated SystemTime='2026-05-29T12:16:02.3086051Z'/><EventRecordID>11482551</EventRecordID><Correlation/><Execution ProcessID='6112' ThreadID='9524'/><Channel>Microsoft-Windows-Sysmon/Operational</Channel><Computer>DESKTOP-85U97MI</Computer><Security UserID='S-1-5-18'/></System><EventData><Data Name='RuleName'>-</Data><Data Name='UtcTime'>2026-05-29 12:16:00.892</Data><Data Name='ProcessGuid'>{d9cf607a-7b16-6a19-9b03-000000000d03}</Data><Data Name='ProcessId'>20172</Data><Data Name='Image'>E:\\Zagruzki iz C\\TgWsProxy.exe</Data><Data Name='User'>DESKTOP-85U97MI\\sseva</Data><Data Name='Protocol'>tcp</Data><Data Name='Initiated'>false</Data><Data Name='SourceIsIpv6'>false</Data><Data Name='SourceIp'>127.0.0.1</Data><Data Name='SourceHostname'>paranoid-checker.vercel.app</Data><Data Name='SourcePort'>49099</Data><Data Name='SourcePortName'>-</Data><Data Name='DestinationIsIpv6'>false</Data><Data Name='DestinationIp'>127.0.0.1</Data><Data Name='DestinationHostname'>paranoid-checker.vercel.app</Data><Data Name='DestinationPort'>1080</Data><Data Name='DestinationPortName'>-</Data></EventData></Event>","timestamp":1780056963}
{"cpu_load":17.31770896911621,"data":"<Event xmlns='http://schemas.microsoft.com/win/2004/08/events/event'><System><Provider Name='Microsoft-Windows-Sysmon' Guid='{5770385f-c22a-43e0-bf4c-06f5698ffbd9}'/><EventID>3</EventID><Version>5</Version><Level>4</Level><Task>3</Task><Opcode>0</Opcode><Keywords>0x8000000000000000</Keywords><TimeCreated SystemTime='2026-05-29T12:16:02.3086084Z'/><EventRecordID>11482552</EventRecordID><Correlation/><Execution ProcessID='6112' ThreadID='9524'/><Channel>Microsoft-Windows-Sysmon/Operational</Channel><Computer>DESKTOP-85U97MI</Computer><Security UserID='S-1-5-18'/></System><EventData><Data Name='RuleName'>-</Data><Data Name='UtcTime'>2026-05-29 12:16:00.903</Data><Data Name='ProcessGuid'>{d9cf607a-779c-6a19-9c02-000000000d03}</Data><Data Name='ProcessId'>1180</Data><Data Name='Image'>E:\\Telegram Desktop\\Telegram.exe</Data><Data Name='User'>DESKTOP-85U97MI\\sseva</Data><Data Name='Protocol'>tcp</Data><Data Name='Initiated'>true</Data><Data Name='SourceIsIpv6'>false</Data><Data Name='SourceIp'>127.0.0.1</Data><Data Name='SourceHostname'>paranoid-checker.vercel.app</Data><Data Name='SourcePort'>49100</Data><Data Name='SourcePortName'>-</Data><Data Name='DestinationIsIpv6'>false</Data><Data Name='DestinationIp'>127.0.0.1</Data><Data Name='DestinationHostname'>paranoid-checker.vercel.app</Data><Data Name='DestinationPort'>1080</Data><Data Name='DestinationPortName'>-</Data></EventData></Event>","timestamp":1780056963}
{"cpu_load":17.31770896911621,"data":"<Event xmlns='http://schemas.microsoft.com/win/2004/08/events/event'><System><Provider Name='Microsoft-Windows-Sysmon' Guid='{5770385f-c22a-43e0-bf4c-06f5698ffbd9}'/><EventID>3</EventID><Version>5</Version><Level>4</Level><Task>3</Task><Opcode>0</Opcode><Keywords>0x8000000000000000</Keywords><TimeCreated SystemTime='2026-05-29T12:16:02.3086116Z'/><EventRecordID>11482553</EventRecordID><Correlation/><Execution ProcessID='6112' ThreadID='9524'/><Channel>Microsoft-Windows-Sysmon/Operational</Channel><Computer>DESKTOP-85U97MI</Computer><Security UserID='S-1-5-18'/></System><EventData><Data Name='RuleName'>-</Data><Data Name='UtcTime'>2026-05-29 12:16:00.903</Data><Data Name='ProcessGuid'>{d9cf607a-7b16-6a19-9b03-000000000d03}</Data><Data Name='ProcessId'>20172</Data><Data Name='Image'>E:\\Zagruzki iz C\\TgWsProxy.exe</Data><Data Name='User'>DESKTOP-85U97MI\\sseva</Data><Data Name='Protocol'>tcp</Data><Data Name='Initiated'>false</Data><Data Name='SourceIsIpv6'>false</Data><Data Name='SourceIp'>127.0.0.1</Data><Data Name='SourceHostname'>paranoid-checker.vercel.app</Data><Data Name='SourcePort'>49100</Data><Data Name='SourcePortName'>-</Data><Data Name='DestinationIsIpv6'>false</Data><Data Name='DestinationIp'>127.0.0.1</Data><Data Name='DestinationHostname'>paranoid-checker.vercel.app</Data><Data Name='DestinationPort'>1080</Data><Data Name='DestinationPortName'>-</Data></EventData></Event>","timestamp":1780056963}
