{"data":"<Event xmlns='http://schemas.microsoft.com/win/2004/08/events/event'><System><Provider Name='Microsoft-Windows-Sysmon' Guid='{5770385f-c22a-43e0-bf4c-06f5698ffbd9}'/><EventID>1</EventID><Version>5</Version><Level>4</Level><Task>1</Task><Opcode>0</Opcode><Keywords>0x8000000000000000</Keywords><TimeCreated SystemTime='2026-05-29T13:28:28.0620597Z'/><EventRecordID>11509698</EventRecordID><Correlation/><Execution ProcessID='6112' ThreadID='9512'/><Channel>Microsoft-Windows-Sysmon/Operational</Channel><Computer>DESKTOP-85U97MI</Computer><Security UserID='S-1-5-18'/></System><EventData><Data Name='RuleName'>-</Data><Data Name='UtcTime'>2026-05-29 13:28:28.060</Data><Data Name='ProcessGuid'>{d9cf607a-947c-6a19-a50d-000000000d03}</Data><Data Name='ProcessId'>31008</Data><Data Name='Image'>C:\\Program Files\\Docker\\Docker\\resources\\bin\\docker.exe</Data><Data Name='FileVersion'>28.5.1</Data><Data Name='Description'>Docker Client</Data><Data Name='Product'>Docker Client</Data><Data Name='Company'>Docker Inc</Data><Data Name='OriginalFileName'>docker-windows-amd64.exe</Data><Data Name='CommandLine'>\"C:\\Program Files\\Docker\\Docker\\resources\\bin\\docker.exe\" context ls --format \"{{json .}}\"</Data><Data Name='CurrentDirectory'>C:\\Users\\sseva\\AppData\\Local\\Programs\\Microsoft VS Code\\</Data><Data Name='User'>DESKTOP-85U97MI\\sseva</Data><Data Name='LogonGuid'>{d9cf607a-765a-6a19-07fe-0f0000000000}</Data><Data Name='LogonId'>0xffe07</Data><Data Name='TerminalSessionId'>1</Data><Data Name='IntegrityLevel'>Medium</Data><Data Name='Hashes'>SHA256=CD1516F39176339ABB686B1E5F3DE41DE10B805314054F88C5476ADE7B9310BB</Data><Data Name='ParentProcessGuid'>{d9cf607a-92f6-6a19-150b-000000000d03}</Data><Data Name='ParentProcessId'>17836</Data><Data Name='ParentImage'>C:\\Users\\sseva\\AppData\\Local\\Programs\\Microsoft VS Code\\Code.exe</Data><Data Name='ParentCommandLine'>\"C:\\Users\\sseva\\AppData\\Local\\Programs\\Microsoft VS Code\\Code.exe\" --type=utility --utility-sub-type=node.mojom.NodeService --lang=en-US --service-sandbox-type=none --dns-result-order=ipv4first --experimental-network-inspection --inspect-port=0 --video-capture-use-gpu-memory-buffer --user-data-dir=\"C:\\Users\\sseva\\AppData\\Roaming\\Code\" --standard-schemes=vscode-webview,vscode-file --enable-sandbox --secure-schemes=vscode-webview,vscode-file --cors-schemes=vscode-webview,vscode-file --fetch-schemes=vscode-webview,vscode-file --service-worker-schemes=vscode-webview --code-cache-schemes=vscode-webview,vscode-file --field-trial-handle=1836,i,6781052636279334370,13864984875935582738,262144 --enable-features=DocumentPolicyIncludeJSCallStacksInCrashReports,EarlyEstablishGpuChannel,EnableTransparentHwndEnlargement,EstablishGpuChannelAsync --disable-features=CalculateNativeWinOcclusion,LocalNetworkAccessChecks,ScreenAIOCREnabled,SpareRendererForSitePerProcess,TraceSiteInstanceGetProcessCreation --variations-seed-version --trace-process-track-uuid=3190708995682289984 --mojo-platform-channel-handle=3740 /prefetch:8</Data><Data Name='ParentUser'>DESKTOP-85U97MI\\sseva</Data></EventData></Event>","metrics":{"status":"Process likely finished or protected"},"timestamp":1780061309}
{"data":"<Event xmlns='http://schemas.microsoft.com/win/2004/08/events/event'><System><Provider Name='Microsoft-Windows-Sysmon' Guid='{5770385f-c22a-43e0-bf4c-06f5698ffbd9}'/><EventID>1</EventID><Version>5</Version><Level>4</Level><Task>1</Task><Opcode>0</Opcode><Keywords>0x8000000000000000</Keywords><TimeCreated SystemTime='2026-05-29T13:28:28.0654957Z'/><EventRecordID>11509699</EventRecordID><Correlation/><Execution ProcessID='6112' ThreadID='9512'/><Channel>Microsoft-Windows-Sysmon/Operational</Channel><Computer>DESKTOP-85U97MI</Computer><Security UserID='S-1-5-18'/></System><EventData><Data Name='RuleName'>-</Data><Data Name='UtcTime'>2026-05-29 13:28:28.063</Data><Data Name='ProcessGuid'>{d9cf607a-947c-6a19-a60d-000000000d03}</Data><Data Name='ProcessId'>28348</Data><Data Name='Image'>C:\\Windows\\System32\\conhost.exe</Data><Data Name='FileVersion'>10.0.19041.5198 (WinBuild.160101.0800)</Data><Data Name='Description'>Console Window Host</Data><Data Name='Product'>Microsoft® Windows® Operating System</Data><Data Name='Company'>Microsoft Corporation</Data><Data Name='OriginalFileName'>CONHOST.EXE</Data><Data Name='CommandLine'>\\??\\C:\\Windows\\system32\\conhost.exe 0xffffffff -ForceV1</Data><Data Name='CurrentDirectory'>C:\\Windows</Data><Data Name='User'>DESKTOP-85U97MI\\sseva</Data><Data Name='LogonGuid'>{d9cf607a-765a-6a19-07fe-0f0000000000}</Data><Data Name='LogonId'>0xffe07</Data><Data Name='TerminalSessionId'>1</Data><Data Name='IntegrityLevel'>Medium</Data><Data Name='Hashes'>SHA256=B02EE54FB2EC69673386D41119EE8ED083A6EAB3BFCA6AA2155D20CE68EF8963</Data><Data Name='ParentProcessGuid'>{d9cf607a-947c-6a19-a50d-000000000d03}</Data><Data Name='ParentProcessId'>31008</Data><Data Name='ParentImage'>C:\\Program Files\\Docker\\Docker\\resources\\bin\\docker.exe</Data><Data Name='ParentCommandLine'>\"C:\\Program Files\\Docker\\Docker\\resources\\bin\\docker.exe\" context ls --format \"{{json .}}\"</Data><Data Name='ParentUser'>DESKTOP-85U97MI\\sseva</Data></EventData></Event>","metrics":{"status":"Process likely finished or protected"},"timestamp":1780061309}
{"data":"<Event xmlns='http://schemas.microsoft.com/win/2004/08/events/event'><System><Provider Name='Microsoft-Windows-Sysmon' Guid='{5770385f-c22a-43e0-bf4c-06f5698ffbd9}'/><EventID>5</EventID><Version>3</Version><Level>4</Level><Task>5</Task><Opcode>0</Opcode><Keywords>0x8000000000000000</Keywords><TimeCreated SystemTime='2026-05-29T13:28:28.2038195Z'/><EventRecordID>11509700</EventRecordID><Correlation/><Execution ProcessID='6112' ThreadID='9512'/><Channel>Microsoft-Windows-Sysmon/Operational</Channel><Computer>DESKTOP-85U97MI</Computer><Security UserID='S-1-5-18'/></System><EventData><Data Name='RuleName'>-</Data><Data Name='UtcTime'>2026-05-29 13:28:28.203</Data><Data Name='ProcessGuid'>{d9cf607a-947c-6a19-a50d-000000000d03}</Data><Data Name='ProcessId'>31008</Data><Data Name='Image'>C:\\Program Files\\Docker\\Docker\\resources\\bin\\docker.exe</Data><Data Name='User'>DESKTOP-85U97MI\\sseva</Data></EventData></Event>","metrics":{"status":"Process likely finished or protected"},"timestamp":1780061309}
{"data":"<Event xmlns='http://schemas.microsoft.com/win/2004/08/events/event'><System><Provider Name='Microsoft-Windows-Sysmon' Guid='{5770385f-c22a-43e0-bf4c-06f5698ffbd9}'/><EventID>5</EventID><Version>3</Version><Level>4</Level><Task>5</Task><Opcode>0</Opcode><Keywords>0x8000000000000000</Keywords><TimeCreated SystemTime='2026-05-29T13:28:28.2057055Z'/><EventRecordID>11509701</EventRecordID><Correlation/><Execution ProcessID='6112' ThreadID='9512'/><Channel>Microsoft-Windows-Sysmon/Operational</Channel><Computer>DESKTOP-85U97MI</Computer><Security UserID='S-1-5-18'/></System><EventData><Data Name='RuleName'>-</Data><Data Name='UtcTime'>2026-05-29 13:28:28.205</Data><Data Name='ProcessGuid'>{d9cf607a-947c-6a19-a60d-000000000d03}</Data><Data Name='ProcessId'>28348</Data><Data Name='Image'>C:\\Windows\\System32\\conhost.exe</Data><Data Name='User'>DESKTOP-85U97MI\\sseva</Data></EventData></Event>","metrics":{"status":"Process likely finished or protected"},"timestamp":1780061309}
{"data":"<Event xmlns='http://schemas.microsoft.com/win/2004/08/events/event'><System><Provider Name='Microsoft-Windows-Sysmon' Guid='{5770385f-c22a-43e0-bf4c-06f5698ffbd9}'/><EventID>1</EventID><Version>5</Version><Level>4</Level><Task>1</Task><Opcode>0</Opcode><Keywords>0x8000000000000000</Keywords><TimeCreated SystemTime='2026-05-29T13:28:30.2358319Z'/><EventRecordID>11509702</EventRecordID><Correlation/><Execution ProcessID='6112' ThreadID='9512'/><Channel>Microsoft-Windows-Sysmon/Operational</Channel><Computer>DESKTOP-85U97MI</Computer><Security UserID='S-1-5-18'/></System><EventData><Data Name='RuleName'>-</Data><Data Name='UtcTime'>2026-05-29 13:28:30.234</Data><Data Name='ProcessGuid'>{d9cf607a-947e-6a19-a70d-000000000d03}</Data><Data Name='ProcessId'>30800</Data><Data Name='Image'>C:\\Program Files\\Docker\\Docker\\resources\\bin\\docker.exe</Data><Data Name='FileVersion'>28.5.1</Data><Data Name='Description'>Docker Client</Data><Data Name='Product'>Docker Client</Data><Data Name='Company'>Docker Inc</Data><Data Name='OriginalFileName'>docker-windows-amd64.exe</Data><Data Name='CommandLine'>\"C:\\Program Files\\Docker\\Docker\\resources\\bin\\docker.exe\" context ls --format \"{{json .}}\"</Data><Data Name='CurrentDirectory'>C:\\Users\\sseva\\AppData\\Local\\Programs\\Microsoft VS Code\\</Data><Data Name='User'>DESKTOP-85U97MI\\sseva</Data><Data Name='LogonGuid'>{d9cf607a-765a-6a19-07fe-0f0000000000}</Data><Data Name='LogonId'>0xffe07</Data><Data Name='TerminalSessionId'>1</Data><Data Name='IntegrityLevel'>Medium</Data><Data Name='Hashes'>SHA256=CD1516F39176339ABB686B1E5F3DE41DE10B805314054F88C5476ADE7B9310BB</Data><Data Name='ParentProcessGuid'>{d9cf607a-92f6-6a19-150b-000000000d03}</Data><Data Name='ParentProcessId'>17836</Data><Data Name='ParentImage'>C:\\Users\\sseva\\AppData\\Local\\Programs\\Microsoft VS Code\\Code.exe</Data><Data Name='ParentCommandLine'>\"C:\\Users\\sseva\\AppData\\Local\\Programs\\Microsoft VS Code\\Code.exe\" --type=utility --utility-sub-type=node.mojom.NodeService --lang=en-US --service-sandbox-type=none --dns-result-order=ipv4first --experimental-network-inspection --inspect-port=0 --video-capture-use-gpu-memory-buffer --user-data-dir=\"C:\\Users\\sseva\\AppData\\Roaming\\Code\" --standard-schemes=vscode-webview,vscode-file --enable-sandbox --secure-schemes=vscode-webview,vscode-file --cors-schemes=vscode-webview,vscode-file --fetch-schemes=vscode-webview,vscode-file --service-worker-schemes=vscode-webview --code-cache-schemes=vscode-webview,vscode-file --field-trial-handle=1836,i,6781052636279334370,13864984875935582738,262144 --enable-features=DocumentPolicyIncludeJSCallStacksInCrashReports,EarlyEstablishGpuChannel,EnableTransparentHwndEnlargement,EstablishGpuChannelAsync --disable-features=CalculateNativeWinOcclusion,LocalNetworkAccessChecks,ScreenAIOCREnabled,SpareRendererForSitePerProcess,TraceSiteInstanceGetProcessCreation --variations-seed-version --trace-process-track-uuid=3190708995682289984 --mojo-platform-channel-handle=3740 /prefetch:8</Data><Data Name='ParentUser'>DESKTOP-85U97MI\\sseva</Data></EventData></Event>","metrics":{"status":"Process likely finished or protected"},"timestamp":1780061311}
{"data":"<Event xmlns='http://schemas.microsoft.com/win/2004/08/events/event'><System><Provider Name='Microsoft-Windows-Sysmon' Guid='{5770385f-c22a-43e0-bf4c-06f5698ffbd9}'/><EventID>1</EventID><Version>5</Version><Level>4</Level><Task>1</Task><Opcode>0</Opcode><Keywords>0x8000000000000000</Keywords><TimeCreated SystemTime='2026-05-29T13:28:30.2390283Z'/><EventRecordID>11509703</EventRecordID><Correlation/><Execution ProcessID='6112' ThreadID='9512'/><Channel>Microsoft-Windows-Sysmon/Operational</Channel><Computer>DESKTOP-85U97MI</Computer><Security UserID='S-1-5-18'/></System><EventData><Data Name='RuleName'>-</Data><Data Name='UtcTime'>2026-05-29 13:28:30.237</Data><Data Name='ProcessGuid'>{d9cf607a-947e-6a19-a80d-000000000d03}</Data><Data Name='ProcessId'>20984</Data><Data Name='Image'>C:\\Windows\\System32\\conhost.exe</Data><Data Name='FileVersion'>10.0.19041.5198 (WinBuild.160101.0800)</Data><Data Name='Description'>Console Window Host</Data><Data Name='Product'>Microsoft® Windows® Operating System</Data><Data Name='Company'>Microsoft Corporation</Data><Data Name='OriginalFileName'>CONHOST.EXE</Data><Data Name='CommandLine'>\\??\\C:\\Windows\\system32\\conhost.exe 0xffffffff -ForceV1</Data><Data Name='CurrentDirectory'>C:\\Windows</Data><Data Name='User'>DESKTOP-85U97MI\\sseva</Data><Data Name='LogonGuid'>{d9cf607a-765a-6a19-07fe-0f0000000000}</Data><Data Name='LogonId'>0xffe07</Data><Data Name='TerminalSessionId'>1</Data><Data Name='IntegrityLevel'>Medium</Data><Data Name='Hashes'>SHA256=B02EE54FB2EC69673386D41119EE8ED083A6EAB3BFCA6AA2155D20CE68EF8963</Data><Data Name='ParentProcessGuid'>{d9cf607a-947e-6a19-a70d-000000000d03}</Data><Data Name='ParentProcessId'>30800</Data><Data Name='ParentImage'>C:\\Program Files\\Docker\\Docker\\resources\\bin\\docker.exe</Data><Data Name='ParentCommandLine'>\"C:\\Program Files\\Docker\\Docker\\resources\\bin\\docker.exe\" context ls --format \"{{json .}}\"</Data><Data Name='ParentUser'>DESKTOP-85U97MI\\sseva</Data></EventData></Event>","metrics":{"status":"Process likely finished or protected"},"timestamp":1780061311}
{"data":"<Event xmlns='http://schemas.microsoft.com/win/2004/08/events/event'><System><Provider Name='Microsoft-Windows-Sysmon' Guid='{5770385f-c22a-43e0-bf4c-06f5698ffbd9}'/><EventID>5</EventID><Version>3</Version><Level>4</Level><Task>5</Task><Opcode>0</Opcode><Keywords>0x8000000000000000</Keywords><TimeCreated SystemTime='2026-05-29T13:28:30.3787296Z'/><EventRecordID>11509704</EventRecordID><Correlation/><Execution ProcessID='6112' ThreadID='9512'/><Channel>Microsoft-Windows-Sysmon/Operational</Channel><Computer>DESKTOP-85U97MI</Computer><Security UserID='S-1-5-18'/></System><EventData><Data Name='RuleName'>-</Data><Data Name='UtcTime'>2026-05-29 13:28:30.378</Data><Data Name='ProcessGuid'>{d9cf607a-947e-6a19-a70d-000000000d03}</Data><Data Name='ProcessId'>30800</Data><Data Name='Image'>C:\\Program Files\\Docker\\Docker\\resources\\bin\\docker.exe</Data><Data Name='User'>DESKTOP-85U97MI\\sseva</Data></EventData></Event>","metrics":{"status":"Process likely finished or protected"},"timestamp":1780061311}
{"data":"<Event xmlns='http://schemas.microsoft.com/win/2004/08/events/event'><System><Provider Name='Microsoft-Windows-Sysmon' Guid='{5770385f-c22a-43e0-bf4c-06f5698ffbd9}'/><EventID>5</EventID><Version>3</Version><Level>4</Level><Task>5</Task><Opcode>0</Opcode><Keywords>0x8000000000000000</Keywords><TimeCreated SystemTime='2026-05-29T13:28:30.3803051Z'/><EventRecordID>11509705</EventRecordID><Correlation/><Execution ProcessID='6112' ThreadID='9512'/><Channel>Microsoft-Windows-Sysmon/Operational</Channel><Computer>DESKTOP-85U97MI</Computer><Security UserID='S-1-5-18'/></System><EventData><Data Name='RuleName'>-</Data><Data Name='UtcTime'>2026-05-29 13:28:30.379</Data><Data Name='ProcessGuid'>{d9cf607a-947e-6a19-a80d-000000000d03}</Data><Data Name='ProcessId'>20984</Data><Data Name='Image'>C:\\Windows\\System32\\conhost.exe</Data><Data Name='User'>DESKTOP-85U97MI\\sseva</Data></EventData></Event>","metrics":{"status":"Process likely finished or protected"},"timestamp":1780061311}
{"data":"<Event xmlns='http://schemas.microsoft.com/win/2004/08/events/event'><System><Provider Name='Microsoft-Windows-Sysmon' Guid='{5770385f-c22a-43e0-bf4c-06f5698ffbd9}'/><EventID>3</EventID><Version>5</Version><Level>4</Level><Task>3</Task><Opcode>0</Opcode><Keywords>0x8000000000000000</Keywords><TimeCreated SystemTime='2026-05-29T13:28:31.9833663Z'/><EventRecordID>11509706</EventRecordID><Correlation/><Execution ProcessID='6112' ThreadID='9524'/><Channel>Microsoft-Windows-Sysmon/Operational</Channel><Computer>DESKTOP-85U97MI</Computer><Security UserID='S-1-5-18'/></System><EventData><Data Name='RuleName'>-</Data><Data Name='UtcTime'>2026-05-29 13:28:30.216</Data><Data Name='ProcessGuid'>{d9cf607a-779c-6a19-9c02-000000000d03}</Data><Data Name='ProcessId'>1180</Data><Data Name='Image'>E:\\Telegram Desktop\\Telegram.exe</Data><Data Name='User'>DESKTOP-85U97MI\\sseva</Data><Data Name='Protocol'>tcp</Data><Data Name='Initiated'>true</Data><Data Name='SourceIsIpv6'>false</Data><Data Name='SourceIp'>127.0.0.1</Data><Data Name='SourceHostname'>paranoid-checker.vercel.app</Data><Data Name='SourcePort'>51136</Data><Data Name='SourcePortName'>-</Data><Data Name='DestinationIsIpv6'>false</Data><Data Name='DestinationIp'>127.0.0.1</Data><Data Name='DestinationHostname'>paranoid-checker.vercel.app</Data><Data Name='DestinationPort'>1080</Data><Data Name='DestinationPortName'>-</Data></EventData></Event>","metrics":{"io":{"other_bytes":14946790,"read_bytes":129426188,"write_bytes":39144542},"private_bytes":815583232},"timestamp":1780061312}
{"data":"<Event xmlns='http://schemas.microsoft.com/win/2004/08/events/event'><System><Provider Name='Microsoft-Windows-Sysmon' Guid='{5770385f-c22a-43e0-bf4c-06f5698ffbd9}'/><EventID>3</EventID><Version>5</Version><Level>4</Level><Task>3</Task><Opcode>0</Opcode><Keywords>0x8000000000000000</Keywords><TimeCreated SystemTime='2026-05-29T13:28:31.9833795Z'/><EventRecordID>11509707</EventRecordID><Correlation/><Execution ProcessID='6112' ThreadID='9524'/><Channel>Microsoft-Windows-Sysmon/Operational</Channel><Computer>DESKTOP-85U97MI</Computer><Security UserID='S-1-5-18'/></System><EventData><Data Name='RuleName'>-</Data><Data Name='UtcTime'>2026-05-29 13:28:30.216</Data><Data Name='ProcessGuid'>{d9cf607a-7b16-6a19-9b03-000000000d03}</Data><Data Name='ProcessId'>20172</Data><Data Name='Image'>E:\\Zagruzki iz C\\TgWsProxy.exe</Data><Data Name='User'>DESKTOP-85U97MI\\sseva</Data><Data Name='Protocol'>tcp</Data><Data Name='Initiated'>false</Data><Data Name='SourceIsIpv6'>false</Data><Data Name='SourceIp'>127.0.0.1</Data><Data Name='SourceHostname'>paranoid-checker.vercel.app</Data><Data Name='SourcePort'>51136</Data><Data Name='SourcePortName'>-</Data><Data Name='DestinationIsIpv6'>false</Data><Data Name='DestinationIp'>127.0.0.1</Data><Data Name='DestinationHostname'>paranoid-checker.vercel.app</Data><Data Name='DestinationPort'>1080</Data><Data Name='DestinationPortName'>-</Data></EventData></Event>","metrics":{"io":{"other_bytes":48359833,"read_bytes":5120075,"write_bytes":1283185},"private_bytes":40939520},"timestamp":1780061312}
{"data":"<Event xmlns='http://schemas.microsoft.com/win/2004/08/events/event'><System><Provider Name='Microsoft-Windows-Sysmon' Guid='{5770385f-c22a-43e0-bf4c-06f5698ffbd9}'/><EventID>3</EventID><Version>5</Version><Level>4</Level><Task>3</Task><Opcode>0</Opcode><Keywords>0x8000000000000000</Keywords><TimeCreated SystemTime='2026-05-29T13:28:31.9833845Z'/><EventRecordID>11509708</EventRecordID><Correlation/><Execution ProcessID='6112' ThreadID='9524'/><Channel>Microsoft-Windows-Sysmon/Operational</Channel><Computer>DESKTOP-85U97MI</Computer><Security UserID='S-1-5-18'/></System><EventData><Data Name='RuleName'>-</Data><Data Name='UtcTime'>2026-05-29 13:28:30.227</Data><Data Name='ProcessGuid'>{d9cf607a-779c-6a19-9c02-000000000d03}</Data><Data Name='ProcessId'>1180</Data><Data Name='Image'>E:\\Telegram Desktop\\Telegram.exe</Data><Data Name='User'>DESKTOP-85U97MI\\sseva</Data><Data Name='Protocol'>tcp</Data><Data Name='Initiated'>true</Data><Data Name='SourceIsIpv6'>false</Data><Data Name='SourceIp'>127.0.0.1</Data><Data Name='SourceHostname'>paranoid-checker.vercel.app</Data><Data Name='SourcePort'>51137</Data><Data Name='SourcePortName'>-</Data><Data Name='DestinationIsIpv6'>false</Data><Data Name='DestinationIp'>127.0.0.1</Data><Data Name='DestinationHostname'>paranoid-checker.vercel.app</Data><Data Name='DestinationPort'>1080</Data><Data Name='DestinationPortName'>-</Data></EventData></Event>","metrics":{"io":{"other_bytes":14946790,"read_bytes":129426188,"write_bytes":39144542},"private_bytes":815583232},"timestamp":1780061312}
{"data":"<Event xmlns='http://schemas.microsoft.com/win/2004/08/events/event'><System><Provider Name='Microsoft-Windows-Sysmon' Guid='{5770385f-c22a-43e0-bf4c-06f5698ffbd9}'/><EventID>3</EventID><Version>5</Version><Level>4</Level><Task>3</Task><Opcode>0</Opcode><Keywords>0x8000000000000000</Keywords><TimeCreated SystemTime='2026-05-29T13:28:31.9833886Z'/><EventRecordID>11509709</EventRecordID><Correlation/><Execution ProcessID='6112' ThreadID='9524'/><Channel>Microsoft-Windows-Sysmon/Operational</Channel><Computer>DESKTOP-85U97MI</Computer><Security UserID='S-1-5-18'/></System><EventData><Data Name='RuleName'>-</Data><Data Name='UtcTime'>2026-05-29 13:28:30.227</Data><Data Name='ProcessGuid'>{d9cf607a-7b16-6a19-9b03-000000000d03}</Data><Data Name='ProcessId'>20172</Data><Data Name='Image'>E:\\Zagruzki iz C\\TgWsProxy.exe</Data><Data Name='User'>DESKTOP-85U97MI\\sseva</Data><Data Name='Protocol'>tcp</Data><Data Name='Initiated'>false</Data><Data Name='SourceIsIpv6'>false</Data><Data Name='SourceIp'>127.0.0.1</Data><Data Name='SourceHostname'>paranoid-checker.vercel.app</Data><Data Name='SourcePort'>51137</Data><Data Name='SourcePortName'>-</Data><Data Name='DestinationIsIpv6'>false</Data><Data Name='DestinationIp'>127.0.0.1</Data><Data Name='DestinationHostname'>paranoid-checker.vercel.app</Data><Data Name='DestinationPort'>1080</Data><Data Name='DestinationPortName'>-</Data></EventData></Event>","metrics":{"io":{"other_bytes":48359833,"read_bytes":5120075,"write_bytes":1283185},"private_bytes":40939520},"timestamp":1780061312}
{"data":"<Event xmlns='http://schemas.microsoft.com/win/2004/08/events/event'><System><Provider Name='Microsoft-Windows-Sysmon' Guid='{5770385f-c22a-43e0-bf4c-06f5698ffbd9}'/><EventID>3</EventID><Version>5</Version><Level>4</Level><Task>3</Task><Opcode>0</Opcode><Keywords>0x8000000000000000</Keywords><TimeCreated SystemTime='2026-05-29T13:28:31.9833934Z'/><EventRecordID>11509710</EventRecordID><Correlation/><Execution ProcessID='6112' ThreadID='9524'/><Channel>Microsoft-Windows-Sysmon/Operational</Channel><Computer>DESKTOP-85U97MI</Computer><Security UserID='S-1-5-18'/></System><EventData><Data Name='RuleName'>-</Data><Data Name='UtcTime'>2026-05-29 13:28:30.239</Data><Data Name='ProcessGuid'>{d9cf607a-779c-6a19-9c02-000000000d03}</Data><Data Name='ProcessId'>1180</Data><Data Name='Image'>E:\\Telegram Desktop\\Telegram.exe</Data><Data Name='User'>DESKTOP-85U97MI\\sseva</Data><Data Name='Protocol'>tcp</Data><Data Name='Initiated'>true</Data><Data Name='SourceIsIpv6'>false</Data><Data Name='SourceIp'>127.0.0.1</Data><Data Name='SourceHostname'>paranoid-checker.vercel.app</Data><Data Name='SourcePort'>51138</Data><Data Name='SourcePortName'>-</Data><Data Name='DestinationIsIpv6'>false</Data><Data Name='DestinationIp'>127.0.0.1</Data><Data Name='DestinationHostname'>paranoid-checker.vercel.app</Data><Data Name='DestinationPort'>1080</Data><Data Name='DestinationPortName'>-</Data></EventData></Event>","metrics":{"io":{"other_bytes":14946790,"read_bytes":129426188,"write_bytes":39144542},"private_bytes":815583232},"timestamp":1780061312}
{"data":"<Event xmlns='http://schemas.microsoft.com/win/2004/08/events/event'><System><Provider Name='Microsoft-Windows-Sysmon' Guid='{5770385f-c22a-43e0-bf4c-06f5698ffbd9}'/><EventID>3</EventID><Version>5</Version><Level>4</Level><Task>3</Task><Opcode>0</Opcode><Keywords>0x8000000000000000</Keywords><TimeCreated SystemTime='2026-05-29T13:28:31.9833972Z'/><EventRecordID>11509711</EventRecordID><Correlation/><Execution ProcessID='6112' ThreadID='9524'/><Channel>Microsoft-Windows-Sysmon/Operational</Channel><Computer>DESKTOP-85U97MI</Computer><Security UserID='S-1-5-18'/></System><EventData><Data Name='RuleName'>-</Data><Data Name='UtcTime'>2026-05-29 13:28:30.239</Data><Data Name='ProcessGuid'>{d9cf607a-7b16-6a19-9b03-000000000d03}</Data><Data Name='ProcessId'>20172</Data><Data Name='Image'>E:\\Zagruzki iz C\\TgWsProxy.exe</Data><Data Name='User'>DESKTOP-85U97MI\\sseva</Data><Data Name='Protocol'>tcp</Data><Data Name='Initiated'>false</Data><Data Name='SourceIsIpv6'>false</Data><Data Name='SourceIp'>127.0.0.1</Data><Data Name='SourceHostname'>paranoid-checker.vercel.app</Data><Data Name='SourcePort'>51138</Data><Data Name='SourcePortName'>-</Data><Data Name='DestinationIsIpv6'>false</Data><Data Name='DestinationIp'>127.0.0.1</Data><Data Name='DestinationHostname'>paranoid-checker.vercel.app</Data><Data Name='DestinationPort'>1080</Data><Data Name='DestinationPortName'>-</Data></EventData></Event>","metrics":{"io":{"other_bytes":48359833,"read_bytes":5120075,"write_bytes":1283185},"private_bytes":40939520},"timestamp":1780061312}
{"data":"<Event xmlns='http://schemas.microsoft.com/win/2004/08/events/event'><System><Provider Name='Microsoft-Windows-Sysmon' Guid='{5770385f-c22a-43e0-bf4c-06f5698ffbd9}'/><EventID>3</EventID><Version>5</Version><Level>4</Level><Task>3</Task><Opcode>0</Opcode><Keywords>0x8000000000000000</Keywords><TimeCreated SystemTime='2026-05-29T13:28:31.9834010Z'/><EventRecordID>11509712</EventRecordID><Correlation/><Execution ProcessID='6112' ThreadID='9524'/><Channel>Microsoft-Windows-Sysmon/Operational</Channel><Computer>DESKTOP-85U97MI</Computer><Security UserID='S-1-5-18'/></System><EventData><Data Name='RuleName'>-</Data><Data Name='UtcTime'>2026-05-29 13:28:30.240</Data><Data Name='ProcessGuid'>{d9cf607a-779c-6a19-9c02-000000000d03}</Data><Data Name='ProcessId'>1180</Data><Data Name='Image'>E:\\Telegram Desktop\\Telegram.exe</Data><Data Name='User'>DESKTOP-85U97MI\\sseva</Data><Data Name='Protocol'>tcp</Data><Data Name='Initiated'>true</Data><Data Name='SourceIsIpv6'>false</Data><Data Name='SourceIp'>127.0.0.1</Data><Data Name='SourceHostname'>paranoid-checker.vercel.app</Data><Data Name='SourcePort'>51140</Data><Data Name='SourcePortName'>-</Data><Data Name='DestinationIsIpv6'>false</Data><Data Name='DestinationIp'>127.0.0.1</Data><Data Name='DestinationHostname'>paranoid-checker.vercel.app</Data><Data Name='DestinationPort'>1080</Data><Data Name='DestinationPortName'>-</Data></EventData></Event>","metrics":{"io":{"other_bytes":14946790,"read_bytes":129426188,"write_bytes":39144542},"private_bytes":815583232},"timestamp":1780061312}
{"data":"<Event xmlns='http://schemas.microsoft.com/win/2004/08/events/event'><System><Provider Name='Microsoft-Windows-Sysmon' Guid='{5770385f-c22a-43e0-bf4c-06f5698ffbd9}'/><EventID>3</EventID><Version>5</Version><Level>4</Level><Task>3</Task><Opcode>0</Opcode><Keywords>0x8000000000000000</Keywords><TimeCreated SystemTime='2026-05-29T13:28:31.9834055Z'/><EventRecordID>11509713</EventRecordID><Correlation/><Execution ProcessID='6112' ThreadID='9524'/><Channel>Microsoft-Windows-Sysmon/Operational</Channel><Computer>DESKTOP-85U97MI</Computer><Security UserID='S-1-5-18'/></System><EventData><Data Name='RuleName'>-</Data><Data Name='UtcTime'>2026-05-29 13:28:30.240</Data><Data Name='ProcessGuid'>{d9cf607a-7b16-6a19-9b03-000000000d03}</Data><Data Name='ProcessId'>20172</Data><Data Name='Image'>E:\\Zagruzki iz C\\TgWsProxy.exe</Data><Data Name='User'>DESKTOP-85U97MI\\sseva</Data><Data Name='Protocol'>tcp</Data><Data Name='Initiated'>false</Data><Data Name='SourceIsIpv6'>false</Data><Data Name='SourceIp'>127.0.0.1</Data><Data Name='SourceHostname'>paranoid-checker.vercel.app</Data><Data Name='SourcePort'>51140</Data><Data Name='SourcePortName'>-</Data><Data Name='DestinationIsIpv6'>false</Data><Data Name='DestinationIp'>127.0.0.1</Data><Data Name='DestinationHostname'>paranoid-checker.vercel.app</Data><Data Name='DestinationPort'>1080</Data><Data Name='DestinationPortName'>-</Data></EventData></Event>","metrics":{"io":{"other_bytes":48359833,"read_bytes":5120075,"write_bytes":1283185},"private_bytes":40939520},"timestamp":1780061312}
{"data":"<Event xmlns='http://schemas.microsoft.com/win/2004/08/events/event'><System><Provider Name='Microsoft-Windows-Sysmon' Guid='{5770385f-c22a-43e0-bf4c-06f5698ffbd9}'/><EventID>3</EventID><Version>5</Version><Level>4</Level><Task>3</Task><Opcode>0</Opcode><Keywords>0x8000000000000000</Keywords><TimeCreated SystemTime='2026-05-29T13:28:31.9834094Z'/><EventRecordID>11509714</EventRecordID><Correlation/><Execution ProcessID='6112' ThreadID='9524'/><Channel>Microsoft-Windows-Sysmon/Operational</Channel><Computer>DESKTOP-85U97MI</Computer><Security UserID='S-1-5-18'/></System><EventData><Data Name='RuleName'>-</Data><Data Name='UtcTime'>2026-05-29 13:28:30.241</Data><Data Name='ProcessGuid'>{d9cf607a-779c-6a19-9c02-000000000d03}</Data><Data Name='ProcessId'>1180</Data><Data Name='Image'>E:\\Telegram Desktop\\Telegram.exe</Data><Data Name='User'>DESKTOP-85U97MI\\sseva</Data><Data Name='Protocol'>tcp</Data><Data Name='Initiated'>true</Data><Data Name='SourceIsIpv6'>false</Data><Data Name='SourceIp'>127.0.0.1</Data><Data Name='SourceHostname'>paranoid-checker.vercel.app</Data><Data Name='SourcePort'>51143</Data><Data Name='SourcePortName'>-</Data><Data Name='DestinationIsIpv6'>false</Data><Data Name='DestinationIp'>127.0.0.1</Data><Data Name='DestinationHostname'>paranoid-checker.vercel.app</Data><Data Name='DestinationPort'>1080</Data><Data Name='DestinationPortName'>-</Data></EventData></Event>","metrics":{"io":{"other_bytes":14946790,"read_bytes":129426188,"write_bytes":39144542},"private_bytes":815583232},"timestamp":1780061312}
{"data":"<Event xmlns='http://schemas.microsoft.com/win/2004/08/events/event'><System><Provider Name='Microsoft-Windows-Sysmon' Guid='{5770385f-c22a-43e0-bf4c-06f5698ffbd9}'/><EventID>3</EventID><Version>5</Version><Level>4</Level><Task>3</Task><Opcode>0</Opcode><Keywords>0x8000000000000000</Keywords><TimeCreated SystemTime='2026-05-29T13:28:31.9834136Z'/><EventRecordID>11509715</EventRecordID><Correlation/><Execution ProcessID='6112' ThreadID='9524'/><Channel>Microsoft-Windows-Sysmon/Operational</Channel><Computer>DESKTOP-85U97MI</Computer><Security UserID='S-1-5-18'/></System><EventData><Data Name='RuleName'>-</Data><Data Name='UtcTime'>2026-05-29 13:28:30.241</Data><Data Name='ProcessGuid'>{d9cf607a-7b16-6a19-9b03-000000000d03}</Data><Data Name='ProcessId'>20172</Data><Data Name='Image'>E:\\Zagruzki iz C\\TgWsProxy.exe</Data><Data Name='User'>DESKTOP-85U97MI\\sseva</Data><Data Name='Protocol'>tcp</Data><Data Name='Initiated'>false</Data><Data Name='SourceIsIpv6'>false</Data><Data Name='SourceIp'>127.0.0.1</Data><Data Name='SourceHostname'>paranoid-checker.vercel.app</Data><Data Name='SourcePort'>51143</Data><Data Name='SourcePortName'>-</Data><Data Name='DestinationIsIpv6'>false</Data><Data Name='DestinationIp'>127.0.0.1</Data><Data Name='DestinationHostname'>paranoid-checker.vercel.app</Data><Data Name='DestinationPort'>1080</Data><Data Name='DestinationPortName'>-</Data></EventData></Event>","metrics":{"io":{"other_bytes":48359833,"read_bytes":5120075,"write_bytes":1283185},"private_bytes":40939520},"timestamp":1780061312}
{"data":"<Event xmlns='http://schemas.microsoft.com/win/2004/08/events/event'><System><Provider Name='Microsoft-Windows-Sysmon' Guid='{5770385f-c22a-43e0-bf4c-06f5698ffbd9}'/><EventID>3</EventID><Version>5</Version><Level>4</Level><Task>3</Task><Opcode>0</Opcode><Keywords>0x8000000000000000</Keywords><TimeCreated SystemTime='2026-05-29T13:28:31.9834173Z'/><EventRecordID>11509716</EventRecordID><Correlation/><Execution ProcessID='6112' ThreadID='9524'/><Channel>Microsoft-Windows-Sysmon/Operational</Channel><Computer>DESKTOP-85U97MI</Computer><Security UserID='S-1-5-18'/></System><EventData><Data Name='RuleName'>-</Data><Data Name='UtcTime'>2026-05-29 13:28:30.242</Data><Data Name='ProcessGuid'>{d9cf607a-779c-6a19-9c02-000000000d03}</Data><Data Name='ProcessId'>1180</Data><Data Name='Image'>E:\\Telegram Desktop\\Telegram.exe</Data><Data Name='User'>DESKTOP-85U97MI\\sseva</Data><Data Name='Protocol'>tcp</Data><Data Name='Initiated'>true</Data><Data Name='SourceIsIpv6'>false</Data><Data Name='SourceIp'>127.0.0.1</Data><Data Name='SourceHostname'>paranoid-checker.vercel.app</Data><Data Name='SourcePort'>51144</Data><Data Name='SourcePortName'>-</Data><Data Name='DestinationIsIpv6'>false</Data><Data Name='DestinationIp'>127.0.0.1</Data><Data Name='DestinationHostname'>paranoid-checker.vercel.app</Data><Data Name='DestinationPort'>1080</Data><Data Name='DestinationPortName'>-</Data></EventData></Event>","metrics":{"io":{"other_bytes":14946790,"read_bytes":129426188,"write_bytes":39144542},"private_bytes":815583232},"timestamp":1780061313}
{"data":"<Event xmlns='http://schemas.microsoft.com/win/2004/08/events/event'><System><Provider Name='Microsoft-Windows-Sysmon' Guid='{5770385f-c22a-43e0-bf4c-06f5698ffbd9}'/><EventID>3</EventID><Version>5</Version><Level>4</Level><Task>3</Task><Opcode>0</Opcode><Keywords>0x8000000000000000</Keywords><TimeCreated SystemTime='2026-05-29T13:28:31.9834210Z'/><EventRecordID>11509717</EventRecordID><Correlation/><Execution ProcessID='6112' ThreadID='9524'/><Channel>Microsoft-Windows-Sysmon/Operational</Channel><Computer>DESKTOP-85U97MI</Computer><Security UserID='S-1-5-18'/></System><EventData><Data Name='RuleName'>-</Data><Data Name='UtcTime'>2026-05-29 13:28:30.242</Data><Data Name='ProcessGuid'>{d9cf607a-7b16-6a19-9b03-000000000d03}</Data><Data Name='ProcessId'>20172</Data><Data Name='Image'>E:\\Zagruzki iz C\\TgWsProxy.exe</Data><Data Name='User'>DESKTOP-85U97MI\\sseva</Data><Data Name='Protocol'>tcp</Data><Data Name='Initiated'>false</Data><Data Name='SourceIsIpv6'>false</Data><Data Name='SourceIp'>127.0.0.1</Data><Data Name='SourceHostname'>paranoid-checker.vercel.app</Data><Data Name='SourcePort'>51144</Data><Data Name='SourcePortName'>-</Data><Data Name='DestinationIsIpv6'>false</Data><Data Name='DestinationIp'>127.0.0.1</Data><Data Name='DestinationHostname'>paranoid-checker.vercel.app</Data><Data Name='DestinationPort'>1080</Data><Data Name='DestinationPortName'>-</Data></EventData></Event>","metrics":{"io":{"other_bytes":48359833,"read_bytes":5120075,"write_bytes":1283185},"private_bytes":40939520},"timestamp":1780061313}
{"data":"<Event xmlns='http://schemas.microsoft.com/win/2004/08/events/event'><System><Provider Name='Microsoft-Windows-Sysmon' Guid='{5770385f-c22a-43e0-bf4c-06f5698ffbd9}'/><EventID>3</EventID><Version>5</Version><Level>4</Level><Task>3</Task><Opcode>0</Opcode><Keywords>0x8000000000000000</Keywords><TimeCreated SystemTime='2026-05-29T13:28:31.9834248Z'/><EventRecordID>11509718</EventRecordID><Correlation/><Execution ProcessID='6112' ThreadID='9524'/><Channel>Microsoft-Windows-Sysmon/Operational</Channel><Computer>DESKTOP-85U97MI</Computer><Security UserID='S-1-5-18'/></System><EventData><Data Name='RuleName'>-</Data><Data Name='UtcTime'>2026-05-29 13:28:30.254</Data><Data Name='ProcessGuid'>{d9cf607a-779c-6a19-9c02-000000000d03}</Data><Data Name='ProcessId'>1180</Data><Data Name='Image'>E:\\Telegram Desktop\\Telegram.exe</Data><Data Name='User'>DESKTOP-85U97MI\\sseva</Data><Data Name='Protocol'>tcp</Data><Data Name='Initiated'>true</Data><Data Name='SourceIsIpv6'>false</Data><Data Name='SourceIp'>127.0.0.1</Data><Data Name='SourceHostname'>paranoid-checker.vercel.app</Data><Data Name='SourcePort'>51145</Data><Data Name='SourcePortName'>-</Data><Data Name='DestinationIsIpv6'>false</Data><Data Name='DestinationIp'>127.0.0.1</Data><Data Name='DestinationHostname'>paranoid-checker.vercel.app</Data><Data Name='DestinationPort'>1080</Data><Data Name='DestinationPortName'>-</Data></EventData></Event>","metrics":{"io":{"other_bytes":14946790,"read_bytes":129426188,"write_bytes":39144542},"private_bytes":815583232},"timestamp":1780061313}
{"data":"<Event xmlns='http://schemas.microsoft.com/win/2004/08/events/event'><System><Provider Name='Microsoft-Windows-Sysmon' Guid='{5770385f-c22a-43e0-bf4c-06f5698ffbd9}'/><EventID>3</EventID><Version>5</Version><Level>4</Level><Task>3</Task><Opcode>0</Opcode><Keywords>0x8000000000000000</Keywords><TimeCreated SystemTime='2026-05-29T13:28:31.9834284Z'/><EventRecordID>11509719</EventRecordID><Correlation/><Execution ProcessID='6112' ThreadID='9524'/><Channel>Microsoft-Windows-Sysmon/Operational</Channel><Computer>DESKTOP-85U97MI</Computer><Security UserID='S-1-5-18'/></System><EventData><Data Name='RuleName'>-</Data><Data Name='UtcTime'>2026-05-29 13:28:30.254</Data><Data Name='ProcessGuid'>{d9cf607a-7b16-6a19-9b03-000000000d03}</Data><Data Name='ProcessId'>20172</Data><Data Name='Image'>E:\\Zagruzki iz C\\TgWsProxy.exe</Data><Data Name='User'>DESKTOP-85U97MI\\sseva</Data><Data Name='Protocol'>tcp</Data><Data Name='Initiated'>false</Data><Data Name='SourceIsIpv6'>false</Data><Data Name='SourceIp'>127.0.0.1</Data><Data Name='SourceHostname'>paranoid-checker.vercel.app</Data><Data Name='SourcePort'>51145</Data><Data Name='SourcePortName'>-</Data><Data Name='DestinationIsIpv6'>false</Data><Data Name='DestinationIp'>127.0.0.1</Data><Data Name='DestinationHostname'>paranoid-checker.vercel.app</Data><Data Name='DestinationPort'>1080</Data><Data Name='DestinationPortName'>-</Data></EventData></Event>","metrics":{"io":{"other_bytes":48359833,"read_bytes":5120075,"write_bytes":1283185},"private_bytes":40939520},"timestamp":1780061313}
{"data":"<Event xmlns='http://schemas.microsoft.com/win/2004/08/events/event'><System><Provider Name='Microsoft-Windows-Sysmon' Guid='{5770385f-c22a-43e0-bf4c-06f5698ffbd9}'/><EventID>1</EventID><Version>5</Version><Level>4</Level><Task>1</Task><Opcode>0</Opcode><Keywords>0x8000000000000000</Keywords><TimeCreated SystemTime='2026-05-29T13:28:32.4092708Z'/><EventRecordID>11509720</EventRecordID><Correlation/><Execution ProcessID='6112' ThreadID='9512'/><Channel>Microsoft-Windows-Sysmon/Operational</Channel><Computer>DESKTOP-85U97MI</Computer><Security UserID='S-1-5-18'/></System><EventData><Data Name='RuleName'>-</Data><Data Name='UtcTime'>2026-05-29 13:28:32.408</Data><Data Name='ProcessGuid'>{d9cf607a-9480-6a19-a90d-000000000d03}</Data><Data Name='ProcessId'>32404</Data><Data Name='Image'>C:\\Program Files\\Docker\\Docker\\resources\\bin\\docker.exe</Data><Data Name='FileVersion'>28.5.1</Data><Data Name='Description'>Docker Client</Data><Data Name='Product'>Docker Client</Data><Data Name='Company'>Docker Inc</Data><Data Name='OriginalFileName'>docker-windows-amd64.exe</Data><Data Name='CommandLine'>\"C:\\Program Files\\Docker\\Docker\\resources\\bin\\docker.exe\" context ls --format \"{{json .}}\"</Data><Data Name='CurrentDirectory'>C:\\Users\\sseva\\AppData\\Local\\Programs\\Microsoft VS Code\\</Data><Data Name='User'>DESKTOP-85U97MI\\sseva</Data><Data Name='LogonGuid'>{d9cf607a-765a-6a19-07fe-0f0000000000}</Data><Data Name='LogonId'>0xffe07</Data><Data Name='TerminalSessionId'>1</Data><Data Name='IntegrityLevel'>Medium</Data><Data Name='Hashes'>SHA256=CD1516F39176339ABB686B1E5F3DE41DE10B805314054F88C5476ADE7B9310BB</Data><Data Name='ParentProcessGuid'>{d9cf607a-92f6-6a19-150b-000000000d03}</Data><Data Name='ParentProcessId'>17836</Data><Data Name='ParentImage'>C:\\Users\\sseva\\AppData\\Local\\Programs\\Microsoft VS Code\\Code.exe</Data><Data Name='ParentCommandLine'>\"C:\\Users\\sseva\\AppData\\Local\\Programs\\Microsoft VS Code\\Code.exe\" --type=utility --utility-sub-type=node.mojom.NodeService --lang=en-US --service-sandbox-type=none --dns-result-order=ipv4first --experimental-network-inspection --inspect-port=0 --video-capture-use-gpu-memory-buffer --user-data-dir=\"C:\\Users\\sseva\\AppData\\Roaming\\Code\" --standard-schemes=vscode-webview,vscode-file --enable-sandbox --secure-schemes=vscode-webview,vscode-file --cors-schemes=vscode-webview,vscode-file --fetch-schemes=vscode-webview,vscode-file --service-worker-schemes=vscode-webview --code-cache-schemes=vscode-webview,vscode-file --field-trial-handle=1836,i,6781052636279334370,13864984875935582738,262144 --enable-features=DocumentPolicyIncludeJSCallStacksInCrashReports,EarlyEstablishGpuChannel,EnableTransparentHwndEnlargement,EstablishGpuChannelAsync --disable-features=CalculateNativeWinOcclusion,LocalNetworkAccessChecks,ScreenAIOCREnabled,SpareRendererForSitePerProcess,TraceSiteInstanceGetProcessCreation --variations-seed-version --trace-process-track-uuid=3190708995682289984 --mojo-platform-channel-handle=3740 /prefetch:8</Data><Data Name='ParentUser'>DESKTOP-85U97MI\\sseva</Data></EventData></Event>","metrics":{"status":"Process likely finished or protected"},"timestamp":1780061313}
{"data":"<Event xmlns='http://schemas.microsoft.com/win/2004/08/events/event'><System><Provider Name='Microsoft-Windows-Sysmon' Guid='{5770385f-c22a-43e0-bf4c-06f5698ffbd9}'/><EventID>1</EventID><Version>5</Version><Level>4</Level><Task>1</Task><Opcode>0</Opcode><Keywords>0x8000000000000000</Keywords><TimeCreated SystemTime='2026-05-29T13:28:32.4125831Z'/><EventRecordID>11509721</EventRecordID><Correlation/><Execution ProcessID='6112' ThreadID='9512'/><Channel>Microsoft-Windows-Sysmon/Operational</Channel><Computer>DESKTOP-85U97MI</Computer><Security UserID='S-1-5-18'/></System><EventData><Data Name='RuleName'>-</Data><Data Name='UtcTime'>2026-05-29 13:28:32.410</Data><Data Name='ProcessGuid'>{d9cf607a-9480-6a19-aa0d-000000000d03}</Data><Data Name='ProcessId'>32012</Data><Data Name='Image'>C:\\Windows\\System32\\conhost.exe</Data><Data Name='FileVersion'>10.0.19041.5198 (WinBuild.160101.0800)</Data><Data Name='Description'>Console Window Host</Data><Data Name='Product'>Microsoft® Windows® Operating System</Data><Data Name='Company'>Microsoft Corporation</Data><Data Name='OriginalFileName'>CONHOST.EXE</Data><Data Name='CommandLine'>\\??\\C:\\Windows\\system32\\conhost.exe 0xffffffff -ForceV1</Data><Data Name='CurrentDirectory'>C:\\Windows</Data><Data Name='User'>DESKTOP-85U97MI\\sseva</Data><Data Name='LogonGuid'>{d9cf607a-765a-6a19-07fe-0f0000000000}</Data><Data Name='LogonId'>0xffe07</Data><Data Name='TerminalSessionId'>1</Data><Data Name='IntegrityLevel'>Medium</Data><Data Name='Hashes'>SHA256=B02EE54FB2EC69673386D41119EE8ED083A6EAB3BFCA6AA2155D20CE68EF8963</Data><Data Name='ParentProcessGuid'>{d9cf607a-9480-6a19-a90d-000000000d03}</Data><Data Name='ParentProcessId'>32404</Data><Data Name='ParentImage'>C:\\Program Files\\Docker\\Docker\\resources\\bin\\docker.exe</Data><Data Name='ParentCommandLine'>\"C:\\Program Files\\Docker\\Docker\\resources\\bin\\docker.exe\" context ls --format \"{{json .}}\"</Data><Data Name='ParentUser'>DESKTOP-85U97MI\\sseva</Data></EventData></Event>","metrics":{"status":"Process likely finished or protected"},"timestamp":1780061313}
{"data":"<Event xmlns='http://schemas.microsoft.com/win/2004/08/events/event'><System><Provider Name='Microsoft-Windows-Sysmon' Guid='{5770385f-c22a-43e0-bf4c-06f5698ffbd9}'/><EventID>5</EventID><Version>3</Version><Level>4</Level><Task>5</Task><Opcode>0</Opcode><Keywords>0x8000000000000000</Keywords><TimeCreated SystemTime='2026-05-29T13:28:32.5512759Z'/><EventRecordID>11509722</EventRecordID><Correlation/><Execution ProcessID='6112' ThreadID='9512'/><Channel>Microsoft-Windows-Sysmon/Operational</Channel><Computer>DESKTOP-85U97MI</Computer><Security UserID='S-1-5-18'/></System><EventData><Data Name='RuleName'>-</Data><Data Name='UtcTime'>2026-05-29 13:28:32.550</Data><Data Name='ProcessGuid'>{d9cf607a-9480-6a19-a90d-000000000d03}</Data><Data Name='ProcessId'>32404</Data><Data Name='Image'>C:\\Program Files\\Docker\\Docker\\resources\\bin\\docker.exe</Data><Data Name='User'>DESKTOP-85U97MI\\sseva</Data></EventData></Event>","metrics":{"status":"Process likely finished or protected"},"timestamp":1780061313}
{"data":"<Event xmlns='http://schemas.microsoft.com/win/2004/08/events/event'><System><Provider Name='Microsoft-Windows-Sysmon' Guid='{5770385f-c22a-43e0-bf4c-06f5698ffbd9}'/><EventID>5</EventID><Version>3</Version><Level>4</Level><Task>5</Task><Opcode>0</Opcode><Keywords>0x8000000000000000</Keywords><TimeCreated SystemTime='2026-05-29T13:28:32.5529803Z'/><EventRecordID>11509723</EventRecordID><Correlation/><Execution ProcessID='6112' ThreadID='9512'/><Channel>Microsoft-Windows-Sysmon/Operational</Channel><Computer>DESKTOP-85U97MI</Computer><Security UserID='S-1-5-18'/></System><EventData><Data Name='RuleName'>-</Data><Data Name='UtcTime'>2026-05-29 13:28:32.552</Data><Data Name='ProcessGuid'>{d9cf607a-9480-6a19-aa0d-000000000d03}</Data><Data Name='ProcessId'>32012</Data><Data Name='Image'>C:\\Windows\\System32\\conhost.exe</Data><Data Name='User'>DESKTOP-85U97MI\\sseva</Data></EventData></Event>","metrics":{"status":"Process likely finished or protected"},"timestamp":1780061313}
{"data":"<Event xmlns='http://schemas.microsoft.com/win/2004/08/events/event'><System><Provider Name='Microsoft-Windows-Sysmon' Guid='{5770385f-c22a-43e0-bf4c-06f5698ffbd9}'/><EventID>3</EventID><Version>5</Version><Level>4</Level><Task>3</Task><Opcode>0</Opcode><Keywords>0x8000000000000000</Keywords><TimeCreated SystemTime='2026-05-29T13:28:33.9878618Z'/><EventRecordID>11509724</EventRecordID><Correlation/><Execution ProcessID='6112' ThreadID='9524'/><Channel>Microsoft-Windows-Sysmon/Operational</Channel><Computer>DESKTOP-85U97MI</Computer><Security UserID='S-1-5-18'/></System><EventData><Data Name='RuleName'>-</Data><Data Name='UtcTime'>2026-05-29 13:28:31.703</Data><Data Name='ProcessGuid'>{d9cf607a-7657-6a19-b200-000000000d03}</Data><Data Name='ProcessId'>3344</Data><Data Name='Image'>C:\\Windows\\System32\\svchost.exe</Data><Data Name='User'>NT AUTHORITY\\LOCAL SERVICE</Data><Data Name='Protocol'>udp</Data><Data Name='Initiated'>false</Data><Data Name='SourceIsIpv6'>false</Data><Data Name='SourceIp'>239.255.255.250</Data><Data Name='SourceHostname'>-</Data><Data Name='SourcePort'>1900</Data><Data Name='SourcePortName'>ssdp</Data><Data Name='DestinationIsIpv6'>false</Data><Data Name='DestinationIp'>26.43.200.79</Data><Data Name='DestinationHostname'>DESKTOP-7MET14O</Data><Data Name='DestinationPort'>52337</Data><Data Name='DestinationPortName'>-</Data></EventData></Event>","metrics":{"io":{"other_bytes":1578902,"read_bytes":0,"write_bytes":0},"private_bytes":2646016},"timestamp":1780061314}
{"data":"<Event xmlns='http://schemas.microsoft.com/win/2004/08/events/event'><System><Provider Name='Microsoft-Windows-Sysmon' Guid='{5770385f-c22a-43e0-bf4c-06f5698ffbd9}'/><EventID>1</EventID><Version>5</Version><Level>4</Level><Task>1</Task><Opcode>0</Opcode><Keywords>0x8000000000000000</Keywords><TimeCreated SystemTime='2026-05-29T13:28:34.5816829Z'/><EventRecordID>11509725</EventRecordID><Correlation/><Execution ProcessID='6112' ThreadID='9512'/><Channel>Microsoft-Windows-Sysmon/Operational</Channel><Computer>DESKTOP-85U97MI</Computer><Security UserID='S-1-5-18'/></System><EventData><Data Name='RuleName'>-</Data><Data Name='UtcTime'>2026-05-29 13:28:34.580</Data><Data Name='ProcessGuid'>{d9cf607a-9482-6a19-ab0d-000000000d03}</Data><Data Name='ProcessId'>26696</Data><Data Name='Image'>C:\\Program Files\\Docker\\Docker\\resources\\bin\\docker.exe</Data><Data Name='FileVersion'>28.5.1</Data><Data Name='Description'>Docker Client</Data><Data Name='Product'>Docker Client</Data><Data Name='Company'>Docker Inc</Data><Data Name='OriginalFileName'>docker-windows-amd64.exe</Data><Data Name='CommandLine'>\"C:\\Program Files\\Docker\\Docker\\resources\\bin\\docker.exe\" context ls --format \"{{json .}}\"</Data><Data Name='CurrentDirectory'>C:\\Users\\sseva\\AppData\\Local\\Programs\\Microsoft VS Code\\</Data><Data Name='User'>DESKTOP-85U97MI\\sseva</Data><Data Name='LogonGuid'>{d9cf607a-765a-6a19-07fe-0f0000000000}</Data><Data Name='LogonId'>0xffe07</Data><Data Name='TerminalSessionId'>1</Data><Data Name='IntegrityLevel'>Medium</Data><Data Name='Hashes'>SHA256=CD1516F39176339ABB686B1E5F3DE41DE10B805314054F88C5476ADE7B9310BB</Data><Data Name='ParentProcessGuid'>{d9cf607a-92f6-6a19-150b-000000000d03}</Data><Data Name='ParentProcessId'>17836</Data><Data Name='ParentImage'>C:\\Users\\sseva\\AppData\\Local\\Programs\\Microsoft VS Code\\Code.exe</Data><Data Name='ParentCommandLine'>\"C:\\Users\\sseva\\AppData\\Local\\Programs\\Microsoft VS Code\\Code.exe\" --type=utility --utility-sub-type=node.mojom.NodeService --lang=en-US --service-sandbox-type=none --dns-result-order=ipv4first --experimental-network-inspection --inspect-port=0 --video-capture-use-gpu-memory-buffer --user-data-dir=\"C:\\Users\\sseva\\AppData\\Roaming\\Code\" --standard-schemes=vscode-webview,vscode-file --enable-sandbox --secure-schemes=vscode-webview,vscode-file --cors-schemes=vscode-webview,vscode-file --fetch-schemes=vscode-webview,vscode-file --service-worker-schemes=vscode-webview --code-cache-schemes=vscode-webview,vscode-file --field-trial-handle=1836,i,6781052636279334370,13864984875935582738,262144 --enable-features=DocumentPolicyIncludeJSCallStacksInCrashReports,EarlyEstablishGpuChannel,EnableTransparentHwndEnlargement,EstablishGpuChannelAsync --disable-features=CalculateNativeWinOcclusion,LocalNetworkAccessChecks,ScreenAIOCREnabled,SpareRendererForSitePerProcess,TraceSiteInstanceGetProcessCreation --variations-seed-version --trace-process-track-uuid=3190708995682289984 --mojo-platform-channel-handle=3740 /prefetch:8</Data><Data Name='ParentUser'>DESKTOP-85U97MI\\sseva</Data></EventData></Event>","metrics":{"io":{"other_bytes":2882,"read_bytes":1862,"write_bytes":295},"private_bytes":81920},"timestamp":1780061314}
